Sat Dec 19 11:00:07 2020[1,2]<stdout>:Container nvidia build =
Sat Dec 19 11:00:07 2020[1,1]<stdout>:Container nvidia build =
Sat Dec 19 11:00:07 2020[1,3]<stdout>:Container nvidia build =
Sat Dec 19 11:00:07 2020[1,2]<stdout>:.//./data/hdf5_lower_case_1_seq_len_128_max_pred_20_masked_lm_prob_0.15_random_seed_12345_dupe_factor_5/wikicorpus_en/training//
Sat Dec 19 11:00:07 2020[1,2]<stdout>:pytorch cmd: python -m torch.distributed.launch --nproc_per_node=8 --nnodes 4 --node_rank=2 --master_addr=job-0bb5fdd5d478273b-trainer-0.a5139f34-68ad-5528-8bb7-a906d3bfbf7b --master_port=39731 .//run_pretraining.py --input_dir=.//./data/hdf5_lower_case_1_seq_len_128_max_pred_20_masked_lm_prob_0.15_random_seed_12345_dupe_factor_5/wikicorpus_en/training// --output_dir=.//results/checkpoints --config_file=bert_config_base.json --bert_model=bert-base-uncased --train_batch_size=8448 --max_seq_length=128 --max_predictions_per_seq=20 --max_steps=50 --warmup_proportion=0.2843 --num_steps_per_checkpoint=200 --learning_rate=6e-3 --seed=12439 --gradient_accumulation_steps=176 --allreduce_post_accumulation --allreduce_post_accumulation_fp16 --do_train --json-summary .//results/dllogger.json
Sat Dec 19 11:00:07 2020[1,1]<stdout>:.//./data/hdf5_lower_case_1_seq_len_128_max_pred_20_masked_lm_prob_0.15_random_seed_12345_dupe_factor_5/wikicorpus_en/training//
Sat Dec 19 11:00:07 2020[1,1]<stdout>:pytorch cmd: python -m torch.distributed.launch --nproc_per_node=8 --nnodes 4 --node_rank=1 --master_addr=job-0bb5fdd5d478273b-trainer-0.a5139f34-68ad-5528-8bb7-a906d3bfbf7b --master_port=39731 .//run_pretraining.py --input_dir=.//./data/hdf5_lower_case_1_seq_len_128_max_pred_20_masked_lm_prob_0.15_random_seed_12345_dupe_factor_5/wikicorpus_en/training// --output_dir=.//results/checkpoints --config_file=bert_config_base.json --bert_model=bert-base-uncased --train_batch_size=8448 --max_seq_length=128 --max_predictions_per_seq=20 --max_steps=50 --warmup_proportion=0.2843 --num_steps_per_checkpoint=200 --learning_rate=6e-3 --seed=12439 --gradient_accumulation_steps=176 --allreduce_post_accumulation --allreduce_post_accumulation_fp16 --do_train --json-summary .//results/dllogger.json
Sat Dec 19 11:00:07 2020[1,3]<stdout>:.//./data/hdf5_lower_case_1_seq_len_128_max_pred_20_masked_lm_prob_0.15_random_seed_12345_dupe_factor_5/wikicorpus_en/training//
Sat Dec 19 11:00:07 2020[1,3]<stdout>:pytorch cmd: python -m torch.distributed.launch --nproc_per_node=8 --nnodes 4 --node_rank=3 --master_addr=job-0bb5fdd5d478273b-trainer-0.a5139f34-68ad-5528-8bb7-a906d3bfbf7b --master_port=39731 .//run_pretraining.py --input_dir=.//./data/hdf5_lower_case_1_seq_len_128_max_pred_20_masked_lm_prob_0.15_random_seed_12345_dupe_factor_5/wikicorpus_en/training// --output_dir=.//results/checkpoints --config_file=bert_config_base.json --bert_model=bert-base-uncased --train_batch_size=8448 --max_seq_length=128 --max_predictions_per_seq=20 --max_steps=50 --warmup_proportion=0.2843 --num_steps_per_checkpoint=200 --learning_rate=6e-3 --seed=12439 --gradient_accumulation_steps=176 --allreduce_post_accumulation --allreduce_post_accumulation_fp16 --do_train --json-summary .//results/dllogger.json
Sat Dec 19 11:00:07 2020[1,2]<stdout>:Logs written to .//results/bert_lamb_pretraining.pyt_bert_pretraining_phase1_fp32_gbs67584.201219110007.log
Sat Dec 19 11:00:07 2020[1,1]<stdout>:Logs written to .//results/bert_lamb_pretraining.pyt_bert_pretraining_phase1_fp32_gbs67584.201219110007.log
Sat Dec 19 11:00:07 2020[1,3]<stdout>:Logs written to .//results/bert_lamb_pretraining.pyt_bert_pretraining_phase1_fp32_gbs67584.201219110007.log
Sat Dec 19 11:00:07 2020[1,2]<stdout>:+ python -m torch.distributed.launch --nproc_per_node=8 --nnodes 4 --node_rank=2 --master_addr=job-0bb5fdd5d478273b-trainer-0.a5139f34-68ad-5528-8bb7-a906d3bfbf7b --master_port=39731 .//run_pretraining.py --input_dir=.//./data/hdf5_lower_case_1_seq_len_128_max_pred_20_masked_lm_prob_0.15_random_seed_12345_dupe_factor_5/wikicorpus_en/training// --output_dir=.//results/checkpoints --config_file=bert_config_base.json --bert_model=bert-base-uncased --train_batch_size=8448 --max_seq_length=128 --max_predictions_per_seq=20 --max_steps=50 --warmup_proportion=0.2843 --num_steps_per_checkpoint=200 --learning_rate=6e-3 --seed=12439 --gradient_accumulation_steps=176 --allreduce_post_accumulation --allreduce_post_accumulation_fp16 --do_train --json-summary .//results/dllogger.json
Sat Dec 19 11:00:07 2020[1,1]<stdout>:+ python -m torch.distributed.launch --nproc_per_node=8 --nnodes 4 --node_rank=1 --master_addr=job-0bb5fdd5d478273b-trainer-0.a5139f34-68ad-5528-8bb7-a906d3bfbf7b --master_port=39731 .//run_pretraining.py --input_dir=.//./data/hdf5_lower_case_1_seq_len_128_max_pred_20_masked_lm_prob_0.15_random_seed_12345_dupe_factor_5/wikicorpus_en/training// --output_dir=.//results/checkpoints --config_file=bert_config_base.json --bert_model=bert-base-uncased --train_batch_size=8448 --max_seq_length=128 --max_predictions_per_seq=20 --max_steps=50 --warmup_proportion=0.2843 --num_steps_per_checkpoint=200 --learning_rate=6e-3 --seed=12439 --gradient_accumulation_steps=176 --allreduce_post_accumulation --allreduce_post_accumulation_fp16 --do_train --json-summary .//results/dllogger.json
Sat Dec 19 11:00:07 2020[1,3]<stdout>:+ python -m torch.distributed.launch --nproc_per_node=8 --nnodes 4 --node_rank=3 --master_addr=job-0bb5fdd5d478273b-trainer-0.a5139f34-68ad-5528-8bb7-a906d3bfbf7b --master_port=39731 .//run_pretraining.py --input_dir=.//./data/hdf5_lower_case_1_seq_len_128_max_pred_20_masked_lm_prob_0.15_random_seed_12345_dupe_factor_5/wikicorpus_en/training// --output_dir=.//results/checkpoints --config_file=bert_config_base.json --bert_model=bert-base-uncased --train_batch_size=8448 --max_seq_length=128 --max_predictions_per_seq=20 --max_steps=50 --warmup_proportion=0.2843 --num_steps_per_checkpoint=200 --learning_rate=6e-3 --seed=12439 --gradient_accumulation_steps=176 --allreduce_post_accumulation --allreduce_post_accumulation_fp16 --do_train --json-summary .//results/dllogger.json
Sat Dec 19 11:00:08 2020[1,0]<stdout>:Container nvidia build =  13419386
Sat Dec 19 11:00:08 2020[1,0]<stdout>:.//./data/hdf5_lower_case_1_seq_len_128_max_pred_20_masked_lm_prob_0.15_random_seed_12345_dupe_factor_5/wikicorpus_en/training//
Sat Dec 19 11:00:08 2020[1,0]<stdout>:pytorch cmd: python -m torch.distributed.launch --nproc_per_node=8 --nnodes 4 --node_rank=0 --master_addr=job-0bb5fdd5d478273b-trainer-0.a5139f34-68ad-5528-8bb7-a906d3bfbf7b --master_port=39731 .//run_pretraining.py --input_dir=.//./data/hdf5_lower_case_1_seq_len_128_max_pred_20_masked_lm_prob_0.15_random_seed_12345_dupe_factor_5/wikicorpus_en/training// --output_dir=.//results/checkpoints --config_file=bert_config_base.json --bert_model=bert-base-uncased --train_batch_size=8448 --max_seq_length=128 --max_predictions_per_seq=20 --max_steps=50 --warmup_proportion=0.2843 --num_steps_per_checkpoint=200 --learning_rate=6e-3 --seed=12439 --gradient_accumulation_steps=176 --allreduce_post_accumulation --allreduce_post_accumulation_fp16 --do_train --json-summary .//results/dllogger.json
Sat Dec 19 11:00:08 2020[1,0]<stdout>:Logs written to .//results/bert_lamb_pretraining.pyt_bert_pretraining_phase1_fp32_gbs67584.201219110008.log
Sat Dec 19 11:00:08 2020[1,0]<stdout>:+ python -m torch.distributed.launch --nproc_per_node=8 --nnodes 4 --node_rank=0 --master_addr=job-0bb5fdd5d478273b-trainer-0.a5139f34-68ad-5528-8bb7-a906d3bfbf7b --master_port=39731 .//run_pretraining.py --input_dir=.//./data/hdf5_lower_case_1_seq_len_128_max_pred_20_masked_lm_prob_0.15_random_seed_12345_dupe_factor_5/wikicorpus_en/training// --output_dir=.//results/checkpoints --config_file=bert_config_base.json --bert_model=bert-base-uncased --train_batch_size=8448 --max_seq_length=128 --max_predictions_per_seq=20 --max_steps=50 --warmup_proportion=0.2843 --num_steps_per_checkpoint=200 --learning_rate=6e-3 --seed=12439 --gradient_accumulation_steps=176 --allreduce_post_accumulation --allreduce_post_accumulation_fp16 --do_train --json-summary .//results/dllogger.json
Sat Dec 19 11:00:10 2020[1,0]<stdout>:device: cuda:2 n_gpu: 1, distributed training: True, 16-bits training: False
Sat Dec 19 11:00:10 2020[1,0]<stdout>:device: cuda:1 n_gpu: 1, distributed training: True, 16-bits training: False
Sat Dec 19 11:00:10 2020[1,0]<stdout>:device: cuda:5 n_gpu: 1, distributed training: True, 16-bits training: False
Sat Dec 19 11:00:11 2020[1,3]<stdout>:device: cuda:1 n_gpu: 1, distributed training: True, 16-bits training: False
Sat Dec 19 11:00:11 2020[1,2]<stdout>:device: cuda:3 n_gpu: 1, distributed training: True, 16-bits training: False
Sat Dec 19 11:00:11 2020[1,2]<stdout>:device: cuda:2 n_gpu: 1, distributed training: True, 16-bits training: False
Sat Dec 19 11:00:11 2020[1,1]<stdout>:device: cuda:4 n_gpu: 1, distributed training: True, 16-bits training: False
Sat Dec 19 11:00:11 2020[1,3]<stdout>:device: cuda:5 n_gpu: 1, distributed training: True, 16-bits training: False
Sat Dec 19 11:00:11 2020[1,3]<stdout>:device: cuda:2 n_gpu: 1, distributed training: True, 16-bits training: False
Sat Dec 19 11:00:11 2020[1,2]<stdout>:device: cuda:4 n_gpu: 1, distributed training: True, 16-bits training: False
Sat Dec 19 11:00:11 2020[1,2]<stdout>:device: cuda:6 n_gpu: 1, distributed training: True, 16-bits training: False
Sat Dec 19 11:00:11 2020[1,2]<stdout>:device: cuda:5 n_gpu: 1, distributed training: True, 16-bits training: False
Sat Dec 19 11:00:11 2020[1,2]<stdout>:device: cuda:7 n_gpu: 1, distributed training: True, 16-bits training: False
Sat Dec 19 11:00:11 2020[1,2]<stdout>:device: cuda:0 n_gpu: 1, distributed training: True, 16-bits training: False
Sat Dec 19 11:00:11 2020[1,3]<stdout>:device: cuda:6 n_gpu: 1, distributed training: True, 16-bits training: False
Sat Dec 19 11:00:11 2020[1,3]<stdout>:device: cuda:4 n_gpu: 1, distributed training: True, 16-bits training: False
Sat Dec 19 11:00:11 2020[1,3]<stdout>:device: cuda:7 n_gpu: 1, distributed training: True, 16-bits training: False
Sat Dec 19 11:00:11 2020[1,3]<stdout>:device: cuda:0 n_gpu: 1, distributed training: True, 16-bits training: False
Sat Dec 19 11:00:11 2020[1,3]<stdout>:device: cuda:3 n_gpu: 1, distributed training: True, 16-bits training: False
Sat Dec 19 11:00:11 2020[1,2]<stdout>:device: cuda:1 n_gpu: 1, distributed training: True, 16-bits training: False
Sat Dec 19 11:00:11 2020[1,1]<stdout>:device: cuda:1 n_gpu: 1, distributed training: True, 16-bits training: False
Sat Dec 19 11:00:11 2020[1,1]<stdout>:device: cuda:7 n_gpu: 1, distributed training: True, 16-bits training: False
Sat Dec 19 11:00:11 2020[1,0]<stdout>:device: cuda:6 n_gpu: 1, distributed training: True, 16-bits training: False
Sat Dec 19 11:00:11 2020[1,1]<stdout>:device: cuda:6 n_gpu: 1, distributed training: True, 16-bits training: False
Sat Dec 19 11:00:11 2020[1,1]<stdout>:device: cuda:0 n_gpu: 1, distributed training: True, 16-bits training: False
Sat Dec 19 11:00:11 2020[1,1]<stdout>:device: cuda:5 n_gpu: 1, distributed training: True, 16-bits training: False
Sat Dec 19 11:00:11 2020[1,1]<stdout>:device: cuda:2 n_gpu: 1, distributed training: True, 16-bits training: False
Sat Dec 19 11:00:11 2020[1,1]<stdout>:device: cuda:3 n_gpu: 1, distributed training: True, 16-bits training: False
Sat Dec 19 11:00:11 2020[1,0]<stdout>:device: cuda:7 n_gpu: 1, distributed training: True, 16-bits training: False
Sat Dec 19 11:00:11 2020[1,0]<stdout>:device: cuda:4 n_gpu: 1, distributed training: True, 16-bits training: False
Sat Dec 19 11:00:11 2020[1,0]<stdout>:device: cuda:3 n_gpu: 1, distributed training: True, 16-bits training: False
Sat Dec 19 11:00:11 2020[1,0]<stdout>:device: cuda:0 n_gpu: 1, distributed training: True, 16-bits training: False
Sat Dec 19 11:00:11 2020[1,0]<stdout>:DLL 2020-12-19 11:00:11.777267 - PARAMETER Config : ["Namespace(allreduce_post_accumulation=True,
allreduce_post_accumulation_fp16=True, amp=False, bert_model='bert-base-uncased', checkpoint_activations=False, config_file='bert_config_base.json',

Iteration:   0%|          | 0/2296 [00:00<?, ?it/s]Sat Dec 19 11:00:21 2020[1,0]<stdout>:
Iteration:   0%|          | 1/2296 [00:01<1:03:23,  1.66s/it]Sat Dec 19 11:00:21 2020[1,0]<stdout>:
Iteration:   0%|          | 2/2296 [00:02<48:30,  1.27s/it]  Sat Dec 19 11:00:21 2020[1,0]<stdout>:
Iteration:   0%|          | 3/2296 [00:02<38:04,  1.00it/s]Sat Dec 19 11:00:22 2020[1,0]<stdout>:
Iteration:   0%|          | 4/2296 [00:02<30:47,  1.24it/s]Sat Dec 19 11:00:22 2020[1,0]<stdout>:
Iteration:   0%|          | 5/2296 [00:03<25:42,  1.49it/s]Sat Dec 19 11:00:22 2020[1,0]<stdout>:
Iteration:   0%|          | 6/2296 [00:03<22:09,  1.72it/s]Sat Dec 19 11:00:23 2020[1,0]<stdout>:
Iteration:   0%|          | 7/2296 [00:03<19:39,  1.94it/s]Sat Dec 19 11:00:23 2020[1,0]<stdout>:
Iteration:   0%|          | 8/2296 [00:04<17:54,  2.13it/s]Sat Dec 19 11:00:24 2020[1,0]<stdout>:
Iteration:   0%|          | 9/2296 [00:04<16:39,  2.29it/s]Sat Dec 19 11:00:24 2020[1,0]<stdout>:
Iteration:   0%|          | 10/2296 [00:04<15:47,  2.41it/s]Sat Dec 19 11:00:24 2020[1,0]<stdout>:
Iteration:   0%|          | 11/2296 [00:05<15:12,  2.50it/s]Sat Dec 19 11:00:25 2020[1,0]<stdout>:
Iteration:   1%|          | 12/2296 [00:05<14:48,  2.57it/s]Sat Dec 19 11:00:25 2020[1,0]<stdout>:
Iteration:   1%|          | 13/2296 [00:06<14:31,  2.62it/s]Sat Dec 19 11:00:25 2020[1,0]<stdout>:
Iteration:   1%|          | 14/2296 [00:06<14:18,  2.66it/s]Sat Dec 19 11:00:26 2020[1,0]<stdout>:
Iteration:   1%|          | 15/2296 [00:06<14:08,  2.69it/s]Sat Dec 19 11:00:26 2020[1,0]<stdout>:
Iteration:   1%|          | 16/2296 [00:07<14:01,  2.71it/s]Sat Dec 19 11:00:26 2020[1,0]<stdout>:
Iteration:   1%|          | 17/2296 [00:07<13:56,  2.72it/s]Sat Dec 19 11:00:27 2020[1,0]<stdout>:
Iteration:   1%|          | 18/2296 [00:07<13:54,  2.73it/s]Sat Dec 19 11:00:27 2020[1,0]<stdout>:
Iteration:   1%|          | 19/2296 [00:08<13:53,  2.73it/s]Sat Dec 19 11:00:28 2020[1,0]<stdout>:
Iteration:   1%|          | 20/2296 [00:08<13:51,  2.74it/s]Sat Dec 19 11:00:28 2020[1,0]<stdout>:
Iteration:   1%|          | 21/2296 [00:08<13:49,  2.74it/s]Sat Dec 19 11:00:28 2020[1,0]<stdout>:
Iteration:   1%|          | 22/2296 [00:09<13:48,  2.75it/s]Sat Dec 19 11:00:29 2020[1,0]<stdout>:
Iteration:   1%|          | 23/2296 [00:09<13:47,  2.75it/s]Sat Dec 19 11:00:29 2020[1,0]<stdout>:
Iteration:   1%|          | 24/2296 [00:10<13:50,  2.73it/s]Sat Dec 19 11:00:29 2020[1,0]<stdout>:
Iteration:   1%|          | 25/2296 [00:10<13:51,  2.73it/s]Sat Dec 19 11:00:30 2020[1,0]<stdout>:
Iteration:   1%|          | 26/2296 [00:10<13:49,  2.74it/s]Sat Dec 19 11:00:30 2020[1,0]<stdout>:
Iteration:   1%|          | 27/2296 [00:11<13:48,  2.74it/s]Sat Dec 19 11:00:30 2020[1,0]<stdout>:
Iteration:   1%|          | 28/2296 [00:11<13:47,  2.74it/s]Sat Dec 19 11:00:31 2020[1,0]<stdout>:
Iteration:   1%|▏         | 29/2296 [00:11<13:47,  2.74it/s]Sat Dec 19 11:00:31 2020[1,0]<stdout>:
Iteration:   1%|▏         | 30/2296 [00:12<13:47,  2.74it/s]Sat Dec 19 11:00:32 2020[1,0]<stdout>:
Iteration:   1%|▏         | 31/2296 [00:12<13:47,  2.74it/s]Sat Dec 19 11:00:32 2020[1,0]<stdout>:
Iteration:   1%|▏         | 32/2296 [00:12<13:47,  2.74it/s]Sat Dec 19 11:00:32 2020[1,0]<stdout>:
Iteration:   1%|▏         | 33/2296 [00:13<13:45,  2.74it/s]Sat Dec 19 11:00:33 2020[1,0]<stdout>:
Iteration:   1%|▏         | 34/2296 [00:13<13:43,  2.75it/s]Sat Dec 19 11:00:33 2020[1,0]<stdout>:
Iteration:   2%|▏         | 35/2296 [00:14<13:42,  2.75it/s]Sat Dec 19 11:00:33 2020[1,0]<stdout>:
Iteration:   2%|▏         | 36/2296 [00:14<13:42,  2.75it/s]Sat Dec 19 11:00:34 2020[1,0]<stdout>:
Iteration:   2%|▏         | 37/2296 [00:14<13:43,  2.74it/s]Sat Dec 19 11:00:34 2020[1,0]<stdout>:
Iteration:   2%|▏         | 38/2296 [00:15<13:43,  2.74it/s]Sat Dec 19 11:00:34 2020[1,0]<stdout>:
Iteration:   2%|▏         | 39/2296 [00:15<13:42,  2.74it/s]Sat Dec 19 11:00:35 2020[1,0]<stdout>:
Iteration:   2%|▏         | 40/2296 [00:15<13:42,  2.74it/s]Sat Dec 19 11:00:35 2020[1,0]<stdout>:
Iteration:   2%|▏         | 41/2296 [00:16<13:43,  2.74it/s]Sat Dec 19 11:00:36 2020[1,0]<stdout>:
Iteration:   2%|▏         | 42/2296 [00:16<13:42,  2.74it/s]Sat Dec 19 11:00:36 2020[1,0]<stdout>:
Iteration:   2%|▏         | 43/2296 [00:16<13:42,  2.74it/s]Sat Dec 19 11:00:36 2020[1,0]<stdout>:
Iteration:   2%|▏         | 44/2296 [00:17<13:41,  2.74it/s]Sat Dec 19 11:00:37 2020[1,0]<stdout>:
Iteration:   2%|▏         | 45/2296 [00:17<13:40,  2.75it/s]Sat Dec 19 11:00:37 2020[1,0]<stdout>:
Iteration:   2%|▏         | 46/2296 [00:18<13:39,  2.75it/s]Sat Dec 19 11:00:37 2020[1,0]<stdout>:
Iteration:   2%|▏         | 47/2296 [00:18<13:40,  2.74it/s]Sat Dec 19 11:00:38 2020[1,0]<stdout>:
Iteration:   2%|▏         | 48/2296 [00:18<13:40,  2.74it/s]Sat Dec 19 11:00:38 2020[1,0]<stdout>:
Iteration:   2%|▏         | 49/2296 [00:19<13:38,  2.74it/s]Sat Dec 19 11:00:38 2020[1,0]<stdout>:
Iteration:   2%|▏         | 50/2296 [00:19<13:37,  2.75it/s]Sat Dec 19 11:00:39 2020[1,0]<stdout>:
Iteration:   2%|▏         | 51/2296 [00:19<13:36,  2.75it/s]Sat Dec 19 11:00:39 2020[1,0]<stdout>:
Iteration:   2%|▏         | 52/2296 [00:20<13:37,  2.75it/s]Sat Dec 19 11:00:40 2020[1,0]<stdout>:
Iteration:   2%|▏         | 53/2296 [00:20<13:37,  2.74it/s]Sat Dec 19 11:00:40 2020[1,0]<stdout>:
Iteration:   2%|▏         | 54/2296 [00:20<13:37,  2.74it/s]Sat Dec 19 11:00:40 2020[1,0]<stdout>:
Iteration:   2%|▏         | 55/2296 [00:21<13:37,  2.74it/s]Sat Dec 19 11:00:41 2020[1,0]<stdout>:
Iteration:   2%|▏         | 56/2296 [00:21<13:36,  2.74it/s]Sat Dec 19 11:00:41 2020[1,0]<stdout>:
Iteration:   2%|▏         | 57/2296 [00:22<13:36,  2.74it/s]Sat Dec 19 11:00:41 2020[1,0]<stdout>:
Iteration:   3%|▎         | 58/2296 [00:22<13:35,  2.74it/s]Sat Dec 19 11:00:42 2020[1,0]<stdout>:
Iteration:   3%|▎         | 59/2296 [00:22<13:36,  2.74it/s]Sat Dec 19 11:00:42 2020[1,0]<stdout>:
Iteration:   3%|▎         | 60/2296 [00:23<13:36,  2.74it/s]Sat Dec 19 11:00:42 2020[1,0]<stdout>:
Iteration:   3%|▎         | 61/2296 [00:23<13:36,  2.74it/s]Sat Dec 19 11:00:43 2020[1,0]<stdout>:
Iteration:   3%|▎         | 62/2296 [00:23<13:35,  2.74it/s]Sat Dec 19 11:00:43 2020[1,0]<stdout>:
Iteration:   3%|▎         | 63/2296 [00:24<13:34,  2.74it/s]Sat Dec 19 11:00:44 2020[1,0]<stdout>:
Iteration:   3%|▎         | 64/2296 [00:24<13:35,  2.74it/s]Sat Dec 19 11:00:44 2020[1,0]<stdout>:
Iteration:   3%|▎         | 65/2296 [00:24<13:35,  2.74it/s]Sat Dec 19 11:00:44 2020[1,0]<stdout>:
Iteration:   3%|▎         | 66/2296 [00:25<13:34,  2.74it/s]Sat Dec 19 11:00:45 2020[1,0]<stdout>:
Iteration:   3%|▎         | 67/2296 [00:25<13:34,  2.74it/s]Sat Dec 19 11:00:45 2020[1,0]<stdout>:
Iteration:   3%|▎         | 68/2296 [00:26<13:32,  2.74it/s]Sat Dec 19 11:00:45 2020[1,0]<stdout>:
Iteration:   3%|▎         | 69/2296 [00:26<13:32,  2.74it/s]Sat Dec 19 11:00:46 2020[1,0]<stdout>:
Iteration:   3%|▎         | 70/2296 [00:26<13:33,  2.74it/s]Sat Dec 19 11:00:46 2020[1,0]<stdout>:
Iteration:   3%|▎         | 71/2296 [00:27<13:32,  2.74it/s]Sat Dec 19 11:00:46 2020[1,0]<stdout>:
Iteration:   3%|▎         | 72/2296 [00:27<13:32,  2.74it/s]Sat Dec 19 11:00:47 2020[1,0]<stdout>:
Iteration:   3%|▎         | 73/2296 [00:27<13:32,  2.74it/s]Sat Dec 19 11:00:47 2020[1,0]<stdout>:
Iteration:   3%|▎         | 74/2296 [00:28<13:30,  2.74it/s]Sat Dec 19 11:00:48 2020[1,0]<stdout>:
Iteration:   3%|▎         | 75/2296 [00:28<13:29,  2.74it/s]Sat Dec 19 11:00:48 2020[1,0]<stdout>:
Iteration:   3%|▎         | 76/2296 [00:28<13:29,  2.74it/s]Sat Dec 19 11:00:48 2020[1,0]<stdout>:
Iteration:   3%|▎         | 77/2296 [00:29<13:30,  2.74it/s]Sat Dec 19 11:00:49 2020[1,0]<stdout>:
Iteration:   3%|▎         | 78/2296 [00:29<13:30,  2.74it/s]Sat Dec 19 11:00:49 2020[1,0]<stdout>:
Iteration:   3%|▎         | 79/2296 [00:30<13:29,  2.74it/s]Sat Dec 19 11:00:49 2020[1,0]<stdout>:
Iteration:   3%|▎         | 80/2296 [00:30<13:28,  2.74it/s]Sat Dec 19 11:00:50 2020[1,0]<stdout>:
Iteration:   4%|▎         | 81/2296 [00:30<13:29,  2.74it/s]Sat Dec 19 11:00:50 2020[1,0]<stdout>:
Iteration:   4%|▎         | 82/2296 [00:31<13:28,  2.74it/s]Sat Dec 19 11:00:51 2020[1,0]<stdout>:
Iteration:   4%|▎         | 83/2296 [00:31<13:27,  2.74it/s]Sat Dec 19 11:00:51 2020[1,0]<stdout>:
Iteration:   4%|▎         | 84/2296 [00:31<13:27,  2.74it/s]Sat Dec 19 11:00:51 2020[1,0]<stdout>:
Iteration:   4%|▎         | 85/2296 [00:32<13:26,  2.74it/s]Sat Dec 19 11:00:52 2020[1,0]<stdout>:
Iteration:   4%|▎         | 86/2296 [00:32<13:26,  2.74it/s]Sat Dec 19 11:00:52 2020[1,0]<stdout>:
Iteration:   4%|▍         | 87/2296 [00:32<13:26,  2.74it/s]Sat Dec 19 11:00:52 2020[1,0]<stdout>:
Iteration:   4%|▍         | 88/2296 [00:33<13:25,  2.74it/s]Sat Dec 19 11:00:53 2020[1,0]<stdout>:
Iteration:   4%|▍         | 89/2296 [00:33<13:25,  2.74it/s]Sat Dec 19 11:00:53 2020[1,0]<stdout>:
Iteration:   4%|▍         | 90/2296 [00:34<13:25,  2.74it/s]Sat Dec 19 11:00:53 2020[1,0]<stdout>:
Iteration:   4%|▍         | 91/2296 [00:34<13:24,  2.74it/s]Sat Dec 19 11:00:54 2020[1,0]<stdout>:
Iteration:   4%|▍         | 92/2296 [00:34<13:25,  2.74it/s]Sat Dec 19 11:00:54 2020[1,0]<stdout>:
Iteration:   4%|▍         | 93/2296 [00:35<13:25,  2.74it/s]Sat Dec 19 11:00:55 2020[1,0]<stdout>:
Iteration:   4%|▍         | 94/2296 [00:35<13:25,  2.73it/s]Sat Dec 19 11:00:55 2020[1,0]<stdout>:
Iteration:   4%|▍         | 95/2296 [00:35<13:24,  2.74it/s]Sat Dec 19 11:00:55 2020[1,0]<stdout>:
Iteration:   4%|▍         | 96/2296 [00:36<13:22,  2.74it/s]Sat Dec 19 11:00:56 2020[1,0]<stdout>:
Iteration:   4%|▍         | 97/2296 [00:36<13:22,  2.74it/s]Sat Dec 19 11:00:56 2020[1,0]<stdout>:
Iteration:   4%|▍         | 98/2296 [00:37<13:23,  2.74it/s]Sat Dec 19 11:00:56 2020[1,0]<stdout>:
Iteration:   4%|▍         | 99/2296 [00:37<13:23,  2.74it/s]Sat Dec 19 11:00:57 2020[1,0]<stdout>:
Iteration:   4%|▍         | 100/2296 [00:37<13:23,  2.73it/s]Sat Dec 19 11:00:57 2020[1,0]<stdout>:
Iteration:   4%|▍         | 101/2296 [00:38<13:22,  2.73it/s]Sat Dec 19 11:00:57 2020[1,0]<stdout>:
Iteration:   4%|▍         | 102/2296 [00:38<13:21,  2.74it/s]Sat Dec 19 11:00:58 2020[1,0]<stdout>:
Iteration:   4%|▍         | 103/2296 [00:38<13:20,  2.74it/s]Sat Dec 19 11:00:58 2020[1,0]<stdout>:
Iteration:   5%|▍         | 104/2296 [00:39<13:20,  2.74it/s]Sat Dec 19 11:00:59 2020[1,0]<stdout>:
Iteration:   5%|▍         | 105/2296 [00:39<13:20,  2.74it/s]Sat Dec 19 11:00:59 2020[1,0]<stdout>:
Iteration:   5%|▍         | 106/2296 [00:39<13:19,  2.74it/s]Sat Dec 19 11:00:59 2020[1,0]<stdout>:
Iteration:   5%|▍         | 107/2296 [00:40<13:18,  2.74it/s]Sat Dec 19 11:01:00 2020[1,0]<stdout>:
Iteration:   5%|▍         | 108/2296 [00:40<13:18,  2.74it/s]Sat Dec 19 11:01:00 2020[1,0]<stdout>:
Iteration:   5%|▍         | 109/2296 [00:41<13:19,  2.74it/s]Sat Dec 19 11:01:00 2020[1,0]<stdout>:
Iteration:   5%|▍         | 110/2296 [00:41<13:19,  2.73it/s]Sat Dec 19 11:01:01 2020[1,0]<stdout>:
Iteration:   5%|▍         | 111/2296 [00:41<13:19,  2.73it/s]Sat Dec 19 11:01:01 2020[1,0]<stdout>:
Iteration:   5%|▍         | 112/2296 [00:42<13:17,  2.74it/s]Sat Dec 19 11:01:01 2020[1,0]<stdout>:
Iteration:   5%|▍         | 113/2296 [00:42<13:16,  2.74it/s]Sat Dec 19 11:01:02 2020[1,0]<stdout>:
Iteration:   5%|▍         | 114/2296 [00:42<13:16,  2.74it/s]Sat Dec 19 11:01:02 2020[1,0]<stdout>:
Iteration:   5%|▌         | 115/2296 [00:43<13:17,  2.74it/s]Sat Dec 19 11:01:03 2020[1,0]<stdout>:
Iteration:   5%|▌         | 116/2296 [00:43<13:18,  2.73it/s]Sat Dec 19 11:01:03 2020[1,0]<stdout>:
Iteration:   5%|▌         | 117/2296 [00:43<13:18,  2.73it/s]Sat Dec 19 11:01:03 2020[1,0]<stdout>:
Iteration:   5%|▌         | 118/2296 [00:44<13:17,  2.73it/s]Sat Dec 19 11:01:04 2020[1,0]<stdout>:
Iteration:   5%|▌         | 119/2296 [00:44<13:16,  2.73it/s]Sat Dec 19 11:01:04 2020[1,0]<stdout>:
Iteration:   5%|▌         | 120/2296 [00:45<13:15,  2.73it/s]Sat Dec 19 11:01:04 2020[1,0]<stdout>:
Iteration:   5%|▌         | 121/2296 [00:45<13:16,  2.73it/s]Sat Dec 19 11:01:05 2020[1,0]<stdout>:
Iteration:   5%|▌         | 122/2296 [00:45<13:16,  2.73it/s]Sat Dec 19 11:01:05 2020[1,0]<stdout>:
Iteration:   5%|▌         | 123/2296 [00:46<13:15,  2.73it/s]Sat Dec 19 11:01:05 2020[1,0]<stdout>:
Iteration:   5%|▌         | 124/2296 [00:46<13:15,  2.73it/s]Sat Dec 19 11:01:06 2020[1,0]<stdout>:
Iteration:   5%|▌         | 125/2296 [00:46<13:13,  2.73it/s]Sat Dec 19 11:01:06 2020[1,0]<stdout>:
Iteration:   5%|▌         | 126/2296 [00:47<13:13,  2.74it/s]Sat Dec 19 11:01:07 2020[1,0]<stdout>:
Iteration:   6%|▌         | 127/2296 [00:47<13:14,  2.73it/s]Sat Dec 19 11:01:07 2020[1,0]<stdout>:
Iteration:   6%|▌         | 128/2296 [00:47<13:14,  2.73it/s]Sat Dec 19 11:01:07 2020[1,0]<stdout>:
Iteration:   6%|▌         | 129/2296 [00:48<13:14,  2.73it/s]Sat Dec 19 11:01:08 2020[1,0]<stdout>:
Iteration:   6%|▌         | 130/2296 [00:48<13:13,  2.73it/s]Sat Dec 19 11:01:08 2020[1,0]<stdout>:
Iteration:   6%|▌         | 131/2296 [00:49<13:12,  2.73it/s]Sat Dec 19 11:01:08 2020[1,0]<stdout>:
Iteration:   6%|▌         | 132/2296 [00:49<13:11,  2.73it/s]Sat Dec 19 11:01:09 2020[1,0]<stdout>:
Iteration:   6%|▌         | 133/2296 [00:49<13:12,  2.73it/s]Sat Dec 19 11:01:09 2020[1,0]<stdout>:
Iteration:   6%|▌         | 134/2296 [00:50<13:12,  2.73it/s]Sat Dec 19 11:01:10 2020[1,0]<stdout>:
Iteration:   6%|▌         | 135/2296 [00:50<13:11,  2.73it/s]Sat Dec 19 11:01:10 2020[1,0]<stdout>:
Iteration:   6%|▌         | 136/2296 [00:50<13:10,  2.73it/s]Sat Dec 19 11:01:10 2020[1,0]<stdout>:
Iteration:   6%|▌         | 137/2296 [00:51<13:09,  2.73it/s]Sat Dec 19 11:01:11 2020[1,0]<stdout>:
Iteration:   6%|▌         | 138/2296 [00:51<13:08,  2.74it/s]Sat Dec 19 11:01:11 2020[1,0]<stdout>:
Iteration:   6%|▌         | 139/2296 [00:52<13:09,  2.73it/s]Sat Dec 19 11:01:11 2020[1,0]<stdout>:
Iteration:   6%|▌         | 140/2296 [00:52<13:09,  2.73it/s]Sat Dec 19 11:01:12 2020[1,0]<stdout>:
Iteration:   6%|▌         | 141/2296 [00:52<13:08,  2.73it/s]Sat Dec 19 11:01:12 2020[1,0]<stdout>:
Iteration:   6%|▌         | 142/2296 [00:53<13:07,  2.74it/s]Sat Dec 19 11:01:12 2020[1,0]<stdout>:
Iteration:   6%|▌         | 143/2296 [00:53<13:06,  2.74it/s]Sat Dec 19 11:01:13 2020[1,0]<stdout>:
Iteration:   6%|▋         | 144/2296 [00:53<13:05,  2.74it/s]Sat Dec 19 11:01:13 2020[1,0]<stdout>:
Iteration:   6%|▋         | 145/2296 [00:54<13:07,  2.73it/s]Sat Dec 19 11:01:14 2020[1,0]<stdout>:
Iteration:   6%|▋         | 146/2296 [00:54<13:07,  2.73it/s]Sat Dec 19 11:01:14 2020[1,0]<stdout>:
Iteration:   6%|▋         | 147/2296 [00:54<13:06,  2.73it/s]Sat Dec 19 11:01:14 2020[1,0]<stdout>:
Iteration:   6%|▋         | 148/2296 [00:55<13:05,  2.74it/s]Sat Dec 19 11:01:15 2020[1,0]<stdout>:
Iteration:   6%|▋         | 149/2296 [00:55<13:04,  2.74it/s]Sat Dec 19 11:01:15 2020[1,0]<stdout>:
Iteration:   7%|▋         | 150/2296 [00:56<13:05,  2.73it/s]Sat Dec 19 11:01:15 2020[1,0]<stdout>:
Iteration:   7%|▋         | 151/2296 [00:56<13:05,  2.73it/s]Sat Dec 19 11:01:16 2020[1,0]<stdout>:
Iteration:   7%|▋         | 152/2296 [00:56<13:04,  2.73it/s]Sat Dec 19 11:01:16 2020[1,0]<stdout>:
Iteration:   7%|▋         | 153/2296 [00:57<13:03,  2.73it/s]Sat Dec 19 11:01:16 2020[1,0]<stdout>:
Iteration:   7%|▋         | 154/2296 [00:57<13:02,  2.74it/s]Sat Dec 19 11:01:17 2020[1,0]<stdout>:
Iteration:   7%|▋         | 155/2296 [00:57<13:01,  2.74it/s]Sat Dec 19 11:01:17 2020[1,0]<stdout>:
Iteration:   7%|▋         | 156/2296 [00:58<13:01,  2.74it/s]Sat Dec 19 11:01:18 2020[1,0]<stdout>:
Iteration:   7%|▋         | 157/2296 [00:58<13:01,  2.74it/s]Sat Dec 19 11:01:18 2020[1,0]<stdout>:
Iteration:   7%|▋         | 158/2296 [00:58<13:01,  2.74it/s]Sat Dec 19 11:01:18 2020[1,0]<stdout>:
Iteration:   7%|▋         | 159/2296 [00:59<13:00,  2.74it/s]Sat Dec 19 11:01:19 2020[1,0]<stdout>:
Iteration:   7%|▋         | 160/2296 [00:59<12:59,  2.74it/s]Sat Dec 19 11:01:19 2020[1,0]<stdout>:
Iteration:   7%|▋         | 161/2296 [01:00<13:00,  2.73it/s]Sat Dec 19 11:01:19 2020[1,0]<stdout>:
Iteration:   7%|▋         | 162/2296 [01:00<13:01,  2.73it/s]Sat Dec 19 11:01:20 2020[1,0]<stdout>:
Iteration:   7%|▋         | 163/2296 [01:00<13:00,  2.73it/s]Sat Dec 19 11:01:20 2020[1,0]<stdout>:
Iteration:   7%|▋         | 164/2296 [01:01<13:00,  2.73it/s]Sat Dec 19 11:01:20 2020[1,0]<stdout>:
Iteration:   7%|▋         | 165/2296 [01:01<12:59,  2.73it/s]Sat Dec 19 11:01:21 2020[1,0]<stdout>:
Iteration:   7%|▋         | 166/2296 [01:01<12:57,  2.74it/s]Sat Dec 19 11:01:21 2020[1,0]<stdout>:
Iteration:   7%|▋         | 167/2296 [01:02<12:57,  2.74it/s]Sat Dec 19 11:01:22 2020[1,0]<stdout>:
Iteration:   7%|▋         | 168/2296 [01:02<12:58,  2.73it/s]Sat Dec 19 11:01:22 2020[1,0]<stdout>:
Iteration:   7%|▋         | 169/2296 [01:02<12:57,  2.74it/s]Sat Dec 19 11:01:22 2020[1,0]<stdout>:
Iteration:   7%|▋         | 170/2296 [01:03<12:56,  2.74it/s]Sat Dec 19 11:01:23 2020[1,0]<stdout>:
Iteration:   7%|▋         | 171/2296 [01:03<12:55,  2.74it/s]Sat Dec 19 11:01:23 2020[1,0]<stdout>:
Iteration:   7%|▋         | 172/2296 [01:04<12:55,  2.74it/s]Sat Dec 19 11:01:23 2020[1,0]<stdout>:
Iteration:   8%|▊         | 173/2296 [01:04<12:55,  2.74it/s]Sat Dec 19 11:01:24 2020[1,0]<stdout>:
Iteration:   8%|▊         | 174/2296 [01:04<12:55,  2.74it/s]Sat Dec 19 11:01:24 2020[1,0]<stdout>:
Iteration:   8%|▊         | 175/2296 [01:05<12:55,  2.74it/s]Sat Dec 19 11:01:28 2020[1,0]<stdout>:DLL 2020-12-19 11:01:28.798010 - Training Epoch: 0 Training Iteration: 1  average_loss : 11.182149719108235  step_loss : 11.13193416595459  learning_rate : 0.00042208934224410833
Sat Dec 19 11:01:28 2020[1,0]<stdout>:
Iteration:   8%|▊         | 176/2296 [01:09<53:03,  1.50s/it]Sat Dec 19 11:01:29 2020[1,0]<stdout>:
Iteration:   8%|▊         | 177/2296 [01:09<40:56,  1.16s/it]Sat Dec 19 11:01:29 2020[1,0]<stdout>:
Iteration:   8%|▊         | 178/2296 [01:10<32:30,  1.09it/s]Sat Dec 19 11:01:29 2020[1,0]<stdout>:
Iteration:   8%|▊         | 179/2296 [01:10<26:35,  1.33it/s]Sat Dec 19 11:01:30 2020[1,0]<stdout>:
Iteration:   8%|▊         | 180/2296 [01:10<22:27,  1.57it/s]Sat Dec 19 11:01:30 2020[1,0]<stdout>:
Iteration:   8%|▊         | 181/2296 [01:11<19:34,  1.80it/s]Sat Dec 19 11:01:30 2020[1,0]<stdout>:
Iteration:   8%|▊         | 182/2296 [01:11<17:33,  2.01it/s]Sat Dec 19 11:01:31 2020[1,0]<stdout>:
Iteration:   8%|▊         | 183/2296 [01:11<16:09,  2.18it/s]Sat Dec 19 11:01:31 2020[1,0]<stdout>:
Iteration:   8%|▊         | 184/2296 [01:12<15:08,  2.32it/s]Sat Dec 19 11:01:32 2020[1,0]<stdout>:
Iteration:   8%|▊         | 185/2296 [01:12<14:26,  2.44it/s]Sat Dec 19 11:01:32 2020[1,0]<stdout>:
Iteration:   8%|▊         | 186/2296 [01:12<13:57,  2.52it/s]Sat Dec 19 11:01:32 2020[1,0]<stdout>:
Iteration:   8%|▊         | 187/2296 [01:13<13:37,  2.58it/s]Sat Dec 19 11:01:33 2020[1,0]<stdout>:
Iteration:   8%|▊         | 188/2296 [01:13<13:24,  2.62it/s]Sat Dec 19 11:01:33 2020[1,0]<stdout>:
Iteration:   8%|▊         | 189/2296 [01:14<13:14,  2.65it/s]Sat Dec 19 11:01:33 2020[1,0]<stdout>:
Iteration:   8%|▊         | 190/2296 [01:14<13:06,  2.68it/s]Sat Dec 19 11:01:34 2020[1,0]<stdout>:
Iteration:   8%|▊         | 191/2296 [01:14<12:59,  2.70it/s]Sat Dec 19 11:01:34 2020[1,0]<stdout>:
Iteration:   8%|▊         | 192/2296 [01:15<12:56,  2.71it/s]Sat Dec 19 11:01:35 2020[1,0]<stdout>:
Iteration:   8%|▊         | 193/2296 [01:15<12:55,  2.71it/s]Sat Dec 19 11:01:35 2020[1,0]<stdout>:
Iteration:   8%|▊         | 194/2296 [01:15<12:53,  2.72it/s]Sat Dec 19 11:01:35 2020[1,0]<stdout>:
Iteration:   8%|▊         | 195/2296 [01:16<12:50,  2.73it/s]Sat Dec 19 11:01:36 2020[1,0]<stdout>:
Iteration:   9%|▊         | 196/2296 [01:16<12:47,  2.73it/s]Sat Dec 19 11:01:36 2020[1,0]<stdout>:
Iteration:   9%|▊         | 197/2296 [01:16<12:46,  2.74it/s]Sat Dec 19 11:01:36 2020[1,0]<stdout>:
Iteration:   9%|▊         | 198/2296 [01:17<12:47,  2.73it/s]Sat Dec 19 11:01:37 2020[1,0]<stdout>:
Iteration:   9%|▊         | 199/2296 [01:17<12:47,  2.73it/s]Sat Dec 19 11:01:37 2020[1,0]<stdout>:
Iteration:   9%|▊         | 200/2296 [01:18<12:47,  2.73it/s]Sat Dec 19 11:01:37 2020[1,0]<stdout>:
Iteration:   9%|▉         | 201/2296 [01:18<12:45,  2.74it/s]Sat Dec 19 11:01:38 2020[1,0]<stdout>:
Iteration:   9%|▉         | 202/2296 [01:18<12:44,  2.74it/s]Sat Dec 19 11:01:38 2020[1,0]<stdout>:
Iteration:   9%|▉         | 203/2296 [01:19<12:44,  2.74it/s]Sat Dec 19 11:01:39 2020[1,0]<stdout>:
Iteration:   9%|▉         | 204/2296 [01:19<12:45,  2.73it/s]Sat Dec 19 11:01:39 2020[1,0]<stdout>:
Iteration:   9%|▉         | 205/2296 [01:19<12:45,  2.73it/s]Sat Dec 19 11:01:39 2020[1,0]<stdout>:
Iteration:   9%|▉         | 206/2296 [01:20<12:44,  2.73it/s]Sat Dec 19 11:01:40 2020[1,0]<stdout>:
Iteration:   9%|▉         | 207/2296 [01:20<12:43,  2.74it/s]Sat Dec 19 11:01:40 2020[1,0]<stdout>:
Iteration:   9%|▉         | 208/2296 [01:21<12:42,  2.74it/s]Sat Dec 19 11:01:40 2020[1,0]<stdout>:
Iteration:   9%|▉         | 209/2296 [01:21<12:43,  2.73it/s]Sat Dec 19 11:01:41 2020[1,0]<stdout>:
Iteration:   9%|▉         | 210/2296 [01:21<12:43,  2.73it/s]Sat Dec 19 11:01:41 2020[1,0]<stdout>:
Iteration:   9%|▉         | 211/2296 [01:22<12:43,  2.73it/s]Sat Dec 19 11:01:41 2020[1,0]<stdout>:
Iteration:   9%|▉         | 212/2296 [01:22<12:41,  2.74it/s]Sat Dec 19 11:01:42 2020[1,0]<stdout>:
Iteration:   9%|▉         | 213/2296 [01:22<12:41,  2.74it/s]Sat Dec 19 11:01:42 2020[1,0]<stdout>:
Iteration:   9%|▉         | 214/2296 [01:23<12:40,  2.74it/s]Sat Dec 19 11:01:43 2020[1,0]<stdout>:
Iteration:   9%|▉         | 215/2296 [01:23<12:39,  2.74it/s]Sat Dec 19 11:01:43 2020[1,0]<stdout>:
Iteration:   9%|▉         | 216/2296 [01:23<12:40,  2.74it/s]Sat Dec 19 11:01:43 2020[1,0]<stdout>:
Iteration:   9%|▉         | 217/2296 [01:24<12:40,  2.73it/s]Sat Dec 19 11:01:44 2020[1,0]<stdout>:
Iteration:   9%|▉         | 218/2296 [01:24<12:39,  2.74it/s]Sat Dec 19 11:01:44 2020[1,0]<stdout>:
Iteration:  10%|▉         | 219/2296 [01:25<12:39,  2.74it/s]Sat Dec 19 11:01:44 2020[1,0]<stdout>:
Iteration:  10%|▉         | 220/2296 [01:25<12:38,  2.74it/s]Sat Dec 19 11:01:45 2020[1,0]<stdout>:
Iteration:  10%|▉         | 221/2296 [01:25<12:39,  2.73it/s]Sat Dec 19 11:01:45 2020[1,0]<stdout>:
Iteration:  10%|▉         | 222/2296 [01:26<12:39,  2.73it/s]Sat Dec 19 11:01:45 2020[1,0]<stdout>:
Iteration:  10%|▉         | 223/2296 [01:26<12:39,  2.73it/s]Sat Dec 19 11:01:46 2020[1,0]<stdout>:
Iteration:  10%|▉         | 224/2296 [01:26<12:38,  2.73it/s]Sat Dec 19 11:01:46 2020[1,0]<stdout>:
Iteration:  10%|▉         | 225/2296 [01:27<12:36,  2.74it/s]Sat Dec 19 11:01:47 2020[1,0]<stdout>:
Iteration:  10%|▉         | 226/2296 [01:27<12:37,  2.73it/s]Sat Dec 19 11:01:47 2020[1,0]<stdout>:
Iteration:  10%|▉         | 227/2296 [01:27<12:37,  2.73it/s]Sat Dec 19 11:01:47 2020[1,0]<stdout>:
Iteration:  10%|▉         | 228/2296 [01:28<12:36,  2.73it/s]Sat Dec 19 11:01:48 2020[1,0]<stdout>:
Iteration:  10%|▉         | 229/2296 [01:28<12:35,  2.74it/s]Sat Dec 19 11:01:48 2020[1,0]<stdout>:
Iteration:  10%|█         | 230/2296 [01:29<12:35,  2.74it/s]Sat Dec 19 11:01:48 2020[1,0]<stdout>:
Iteration:  10%|█         | 231/2296 [01:29<12:33,  2.74it/s]Sat Dec 19 11:01:49 2020[1,0]<stdout>:
Iteration:  10%|█         | 232/2296 [01:29<12:34,  2.73it/s]Sat Dec 19 11:01:49 2020[1,0]<stdout>:
Iteration:  10%|█         | 233/2296 [01:30<12:34,  2.74it/s]Sat Dec 19 11:01:49 2020[1,0]<stdout>:
Iteration:  10%|█         | 234/2296 [01:30<12:34,  2.73it/s]Sat Dec 19 11:01:50 2020[1,0]<stdout>:
Iteration:  10%|█         | 235/2296 [01:30<12:33,  2.74it/s]Sat Dec 19 11:01:50 2020[1,0]<stdout>:
Iteration:  10%|█         | 236/2296 [01:31<12:32,  2.74it/s]Sat Dec 19 11:01:51 2020[1,0]<stdout>:
Iteration:  10%|█         | 237/2296 [01:31<12:31,  2.74it/s]Sat Dec 19 11:01:51 2020[1,0]<stdout>:
Iteration:  10%|█         | 238/2296 [01:31<12:32,  2.73it/s]Sat Dec 19 11:01:51 2020[1,0]<stdout>:
Iteration:  10%|█         | 239/2296 [01:32<12:32,  2.73it/s]Sat Dec 19 11:01:52 2020[1,0]<stdout>:
Iteration:  10%|█         | 240/2296 [01:32<12:32,  2.73it/s]Sat Dec 19 11:01:52 2020[1,0]<stdout>:
Iteration:  10%|█         | 241/2296 [01:33<12:32,  2.73it/s]Sat Dec 19 11:01:52 2020[1,0]<stdout>:
Iteration:  11%|█         | 242/2296 [01:33<12:31,  2.73it/s]Sat Dec 19 11:01:53 2020[1,0]<stdout>:
Iteration:  11%|█         | 243/2296 [01:33<12:32,  2.73it/s]Sat Dec 19 11:01:53 2020[1,0]<stdout>:
Iteration:  11%|█         | 244/2296 [01:34<12:32,  2.73it/s]Sat Dec 19 11:01:54 2020[1,0]<stdout>:
Iteration:  11%|█         | 245/2296 [01:34<12:32,  2.73it/s]Sat Dec 19 11:01:54 2020[1,0]<stdout>:
Iteration:  11%|█         | 246/2296 [01:34<12:31,  2.73it/s]Sat Dec 19 11:01:54 2020[1,0]<stdout>:
Iteration:  11%|█         | 247/2296 [01:35<12:30,  2.73it/s]Sat Dec 19 11:01:55 2020[1,0]<stdout>:
Iteration:  11%|█         | 248/2296 [01:35<12:29,  2.73it/s]Sat Dec 19 11:01:55 2020[1,0]<stdout>:
Iteration:  11%|█         | 249/2296 [01:36<12:29,  2.73it/s]Sat Dec 19 11:01:55 2020[1,0]<stdout>:
Iteration:  11%|█         | 250/2296 [01:36<12:29,  2.73it/s]Sat Dec 19 11:01:56 2020[1,0]<stdout>:
Iteration:  11%|█         | 251/2296 [01:36<12:28,  2.73it/s]Sat Dec 19 11:01:56 2020[1,0]<stdout>:
Iteration:  11%|█         | 252/2296 [01:37<12:27,  2.74it/s]Sat Dec 19 11:01:56 2020[1,0]<stdout>:
Iteration:  11%|█         | 253/2296 [01:37<12:26,  2.74it/s]Sat Dec 19 11:01:57 2020[1,0]<stdout>:
Iteration:  11%|█         | 254/2296 [01:37<12:28,  2.73it/s]Sat Dec 19 11:01:57 2020[1,0]<stdout>:
Iteration:  11%|█         | 255/2296 [01:38<12:28,  2.73it/s]Sat Dec 19 11:01:58 2020[1,0]<stdout>:
Iteration:  11%|█         | 256/2296 [01:38<12:28,  2.73it/s]Sat Dec 19 11:01:58 2020[1,0]<stdout>:
Iteration:  11%|█         | 257/2296 [01:38<12:26,  2.73it/s]Sat Dec 19 11:01:58 2020[1,0]<stdout>:
Iteration:  11%|█         | 258/2296 [01:39<12:26,  2.73it/s]Sat Dec 19 11:01:59 2020[1,0]<stdout>:
Iteration:  11%|█▏        | 259/2296 [01:39<12:26,  2.73it/s]Sat Dec 19 11:01:59 2020[1,0]<stdout>:
Iteration:  11%|█▏        | 260/2296 [01:40<12:25,  2.73it/s]Sat Dec 19 11:01:59 2020[1,0]<stdout>:
Iteration:  11%|█▏        | 261/2296 [01:40<12:25,  2.73it/s]Sat Dec 19 11:02:00 2020[1,0]<stdout>:
Iteration:  11%|█▏        | 262/2296 [01:40<12:25,  2.73it/s]Sat Dec 19 11:02:00 2020[1,0]<stdout>:
Iteration:  11%|█▏        | 263/2296 [01:41<12:24,  2.73it/s]Sat Dec 19 11:02:00 2020[1,0]<stdout>:
Iteration:  11%|█▏        | 264/2296 [01:41<12:23,  2.73it/s]Sat Dec 19 11:02:01 2020[1,0]<stdout>:
Iteration:  12%|█▏        | 265/2296 [01:41<12:24,  2.73it/s]Sat Dec 19 11:02:01 2020[1,0]<stdout>:
Iteration:  12%|█▏        | 266/2296 [01:42<12:24,  2.73it/s]Sat Dec 19 11:02:02 2020[1,0]<stdout>:
Iteration:  12%|█▏        | 267/2296 [01:42<12:23,  2.73it/s]Sat Dec 19 11:02:02 2020[1,0]<stdout>:
Iteration:  12%|█▏        | 268/2296 [01:42<12:22,  2.73it/s]Sat Dec 19 11:02:02 2020[1,0]<stdout>:
Iteration:  12%|█▏        | 269/2296 [01:43<12:21,  2.73it/s]Sat Dec 19 11:02:03 2020[1,0]<stdout>:
Iteration:  12%|█▏        | 270/2296 [01:43<12:22,  2.73it/s]Sat Dec 19 11:02:03 2020[1,0]<stdout>:
Iteration:  12%|█▏        | 271/2296 [01:44<12:22,  2.73it/s]Sat Dec 19 11:02:03 2020[1,0]<stdout>:
Iteration:  12%|█▏        | 272/2296 [01:44<12:23,  2.72it/s]Sat Dec 19 11:02:04 2020[1,0]<stdout>:
Iteration:  12%|█▏        | 273/2296 [01:44<12:21,  2.73it/s]Sat Dec 19 11:02:04 2020[1,0]<stdout>:
Iteration:  12%|█▏        | 274/2296 [01:45<12:20,  2.73it/s]Sat Dec 19 11:02:05 2020[1,0]<stdout>:
Iteration:  12%|█▏        | 275/2296 [01:45<12:20,  2.73it/s]Sat Dec 19 11:02:05 2020[1,0]<stdout>:
Iteration:  12%|█▏        | 276/2296 [01:45<12:21,  2.73it/s]Sat Dec 19 11:02:05 2020[1,0]<stdout>:
Iteration:  12%|█▏        | 277/2296 [01:46<12:21,  2.72it/s]Sat Dec 19 11:02:06 2020[1,0]<stdout>:
Iteration:  12%|█▏        | 278/2296 [01:46<12:20,  2.72it/s]Sat Dec 19 11:02:06 2020[1,0]<stdout>:
Iteration:  12%|█▏        | 279/2296 [01:47<12:19,  2.73it/s]Sat Dec 19 11:02:06 2020[1,0]<stdout>:
Iteration:  12%|█▏        | 280/2296 [01:47<12:18,  2.73it/s]Sat Dec 19 11:02:07 2020[1,0]<stdout>:
Iteration:  12%|█▏        | 281/2296 [01:47<12:19,  2.73it/s]Sat Dec 19 11:02:07 2020[1,0]<stdout>:
Iteration:  12%|█▏        | 282/2296 [01:48<12:19,  2.72it/s]Sat Dec 19 11:02:07 2020[1,0]<stdout>:
Iteration:  12%|█▏        | 283/2296 [01:48<12:19,  2.72it/s]Sat Dec 19 11:02:08 2020[1,0]<stdout>:
Iteration:  12%|█▏        | 284/2296 [01:48<12:18,  2.72it/s]Sat Dec 19 11:02:08 2020[1,0]<stdout>:
Iteration:  12%|█▏        | 285/2296 [01:49<12:17,  2.73it/s]Sat Dec 19 11:02:09 2020[1,0]<stdout>:
Iteration:  12%|█▏        | 286/2296 [01:49<12:16,  2.73it/s]Sat Dec 19 11:02:09 2020[1,0]<stdout>:
Iteration:  12%|█▎        | 287/2296 [01:49<12:17,  2.72it/s]Sat Dec 19 11:02:09 2020[1,0]<stdout>:
Iteration:  13%|█▎        | 288/2296 [01:50<12:18,  2.72it/s]Sat Dec 19 11:02:10 2020[1,0]<stdout>:
Iteration:  13%|█▎        | 289/2296 [01:50<12:17,  2.72it/s]Sat Dec 19 11:02:10 2020[1,0]<stdout>:
Iteration:  13%|█▎        | 290/2296 [01:51<12:16,  2.73it/s]Sat Dec 19 11:02:10 2020[1,0]<stdout>:
Iteration:  13%|█▎        | 291/2296 [01:51<12:15,  2.73it/s]Sat Dec 19 11:02:11 2020[1,0]<stdout>:
Iteration:  13%|█▎        | 292/2296 [01:51<12:16,  2.72it/s]Sat Dec 19 11:02:11 2020[1,0]<stdout>:
Iteration:  13%|█▎        | 293/2296 [01:52<12:16,  2.72it/s]Sat Dec 19 11:02:11 2020[1,0]<stdout>:
Iteration:  13%|█▎        | 294/2296 [01:52<12:16,  2.72it/s]Sat Dec 19 11:02:12 2020[1,0]<stdout>:
Iteration:  13%|█▎        | 295/2296 [01:52<12:15,  2.72it/s]Sat Dec 19 11:02:12 2020[1,0]<stdout>:
Iteration:  13%|█▎        | 296/2296 [01:53<12:14,  2.72it/s]Sat Dec 19 11:02:13 2020[1,0]<stdout>:
Iteration:  13%|█▎        | 297/2296 [01:53<12:13,  2.72it/s]Sat Dec 19 11:02:13 2020[1,0]<stdout>:
Iteration:  13%|█▎        | 298/2296 [01:53<12:14,  2.72it/s]Sat Dec 19 11:02:13 2020[1,0]<stdout>:
Iteration:  13%|█▎        | 299/2296 [01:54<12:14,  2.72it/s]Sat Dec 19 11:02:14 2020[1,0]<stdout>:
Iteration:  13%|█▎        | 300/2296 [01:54<12:13,  2.72it/s]Sat Dec 19 11:02:14 2020[1,0]<stdout>:
Iteration:  13%|█▎        | 301/2296 [01:55<12:11,  2.73it/s]Sat Dec 19 11:02:14 2020[1,0]<stdout>:
Iteration:  13%|█▎        | 302/2296 [01:55<12:10,  2.73it/s]Sat Dec 19 11:02:15 2020[1,0]<stdout>:
Iteration:  13%|█▎        | 303/2296 [01:55<12:13,  2.72it/s]Sat Dec 19 11:02:15 2020[1,0]<stdout>:
Iteration:  13%|█▎        | 304/2296 [01:56<12:13,  2.72it/s]Sat Dec 19 11:02:16 2020[1,0]<stdout>:
Iteration:  13%|█▎        | 305/2296 [01:56<12:12,  2.72it/s]Sat Dec 19 11:02:16 2020[1,0]<stdout>:
Iteration:  13%|█▎        | 306/2296 [01:56<12:11,  2.72it/s]Sat Dec 19 11:02:16 2020[1,0]<stdout>:
Iteration:  13%|█▎        | 307/2296 [01:57<12:10,  2.72it/s]Sat Dec 19 11:02:17 2020[1,0]<stdout>:
Iteration:  13%|█▎        | 308/2296 [01:57<12:08,  2.73it/s]Sat Dec 19 11:02:17 2020[1,0]<stdout>:
Iteration:  13%|█▎        | 309/2296 [01:58<12:08,  2.73it/s]Sat Dec 19 11:02:17 2020[1,0]<stdout>:
Iteration:  14%|█▎        | 310/2296 [01:58<12:08,  2.72it/s]Sat Dec 19 11:02:18 2020[1,0]<stdout>:
Iteration:  14%|█▎        | 311/2296 [01:58<12:09,  2.72it/s]Sat Dec 19 11:02:18 2020[1,0]<stdout>:
Iteration:  14%|█▎        | 312/2296 [01:59<12:08,  2.73it/s]Sat Dec 19 11:02:18 2020[1,0]<stdout>:
Iteration:  14%|█▎        | 313/2296 [01:59<12:06,  2.73it/s]Sat Dec 19 11:02:19 2020[1,0]<stdout>:
Iteration:  14%|█▎        | 314/2296 [01:59<12:05,  2.73it/s]Sat Dec 19 11:02:19 2020[1,0]<stdout>:
Iteration:  14%|█▎        | 315/2296 [02:00<12:06,  2.73it/s]Sat Dec 19 11:02:20 2020[1,0]<stdout>:
Iteration:  14%|█▍        | 316/2296 [02:00<12:06,  2.72it/s]Sat Dec 19 11:02:20 2020[1,0]<stdout>:
Iteration:  14%|█▍        | 317/2296 [02:00<12:06,  2.72it/s]Sat Dec 19 11:02:20 2020[1,0]<stdout>:
Iteration:  14%|█▍        | 318/2296 [02:01<12:05,  2.73it/s]Sat Dec 19 11:02:21 2020[1,0]<stdout>:
Iteration:  14%|█▍        | 319/2296 [02:01<12:03,  2.73it/s]Sat Dec 19 11:02:21 2020[1,0]<stdout>:
Iteration:  14%|█▍        | 320/2296 [02:02<12:04,  2.73it/s]Sat Dec 19 11:02:21 2020[1,0]<stdout>:
Iteration:  14%|█▍        | 321/2296 [02:02<12:05,  2.72it/s]Sat Dec 19 11:02:22 2020[1,0]<stdout>:
Iteration:  14%|█▍        | 322/2296 [02:02<12:04,  2.73it/s]Sat Dec 19 11:02:22 2020[1,0]<stdout>:
Iteration:  14%|█▍        | 323/2296 [02:03<12:03,  2.73it/s]Sat Dec 19 11:02:22 2020[1,0]<stdout>:
Iteration:  14%|█▍        | 324/2296 [02:03<12:02,  2.73it/s]Sat Dec 19 11:02:23 2020[1,0]<stdout>:
Iteration:  14%|█▍        | 325/2296 [02:03<12:02,  2.73it/s]Sat Dec 19 11:02:23 2020[1,0]<stdout>:
Iteration:  14%|█▍        | 326/2296 [02:04<12:02,  2.73it/s]Sat Dec 19 11:02:24 2020[1,0]<stdout>:
Iteration:  14%|█▍        | 327/2296 [02:04<12:03,  2.72it/s]Sat Dec 19 11:02:24 2020[1,0]<stdout>:
Iteration:  14%|█▍        | 328/2296 [02:04<12:03,  2.72it/s]Sat Dec 19 11:02:24 2020[1,0]<stdout>:
Iteration:  14%|█▍        | 329/2296 [02:05<12:01,  2.73it/s]Sat Dec 19 11:02:25 2020[1,0]<stdout>:
Iteration:  14%|█▍        | 330/2296 [02:05<12:00,  2.73it/s]Sat Dec 19 11:02:25 2020[1,0]<stdout>:
Iteration:  14%|█▍        | 331/2296 [02:06<12:00,  2.73it/s]Sat Dec 19 11:02:25 2020[1,0]<stdout>:
Iteration:  14%|█▍        | 332/2296 [02:06<12:01,  2.72it/s]Sat Dec 19 11:02:26 2020[1,0]<stdout>:
Iteration:  15%|█▍        | 333/2296 [02:06<12:00,  2.72it/s]Sat Dec 19 11:02:26 2020[1,0]<stdout>:
Iteration:  15%|█▍        | 334/2296 [02:07<11:59,  2.73it/s]Sat Dec 19 11:02:27 2020[1,0]<stdout>:
Iteration:  15%|█▍        | 335/2296 [02:07<11:58,  2.73it/s]Sat Dec 19 11:02:27 2020[1,0]<stdout>:
Iteration:  15%|█▍        | 336/2296 [02:07<12:00,  2.72it/s]Sat Dec 19 11:02:27 2020[1,0]<stdout>:
Iteration:  15%|█▍        | 337/2296 [02:08<11:59,  2.72it/s]Sat Dec 19 11:02:28 2020[1,0]<stdout>:
Iteration:  15%|█▍        | 338/2296 [02:08<11:59,  2.72it/s]Sat Dec 19 11:02:28 2020[1,0]<stdout>:
Iteration:  15%|█▍        | 339/2296 [02:09<11:58,  2.72it/s]Sat Dec 19 11:02:28 2020[1,0]<stdout>:
Iteration:  15%|█▍        | 340/2296 [02:09<11:57,  2.73it/s]Sat Dec 19 11:02:29 2020[1,0]<stdout>:
Iteration:  15%|█▍        | 341/2296 [02:09<11:56,  2.73it/s]Sat Dec 19 11:02:29 2020[1,0]<stdout>:
Iteration:  15%|█▍        | 342/2296 [02:10<11:56,  2.73it/s]Sat Dec 19 11:02:29 2020[1,0]<stdout>:
Iteration:  15%|█▍        | 343/2296 [02:10<11:56,  2.73it/s]Sat Dec 19 11:02:30 2020[1,0]<stdout>:
Iteration:  15%|█▍        | 344/2296 [02:10<11:56,  2.72it/s]Sat Dec 19 11:02:30 2020[1,0]<stdout>:
Iteration:  15%|█▌        | 345/2296 [02:11<11:55,  2.73it/s]Sat Dec 19 11:02:31 2020[1,0]<stdout>:
....
Iteration:  75%|███████▍  | 1715/2302 [11:00<03:34,  2.74it/s]Sat Dec 19 11:55:45 2020[1,0]<stdout>:
Iteration:  75%|███████▍  | 1716/2302 [11:00<03:34,  2.74it/s]Sat Dec 19 11:55:45 2020[1,0]<stdout>:
Iteration:  75%|███████▍  | 1717/2302 [11:01<03:33,  2.73it/s]Sat Dec 19 11:55:45 2020[1,0]<stdout>:
Iteration:  75%|███████▍  | 1718/2302 [11:01<03:33,  2.74it/s]Sat Dec 19 11:55:46 2020[1,0]<stdout>:
Iteration:  75%|███████▍  | 1719/2302 [11:01<03:32,  2.74it/s]Sat Dec 19 11:55:46 2020[1,0]<stdout>:
Iteration:  75%|███████▍  | 1720/2302 [11:02<03:32,  2.74it/s]Sat Dec 19 11:55:46 2020[1,0]<stdout>:
Iteration:  75%|███████▍  | 1721/2302 [11:02<03:32,  2.74it/s]Sat Dec 19 11:55:47 2020[1,0]<stdout>:
Iteration:  75%|███████▍  | 1722/2302 [11:02<03:32,  2.73it/s]Sat Dec 19 11:55:47 2020[1,0]<stdout>:
Iteration:  75%|███████▍  | 1723/2302 [11:03<03:31,  2.73it/s]Sat Dec 19 11:55:48 2020[1,0]<stdout>:
Iteration:  75%|███████▍  | 1724/2302 [11:03<03:31,  2.74it/s]Sat Dec 19 11:55:48 2020[1,0]<stdout>:
Iteration:  75%|███████▍  | 1725/2302 [11:04<03:30,  2.74it/s]Sat Dec 19 11:55:48 2020[1,0]<stdout>:
Iteration:  75%|███████▍  | 1726/2302 [11:04<03:30,  2.74it/s]Sat Dec 19 11:55:49 2020[1,0]<stdout>:
Iteration:  75%|███████▌  | 1727/2302 [11:04<03:30,  2.73it/s]Sat Dec 19 11:55:49 2020[1,0]<stdout>:
Iteration:  75%|███████▌  | 1728/2302 [11:05<03:30,  2.73it/s]Sat Dec 19 11:55:49 2020[1,0]<stdout>:
Iteration:  75%|███████▌  | 1729/2302 [11:05<03:30,  2.73it/s]Sat Dec 19 11:55:50 2020[1,0]<stdout>:
Iteration:  75%|███████▌  | 1730/2302 [11:05<03:29,  2.73it/s]Sat Dec 19 11:55:50 2020[1,0]<stdout>:
Iteration:  75%|███████▌  | 1731/2302 [11:06<03:28,  2.73it/s]Sat Dec 19 11:55:50 2020[1,0]<stdout>:
Iteration:  75%|███████▌  | 1732/2302 [11:06<03:28,  2.74it/s]Sat Dec 19 11:55:51 2020[1,0]<stdout>:
Iteration:  75%|███████▌  | 1733/2302 [11:07<03:28,  2.73it/s]Sat Dec 19 11:55:51 2020[1,0]<stdout>:
Iteration:  75%|███████▌  | 1734/2302 [11:07<03:27,  2.73it/s]Sat Dec 19 11:55:52 2020[1,0]<stdout>:
Iteration:  75%|███████▌  | 1735/2302 [11:07<03:28,  2.72it/s]Sat Dec 19 11:55:52 2020[1,0]<stdout>:
Iteration:  75%|███████▌  | 1736/2302 [11:08<03:27,  2.73it/s]Sat Dec 19 11:55:56 2020[1,0]<stdout>:DLL 2020-12-19 11:55:56.481746 - Training Epoch: 0 Training Iteration: 49  average_loss : 7.977366279472005  step_loss : 7.8837666511535645  learning_rate : 0.0008485281374238573
Sat Dec 19 11:55:56 2020[1,0]<stdout>:
Iteration:  75%|███████▌  | 1737/2302 [11:12<13:53,  1.48s/it]Sat Dec 19 11:55:56 2020[1,0]<stdout>:
Iteration:  75%|███████▌  | 1738/2302 [11:12<10:43,  1.14s/it]Sat Dec 19 11:55:57 2020[1,0]<stdout>:
Iteration:  76%|███████▌  | 1739/2302 [11:12<08:31,  1.10it/s]Sat Dec 19 11:55:57 2020[1,0]<stdout>:
Iteration:  76%|███████▌  | 1740/2302 [11:13<06:58,  1.34it/s]Sat Dec 19 11:55:57 2020[1,0]<stdout>:
Iteration:  76%|███████▌  | 1741/2302 [11:13<05:53,  1.58it/s]Sat Dec 19 11:55:58 2020[1,0]<stdout>:
Iteration:  76%|███████▌  | 1742/2302 [11:13<05:08,  1.81it/s]Sat Dec 19 11:55:58 2020[1,0]<stdout>:
Iteration:  76%|███████▌  | 1743/2302 [11:14<04:36,  2.02it/s]Sat Dec 19 11:55:59 2020[1,0]<stdout>:
Iteration:  76%|███████▌  | 1744/2302 [11:14<04:14,  2.20it/s]Sat Dec 19 11:55:59 2020[1,0]<stdout>:
Iteration:  76%|███████▌  | 1745/2302 [11:15<03:58,  2.34it/s]Sat Dec 19 11:55:59 2020[1,0]<stdout>:
Iteration:  76%|███████▌  | 1746/2302 [11:15<03:47,  2.45it/s]Sat Dec 19 11:56:00 2020[1,0]<stdout>:
Iteration:  76%|███████▌  | 1747/2302 [11:15<03:39,  2.52it/s]Sat Dec 19 11:56:00 2020[1,0]<stdout>:
Iteration:  76%|███████▌  | 1748/2302 [11:16<03:34,  2.58it/s]Sat Dec 19 11:56:00 2020[1,0]<stdout>:
Iteration:  76%|███████▌  | 1749/2302 [11:16<03:30,  2.63it/s]Sat Dec 19 11:56:01 2020[1,0]<stdout>:
Iteration:  76%|███████▌  | 1750/2302 [11:16<03:27,  2.66it/s]Sat Dec 19 11:56:01 2020[1,0]<stdout>:
Iteration:  76%|███████▌  | 1751/2302 [11:17<03:25,  2.69it/s]Sat Dec 19 11:56:01 2020[1,0]<stdout>:
Iteration:  76%|███████▌  | 1752/2302 [11:17<03:23,  2.70it/s]Sat Dec 19 11:56:02 2020[1,0]<stdout>:
Iteration:  76%|███████▌  | 1753/2302 [11:18<03:22,  2.71it/s]Sat Dec 19 11:56:02 2020[1,0]<stdout>:
Iteration:  76%|███████▌  | 1754/2302 [11:18<03:21,  2.72it/s]Sat Dec 19 11:56:03 2020[1,0]<stdout>:
Iteration:  76%|███████▌  | 1755/2302 [11:18<03:20,  2.73it/s]Sat Dec 19 11:56:03 2020[1,0]<stdout>:
Iteration:  76%|███████▋  | 1756/2302 [11:19<03:19,  2.73it/s]Sat Dec 19 11:56:03 2020[1,0]<stdout>:
Iteration:  76%|███████▋  | 1757/2302 [11:19<03:19,  2.74it/s]Sat Dec 19 11:56:04 2020[1,0]<stdout>:
Iteration:  76%|███████▋  | 1758/2302 [11:19<03:18,  2.74it/s]Sat Dec 19 11:56:04 2020[1,0]<stdout>:
Iteration:  76%|███████▋  | 1759/2302 [11:20<03:18,  2.74it/s]Sat Dec 19 11:56:04 2020[1,0]<stdout>:
Iteration:  76%|███████▋  | 1760/2302 [11:20<03:18,  2.74it/s]Sat Dec 19 11:56:05 2020[1,0]<stdout>:
Iteration:  76%|███████▋  | 1761/2302 [11:20<03:17,  2.74it/s]Sat Dec 19 11:56:05 2020[1,0]<stdout>:
Iteration:  77%|███████▋  | 1762/2302 [11:21<03:17,  2.74it/s]Sat Dec 19 11:56:05 2020[1,0]<stdout>:
Iteration:  77%|███████▋  | 1763/2302 [11:21<03:17,  2.74it/s]Sat Dec 19 11:56:06 2020[1,0]<stdout>:
Iteration:  77%|███████▋  | 1764/2302 [11:22<03:16,  2.74it/s]Sat Dec 19 11:56:06 2020[1,0]<stdout>:
Iteration:  77%|███████▋  | 1765/2302 [11:22<03:16,  2.74it/s]Sat Dec 19 11:56:07 2020[1,0]<stdout>:
Iteration:  77%|███████▋  | 1766/2302 [11:22<03:15,  2.74it/s]Sat Dec 19 11:56:07 2020[1,0]<stdout>:
Iteration:  77%|███████▋  | 1767/2302 [11:23<03:15,  2.74it/s]Sat Dec 19 11:56:07 2020[1,0]<stdout>:
Iteration:  77%|███████▋  | 1768/2302 [11:23<03:14,  2.74it/s]Sat Dec 19 11:56:08 2020[1,0]<stdout>:
Iteration:  77%|███████▋  | 1769/2302 [11:23<03:14,  2.73it/s]Sat Dec 19 11:56:08 2020[1,0]<stdout>:
Iteration:  77%|███████▋  | 1770/2302 [11:24<03:14,  2.73it/s]Sat Dec 19 11:56:08 2020[1,0]<stdout>:
Iteration:  77%|███████▋  | 1771/2302 [11:24<03:14,  2.73it/s]Sat Dec 19 11:56:09 2020[1,0]<stdout>:
Iteration:  77%|███████▋  | 1772/2302 [11:24<03:14,  2.73it/s]Sat Dec 19 11:56:09 2020[1,0]<stdout>:
Iteration:  77%|███████▋  | 1773/2302 [11:25<03:13,  2.74it/s]Sat Dec 19 11:56:09 2020[1,0]<stdout>:
Iteration:  77%|███████▋  | 1774/2302 [11:25<03:12,  2.74it/s]Sat Dec 19 11:56:10 2020[1,0]<stdout>:
Iteration:  77%|███████▋  | 1775/2302 [11:26<03:12,  2.74it/s]Sat Dec 19 11:56:10 2020[1,0]<stdout>:
Iteration:  77%|███████▋  | 1776/2302 [11:26<03:11,  2.74it/s]Sat Dec 19 11:56:11 2020[1,0]<stdout>:
Iteration:  77%|███████▋  | 1777/2302 [11:26<03:11,  2.74it/s]Sat Dec 19 11:56:11 2020[1,0]<stdout>:
Iteration:  77%|███████▋  | 1778/2302 [11:27<03:11,  2.74it/s]Sat Dec 19 11:56:11 2020[1,0]<stdout>:
Iteration:  77%|███████▋  | 1779/2302 [11:27<03:10,  2.74it/s]Sat Dec 19 11:56:12 2020[1,0]<stdout>:
Iteration:  77%|███████▋  | 1780/2302 [11:27<03:10,  2.74it/s]Sat Dec 19 11:56:12 2020[1,0]<stdout>:
Iteration:  77%|███████▋  | 1781/2302 [11:28<03:10,  2.73it/s]Sat Dec 19 11:56:12 2020[1,0]<stdout>:
Iteration:  77%|███████▋  | 1782/2302 [11:28<03:10,  2.73it/s]Sat Dec 19 11:56:13 2020[1,0]<stdout>:
Iteration:  77%|███████▋  | 1783/2302 [11:28<03:09,  2.74it/s]Sat Dec 19 11:56:13 2020[1,0]<stdout>:
Iteration:  77%|███████▋  | 1784/2302 [11:29<03:09,  2.74it/s]Sat Dec 19 11:56:13 2020[1,0]<stdout>:
Iteration:  78%|███████▊  | 1785/2302 [11:29<03:08,  2.74it/s]Sat Dec 19 11:56:14 2020[1,0]<stdout>:
Iteration:  78%|███████▊  | 1786/2302 [11:30<03:08,  2.74it/s]Sat Dec 19 11:56:14 2020[1,0]<stdout>:
Iteration:  78%|███████▊  | 1787/2302 [11:30<03:07,  2.74it/s]Sat Dec 19 11:56:15 2020[1,0]<stdout>:
Iteration:  78%|███████▊  | 1788/2302 [11:30<03:07,  2.74it/s]Sat Dec 19 11:56:15 2020[1,0]<stdout>:
Iteration:  78%|███████▊  | 1789/2302 [11:31<03:07,  2.74it/s]Sat Dec 19 11:56:15 2020[1,0]<stdout>:
Iteration:  78%|███████▊  | 1790/2302 [11:31<03:06,  2.74it/s]Sat Dec 19 11:56:16 2020[1,0]<stdout>:
Iteration:  78%|███████▊  | 1791/2302 [11:31<03:05,  2.75it/s]Sat Dec 19 11:56:16 2020[1,0]<stdout>:
Iteration:  78%|███████▊  | 1792/2302 [11:32<03:05,  2.74it/s]Sat Dec 19 11:56:16 2020[1,0]<stdout>:
Iteration:  78%|███████▊  | 1793/2302 [11:32<03:05,  2.74it/s]Sat Dec 19 11:56:17 2020[1,0]<stdout>:
Iteration:  78%|███████▊  | 1794/2302 [11:32<03:05,  2.74it/s]Sat Dec 19 11:56:17 2020[1,0]<stdout>:
Iteration:  78%|███████▊  | 1795/2302 [11:33<03:04,  2.74it/s]Sat Dec 19 11:56:18 2020[1,0]<stdout>:
Iteration:  78%|███████▊  | 1796/2302 [11:33<03:04,  2.74it/s]Sat Dec 19 11:56:18 2020[1,0]<stdout>:
Iteration:  78%|███████▊  | 1797/2302 [11:34<03:03,  2.75it/s]Sat Dec 19 11:56:18 2020[1,0]<stdout>:
Iteration:  78%|███████▊  | 1798/2302 [11:34<03:03,  2.74it/s]Sat Dec 19 11:56:19 2020[1,0]<stdout>:
Iteration:  78%|███████▊  | 1799/2302 [11:34<03:03,  2.74it/s]Sat Dec 19 11:56:19 2020[1,0]<stdout>:
Iteration:  78%|███████▊  | 1800/2302 [11:35<03:03,  2.74it/s]Sat Dec 19 11:56:19 2020[1,0]<stdout>:
Iteration:  78%|███████▊  | 1801/2302 [11:35<03:02,  2.74it/s]Sat Dec 19 11:56:20 2020[1,0]<stdout>:
Iteration:  78%|███████▊  | 1802/2302 [11:35<03:02,  2.74it/s]Sat Dec 19 11:56:20 2020[1,0]<stdout>:
Iteration:  78%|███████▊  | 1803/2302 [11:36<03:01,  2.75it/s]Sat Dec 19 11:56:20 2020[1,0]<stdout>:
Iteration:  78%|███████▊  | 1804/2302 [11:36<03:01,  2.74it/s]Sat Dec 19 11:56:21 2020[1,0]<stdout>:
Iteration:  78%|███████▊  | 1805/2302 [11:36<03:01,  2.73it/s]Sat Dec 19 11:56:21 2020[1,0]<stdout>:
Iteration:  78%|███████▊  | 1806/2302 [11:37<03:01,  2.73it/s]Sat Dec 19 11:56:22 2020[1,0]<stdout>:
Iteration:  78%|███████▊  | 1807/2302 [11:37<03:00,  2.74it/s]Sat Dec 19 11:56:22 2020[1,0]<stdout>:
Iteration:  79%|███████▊  | 1808/2302 [11:38<03:00,  2.74it/s]Sat Dec 19 11:56:22 2020[1,0]<stdout>:
Iteration:  79%|███████▊  | 1809/2302 [11:38<03:00,  2.73it/s]Sat Dec 19 11:56:23 2020[1,0]<stdout>:
Iteration:  79%|███████▊  | 1810/2302 [11:38<03:00,  2.73it/s]Sat Dec 19 11:56:23 2020[1,0]<stdout>:
Iteration:  79%|███████▊  | 1811/2302 [11:39<02:59,  2.73it/s]Sat Dec 19 11:56:23 2020[1,0]<stdout>:
Iteration:  79%|███████▊  | 1812/2302 [11:39<02:59,  2.73it/s]Sat Dec 19 11:56:24 2020[1,0]<stdout>:
Iteration:  79%|███████▉  | 1813/2302 [11:39<02:58,  2.74it/s]Sat Dec 19 11:56:24 2020[1,0]<stdout>:
Iteration:  79%|███████▉  | 1814/2302 [11:40<02:58,  2.74it/s]Sat Dec 19 11:56:24 2020[1,0]<stdout>:
Iteration:  79%|███████▉  | 1815/2302 [11:40<02:58,  2.74it/s]Sat Dec 19 11:56:25 2020[1,0]<stdout>:
Iteration:  79%|███████▉  | 1816/2302 [11:41<02:57,  2.73it/s]Sat Dec 19 11:56:25 2020[1,0]<stdout>:
Iteration:  79%|███████▉  | 1817/2302 [11:41<02:57,  2.74it/s]Sat Dec 19 11:56:26 2020[1,0]<stdout>:
Iteration:  79%|███████▉  | 1818/2302 [11:41<02:56,  2.74it/s]Sat Dec 19 11:56:26 2020[1,0]<stdout>:
Iteration:  79%|███████▉  | 1819/2302 [11:42<02:56,  2.74it/s]Sat Dec 19 11:56:26 2020[1,0]<stdout>:
Iteration:  79%|███████▉  | 1820/2302 [11:42<02:55,  2.74it/s]Sat Dec 19 11:56:27 2020[1,0]<stdout>:
Iteration:  79%|███████▉  | 1821/2302 [11:42<02:55,  2.74it/s]Sat Dec 19 11:56:27 2020[1,0]<stdout>:
Iteration:  79%|███████▉  | 1822/2302 [11:43<02:55,  2.73it/s]Sat Dec 19 11:56:27 2020[1,0]<stdout>:
Iteration:  79%|███████▉  | 1823/2302 [11:43<02:54,  2.74it/s]Sat Dec 19 11:56:28 2020[1,0]<stdout>:
Iteration:  79%|███████▉  | 1824/2302 [11:43<02:54,  2.74it/s]Sat Dec 19 11:56:28 2020[1,0]<stdout>:
Iteration:  79%|███████▉  | 1825/2302 [11:44<02:54,  2.74it/s]Sat Dec 19 11:56:28 2020[1,0]<stdout>:
Iteration:  79%|███████▉  | 1826/2302 [11:44<02:54,  2.74it/s]Sat Dec 19 11:56:29 2020[1,0]<stdout>:
Iteration:  79%|███████▉  | 1827/2302 [11:45<02:53,  2.73it/s]Sat Dec 19 11:56:29 2020[1,0]<stdout>:
Iteration:  79%|███████▉  | 1828/2302 [11:45<02:53,  2.73it/s]Sat Dec 19 11:56:30 2020[1,0]<stdout>:
Iteration:  79%|███████▉  | 1829/2302 [11:45<02:53,  2.73it/s]Sat Dec 19 11:56:30 2020[1,0]<stdout>:
Iteration:  79%|███████▉  | 1830/2302 [11:46<02:52,  2.73it/s]Sat Dec 19 11:56:30 2020[1,0]<stdout>:
Iteration:  80%|███████▉  | 1831/2302 [11:46<02:52,  2.73it/s]Sat Dec 19 11:56:31 2020[1,0]<stdout>:
Iteration:  80%|███████▉  | 1832/2302 [11:46<02:52,  2.73it/s]Sat Dec 19 11:56:31 2020[1,0]<stdout>:
Iteration:  80%|███████▉  | 1833/2302 [11:47<02:51,  2.73it/s]Sat Dec 19 11:56:31 2020[1,0]<stdout>:
Iteration:  80%|███████▉  | 1834/2302 [11:47<02:51,  2.73it/s]Sat Dec 19 11:56:32 2020[1,0]<stdout>:
Iteration:  80%|███████▉  | 1835/2302 [11:47<02:51,  2.73it/s]Sat Dec 19 11:56:32 2020[1,0]<stdout>:
Iteration:  80%|███████▉  | 1836/2302 [11:48<02:50,  2.73it/s]Sat Dec 19 11:56:32 2020[1,0]<stdout>:
Iteration:  80%|███████▉  | 1837/2302 [11:48<02:50,  2.73it/s]Sat Dec 19 11:56:33 2020[1,0]<stdout>:
Iteration:  80%|███████▉  | 1838/2302 [11:49<02:50,  2.73it/s]Sat Dec 19 11:56:33 2020[1,0]<stdout>:
Iteration:  80%|███████▉  | 1839/2302 [11:49<02:49,  2.73it/s]Sat Dec 19 11:56:34 2020[1,0]<stdout>:
Iteration:  80%|███████▉  | 1840/2302 [11:49<02:49,  2.73it/s]Sat Dec 19 11:56:34 2020[1,0]<stdout>:
Iteration:  80%|███████▉  | 1841/2302 [11:50<02:48,  2.74it/s]Sat Dec 19 11:56:34 2020[1,0]<stdout>:
Iteration:  80%|████████  | 1842/2302 [11:50<02:48,  2.74it/s]Sat Dec 19 11:56:35 2020[1,0]<stdout>:
Iteration:  80%|████████  | 1843/2302 [11:50<02:47,  2.74it/s]Sat Dec 19 11:56:35 2020[1,0]<stdout>:
Iteration:  80%|████████  | 1844/2302 [11:51<02:47,  2.73it/s]Sat Dec 19 11:56:35 2020[1,0]<stdout>:
Iteration:  80%|████████  | 1845/2302 [11:51<02:47,  2.73it/s]Sat Dec 19 11:56:36 2020[1,0]<stdout>:
Iteration:  80%|████████  | 1846/2302 [11:51<02:46,  2.74it/s]Sat Dec 19 11:56:36 2020[1,0]<stdout>:
Iteration:  80%|████████  | 1847/2302 [11:52<02:46,  2.74it/s]Sat Dec 19 11:56:37 2020[1,0]<stdout>:
Iteration:  80%|████████  | 1848/2302 [11:52<02:45,  2.74it/s]Sat Dec 19 11:56:37 2020[1,0]<stdout>:
Iteration:  80%|████████  | 1849/2302 [11:53<02:45,  2.74it/s]Sat Dec 19 11:56:37 2020[1,0]<stdout>:
Iteration:  80%|████████  | 1850/2302 [11:53<02:45,  2.74it/s]Sat Dec 19 11:56:38 2020[1,0]<stdout>:
Iteration:  80%|████████  | 1851/2302 [11:53<02:44,  2.74it/s]Sat Dec 19 11:56:38 2020[1,0]<stdout>:
Iteration:  80%|████████  | 1852/2302 [11:54<02:44,  2.74it/s]Sat Dec 19 11:56:38 2020[1,0]<stdout>:
Iteration:  80%|████████  | 1853/2302 [11:54<02:43,  2.74it/s]Sat Dec 19 11:56:39 2020[1,0]<stdout>:
Iteration:  81%|████████  | 1854/2302 [11:54<02:43,  2.74it/s]Sat Dec 19 11:56:39 2020[1,0]<stdout>:
Iteration:  81%|████████  | 1855/2302 [11:55<02:43,  2.73it/s]Sat Dec 19 11:56:39 2020[1,0]<stdout>:
Iteration:  81%|████████  | 1856/2302 [11:55<02:43,  2.73it/s]Sat Dec 19 11:56:40 2020[1,0]<stdout>:
Iteration:  81%|████████  | 1857/2302 [11:56<02:42,  2.73it/s]Sat Dec 19 11:56:40 2020[1,0]<stdout>:
Iteration:  81%|████████  | 1858/2302 [11:56<02:42,  2.74it/s]Sat Dec 19 11:56:41 2020[1,0]<stdout>:
Iteration:  81%|████████  | 1859/2302 [11:56<02:42,  2.73it/s]Sat Dec 19 11:56:41 2020[1,0]<stdout>:
Iteration:  81%|████████  | 1860/2302 [11:57<02:42,  2.73it/s]Sat Dec 19 11:56:41 2020[1,0]<stdout>:
Iteration:  81%|████████  | 1861/2302 [11:57<02:41,  2.73it/s]Sat Dec 19 11:56:42 2020[1,0]<stdout>:
Iteration:  81%|████████  | 1862/2302 [11:57<02:40,  2.73it/s]Sat Dec 19 11:56:42 2020[1,0]<stdout>:
Iteration:  81%|████████  | 1863/2302 [11:58<02:40,  2.74it/s]Sat Dec 19 11:56:42 2020[1,0]<stdout>:
Iteration:  81%|████████  | 1864/2302 [11:58<02:40,  2.74it/s]Sat Dec 19 11:56:43 2020[1,0]<stdout>:
Iteration:  81%|████████  | 1865/2302 [11:58<02:40,  2.73it/s]Sat Dec 19 11:56:43 2020[1,0]<stdout>:
Iteration:  81%|████████  | 1866/2302 [11:59<02:39,  2.73it/s]Sat Dec 19 11:56:43 2020[1,0]<stdout>:
Iteration:  81%|████████  | 1867/2302 [11:59<02:39,  2.73it/s]Sat Dec 19 11:56:44 2020[1,0]<stdout>:
Iteration:  81%|████████  | 1868/2302 [12:00<02:38,  2.73it/s]Sat Dec 19 11:56:44 2020[1,0]<stdout>:
Iteration:  81%|████████  | 1869/2302 [12:00<02:38,  2.74it/s]Sat Dec 19 11:56:45 2020[1,0]<stdout>:
Iteration:  81%|████████  | 1870/2302 [12:00<02:38,  2.73it/s]Sat Dec 19 11:56:45 2020[1,0]<stdout>:
Iteration:  81%|████████▏ | 1871/2302 [12:01<02:37,  2.73it/s]Sat Dec 19 11:56:45 2020[1,0]<stdout>:
Iteration:  81%|████████▏ | 1872/2302 [12:01<02:37,  2.73it/s]Sat Dec 19 11:56:46 2020[1,0]<stdout>:
Iteration:  81%|████████▏ | 1873/2302 [12:01<02:36,  2.73it/s]Sat Dec 19 11:56:46 2020[1,0]<stdout>:
Iteration:  81%|████████▏ | 1874/2302 [12:02<02:36,  2.74it/s]Sat Dec 19 11:56:46 2020[1,0]<stdout>:
Iteration:  81%|████████▏ | 1875/2302 [12:02<02:36,  2.74it/s]Sat Dec 19 11:56:47 2020[1,0]<stdout>:
Iteration:  81%|████████▏ | 1876/2302 [12:02<02:35,  2.73it/s]Sat Dec 19 11:56:47 2020[1,0]<stdout>:
Iteration:  82%|████████▏ | 1877/2302 [12:03<02:35,  2.74it/s]Sat Dec 19 11:56:47 2020[1,0]<stdout>:
Iteration:  82%|████████▏ | 1878/2302 [12:03<02:35,  2.74it/s]Sat Dec 19 11:56:48 2020[1,0]<stdout>:
Iteration:  82%|████████▏ | 1879/2302 [12:04<02:34,  2.74it/s]Sat Dec 19 11:56:48 2020[1,0]<stdout>:
Iteration:  82%|████████▏ | 1880/2302 [12:04<02:34,  2.74it/s]Sat Dec 19 11:56:49 2020[1,0]<stdout>:
Iteration:  82%|████████▏ | 1881/2302 [12:04<02:33,  2.74it/s]Sat Dec 19 11:56:49 2020[1,0]<stdout>:
Iteration:  82%|████████▏ | 1882/2302 [12:05<02:33,  2.73it/s]Sat Dec 19 11:56:49 2020[1,0]<stdout>:
Iteration:  82%|████████▏ | 1883/2302 [12:05<02:33,  2.73it/s]Sat Dec 19 11:56:50 2020[1,0]<stdout>:
Iteration:  82%|████████▏ | 1884/2302 [12:05<02:33,  2.73it/s]Sat Dec 19 11:56:50 2020[1,0]<stdout>:
Iteration:  82%|████████▏ | 1885/2302 [12:06<02:32,  2.73it/s]Sat Dec 19 11:56:50 2020[1,0]<stdout>:
Iteration:  82%|████████▏ | 1886/2302 [12:06<02:32,  2.74it/s]Sat Dec 19 11:56:51 2020[1,0]<stdout>:
Iteration:  82%|████████▏ | 1887/2302 [12:06<02:31,  2.74it/s]Sat Dec 19 11:56:51 2020[1,0]<stdout>:
Iteration:  82%|████████▏ | 1888/2302 [12:07<02:31,  2.74it/s]Sat Dec 19 11:56:52 2020[1,0]<stdout>:
Iteration:  82%|████████▏ | 1889/2302 [12:07<02:31,  2.73it/s]Sat Dec 19 11:56:52 2020[1,0]<stdout>:
Iteration:  82%|████████▏ | 1890/2302 [12:08<02:30,  2.74it/s]Sat Dec 19 11:56:52 2020[1,0]<stdout>:
Iteration:  82%|████████▏ | 1891/2302 [12:08<02:29,  2.74it/s]Sat Dec 19 11:56:53 2020[1,0]<stdout>:
Iteration:  82%|████████▏ | 1892/2302 [12:08<02:29,  2.74it/s]Sat Dec 19 11:56:53 2020[1,0]<stdout>:
Iteration:  82%|████████▏ | 1893/2302 [12:09<02:29,  2.74it/s]Sat Dec 19 11:56:53 2020[1,0]<stdout>:
Iteration:  82%|████████▏ | 1894/2302 [12:09<02:29,  2.74it/s]Sat Dec 19 11:56:54 2020[1,0]<stdout>:
Iteration:  82%|████████▏ | 1895/2302 [12:09<02:28,  2.73it/s]Sat Dec 19 11:56:54 2020[1,0]<stdout>:
Iteration:  82%|████████▏ | 1896/2302 [12:10<02:28,  2.74it/s]Sat Dec 19 11:56:54 2020[1,0]<stdout>:
Iteration:  82%|████████▏ | 1897/2302 [12:10<02:27,  2.74it/s]Sat Dec 19 11:56:55 2020[1,0]<stdout>:
Iteration:  82%|████████▏ | 1898/2302 [12:10<02:27,  2.74it/s]Sat Dec 19 11:56:55 2020[1,0]<stdout>:
Iteration:  82%|████████▏ | 1899/2302 [12:11<02:27,  2.73it/s]Sat Dec 19 11:56:56 2020[1,0]<stdout>:
Iteration:  83%|████████▎ | 1900/2302 [12:11<02:27,  2.73it/s]Sat Dec 19 11:56:56 2020[1,0]<stdout>:
Iteration:  83%|████████▎ | 1901/2302 [12:12<02:26,  2.73it/s]Sat Dec 19 11:56:56 2020[1,0]<stdout>:
Iteration:  83%|████████▎ | 1902/2302 [12:12<02:26,  2.73it/s]Sat Dec 19 11:56:57 2020[1,0]<stdout>:
Iteration:  83%|████████▎ | 1903/2302 [12:12<02:25,  2.74it/s]Sat Dec 19 11:56:57 2020[1,0]<stdout>:
Iteration:  83%|████████▎ | 1904/2302 [12:13<02:25,  2.74it/s]Sat Dec 19 11:56:57 2020[1,0]<stdout>:
Iteration:  83%|████████▎ | 1905/2302 [12:13<02:25,  2.73it/s]Sat Dec 19 11:56:58 2020[1,0]<stdout>:
Iteration:  83%|████████▎ | 1906/2302 [12:13<02:25,  2.72it/s]Sat Dec 19 11:56:58 2020[1,0]<stdout>:
Iteration:  83%|████████▎ | 1907/2302 [12:14<02:24,  2.73it/s]Sat Dec 19 11:56:58 2020[1,0]<stdout>:
Iteration:  83%|████████▎ | 1908/2302 [12:14<02:24,  2.73it/s]Sat Dec 19 11:56:59 2020[1,0]<stdout>:
Iteration:  83%|████████▎ | 1909/2302 [12:15<02:23,  2.73it/s]Sat Dec 19 11:56:59 2020[1,0]<stdout>:
Iteration:  83%|████████▎ | 1910/2302 [12:15<02:23,  2.73it/s]Sat Dec 19 11:57:00 2020[1,0]<stdout>:
Iteration:  83%|████████▎ | 1911/2302 [12:15<02:23,  2.73it/s]Sat Dec 19 11:57:00 2020[1,0]<stdout>:
Iteration:  83%|████████▎ | 1912/2302 [12:16<02:23,  2.73it/s]Sat Dec 19 11:57:04 2020[1,0]<stdout>:DLL 2020-12-19 11:57:04.650069 - Training Epoch: 0 Training Iteration: 50  final_loss : 7.9913010597229
Sat Dec 19 11:57:04 2020[1,0]<stdout>:DLL 2020-12-19 11:57:04.650272 - PARAMETER checkpoint_step : 50
Sat Dec 19 11:57:06 2020[1,0]<stdout>:DLL 2020-12-19 11:57:06.332903 -  e2e_train_time : 3416.530797958374  training_sequences_per_second : 3973.9671914980017  final_loss : 7.9913010597229  raw_train_time : 3401.336585998535
Sat Dec 19 11:57:06 2020[1,0]<stdout>:
Iteration:  15%|█▌        | 346/2296 [02:11<11:54,  2.73it/s]Sat Dec 19 11:02:31 2020[1,0]<stdout>:
Iteration:  15%|█▌        | 347/2296 [02:11<11:55,  2.73it/s]Sat Dec 19 11:02:31 2020[1,0]<stdout>:
Iteration:  15%|█▌        | 348/2296 [02:12<11:55,  2.72it/s]Sat Dec 19 11:02:32 2020[1,0]<stdout>:
Iteration:  15%|█▌        | 349/2296 [02:12<11:54,  2.73it/s]Sat Dec 19 11:02:32 2020[1,0]<stdout>:
Iteration:  15%|█▌        | 350/2296 [02:13<11:53,  2.73it/s]Sat Dec 19 11:02:32 2020[1,0]<stdout>:
Iteration:  15%|█▌        | 351/2296 [02:13<11:53,  2.73it/s]Sat Dec 19 11:02:36 2020[1,0]<stdout>:DLL 2020-12-19 11:02:36.887946 - Training Epoch: 0 Training Iteration: 2  average_loss : 11.043544232845306  step_loss : 11.030623435974121  learning_rate : 0.0008441786844882167
Sat Dec 19 11:02:36 2020[1,0]<stdout>:
Iteration:  15%|█▌        | 352/2296 [02:17<47:04,  1.45s/it]Sat Dec 19 11:02:37 2020[1,0]<stdout>:
Iteration:  15%|█▌        | 353/2296 [02:17<36:25,  1.12s/it]Sat Dec 19 11:02:37 2020[1,0]<stdout>:
Iteration:  15%|█▌        | 354/2296 [02:18<29:00,  1.12it/s]Sat Dec 19 11:02:37 2020[1,0]<stdout>:
Iteration:  15%|█▌        | 355/2296 [02:18<23:51,  1.36it/s]Sat Dec 19 11:02:38 2020[1,0]<stdout>:
