Iteration:   0%|          | 0/1147 [00:00<?, ?it/s]Sun May 29 14:55:59 2022[1,0]<stdout>:[W pthreadpool-cpp.cc:99] Warning: Leaking Caffe2 thread-pool after fork. (function pthreadpool)

Sun May 29 14:56:00 2022[1,0]<stdout>:
Iteration:   0%|          | 1/1147 [00:00<16:37,  1.15it/s]Sun May 29 14:56:00 2022[1,1]<stdout>:[W pthreadpool-cpp.cc:99] Warning: Leaking Caffe2 thread-pool after fork. (function pthreadpool)
Sun May 29 14:56:00 2022[1,1]<stdout>:[W pthreadpool-cpp.cc:99] Warning: Leaking Caffe2 thread-pool after fork. (function pthreadpool)
Sun May 29 14:56:01 2022[1,0]<stdout>:
Iteration:   0%|          | 2/1147 [00:01<16:37,  1.15it/s]Sun May 29 14:56:01 2022[1,3]<stdout>:[W pthreadpool-cpp.cc:99] Warning: Leaking Caffe2 thread-pool after fork. (function pthreadpool)

Sun May 29 14:56:01 2022[1,0]<stdout>:
Iteration:   0%|          | 3/1147 [00:02<15:45,  1.21it/s]Sun May 29 14:56:02 2022[1,3]<stdout>:[W pthreadpool-cpp.cc:99] Warning: Leaking Caffe2 thread-pool after fork. (function pthreadpool)

Sun May 29 14:56:02 2022[1,0]<stdout>:
Iteration:   0%|          | 4/1147 [00:03<15:08,  1.26it/s]Sun May 29 14:56:02 2022[1,2]<stdout>:[W pthreadpool-cpp.cc:99] Warning: Leaking Caffe2 thread-pool after fork. (function pthreadpool)

Sun May 29 14:56:03 2022[1,0]<stdout>:
Iteration:   0%|          | 5/1147 [00:03<14:43,  1.29it/s]Sun May 29 14:56:03 2022[1,1]<stdout>:[W pthreadpool-cpp.cc:99] Warning: Leaking Caffe2 thread-pool after fork. (function pthreadpool)

Sun May 29 14:56:04 2022[1,0]<stdout>:
Iteration:   1%|          | 6/1147 [00:04<14:25,  1.32it/s]Sun May 29 14:56:04 2022[1,0]<stdout>:[W pthreadpool-cpp.cc:99] Warning: Leaking Caffe2 thread-pool after fork. (function pthreadpool)
Sun May 29 14:56:04 2022[1,0]<stdout>:[W pthreadpool-cpp.cc:99] Warning: Leaking Caffe2 thread-pool after fork. (function pthreadpool)
Sun May 29 14:56:04 2022[1,0]<stdout>:[W pthreadpool-cpp.cc:99] Warning: Leaking Caffe2 thread-pool after fork. (function pthreadpool)
Sun May 29 14:56:04 2022[1,0]<stdout>:[W pthreadpool-cpp.cc:99] Warning: Leaking Caffe2 thread-pool after fork. (function pthreadpool)
Sun May 29 14:56:04 2022[1,0]<stdout>:
Iteration:   1%|          | 7/1147 [00:05<14:11,  1.34it/s]Sun May 29 14:56:04 2022[1,3]<stdout>:[W pthreadpool-cpp.cc:99] Warning: Leaking Caffe2 thread-pool after fork. (function pthreadpool)

Sun May 29 14:56:05 2022[1,0]<stdout>:
Iteration:   1%|          | 8/1147 [00:06<14:02,  1.35it/s]Sun May 29 14:56:05 2022[1,1]<stdout>:[W pthreadpool-cpp.cc:99] Warning: Leaking Caffe2 thread-pool after fork. (function pthreadpool)

Sun May 29 14:56:06 2022[1,0]<stdout>:
Iteration:   1%|          | 9/1147 [00:06<13:55,  1.36it/s]Sun May 29 14:56:06 2022[1,2]<stdout>:[W pthreadpool-cpp.cc:99] Warning: Leaking Caffe2 thread-pool after fork. (function pthreadpool)
Sun May 29 14:56:06 2022[1,2]<stdout>:[W pthreadpool-cpp.cc:99] Warning: Leaking Caffe2 thread-pool after fork. (function pthreadpool)
Sun May 29 14:56:06 2022[1,2]<stdout>:[W pthreadpool-cpp.cc:99] Warning: Leaking Caffe2 thread-pool after fork. (function pthreadpool)
Sun May 29 14:56:06 2022[1,2]<stdout>:[W pthreadpool-cpp.cc:99] Warning: Leaking Caffe2 thread-pool after fork. (function pthreadpool)
Sun May 29 14:56:06 2022[1,0]<stdout>:
Iteration:   1%|          | 10/1147 [00:07<13:51,  1.37it/s]Sun May 29 14:56:07 2022[1,0]<stdout>:
Iteration:   1%|          | 11/1147 [00:08<13:47,  1.37it/s]Sun May 29 14:56:08 2022[1,0]<stdout>:[W pthreadpool-cpp.cc:99] Warning: Leaking Caffe2 thread-pool after fork. (function pthreadpool)
Sun May 29 14:56:08 2022[1,0]<stdout>:
Iteration:   1%|          | 12/1147 [00:08<13:45,  1.38it/s]Sun May 29 14:56:08 2022[1,0]<stdout>:[W pthreadpool-cpp.cc:99] Warning: Leaking Caffe2 thread-pool after fork. (function pthreadpool)
Sun May 29 14:56:08 2022[1,0]<stdout>:[W pthreadpool-cpp.cc:99] Warning: Leaking Caffe2 thread-pool after fork. (function pthreadpool)
Sun May 29 14:56:08 2022[1,0]<stdout>:[W pthreadpool-cpp.cc:99] Warning: Leaking Caffe2 thread-pool after fork. (function pthreadpool)
Sun May 29 14:56:09 2022[1,0]<stdout>:[W pthreadpool-cpp.cc:99] Warning: Leaking Caffe2 thread-pool after fork. (function pthreadpool)
Sun May 29 14:56:09 2022[1,0]<stdout>:[W pthreadpool-cpp.cc:99] Warning: Leaking Caffe2 thread-pool after fork. (function pthreadpool)
Sun May 29 14:56:09 2022[1,0]<stdout>:[W pthreadpool-cpp.cc:99] Warning: Leaking Caffe2 thread-pool after fork. (function pthreadpool)
Sun May 29 14:56:09 2022[1,0]<stdout>:
Iteration:   1%|          | 13/1147 [00:09<13:43,  1.38it/s]Sun May 29 14:56:09 2022[1,0]<stdout>:[W pthreadpool-cpp.cc:99] Warning: Leaking Caffe2 thread-pool after fork. (function pthreadpool)
Sun May 29 14:56:09 2022[1,0]<stdout>:
Iteration:   1%|          | 14/1147 [00:10<13:41,  1.38it/s]Sun May 29 14:56:10 2022[1,0]<stdout>:
Iteration:   1%|▏         | 15/1147 [00:11<13:39,  1.38it/s]Sun May 29 14:56:10 2022[1,0]<stdout>:[W pthreadpool-cpp.cc:99] Warning: Leaking Caffe2 thread-pool after fork. (function pthreadpool)
Sun May 29 14:56:11 2022[1,0]<stdout>:[W pthreadpool-cpp.cc:99] Warning: Leaking Caffe2 thread-pool after fork. (function pthreadpool)
Sun May 29 14:56:11 2022[1,0]<stdout>:[W pthreadpool-cpp.cc:99] Warning: Leaking Caffe2 thread-pool after fork. (function pthreadpool)
Sun May 29 14:56:11 2022[1,0]<stdout>:[W pthreadpool-cpp.cc:99] Warning: Leaking Caffe2 thread-pool after fork. (function pthreadpool)
Sun May 29 14:56:11 2022[1,0]<stdout>:
Iteration:   1%|▏         | 16/1147 [00:11<13:38,  1.38it/s]Sun May 29 14:56:12 2022[1,0]<stdout>:
Iteration:   1%|▏         | 17/1147 [00:12<13:37,  1.38it/s]Sun May 29 14:56:12 2022[1,2]<stdout>:[W pthreadpool-cpp.cc:99] Warning: Leaking Caffe2 thread-pool after fork. (function pthreadpool)
Sun May 29 14:56:12 2022[1,2]<stdout>:[W pthreadpool-cpp.cc:99] Warning: Leaking Caffe2 thread-pool after fork. (function pthreadpool)
Sun May 29 14:56:12 2022[1,2]<stdout>:[W pthreadpool-cpp.cc:99] Warning: Leaking Caffe2 thread-pool after fork. (function pthreadpool)
Sun May 29 14:56:12 2022[1,2]<stdout>:[W pthreadpool-cpp.cc:99] Warning: Leaking Caffe2 thread-pool after fork. (function pthreadpool)
Sun May 29 14:56:12 2022[1,0]<stdout>:
Iteration:   2%|▏         | 18/1147 [00:13<13:36,  1.38it/s]Sun May 29 14:56:13 2022[1,0]<stdout>:
Iteration:   2%|▏         | 19/1147 [00:14<13:35,  1.38it/s]Sun May 29 14:56:13 2022[1,2]<stdout>:[W pthreadpool-cpp.cc:99] Warning: Leaking Caffe2 thread-pool after fork. (function pthreadpool)
Sun May 29 14:56:13 2022[1,2]<stdout>:[W pthreadpool-cpp.cc:99] Warning: Leaking Caffe2 thread-pool after fork. (function pthreadpool)
Sun May 29 14:56:13 2022[1,2]<stdout>:[W pthreadpool-cpp.cc:99] Warning: Leaking Caffe2 thread-pool after fork. (function pthreadpool)
Sun May 29 14:56:14 2022[1,2]<stdout>:[W pthreadpool-cpp.cc:99] Warning: Leaking Caffe2 thread-pool after fork. (function pthreadpool)
Sun May 29 14:56:14 2022[1,0]<stdout>:
Iteration:   2%|▏         | 20/1147 [00:14<13:34,  1.38it/s]Sun May 29 14:56:14 2022[1,0]<stdout>:
Iteration:   2%|▏         | 21/1147 [00:15<13:34,  1.38it/s]Sun May 29 14:56:15 2022[1,0]<stdout>:
Iteration:   2%|▏         | 22/1147 [00:16<13:33,  1.38it/s]Sun May 29 14:56:16 2022[1,0]<stdout>:
Iteration:   2%|▏         | 23/1147 [00:16<13:33,  1.38it/s]Sun May 29 14:56:17 2022[1,0]<stdout>:
Iteration:   2%|▏         | 24/1147 [00:17<13:31,  1.38it/s]Sun May 29 14:56:17 2022[1,0]<stdout>:
Iteration:   2%|▏         | 25/1147 [00:18<13:30,  1.38it/s]Sun May 29 14:56:18 2022[1,0]<stdout>:
Iteration:   2%|▏         | 26/1147 [00:19<13:30,  1.38it/s]Sun May 29 14:56:18 2022[1,0]<stdout>:[W pthreadpool-cpp.cc:99] Warning: Leaking Caffe2 thread-pool after fork. (function pthreadpool)
Sun May 29 14:56:18 2022[1,0]<stdout>:[W pthreadpool-cpp.cc:99] Warning: Leaking Caffe2 thread-pool after fork. (function pthreadpool)
Sun May 29 14:56:18 2022[1,0]<stdout>:[W pthreadpool-cpp.cc:99] Warning: Leaking Caffe2 thread-pool after fork. (function pthreadpool)
Sun May 29 14:56:18 2022[1,0]<stdout>:[W pthreadpool-cpp.cc:99] Warning: Leaking Caffe2 thread-pool after fork. (function pthreadpool)
Sun May 29 14:56:19 2022[1,0]<stdout>:
Iteration:   2%|▏         | 27/1147 [00:19<13:29,  1.38it/s]Sun May 29 14:56:19 2022[1,1]<stdout>:[W pthreadpool-cpp.cc:99] Warning: Leaking Caffe2 thread-pool after fork. (function pthreadpool)
Sun May 29 14:56:19 2022[1,1]<stdout>:[W pthreadpool-cpp.cc:99] Warning: Leaking Caffe2 thread-pool after fork. (function pthreadpool)
Sun May 29 14:56:19 2022[1,1]<stdout>:[W pthreadpool-cpp.cc:99] Warning: Leaking Caffe2 thread-pool after fork. (function pthreadpool)
Sun May 29 14:56:19 2022[1,1]<stdout>:[W pthreadpool-cpp.cc:99] Warning: Leaking Caffe2 thread-pool after fork. (function pthreadpool)
Sun May 29 14:56:20 2022[1,0]<stdout>:
Iteration:   2%|▏         | 28/1147 [00:20<13:29,  1.38it/s]Sun May 29 14:56:20 2022[1,0]<stdout>:
Iteration:   3%|▎         | 29/1147 [00:21<13:27,  1.38it/s]Sun May 29 14:56:21 2022[1,0]<stdout>:
Iteration:   3%|▎         | 30/1147 [00:21<13:28,  1.38it/s]Sun May 29 14:56:22 2022[1,3]<stdout>:[W pthreadpool-cpp.cc:99] Warning: Leaking Caffe2 thread-pool after fork. (function pthreadpool)
Sun May 29 14:56:22 2022[1,3]<stdout>:[W pthreadpool-cpp.cc:99] Warning: Leaking Caffe2 thread-pool after fork. (function pthreadpool)
Sun May 29 14:56:22 2022[1,0]<stdout>:
Iteration:   3%|▎         | 31/1147 [00:22<13:27,  1.38it/s]Sun May 29 14:56:22 2022[1,3]<stdout>:[W pthreadpool-cpp.cc:99] Warning: Leaking Caffe2 thread-pool after fork. (function pthreadpool)
Sun May 29 14:56:22 2022[1,3]<stdout>:[W pthreadpool-cpp.cc:99] Warning: Leaking Caffe2 thread-pool after fork. (function pthreadpool)
Sun May 29 14:56:22 2022[1,0]<stdout>:
Iteration:   3%|▎         | 32/1147 [00:23<13:26,  1.38it/s]Sun May 29 14:56:23 2022[1,0]<stdout>:
Iteration:   3%|▎         | 33/1147 [00:24<13:26,  1.38it/s]Sun May 29 14:56:24 2022[1,0]<stdout>:
Iteration:   3%|▎         | 34/1147 [00:24<13:25,  1.38it/s]Sun May 29 14:56:25 2022[1,0]<stdout>:
Iteration:   3%|▎         | 35/1147 [00:25<13:25,  1.38it/s]Sun May 29 14:56:25 2022[1,0]<stdout>:
Iteration:   3%|▎         | 36/1147 [00:26<13:25,  1.38it/s]Sun May 29 14:56:26 2022[1,0]<stdout>:
Iteration:   3%|▎         | 37/1147 [00:27<13:24,  1.38it/s]Sun May 29 14:56:27 2022[1,0]<stdout>:
Iteration:   3%|▎         | 38/1147 [00:27<13:23,  1.38it/s]Sun May 29 14:56:27 2022[1,0]<stdout>:
Iteration:   3%|▎         | 39/1147 [00:28<13:22,  1.38it/s]Sun May 29 14:56:28 2022[1,0]<stdout>:
Iteration:   3%|▎         | 40/1147 [00:29<13:21,  1.38it/s]Sun May 29 14:56:29 2022[1,0]<stdout>:
Iteration:   4%|▎         | 41/1147 [00:29<13:20,  1.38it/s]Sun May 29 14:56:30 2022[1,0]<stdout>:
Iteration:   4%|▎         | 42/1147 [00:30<13:20,  1.38it/s]Sun May 29 14:56:30 2022[1,0]<stdout>:
Iteration:   4%|▎         | 43/1147 [00:31<13:19,  1.38it/s]Sun May 29 14:56:31 2022[1,0]<stdout>:
Iteration:   4%|▍         | 44/1147 [00:32<13:17,  1.38it/s]Sun May 29 14:56:32 2022[1,0]<stdout>:
Iteration:   4%|▍         | 45/1147 [00:32<13:16,  1.38it/s]Sun May 29 14:56:33 2022[1,0]<stdout>:
Iteration:   4%|▍         | 46/1147 [00:33<13:15,  1.38it/s]Sun May 29 14:56:33 2022[1,0]<stdout>:
Iteration:   4%|▍         | 47/1147 [00:34<13:15,  1.38it/s]Sun May 29 14:56:34 2022[1,0]<stdout>:
Iteration:   4%|▍         | 48/1147 [00:35<13:14,  1.38it/s]Sun May 29 14:56:35 2022[1,0]<stdout>:
Iteration:   4%|▍         | 49/1147 [00:35<13:13,  1.38it/s]Sun May 29 14:56:35 2022[1,0]<stdout>:
Iteration:   4%|▍         | 50/1147 [00:36<13:12,  1.38it/s]Sun May 29 14:56:36 2022[1,0]<stdout>:
Iteration:   4%|▍         | 51/1147 [00:37<13:12,  1.38it/s]Sun May 29 14:56:37 2022[1,0]<stdout>:
Iteration:   5%|▍         | 52/1147 [00:37<13:12,  1.38it/s]Sun May 29 14:56:38 2022[1,0]<stdout>:
Iteration:   5%|▍         | 53/1147 [00:38<13:10,  1.38it/s]Sun May 29 14:56:38 2022[1,0]<stdout>:
Iteration:   5%|▍         | 54/1147 [00:39<13:10,  1.38it/s]Sun May 29 14:56:39 2022[1,0]<stdout>:
Iteration:   5%|▍         | 55/1147 [00:40<13:10,  1.38it/s]Sun May 29 14:56:40 2022[1,0]<stdout>:
Iteration:   5%|▍         | 56/1147 [00:40<13:09,  1.38it/s]Sun May 29 14:56:40 2022[1,0]<stdout>:
Iteration:   5%|▍         | 57/1147 [00:41<13:08,  1.38it/s]Sun May 29 14:56:41 2022[1,0]<stdout>:
Iteration:   5%|▌         | 58/1147 [00:42<13:07,  1.38it/s]Sun May 29 14:56:42 2022[1,0]<stdout>:
Iteration:   5%|▌         | 59/1147 [00:42<13:06,  1.38it/s]Sun May 29 14:56:43 2022[1,0]<stdout>:
Iteration:   5%|▌         | 60/1147 [00:43<13:04,  1.38it/s]Sun May 29 14:56:43 2022[1,0]<stdout>:
Iteration:   5%|▌         | 61/1147 [00:44<13:03,  1.39it/s]Sun May 29 14:56:44 2022[1,0]<stdout>:
Iteration:   5%|▌         | 62/1147 [00:45<13:03,  1.39it/s]Sun May 29 14:56:45 2022[1,0]<stdout>:
Iteration:   5%|▌         | 63/1147 [00:45<13:03,  1.38it/s]Sun May 29 14:56:46 2022[1,0]<stdout>:
Iteration:   6%|▌         | 64/1147 [00:46<13:02,  1.38it/s]Sun May 29 14:56:46 2022[1,0]<stdout>:
Iteration:   6%|▌         | 65/1147 [00:47<13:01,  1.38it/s]Sun May 29 14:56:47 2022[1,0]<stdout>:
Iteration:   6%|▌         | 66/1147 [00:48<13:01,  1.38it/s]Sun May 29 14:56:48 2022[1,0]<stdout>:
Iteration:   6%|▌         | 67/1147 [00:48<13:00,  1.38it/s]Sun May 29 14:56:48 2022[1,0]<stdout>:
Iteration:   6%|▌         | 68/1147 [00:49<13:01,  1.38it/s]Sun May 29 14:56:49 2022[1,0]<stdout>:
Iteration:   6%|▌         | 69/1147 [00:50<13:00,  1.38it/s]Sun May 29 14:56:50 2022[1,0]<stdout>:
Iteration:   6%|▌         | 70/1147 [00:50<13:00,  1.38it/s]Sun May 29 14:56:51 2022[1,0]<stdout>:
Iteration:   6%|▌         | 71/1147 [00:51<13:00,  1.38it/s]Sun May 29 14:56:51 2022[1,0]<stdout>:
Iteration:   6%|▋         | 72/1147 [00:52<12:58,  1.38it/s]Sun May 29 14:56:52 2022[1,0]<stdout>:
Iteration:   6%|▋         | 73/1147 [00:53<12:58,  1.38it/s]Sun May 29 14:56:53 2022[1,0]<stdout>:
Iteration:   6%|▋         | 74/1147 [00:53<12:57,  1.38it/s]Sun May 29 14:56:54 2022[1,0]<stdout>:
Iteration:   7%|▋         | 75/1147 [00:54<12:54,  1.38it/s]Sun May 29 14:56:54 2022[1,0]<stdout>:
Iteration:   7%|▋         | 76/1147 [00:55<12:54,  1.38it/s]Sun May 29 14:56:55 2022[1,0]<stdout>:
Iteration:   7%|▋         | 77/1147 [00:55<12:53,  1.38it/s]Sun May 29 14:56:56 2022[1,0]<stdout>:
Iteration:   7%|▋         | 78/1147 [00:56<12:53,  1.38it/s]Sun May 29 14:57:11 2022[1,0]<stdout>:DLL 2022-05-29 14:57:11.448247 - Training Epoch: 0 Training Iteration: 27  average_loss : 8.14214015007019  step_loss : 8.126195907592773  learning_rate : 0.0018973665961010274 
Sun May 29 14:57:11 2022[1,0]<stdout>:
Iteration:   7%|▋         | 79/1147 [01:11<1:30:32,  5.09s/it]Sun May 29 14:57:12 2022[1,0]<stdout>:
Iteration:   7%|▋         | 80/1147 [01:12<1:07:09,  3.78s/it]Sun May 29 14:57:12 2022[1,0]<stdout>:
Iteration:   7%|▋         | 81/1147 [01:13<50:48,  2.86s/it]  Sun May 29 14:57:13 2022[1,0]<stdout>:
Iteration:   7%|▋         | 82/1147 [01:14<39:22,  2.22s/it]Sun May 29 14:57:14 2022[1,0]<stdout>:
Iteration:   7%|▋         | 83/1147 [01:14<31:23,  1.77s/it]Sun May 29 14:57:15 2022[1,0]<stdout>:
Iteration:   7%|▋         | 84/1147 [01:15<25:46,  1.46s/it]Sun May 29 14:57:15 2022[1,0]<stdout>:
Iteration:   7%|▋         | 85/1147 [01:16<21:51,  1.23s/it]Sun May 29 14:57:16 2022[1,0]<stdout>:
Iteration:   7%|▋         | 86/1147 [01:17<19:06,  1.08s/it]Sun May 29 14:57:17 2022[1,0]<stdout>:
Iteration:   8%|▊         | 87/1147 [01:17<17:11,  1.03it/s]Sun May 29 14:57:17 2022[1,0]<stdout>:
Iteration:   8%|▊         | 88/1147 [01:18<15:51,  1.11it/s]Sun May 29 14:57:18 2022[1,0]<stdout>:
Iteration:   8%|▊         | 89/1147 [01:19<14:54,  1.18it/s]Sun May 29 14:57:19 2022[1,0]<stdout>:
Iteration:   8%|▊         | 90/1147 [01:19<14:14,  1.24it/s]Sun May 29 14:57:20 2022[1,0]<stdout>:
Iteration:   8%|▊         | 91/1147 [01:20<13:46,  1.28it/s]Sun May 29 14:57:20 2022[1,0]<stdout>:
Iteration:   8%|▊         | 92/1147 [01:21<13:26,  1.31it/s]Sun May 29 14:57:21 2022[1,0]<stdout>:
Iteration:   8%|▊         | 93/1147 [01:22<13:12,  1.33it/s]Sun May 29 14:57:22 2022[1,0]<stdout>:
Iteration:   8%|▊         | 94/1147 [01:22<13:03,  1.34it/s]Sun May 29 14:57:22 2022[1,0]<stdout>:
Iteration:   8%|▊         | 95/1147 [01:23<12:55,  1.36it/s]Sun May 29 14:57:23 2022[1,0]<stdout>:
Iteration:   8%|▊         | 96/1147 [01:24<12:49,  1.37it/s]Sun May 29 14:57:24 2022[1,0]<stdout>:
Iteration:   8%|▊         | 97/1147 [01:24<12:45,  1.37it/s]Sun May 29 14:57:25 2022[1,0]<stdout>:
Iteration:   9%|▊         | 98/1147 [01:25<12:44,  1.37it/s]Sun May 29 14:57:25 2022[1,0]<stdout>:
Iteration:   9%|▊         | 99/1147 [01:26<12:42,  1.37it/s]Sun May 29 14:57:26 2022[1,0]<stdout>:
Iteration:   9%|▊         | 100/1147 [01:27<12:40,  1.38it/s]Sun May 29 14:57:27 2022[1,0]<stdout>:
Iteration:   9%|▉         | 101/1147 [01:27<12:38,  1.38it/s]Sun May 29 14:57:28 2022[1,0]<stdout>:
Iteration:   9%|▉         | 102/1147 [01:28<12:36,  1.38it/s]Sun May 29 14:57:28 2022[1,0]<stdout>:
Iteration:   9%|▉         | 103/1147 [01:29<12:36,  1.38it/s]Sun May 29 14:57:29 2022[1,0]<stdout>:
Iteration:   9%|▉         | 104/1147 [01:30<12:35,  1.38it/s]Sun May 29 14:57:30 2022[1,0]<stdout>:
Iteration:   9%|▉         | 105/1147 [01:30<12:33,  1.38it/s]Sun May 29 14:57:30 2022[1,0]<stdout>:
Iteration:   9%|▉         | 106/1147 [01:31<12:34,  1.38it/s]Sun May 29 14:57:31 2022[1,0]<stdout>:
Iteration:   9%|▉         | 107/1147 [01:32<12:32,  1.38it/s]Sun May 29 14:57:32 2022[1,0]<stdout>:
Iteration:   9%|▉         | 108/1147 [01:32<12:31,  1.38it/s]Sun May 29 14:57:33 2022[1,0]<stdout>:
Iteration:  10%|▉         | 109/1147 [01:33<12:31,  1.38it/s]Sun May 29 14:57:33 2022[1,0]<stdout>:
Iteration:  10%|▉         | 110/1147 [01:34<12:30,  1.38it/s]Sun May 29 14:57:34 2022[1,0]<stdout>:
Iteration:  10%|▉         | 111/1147 [01:35<12:29,  1.38it/s]Sun May 29 14:57:35 2022[1,0]<stdout>:
Iteration:  10%|▉         | 112/1147 [01:35<12:28,  1.38it/s]Sun May 29 14:57:36 2022[1,0]<stdout>:
Iteration:  10%|▉         | 113/1147 [01:36<12:27,  1.38it/s]Sun May 29 14:57:36 2022[1,0]<stdout>:
Iteration:  10%|▉         | 114/1147 [01:37<12:26,  1.38it/s]Sun May 29 14:57:37 2022[1,0]<stdout>:
Iteration:  10%|█         | 115/1147 [01:37<12:25,  1.38it/s]Sun May 29 14:57:38 2022[1,0]<stdout>:
Iteration:  10%|█         | 116/1147 [01:38<12:25,  1.38it/s]Sun May 29 14:57:38 2022[1,0]<stdout>:
Iteration:  10%|█         | 117/1147 [01:39<12:25,  1.38it/s]Sun May 29 14:57:39 2022[1,0]<stdout>:
Iteration:  10%|█         | 118/1147 [01:40<12:24,  1.38it/s]Sun May 29 14:57:40 2022[1,0]<stdout>:
Iteration:  10%|█         | 119/1147 [01:40<12:22,  1.38it/s]Sun May 29 14:57:41 2022[1,0]<stdout>:
Iteration:  10%|█         | 120/1147 [01:41<12:23,  1.38it/s]Sun May 29 14:57:41 2022[1,0]<stdout>:
Iteration:  11%|█         | 121/1147 [01:42<12:22,  1.38it/s]Sun May 29 14:57:42 2022[1,0]<stdout>:
Iteration:  11%|█         | 122/1147 [01:43<12:20,  1.38it/s]Sun May 29 14:57:43 2022[1,0]<stdout>:
Iteration:  11%|█         | 123/1147 [01:43<12:20,  1.38it/s]Sun May 29 14:57:43 2022[1,0]<stdout>:
Iteration:  11%|█         | 124/1147 [01:44<12:21,  1.38it/s]Sun May 29 14:57:44 2022[1,0]<stdout>:
Iteration:  11%|█         | 125/1147 [01:45<12:19,  1.38it/s]Sun May 29 14:57:45 2022[1,0]<stdout>:
Iteration:  11%|█         | 126/1147 [01:45<12:18,  1.38it/s]Sun May 29 14:57:46 2022[1,0]<stdout>:
Iteration:  11%|█         | 127/1147 [01:46<12:17,  1.38it/s]Sun May 29 14:57:46 2022[1,0]<stdout>:
Iteration:  11%|█         | 128/1147 [01:47<12:16,  1.38it/s]Sun May 29 14:57:47 2022[1,0]<stdout>:
Iteration:  11%|█         | 129/1147 [01:48<12:16,  1.38it/s]Sun May 29 14:57:48 2022[1,0]<stdout>:
Iteration:  11%|█▏        | 130/1147 [01:48<12:14,  1.38it/s]Sun May 29 14:57:49 2022[1,0]<stdout>:
Iteration:  11%|█▏        | 131/1147 [01:49<12:14,  1.38it/s]Sun May 29 14:57:49 2022[1,0]<stdout>:
Iteration:  12%|█▏        | 132/1147 [01:50<12:13,  1.38it/s]Sun May 29 14:57:50 2022[1,0]<stdout>:
Iteration:  12%|█▏        | 133/1147 [01:51<12:13,  1.38it/s]Sun May 29 14:57:51 2022[1,0]<stdout>:
Iteration:  12%|█▏        | 134/1147 [01:51<12:14,  1.38it/s]Sun May 29 14:57:51 2022[1,0]<stdout>:
Iteration:  12%|█▏        | 135/1147 [01:52<12:13,  1.38it/s]Sun May 29 14:57:52 2022[1,0]<stdout>:
Iteration:  12%|█▏        | 136/1147 [01:53<12:13,  1.38it/s]Sun May 29 14:57:53 2022[1,0]<stdout>:
Iteration:  12%|█▏        | 137/1147 [01:53<12:12,  1.38it/s]Sun May 29 14:57:54 2022[1,0]<stdout>:
Iteration:  12%|█▏        | 138/1147 [01:54<12:10,  1.38it/s]Sun May 29 14:57:54 2022[1,0]<stdout>:
Iteration:  12%|█▏        | 139/1147 [01:55<12:09,  1.38it/s]Sun May 29 14:57:55 2022[1,0]<stdout>:
Iteration:  12%|█▏        | 140/1147 [01:56<12:08,  1.38it/s]Sun May 29 14:57:56 2022[1,0]<stdout>:
Iteration:  12%|█▏        | 141/1147 [01:56<12:07,  1.38it/s]Sun May 29 14:57:57 2022[1,0]<stdout>:
Iteration:  12%|█▏        | 142/1147 [01:57<12:07,  1.38it/s]Sun May 29 14:57:57 2022[1,0]<stdout>:
Iteration:  12%|█▏        | 143/1147 [01:58<12:06,  1.38it/s]Sun May 29 14:57:58 2022[1,0]<stdout>:
Iteration:  13%|█▎        | 144/1147 [01:58<12:05,  1.38it/s]Sun May 29 14:57:59 2022[1,0]<stdout>:
Iteration:  13%|█▎        | 145/1147 [01:59<12:04,  1.38it/s]Sun May 29 14:57:59 2022[1,0]<stdout>:
Iteration:  13%|█▎        | 146/1147 [02:00<12:04,  1.38it/s]Sun May 29 14:58:00 2022[1,0]<stdout>:
Iteration:  13%|█▎        | 147/1147 [02:01<12:04,  1.38it/s]Sun May 29 14:58:01 2022[1,0]<stdout>:
Iteration:  13%|█▎        | 148/1147 [02:01<12:02,  1.38it/s]Sun May 29 14:58:02 2022[1,0]<stdout>:
Iteration:  13%|█▎        | 149/1147 [02:02<12:02,  1.38it/s]Sun May 29 14:58:02 2022[1,0]<stdout>:
Iteration:  13%|█▎        | 150/1147 [02:03<12:02,  1.38it/s]Sun May 29 14:58:03 2022[1,0]<stdout>:
Iteration:  13%|█▎        | 151/1147 [02:04<12:00,  1.38it/s]Sun May 29 14:58:04 2022[1,0]<stdout>:
Iteration:  13%|█▎        | 152/1147 [02:04<11:59,  1.38it/s]Sun May 29 14:58:04 2022[1,0]<stdout>:
Iteration:  13%|█▎        | 153/1147 [02:05<11:58,  1.38it/s]Sun May 29 14:58:05 2022[1,0]<stdout>:
Iteration:  13%|█▎        | 154/1147 [02:06<11:57,  1.38it/s]Sun May 29 14:58:06 2022[1,0]<stdout>:
Iteration:  14%|█▎        | 155/1147 [02:06<11:56,  1.38it/s]Sun May 29 14:58:07 2022[1,0]<stdout>:
Iteration:  14%|█▎        | 156/1147 [02:07<11:55,  1.38it/s]Sun May 29 14:58:07 2022[1,0]<stdout>:
Iteration:  14%|█▎        | 157/1147 [02:08<11:55,  1.38it/s]Sun May 29 14:58:08 2022[1,0]<stdout>:
Iteration:  14%|█▍        | 158/1147 [02:09<11:54,  1.38it/s]Sun May 29 14:58:09 2022[1,0]<stdout>:
Iteration:  14%|█▍        | 159/1147 [02:09<11:55,  1.38it/s]Sun May 29 14:58:10 2022[1,0]<stdout>:
Iteration:  14%|█▍        | 160/1147 [02:10<11:55,  1.38it/s]Sun May 29 14:58:10 2022[1,0]<stdout>:
Iteration:  14%|█▍        | 161/1147 [02:11<11:54,  1.38it/s]Sun May 29 14:58:11 2022[1,0]<stdout>:
Iteration:  14%|█▍        | 162/1147 [02:12<11:54,  1.38it/s]Sun May 29 14:58:12 2022[1,0]<stdout>:
Iteration:  14%|█▍        | 163/1147 [02:12<11:53,  1.38it/s]Sun May 29 14:58:12 2022[1,0]<stdout>:
Iteration:  14%|█▍        | 164/1147 [02:13<11:51,  1.38it/s]Sun May 29 14:58:13 2022[1,0]<stdout>:
Iteration:  14%|█▍        | 165/1147 [02:14<11:51,  1.38it/s]Sun May 29 14:58:14 2022[1,0]<stdout>:
Iteration:  14%|█▍        | 166/1147 [02:14<11:50,  1.38it/s]Sun May 29 14:58:29 2022[1,0]<stdout>:DLL 2022-05-29 14:58:29.389489 - Training Epoch: 0 Training Iteration: 28  average_loss : 8.132159666581588  step_loss : 8.163878440856934  learning_rate : 0.0015491933384829666 
Sun May 29 14:58:29 2022[1,0]<stdout>:
Iteration:  15%|█▍        | 167/1147 [02:29<1:21:50,  5.01s/it]Sun May 29 14:58:30 2022[1,0]<stdout>:
Iteration:  15%|█▍        | 168/1147 [02:30<1:00:42,  3.72s/it]Sun May 29 14:58:30 2022[1,0]<stdout>:
Iteration:  15%|█▍        | 169/1147 [02:31<45:57,  2.82s/it]  Sun May 29 14:58:31 2022[1,0]<stdout>:
Iteration:  15%|█▍        | 170/1147 [02:32<35:39,  2.19s/it]Sun May 29 14:58:32 2022[1,0]<stdout>:
Iteration:  15%|█▍        | 171/1147 [02:32<28:27,  1.75s/it]Sun May 29 14:58:32 2022[1,0]<stdout>:
Iteration:  15%|█▍        | 172/1147 [02:33<23:25,  1.44s/it]Sun May 29 14:58:33 2022[1,0]<stdout>:
Iteration:  15%|█▌        | 173/1147 [02:34<19:53,  1.23s/it]Sun May 29 14:58:34 2022[1,0]<stdout>:
Iteration:  15%|█▌        | 174/1147 [02:34<17:25,  1.07s/it]Sun May 29 14:58:35 2022[1,0]<stdout>:
Iteration:  15%|█▌        | 175/1147 [02:35<15:41,  1.03it/s]Sun May 29 14:58:35 2022[1,0]<stdout>:
Iteration:  15%|█▌        | 176/1147 [02:36<14:29,  1.12it/s]Sun May 29 14:58:36 2022[1,0]<stdout>:
Iteration:  15%|█▌        | 177/1147 [02:37<13:38,  1.19it/s]Sun May 29 14:58:37 2022[1,0]<stdout>:
Iteration:  16%|█▌        | 178/1147 [02:37<13:02,  1.24it/s]Sun May 29 14:58:38 2022[1,0]<stdout>:
Iteration:  16%|█▌        | 179/1147 [02:38<12:36,  1.28it/s]Sun May 29 14:58:38 2022[1,0]<stdout>:
Iteration:  16%|█▌        | 180/1147 [02:39<12:18,  1.31it/s]Sun May 29 14:58:39 2022[1,0]<stdout>:
Iteration:  16%|█▌        | 181/1147 [02:40<12:05,  1.33it/s]Sun May 29 14:58:40 2022[1,0]<stdout>:
Iteration:  16%|█▌        | 182/1147 [02:40<11:56,  1.35it/s]Sun May 29 14:58:40 2022[1,0]<stdout>:
Iteration:  16%|█▌        | 183/1147 [02:41<11:50,  1.36it/s]Sun May 29 14:58:41 2022[1,0]<stdout>:
Iteration:  16%|█▌        | 184/1147 [02:42<11:44,  1.37it/s]Sun May 29 14:58:42 2022[1,0]<stdout>:
Iteration:  16%|█▌        | 185/1147 [02:42<11:41,  1.37it/s]Sun May 29 14:58:43 2022[1,0]<stdout>:
Iteration:  16%|█▌        | 186/1147 [02:43<11:39,  1.37it/s]Sun May 29 14:58:43 2022[1,0]<stdout>:
Iteration:  16%|█▋        | 187/1147 [02:44<11:36,  1.38it/s]Sun May 29 14:58:44 2022[1,0]<stdout>:
Iteration:  16%|█▋        | 188/1147 [02:45<11:36,  1.38it/s]Sun May 29 14:58:45 2022[1,0]<stdout>:
Iteration:  16%|█▋        | 189/1147 [02:45<11:35,  1.38it/s]Sun May 29 14:58:45 2022[1,0]<stdout>:
Iteration:  17%|█▋        | 190/1147 [02:46<11:34,  1.38it/s]Sun May 29 14:58:46 2022[1,0]<stdout>:
Iteration:  17%|█▋        | 191/1147 [02:47<11:34,  1.38it/s]Sun May 29 14:58:47 2022[1,0]<stdout>:
Iteration:  17%|█▋        | 192/1147 [02:47<11:32,  1.38it/s]Sun May 29 14:58:48 2022[1,0]<stdout>:
Iteration:  17%|█▋        | 193/1147 [02:48<11:31,  1.38it/s]Sun May 29 14:58:48 2022[1,0]<stdout>:
Iteration:  17%|█▋        | 194/1147 [02:49<11:30,  1.38it/s]Sun May 29 14:58:49 2022[1,0]<stdout>:
Iteration:  17%|█▋        | 195/1147 [02:50<11:29,  1.38it/s]Sun May 29 14:58:50 2022[1,0]<stdout>:
Iteration:  17%|█▋        | 196/1147 [02:50<11:28,  1.38it/s]Sun May 29 14:58:51 2022[1,0]<stdout>:
Iteration:  17%|█▋        | 197/1147 [02:51<11:27,  1.38it/s]Sun May 29 14:58:51 2022[1,0]<stdout>:
Iteration:  17%|█▋        | 198/1147 [02:52<11:27,  1.38it/s]Sun May 29 14:58:52 2022[1,0]<stdout>:
Iteration:  17%|█▋        | 199/1147 [02:53<11:26,  1.38it/s]Sun May 29 14:58:53 2022[1,0]<stdout>:
Iteration:  17%|█▋        | 200/1147 [02:53<11:25,  1.38it/s]Sun May 29 14:58:53 2022[1,0]<stdout>:
Iteration:  18%|█▊        | 201/1147 [02:54<11:24,  1.38it/s]Sun May 29 14:58:54 2022[1,0]<stdout>:
Iteration:  18%|█▊        | 202/1147 [02:55<11:24,  1.38it/s]Sun May 29 14:58:55 2022[1,0]<stdout>:
Iteration:  18%|█▊        | 203/1147 [02:55<11:22,  1.38it/s]Sun May 29 14:58:56 2022[1,0]<stdout>:
Iteration:  18%|█▊        | 204/1147 [02:56<11:24,  1.38it/s]Sun May 29 14:58:56 2022[1,0]<stdout>:
Iteration:  18%|█▊        | 205/1147 [02:57<11:23,  1.38it/s]Sun May 29 14:58:57 2022[1,0]<stdout>:
Iteration:  18%|█▊        | 206/1147 [02:58<11:21,  1.38it/s]Sun May 29 14:58:58 2022[1,0]<stdout>:
Iteration:  18%|█▊        | 207/1147 [02:58<11:20,  1.38it/s]Sun May 29 14:58:59 2022[1,0]<stdout>:
Iteration:  18%|█▊        | 208/1147 [02:59<11:20,  1.38it/s]Sun May 29 14:58:59 2022[1,0]<stdout>:
Iteration:  18%|█▊        | 209/1147 [03:00<11:19,  1.38it/s]Sun May 29 14:59:00 2022[1,0]<stdout>:
Iteration:  18%|█▊        | 210/1147 [03:01<11:18,  1.38it/s]Sun May 29 14:59:01 2022[1,0]<stdout>:
Iteration:  18%|█▊        | 211/1147 [03:01<11:18,  1.38it/s]Sun May 29 14:59:01 2022[1,0]<stdout>:
Iteration:  18%|█▊        | 212/1147 [03:02<11:17,  1.38it/s]Sun May 29 14:59:02 2022[1,0]<stdout>:
Iteration:  19%|█▊        | 213/1147 [03:03<11:17,  1.38it/s]Sun May 29 14:59:03 2022[1,0]<stdout>:
Iteration:  19%|█▊        | 214/1147 [03:03<11:15,  1.38it/s]Sun May 29 14:59:04 2022[1,0]<stdout>:
Iteration:  19%|█▊        | 215/1147 [03:04<11:15,  1.38it/s]Sun May 29 14:59:04 2022[1,0]<stdout>:
Iteration:  19%|█▉        | 216/1147 [03:05<11:13,  1.38it/s]Sun May 29 14:59:05 2022[1,0]<stdout>:
Iteration:  19%|█▉        | 217/1147 [03:06<11:13,  1.38it/s]Sun May 29 14:59:06 2022[1,0]<stdout>:
Iteration:  19%|█▉        | 218/1147 [03:06<11:12,  1.38it/s]Sun May 29 14:59:07 2022[1,0]<stdout>:
Iteration:  19%|█▉        | 219/1147 [03:07<11:11,  1.38it/s]Sun May 29 14:59:07 2022[1,0]<stdout>:
Iteration:  19%|█▉        | 220/1147 [03:08<11:11,  1.38it/s]Sun May 29 14:59:08 2022[1,0]<stdout>:
Iteration:  19%|█▉        | 221/1147 [03:08<11:11,  1.38it/s]Sun May 29 14:59:09 2022[1,0]<stdout>:
Iteration:  19%|█▉        | 222/1147 [03:09<11:09,  1.38it/s]Sun May 29 14:59:09 2022[1,0]<stdout>:
Iteration:  19%|█▉        | 223/1147 [03:10<11:09,  1.38it/s]Sun May 29 14:59:10 2022[1,0]<stdout>:
Iteration:  20%|█▉        | 224/1147 [03:11<11:07,  1.38it/s]Sun May 29 14:59:11 2022[1,0]<stdout>:
Iteration:  20%|█▉        | 225/1147 [03:11<11:06,  1.38it/s]Sun May 29 14:59:12 2022[1,0]<stdout>:
Iteration:  20%|█▉        | 226/1147 [03:12<11:06,  1.38it/s]Sun May 29 14:59:12 2022[1,0]<stdout>:
Iteration:  20%|█▉        | 227/1147 [03:13<11:05,  1.38it/s]Sun May 29 14:59:13 2022[1,0]<stdout>:
Iteration:  20%|█▉        | 228/1147 [03:14<11:04,  1.38it/s]Sun May 29 14:59:14 2022[1,0]<stdout>:
Iteration:  20%|█▉        | 229/1147 [03:14<11:03,  1.38it/s]Sun May 29 14:59:14 2022[1,0]<stdout>:
Iteration:  20%|██        | 230/1147 [03:15<11:03,  1.38it/s]Sun May 29 14:59:15 2022[1,0]<stdout>:
Iteration:  20%|██        | 231/1147 [03:16<11:03,  1.38it/s]Sun May 29 14:59:16 2022[1,0]<stdout>:
Iteration:  20%|██        | 232/1147 [03:16<11:01,  1.38it/s]Sun May 29 14:59:17 2022[1,0]<stdout>:
Iteration:  20%|██        | 233/1147 [03:17<11:01,  1.38it/s]Sun May 29 14:59:17 2022[1,0]<stdout>:
Iteration:  20%|██        | 234/1147 [03:18<11:01,  1.38it/s]Sun May 29 14:59:18 2022[1,0]<stdout>:
Iteration:  20%|██        | 235/1147 [03:19<10:59,  1.38it/s]Sun May 29 14:59:19 2022[1,0]<stdout>:
Iteration:  21%|██        | 236/1147 [03:19<10:59,  1.38it/s]Sun May 29 14:59:20 2022[1,0]<stdout>:
Iteration:  21%|██        | 237/1147 [03:20<10:59,  1.38it/s]Sun May 29 14:59:20 2022[1,0]<stdout>:
Iteration:  21%|██        | 238/1147 [03:21<10:58,  1.38it/s]Sun May 29 14:59:21 2022[1,0]<stdout>:
Iteration:  21%|██        | 239/1147 [03:22<10:57,  1.38it/s]Sun May 29 14:59:22 2022[1,0]<stdout>:
Iteration:  21%|██        | 240/1147 [03:22<10:56,  1.38it/s]Sun May 29 14:59:22 2022[1,0]<stdout>:
Iteration:  21%|██        | 241/1147 [03:23<10:55,  1.38it/s]Sun May 29 14:59:23 2022[1,0]<stdout>:
Iteration:  21%|██        | 242/1147 [03:24<10:54,  1.38it/s]Sun May 29 14:59:24 2022[1,0]<stdout>:
Iteration:  21%|██        | 243/1147 [03:24<10:53,  1.38it/s]Sun May 29 14:59:25 2022[1,0]<stdout>:
Iteration:  21%|██▏       | 244/1147 [03:25<10:53,  1.38it/s]Sun May 29 14:59:25 2022[1,0]<stdout>:
Iteration:  21%|██▏       | 245/1147 [03:26<10:52,  1.38it/s]Sun May 29 14:59:26 2022[1,0]<stdout>:
Iteration:  21%|██▏       | 246/1147 [03:27<10:52,  1.38it/s]Sun May 29 14:59:27 2022[1,0]<stdout>:
Iteration:  22%|██▏       | 247/1147 [03:27<10:52,  1.38it/s]Sun May 29 14:59:27 2022[1,0]<stdout>:
Iteration:  22%|██▏       | 248/1147 [03:28<10:51,  1.38it/s]Sun May 29 14:59:28 2022[1,0]<stdout>:
Iteration:  22%|██▏       | 249/1147 [03:29<10:51,  1.38it/s]Sun May 29 14:59:29 2022[1,0]<stdout>:
Iteration:  22%|██▏       | 250/1147 [03:29<10:49,  1.38it/s]Sun May 29 14:59:30 2022[1,0]<stdout>:
Iteration:  22%|██▏       | 251/1147 [03:30<10:48,  1.38it/s]Sun May 29 14:59:30 2022[1,0]<stdout>:
Iteration:  22%|██▏       | 252/1147 [03:31<10:48,  1.38it/s]Sun May 29 14:59:31 2022[1,0]<stdout>:
Iteration:  22%|██▏       | 253/1147 [03:32<10:48,  1.38it/s]Sun May 29 14:59:32 2022[1,0]<stdout>:
Iteration:  22%|██▏       | 254/1147 [03:32<10:46,  1.38it/s]Sun May 29 14:59:47 2022[1,0]<stdout>:DLL 2022-05-29 14:59:47.313026 - Training Epoch: 0 Training Iteration: 29  average_loss : 8.120636203072287  step_loss : 8.047608375549316  learning_rate : 0.0010954451150103322 
Sun May 29 14:59:47 2022[1,0]<stdout>:
Iteration:  22%|██▏       | 255/1147 [03:47<1:14:18,  5.00s/it]Sun May 29 14:59:48 2022[1,0]<stdout>:
Iteration:  22%|██▏       | 256/1147 [03:48<55:08,  3.71s/it]  Sun May 29 14:59:48 2022[1,0]<stdout>:
Iteration:  22%|██▏       | 257/1147 [03:49<41:45,  2.82s/it]Sun May 29 14:59:49 2022[1,0]<stdout>:
Iteration:  22%|██▏       | 258/1147 [03:49<32:23,  2.19s/it]Sun May 29 14:59:50 2022[1,0]<stdout>:
Iteration:  23%|██▎       | 259/1147 [03:50<25:52,  1.75s/it]Sun May 29 14:59:50 2022[1,0]<stdout>:
Iteration:  23%|██▎       | 260/1147 [03:51<21:17,  1.44s/it]Sun May 29 14:59:51 2022[1,0]<stdout>:
Iteration:  23%|██▎       | 261/1147 [03:52<18:04,  1.22s/it]Sun May 29 14:59:52 2022[1,0]<stdout>:
Iteration:  23%|██▎       | 262/1147 [03:52<15:50,  1.07s/it]Sun May 29 14:59:53 2022[1,0]<stdout>:
Iteration:  23%|██▎       | 263/1147 [03:53<14:16,  1.03it/s]Sun May 29 14:59:53 2022[1,0]<stdout>:
Iteration:  23%|██▎       | 264/1147 [03:54<13:09,  1.12it/s]Sun May 29 14:59:54 2022[1,0]<stdout>:
Iteration:  23%|██▎       | 265/1147 [03:55<12:22,  1.19it/s]Sun May 29 14:59:55 2022[1,0]<stdout>:
Iteration:  23%|██▎       | 266/1147 [03:55<11:51,  1.24it/s]Sun May 29 14:59:55 2022[1,0]<stdout>:
Iteration:  23%|██▎       | 267/1147 [03:56<11:28,  1.28it/s]Sun May 29 14:59:56 2022[1,0]<stdout>:
Iteration:  23%|██▎       | 268/1147 [03:57<11:12,  1.31it/s]Sun May 29 14:59:57 2022[1,0]<stdout>:
Iteration:  23%|██▎       | 269/1147 [03:57<11:01,  1.33it/s]Sun May 29 14:59:58 2022[1,0]<stdout>:
Iteration:  24%|██▎       | 270/1147 [03:58<10:52,  1.34it/s]Sun May 29 14:59:58 2022[1,0]<stdout>:
Iteration:  24%|██▎       | 271/1147 [03:59<10:46,  1.36it/s]Sun May 29 14:59:59 2022[1,0]<stdout>:
Iteration:  24%|██▎       | 272/1147 [04:00<10:42,  1.36it/s]Sun May 29 15:00:00 2022[1,0]<stdout>:
Iteration:  24%|██▍       | 273/1147 [04:00<10:38,  1.37it/s]Sun May 29 15:00:01 2022[1,0]<stdout>:
Iteration:  24%|██▍       | 274/1147 [04:01<10:35,  1.37it/s]Sun May 29 15:00:01 2022[1,0]<stdout>:
Iteration:  24%|██▍       | 275/1147 [04:02<10:33,  1.38it/s]Sun May 29 15:00:02 2022[1,0]<stdout>:
Iteration:  24%|██▍       | 276/1147 [04:03<10:31,  1.38it/s]Sun May 29 15:00:03 2022[1,0]<stdout>:
Iteration:  24%|██▍       | 277/1147 [04:03<10:29,  1.38it/s]Sun May 29 15:00:03 2022[1,0]<stdout>:
Iteration:  24%|██▍       | 278/1147 [04:04<10:28,  1.38it/s]Sun May 29 15:00:04 2022[1,0]<stdout>:
Iteration:  24%|██▍       | 279/1147 [04:05<10:28,  1.38it/s]Sun May 29 15:00:05 2022[1,0]<stdout>:
Iteration:  24%|██▍       | 280/1147 [04:05<10:27,  1.38it/s]Sun May 29 15:00:06 2022[1,0]<stdout>:
Iteration:  24%|██▍       | 281/1147 [04:06<10:25,  1.38it/s]Sun May 29 15:00:06 2022[1,0]<stdout>:
Iteration:  25%|██▍       | 282/1147 [04:07<10:25,  1.38it/s]Sun May 29 15:00:07 2022[1,0]<stdout>:
Iteration:  25%|██▍       | 283/1147 [04:08<10:24,  1.38it/s]Sun May 29 15:00:08 2022[1,0]<stdout>:
Iteration:  25%|██▍       | 284/1147 [04:08<10:23,  1.38it/s]Sun May 29 15:00:08 2022[1,0]<stdout>:
Iteration:  25%|██▍       | 285/1147 [04:09<10:23,  1.38it/s]Sun May 29 15:00:09 2022[1,0]<stdout>:
Iteration:  25%|██▍       | 286/1147 [04:10<10:22,  1.38it/s]Sun May 29 15:00:10 2022[1,0]<stdout>:
Iteration:  25%|██▌       | 287/1147 [04:10<10:22,  1.38it/s]Sun May 29 15:00:11 2022[1,0]<stdout>:
Iteration:  25%|██▌       | 288/1147 [04:11<10:21,  1.38it/s]Sun May 29 15:00:11 2022[1,0]<stdout>:
Iteration:  25%|██▌       | 289/1147 [04:12<10:20,  1.38it/s]Sun May 29 15:00:12 2022[1,0]<stdout>:
Iteration:  25%|██▌       | 290/1147 [04:13<10:19,  1.38it/s]Sun May 29 15:00:13 2022[1,0]<stdout>:
Iteration:  25%|██▌       | 291/1147 [04:13<10:18,  1.38it/s]Sun May 29 15:00:14 2022[1,0]<stdout>:
Iteration:  25%|██▌       | 292/1147 [04:14<10:17,  1.38it/s]Sun May 29 15:00:14 2022[1,0]<stdout>:
Iteration:  26%|██▌       | 293/1147 [04:15<10:18,  1.38it/s]Sun May 29 15:00:15 2022[1,0]<stdout>:
Iteration:  26%|██▌       | 294/1147 [04:16<10:17,  1.38it/s]Sun May 29 15:00:16 2022[1,0]<stdout>:
Iteration:  26%|██▌       | 295/1147 [04:16<10:17,  1.38it/s]Sun May 29 15:00:16 2022[1,0]<stdout>:
Iteration:  26%|██▌       | 296/1147 [04:17<10:16,  1.38it/s]Sun May 29 15:00:17 2022[1,0]<stdout>:
Iteration:  26%|██▌       | 297/1147 [04:18<10:15,  1.38it/s]Sun May 29 15:00:18 2022[1,0]<stdout>:
Iteration:  26%|██▌       | 298/1147 [04:18<10:14,  1.38it/s]Sun May 29 15:00:19 2022[1,0]<stdout>:
Iteration:  26%|██▌       | 299/1147 [04:19<10:13,  1.38it/s]Sun May 29 15:00:19 2022[1,0]<stdout>:
Iteration:  26%|██▌       | 300/1147 [04:20<10:12,  1.38it/s]Sun May 29 15:00:20 2022[1,0]<stdout>:
Iteration:  26%|██▌       | 301/1147 [04:21<10:11,  1.38it/s]Sun May 29 15:00:21 2022[1,0]<stdout>:
Iteration:  26%|██▋       | 302/1147 [04:21<10:11,  1.38it/s]Sun May 29 15:00:22 2022[1,0]<stdout>:
Iteration:  26%|██▋       | 303/1147 [04:22<10:10,  1.38it/s]Sun May 29 15:00:22 2022[1,0]<stdout>:
Iteration:  27%|██▋       | 304/1147 [04:23<10:09,  1.38it/s]Sun May 29 15:00:23 2022[1,0]<stdout>:
Iteration:  27%|██▋       | 305/1147 [04:23<10:09,  1.38it/s]Sun May 29 15:00:24 2022[1,0]<stdout>:
Iteration:  27%|██▋       | 306/1147 [04:24<10:09,  1.38it/s]Sun May 29 15:00:24 2022[1,0]<stdout>:
Iteration:  27%|██▋       | 307/1147 [04:25<10:08,  1.38it/s]Sun May 29 15:00:25 2022[1,0]<stdout>:
Iteration:  27%|██▋       | 308/1147 [04:26<10:07,  1.38it/s]Sun May 29 15:00:26 2022[1,0]<stdout>:
Iteration:  27%|██▋       | 309/1147 [04:26<10:06,  1.38it/s]Sun May 29 15:00:27 2022[1,0]<stdout>:
Iteration:  27%|██▋       | 310/1147 [04:27<10:05,  1.38it/s]Sun May 29 15:00:27 2022[1,0]<stdout>:
Iteration:  27%|██▋       | 311/1147 [04:28<10:05,  1.38it/s]Sun May 29 15:00:28 2022[1,0]<stdout>:
Iteration:  27%|██▋       | 312/1147 [04:29<10:05,  1.38it/s]Sun May 29 15:00:29 2022[1,0]<stdout>:
Iteration:  27%|██▋       | 313/1147 [04:29<10:04,  1.38it/s]Sun May 29 15:00:29 2022[1,0]<stdout>:
Iteration:  27%|██▋       | 314/1147 [04:30<10:03,  1.38it/s]Sun May 29 15:00:30 2022[1,0]<stdout>:
Iteration:  27%|██▋       | 315/1147 [04:31<10:02,  1.38it/s]Sun May 29 15:00:31 2022[1,0]<stdout>:
Iteration:  28%|██▊       | 316/1147 [04:31<10:01,  1.38it/s]Sun May 29 15:00:32 2022[1,0]<stdout>:
Iteration:  28%|██▊       | 317/1147 [04:32<10:00,  1.38it/s]Sun May 29 15:00:32 2022[1,0]<stdout>:
Iteration:  28%|██▊       | 318/1147 [04:33<10:00,  1.38it/s]Sun May 29 15:00:33 2022[1,0]<stdout>:
Iteration:  28%|██▊       | 319/1147 [04:34<09:58,  1.38it/s]Sun May 29 15:00:34 2022[1,0]<stdout>:
Iteration:  28%|██▊       | 320/1147 [04:34<09:58,  1.38it/s]Sun May 29 15:00:35 2022[1,0]<stdout>:
Iteration:  28%|██▊       | 321/1147 [04:35<09:58,  1.38it/s]Sun May 29 15:00:35 2022[1,0]<stdout>:
Iteration:  28%|██▊       | 322/1147 [04:36<09:57,  1.38it/s]Sun May 29 15:00:36 2022[1,0]<stdout>:
Iteration:  28%|██▊       | 323/1147 [04:37<09:56,  1.38it/s]Sun May 29 15:00:37 2022[1,0]<stdout>:
Iteration:  28%|██▊       | 324/1147 [04:37<09:56,  1.38it/s]Sun May 29 15:00:37 2022[1,0]<stdout>:
Iteration:  28%|██▊       | 325/1147 [04:38<09:55,  1.38it/s]Sun May 29 15:00:38 2022[1,0]<stdout>:
Iteration:  28%|██▊       | 326/1147 [04:39<09:54,  1.38it/s]Sun May 29 15:00:39 2022[1,0]<stdout>:
Iteration:  29%|██▊       | 327/1147 [04:39<09:53,  1.38it/s]Sun May 29 15:00:40 2022[1,0]<stdout>:
Iteration:  29%|██▊       | 328/1147 [04:40<09:52,  1.38it/s]Sun May 29 15:00:40 2022[1,0]<stdout>:
Iteration:  29%|██▊       | 329/1147 [04:41<09:51,  1.38it/s]Sun May 29 15:00:41 2022[1,0]<stdout>:
Iteration:  29%|██▉       | 330/1147 [04:42<09:51,  1.38it/s]Sun May 29 15:00:42 2022[1,0]<stdout>:
Iteration:  29%|██▉       | 331/1147 [04:42<09:51,  1.38it/s]Sun May 29 15:00:43 2022[1,0]<stdout>:
Iteration:  29%|██▉       | 332/1147 [04:43<09:50,  1.38it/s]Sun May 29 15:00:43 2022[1,0]<stdout>:
Iteration:  29%|██▉       | 333/1147 [04:44<09:49,  1.38it/s]Sun May 29 15:00:44 2022[1,0]<stdout>:
Iteration:  29%|██▉       | 334/1147 [04:44<09:48,  1.38it/s]Sun May 29 15:00:45 2022[1,0]<stdout>:
Iteration:  29%|██▉       | 335/1147 [04:45<09:47,  1.38it/s]Sun May 29 15:00:45 2022[1,0]<stdout>:
Iteration:  29%|██▉       | 336/1147 [04:46<09:47,  1.38it/s]Sun May 29 15:00:46 2022[1,0]<stdout>:
Iteration:  29%|██▉       | 337/1147 [04:47<09:47,  1.38it/s]Sun May 29 15:00:47 2022[1,0]<stdout>:
Iteration:  29%|██▉       | 338/1147 [04:47<09:46,  1.38it/s]Sun May 29 15:00:48 2022[1,0]<stdout>:
Iteration:  30%|██▉       | 339/1147 [04:48<09:44,  1.38it/s]Sun May 29 15:00:48 2022[1,0]<stdout>:
Iteration:  30%|██▉       | 340/1147 [04:49<09:43,  1.38it/s]Sun May 29 15:00:49 2022[1,0]<stdout>:
Iteration:  30%|██▉       | 341/1147 [04:50<09:43,  1.38it/s]Sun May 29 15:00:50 2022[1,0]<stdout>:
Iteration:  30%|██▉       | 342/1147 [04:50<09:42,  1.38it/s]Sun May 29 15:01:05 2022[1,0]<stdout>:DLL 2022-05-29 15:01:05.292041 - Training Epoch: 0 Training Iteration: 30  final_loss : 8.11567497253418 
Sun May 29 15:01:05 2022[1,0]<stdout>:DLL 2022-05-29 15:01:05.292251 - PARAMETER checkpoint_step : 30 
Sun May 29 15:01:07 2022[1,0]<stdout>:
Iteration:  30%|██▉       | 342/1147 [05:08<12:05,  1.11it/s]
Sun May 29 15:01:07 2022[1,0]<stdout>:DLL 2022-05-29 15:01:07.641938 -  e2e_train_time : 2344.8737654685974  training_sequences_per_second : 3496.938592099369  final_loss : 8.11567497253418  raw_train_time : 2319.19428563118 Sun May 29 15:01:07 2022[1,0]<stdout>: