Iteration:   0%|          | 0/1720 [00:00<?, ?it/s]Sat Dec 19 22:06:26 2020[1,0]<stdout>:
Iteration:   0%|          | 1/1720 [00:00<09:01,  3.18it/s]Sat Dec 19 22:06:26 2020[1,0]<stdout>:
Iteration:   0%|          | 2/1720 [00:00<09:11,  3.11it/s]Sat Dec 19 22:06:27 2020[1,0]<stdout>:
Iteration:   0%|          | 3/1720 [00:01<09:49,  2.91it/s]Sat Dec 19 22:06:27 2020[1,0]<stdout>:
Iteration:   0%|          | 4/1720 [00:01<09:14,  3.10it/s]Sat Dec 19 22:06:27 2020[1,0]<stdout>:
Iteration:   0%|          | 5/1720 [00:01<09:11,  3.11it/s]Sat Dec 19 22:06:28 2020[1,0]<stdout>:
Iteration:   0%|          | 6/1720 [00:01<09:18,  3.07it/s]Sat Dec 19 22:06:28 2020[1,0]<stdout>:
Iteration:   0%|          | 7/1720 [00:02<09:25,  3.03it/s]Sat Dec 19 22:06:28 2020[1,0]<stdout>:
Iteration:   0%|          | 8/1720 [00:02<09:33,  2.99it/s]Sat Dec 19 22:06:29 2020[1,0]<stdout>:
Iteration:   1%|          | 9/1720 [00:02<09:33,  2.98it/s]Sat Dec 19 22:06:29 2020[1,0]<stdout>:
Iteration:   1%|          | 10/1720 [00:03<09:32,  2.99it/s]Sat Dec 19 22:06:30 2020[1,0]<stdout>:
Iteration:   1%|          | 11/1720 [00:03<09:36,  2.97it/s]Sat Dec 19 22:06:30 2020[1,0]<stdout>:
Iteration:   1%|          | 12/1720 [00:03<09:09,  3.11it/s]Sat Dec 19 22:06:30 2020[1,0]<stdout>:
Iteration:   1%|          | 13/1720 [00:04<09:14,  3.08it/s]Sat Dec 19 22:06:30 2020[1,0]<stdout>:
Iteration:   1%|          | 14/1720 [00:04<08:06,  3.51it/s]Sat Dec 19 22:06:31 2020[1,0]<stdout>:
Iteration:   1%|          | 15/1720 [00:04<08:34,  3.32it/s]Sat Dec 19 22:06:31 2020[1,0]<stdout>:
Iteration:   1%|          | 16/1720 [00:05<07:38,  3.71it/s]Sat Dec 19 22:06:31 2020[1,0]<stdout>:
Iteration:   1%|          | 17/1720 [00:05<07:57,  3.56it/s]Sat Dec 19 22:06:31 2020[1,0]<stdout>:
Iteration:   1%|          | 18/1720 [00:05<07:13,  3.93it/s]Sat Dec 19 22:06:32 2020[1,0]<stdout>:
Iteration:   1%|          | 19/1720 [00:05<07:55,  3.58it/s]Sat Dec 19 22:06:32 2020[1,0]<stdout>:
Iteration:   1%|          | 20/1720 [00:06<08:23,  3.37it/s]Sat Dec 19 22:06:32 2020[1,0]<stdout>:
Iteration:   1%|          | 21/1720 [00:06<07:30,  3.77it/s]Sat Dec 19 22:06:32 2020[1,0]<stdout>:
Iteration:   1%|▏         | 22/1720 [00:06<06:53,  4.10it/s]Sat Dec 19 22:06:33 2020[1,0]<stdout>:
Iteration:   1%|▏         | 23/1720 [00:06<07:19,  3.86it/s]Sat Dec 19 22:06:33 2020[1,0]<stdout>:
Iteration:   1%|▏         | 24/1720 [00:07<07:49,  3.61it/s]Sat Dec 19 22:06:33 2020[1,0]<stdout>:
Iteration:   1%|▏         | 25/1720 [00:07<08:19,  3.39it/s]Sat Dec 19 22:06:34 2020[1,0]<stdout>:
Iteration:   2%|▏         | 26/1720 [00:07<07:28,  3.77it/s]Sat Dec 19 22:06:34 2020[1,0]<stdout>:
Iteration:   2%|▏         | 27/1720 [00:08<08:03,  3.50it/s]Sat Dec 19 22:06:34 2020[1,0]<stdout>:
Iteration:   2%|▏         | 28/1720 [00:08<07:17,  3.87it/s]Sat Dec 19 22:06:34 2020[1,0]<stdout>:
Iteration:   2%|▏         | 29/1720 [00:08<07:42,  3.65it/s]Sat Dec 19 22:06:35 2020[1,0]<stdout>:
Iteration:   2%|▏         | 30/1720 [00:08<08:13,  3.42it/s]Sat Dec 19 22:06:35 2020[1,0]<stdout>:
Iteration:   2%|▏         | 31/1720 [00:09<07:27,  3.77it/s]Sat Dec 19 22:06:35 2020[1,0]<stdout>:
Iteration:   2%|▏         | 32/1720 [00:09<06:51,  4.10it/s]Sat Dec 19 22:06:35 2020[1,0]<stdout>:
Iteration:   2%|▏         | 33/1720 [00:09<06:24,  4.38it/s]Sat Dec 19 22:06:36 2020[1,0]<stdout>:
Iteration:   2%|▏         | 34/1720 [00:09<06:37,  4.24it/s]Sat Dec 19 22:06:36 2020[1,0]<stdout>:
Iteration:   2%|▏         | 35/1720 [00:09<06:21,  4.41it/s]Sat Dec 19 22:06:36 2020[1,0]<stdout>:
Iteration:   2%|▏         | 36/1720 [00:10<06:05,  4.61it/s]Sat Dec 19 22:06:36 2020[1,0]<stdout>:
Iteration:   2%|▏         | 37/1720 [00:10<05:52,  4.78it/s]Sat Dec 19 22:06:36 2020[1,0]<stdout>:
Iteration:   2%|▏         | 38/1720 [00:10<05:43,  4.90it/s]Sat Dec 19 22:06:37 2020[1,0]<stdout>:
Iteration:   2%|▏         | 39/1720 [00:10<05:38,  4.97it/s]Sat Dec 19 22:06:37 2020[1,0]<stdout>:
Iteration:   2%|▏         | 40/1720 [00:11<06:46,  4.13it/s]Sat Dec 19 22:06:37 2020[1,0]<stdout>:
Iteration:   2%|▏         | 41/1720 [00:11<06:22,  4.39it/s]Sat Dec 19 22:06:37 2020[1,0]<stdout>:
Iteration:   2%|▏         | 42/1720 [00:11<07:17,  3.84it/s]Sat Dec 19 22:06:38 2020[1,0]<stdout>:
Iteration:   2%|▎         | 43/1720 [00:11<06:44,  4.14it/s]Sat Dec 19 22:06:38 2020[1,0]<stdout>:
Iteration:   3%|▎         | 44/1720 [00:12<07:07,  3.92it/s]Sat Dec 19 22:06:38 2020[1,0]<stdout>:
Iteration:   3%|▎         | 45/1720 [00:12<07:47,  3.58it/s]Sat Dec 19 22:06:38 2020[1,0]<stdout>:
Iteration:   3%|▎         | 46/1720 [00:12<07:21,  3.80it/s]Sat Dec 19 22:06:39 2020[1,0]<stdout>:
Iteration:   3%|▎         | 47/1720 [00:12<06:44,  4.13it/s]Sat Dec 19 22:06:39 2020[1,0]<stdout>:
Iteration:   3%|▎         | 48/1720 [00:13<06:19,  4.40it/s]Sat Dec 19 22:06:39 2020[1,0]<stdout>:
Iteration:   3%|▎         | 49/1720 [00:13<06:57,  4.00it/s]Sat Dec 19 22:06:39 2020[1,0]<stdout>:
Iteration:   3%|▎         | 50/1720 [00:13<06:29,  4.28it/s]Sat Dec 19 22:06:40 2020[1,0]<stdout>:
Iteration:   3%|▎         | 51/1720 [00:13<06:12,  4.48it/s]Sat Dec 19 22:06:40 2020[1,0]<stdout>:
Iteration:   3%|▎         | 52/1720 [00:13<05:58,  4.65it/s]Sat Dec 19 22:06:40 2020[1,0]<stdout>:
Iteration:   3%|▎         | 53/1720 [00:14<05:45,  4.82it/s]Sat Dec 19 22:06:40 2020[1,0]<stdout>:
Iteration:   3%|▎         | 54/1720 [00:14<05:38,  4.92it/s]Sat Dec 19 22:06:40 2020[1,0]<stdout>:
Iteration:   3%|▎         | 55/1720 [00:14<05:34,  4.98it/s]Sat Dec 19 22:06:41 2020[1,0]<stdout>:
Iteration:   3%|▎         | 56/1720 [00:14<05:29,  5.05it/s]Sat Dec 19 22:06:41 2020[1,0]<stdout>:
Iteration:   3%|▎         | 57/1720 [00:14<05:27,  5.08it/s]Sat Dec 19 22:06:41 2020[1,0]<stdout>:
Iteration:   3%|▎         | 58/1720 [00:15<05:24,  5.11it/s]Sat Dec 19 22:06:41 2020[1,0]<stdout>:
Iteration:   3%|▎         | 59/1720 [00:15<05:23,  5.13it/s]Sat Dec 19 22:06:41 2020[1,0]<stdout>:
Iteration:   3%|▎         | 60/1720 [00:15<05:22,  5.14it/s]Sat Dec 19 22:06:41 2020[1,0]<stdout>:
Iteration:   4%|▎         | 61/1720 [00:15<05:22,  5.15it/s]Sat Dec 19 22:06:42 2020[1,0]<stdout>:
Iteration:   4%|▎         | 62/1720 [00:15<05:22,  5.15it/s]Sat Dec 19 22:06:42 2020[1,0]<stdout>:
Iteration:   4%|▎         | 63/1720 [00:16<05:22,  5.14it/s]Sat Dec 19 22:06:42 2020[1,0]<stdout>:
Iteration:   4%|▎         | 64/1720 [00:16<05:22,  5.13it/s]Sat Dec 19 22:06:42 2020[1,0]<stdout>:
Iteration:   4%|▍         | 65/1720 [00:16<05:22,  5.13it/s]Sat Dec 19 22:06:42 2020[1,0]<stdout>:
Iteration:   4%|▍         | 66/1720 [00:16<05:22,  5.13it/s]Sat Dec 19 22:06:43 2020[1,0]<stdout>:
Iteration:   4%|▍         | 67/1720 [00:16<05:21,  5.14it/s]Sat Dec 19 22:06:43 2020[1,0]<stdout>:
Iteration:   4%|▍         | 68/1720 [00:17<05:20,  5.16it/s]Sat Dec 19 22:06:43 2020[1,0]<stdout>:
Iteration:   4%|▍         | 69/1720 [00:17<05:19,  5.16it/s]Sat Dec 19 22:06:43 2020[1,0]<stdout>:
Iteration:   4%|▍         | 70/1720 [00:17<05:18,  5.18it/s]Sat Dec 19 22:06:43 2020[1,0]<stdout>:
Iteration:   4%|▍         | 71/1720 [00:17<05:18,  5.18it/s]Sat Dec 19 22:06:44 2020[1,0]<stdout>:
Iteration:   4%|▍         | 72/1720 [00:17<05:18,  5.17it/s]Sat Dec 19 22:06:44 2020[1,0]<stdout>:
Iteration:   4%|▍         | 73/1720 [00:17<05:18,  5.17it/s]Sat Dec 19 22:06:44 2020[1,0]<stdout>:
Iteration:   4%|▍         | 74/1720 [00:18<05:19,  5.16it/s]Sat Dec 19 22:06:44 2020[1,0]<stdout>:
Iteration:   4%|▍         | 75/1720 [00:18<05:19,  5.15it/s]Sat Dec 19 22:06:44 2020[1,0]<stdout>:
Iteration:   4%|▍         | 76/1720 [00:18<05:19,  5.15it/s]Sat Dec 19 22:06:45 2020[1,0]<stdout>:
Iteration:   4%|▍         | 77/1720 [00:18<05:18,  5.15it/s]Sat Dec 19 22:06:45 2020[1,0]<stdout>:
Iteration:   5%|▍         | 78/1720 [00:18<05:18,  5.16it/s]Sat Dec 19 22:06:45 2020[1,0]<stdout>:
Iteration:   5%|▍         | 79/1720 [00:19<05:17,  5.17it/s]Sat Dec 19 22:06:45 2020[1,0]<stdout>:
Iteration:   5%|▍         | 80/1720 [00:19<05:18,  5.15it/s]Sat Dec 19 22:06:45 2020[1,0]<stdout>:
Iteration:   5%|▍         | 81/1720 [00:19<05:16,  5.18it/s]Sat Dec 19 22:06:46 2020[1,0]<stdout>:
Iteration:   5%|▍         | 82/1720 [00:19<05:16,  5.18it/s]Sat Dec 19 22:06:46 2020[1,0]<stdout>:
Iteration:   5%|▍         | 83/1720 [00:19<05:17,  5.16it/s]Sat Dec 19 22:06:46 2020[1,0]<stdout>:
Iteration:   5%|▍         | 84/1720 [00:20<05:16,  5.16it/s]Sat Dec 19 22:06:46 2020[1,0]<stdout>:
Iteration:   5%|▍         | 85/1720 [00:20<05:16,  5.17it/s]Sat Dec 19 22:06:46 2020[1,0]<stdout>:
Iteration:   5%|▌         | 86/1720 [00:20<05:15,  5.18it/s]Sat Dec 19 22:06:47 2020[1,0]<stdout>:
Iteration:   5%|▌         | 87/1720 [00:20<05:14,  5.19it/s]Sat Dec 19 22:06:47 2020[1,0]<stdout>:
Iteration:   5%|▌         | 88/1720 [00:20<05:14,  5.18it/s]Sat Dec 19 22:06:47 2020[1,0]<stdout>:
Iteration:   5%|▌         | 89/1720 [00:21<05:15,  5.17it/s]Sat Dec 19 22:06:47 2020[1,0]<stdout>:
Iteration:   5%|▌         | 90/1720 [00:21<05:15,  5.17it/s]Sat Dec 19 22:06:47 2020[1,0]<stdout>:
Iteration:   5%|▌         | 91/1720 [00:21<05:15,  5.16it/s]Sat Dec 19 22:06:47 2020[1,0]<stdout>:
Iteration:   5%|▌         | 92/1720 [00:21<05:16,  5.14it/s]Sat Dec 19 22:06:48 2020[1,0]<stdout>:
Iteration:   5%|▌         | 93/1720 [00:21<05:15,  5.15it/s]Sat Dec 19 22:06:48 2020[1,0]<stdout>:
Iteration:   5%|▌         | 94/1720 [00:22<05:15,  5.16it/s]Sat Dec 19 22:06:48 2020[1,0]<stdout>:
Iteration:   6%|▌         | 95/1720 [00:22<05:13,  5.18it/s]Sat Dec 19 22:06:48 2020[1,0]<stdout>:
Iteration:   6%|▌         | 96/1720 [00:22<05:13,  5.18it/s]Sat Dec 19 22:06:48 2020[1,0]<stdout>:
Iteration:   6%|▌         | 97/1720 [00:22<05:13,  5.18it/s]Sat Dec 19 22:06:49 2020[1,0]<stdout>:
Iteration:   6%|▌         | 98/1720 [00:22<05:13,  5.18it/s]Sat Dec 19 22:06:49 2020[1,0]<stdout>:
Iteration:   6%|▌         | 99/1720 [00:23<05:13,  5.18it/s]Sat Dec 19 22:06:49 2020[1,0]<stdout>:
Iteration:   6%|▌         | 100/1720 [00:23<05:11,  5.19it/s]Sat Dec 19 22:06:49 2020[1,0]<stdout>:
Iteration:   6%|▌         | 101/1720 [00:23<05:12,  5.19it/s]Sat Dec 19 22:06:49 2020[1,0]<stdout>:
Iteration:   6%|▌         | 102/1720 [00:23<05:12,  5.18it/s]Sat Dec 19 22:06:50 2020[1,0]<stdout>:
Iteration:   6%|▌         | 103/1720 [00:23<05:13,  5.16it/s]Sat Dec 19 22:06:50 2020[1,0]<stdout>:
Iteration:   6%|▌         | 104/1720 [00:23<05:12,  5.17it/s]Sat Dec 19 22:06:50 2020[1,0]<stdout>:
Iteration:   6%|▌         | 105/1720 [00:24<05:12,  5.17it/s]Sat Dec 19 22:06:50 2020[1,0]<stdout>:
Iteration:   6%|▌         | 106/1720 [00:24<05:16,  5.09it/s]Sat Dec 19 22:06:50 2020[1,0]<stdout>:
Iteration:   6%|▌         | 107/1720 [00:24<05:15,  5.11it/s]Sat Dec 19 22:06:51 2020[1,0]<stdout>:
Iteration:   6%|▋         | 108/1720 [00:24<05:14,  5.12it/s]Sat Dec 19 22:06:51 2020[1,0]<stdout>:
Iteration:   6%|▋         | 109/1720 [00:24<05:12,  5.15it/s]Sat Dec 19 22:06:51 2020[1,0]<stdout>:
Iteration:   6%|▋         | 110/1720 [00:25<05:10,  5.18it/s]Sat Dec 19 22:06:51 2020[1,0]<stdout>:
Iteration:   6%|▋         | 111/1720 [00:25<05:11,  5.17it/s]Sat Dec 19 22:06:51 2020[1,0]<stdout>:
Iteration:   7%|▋         | 112/1720 [00:25<05:11,  5.16it/s]Sat Dec 19 22:06:52 2020[1,0]<stdout>:
Iteration:   7%|▋         | 113/1720 [00:25<05:11,  5.15it/s]Sat Dec 19 22:06:52 2020[1,0]<stdout>:
Iteration:   7%|▋         | 114/1720 [00:25<05:13,  5.12it/s]Sat Dec 19 22:06:52 2020[1,0]<stdout>:
Iteration:   7%|▋         | 115/1720 [00:26<05:12,  5.13it/s]Sat Dec 19 22:06:52 2020[1,0]<stdout>:
Iteration:   7%|▋         | 116/1720 [00:26<05:10,  5.16it/s]Sat Dec 19 22:06:52 2020[1,0]<stdout>:
Iteration:   7%|▋         | 117/1720 [00:26<05:08,  5.20it/s]Sat Dec 19 22:06:53 2020[1,0]<stdout>:
Iteration:   7%|▋         | 118/1720 [00:26<05:10,  5.17it/s]Sat Dec 19 22:06:53 2020[1,0]<stdout>:DLL 2020-12-19 22:06:53.230263 - Training Epoch: 0 Training Iteration: 27  average_loss : 8.207000732421875  step_loss : 8.322509765625  learning_rate : 0.002449489742783178
Sat Dec 19 22:06:53 2020[1,0]<stdout>:
Iteration:   7%|▋         | 119/1720 [00:26<05:15,  5.08it/s]Sat Dec 19 22:06:53 2020[1,0]<stdout>:
Iteration:   7%|▋         | 120/1720 [00:27<05:12,  5.12it/s]Sat Dec 19 22:06:53 2020[1,0]<stdout>:
Iteration:   7%|▋         | 121/1720 [00:27<05:10,  5.15it/s]Sat Dec 19 22:06:53 2020[1,0]<stdout>:
Iteration:   7%|▋         | 122/1720 [00:27<05:10,  5.15it/s]Sat Dec 19 22:06:54 2020[1,0]<stdout>:
Iteration:   7%|▋         | 123/1720 [00:27<05:10,  5.14it/s]Sat Dec 19 22:06:54 2020[1,0]<stdout>:
Iteration:   7%|▋         | 124/1720 [00:27<05:09,  5.16it/s]Sat Dec 19 22:06:54 2020[1,0]<stdout>:
Iteration:   7%|▋         | 125/1720 [00:28<05:09,  5.16it/s]Sat Dec 19 22:06:54 2020[1,0]<stdout>:
Iteration:   7%|▋         | 126/1720 [00:28<05:08,  5.17it/s]Sat Dec 19 22:06:54 2020[1,0]<stdout>:
Iteration:   7%|▋         | 127/1720 [00:28<05:08,  5.16it/s]Sat Dec 19 22:06:54 2020[1,0]<stdout>:
Iteration:   7%|▋         | 128/1720 [00:28<05:10,  5.13it/s]Sat Dec 19 22:06:55 2020[1,0]<stdout>:
Iteration:   8%|▊         | 129/1720 [00:28<05:08,  5.15it/s]Sat Dec 19 22:06:55 2020[1,0]<stdout>:
Iteration:   8%|▊         | 130/1720 [00:29<05:07,  5.17it/s]Sat Dec 19 22:06:55 2020[1,0]<stdout>:
Iteration:   8%|▊         | 131/1720 [00:29<05:08,  5.15it/s]Sat Dec 19 22:06:55 2020[1,0]<stdout>:
Iteration:   8%|▊         | 132/1720 [00:29<05:08,  5.15it/s]Sat Dec 19 22:06:55 2020[1,0]<stdout>:
Iteration:   8%|▊         | 133/1720 [00:29<05:08,  5.15it/s]Sat Dec 19 22:06:56 2020[1,0]<stdout>:
Iteration:   8%|▊         | 134/1720 [00:29<05:06,  5.17it/s]Sat Dec 19 22:06:56 2020[1,0]<stdout>:
Iteration:   8%|▊         | 135/1720 [00:29<05:07,  5.16it/s]Sat Dec 19 22:06:56 2020[1,0]<stdout>:
Iteration:   8%|▊         | 136/1720 [00:30<05:07,  5.15it/s]Sat Dec 19 22:06:56 2020[1,0]<stdout>:
Iteration:   8%|▊         | 137/1720 [00:30<05:11,  5.08it/s]Sat Dec 19 22:06:56 2020[1,0]<stdout>:
Iteration:   8%|▊         | 138/1720 [00:30<05:11,  5.08it/s]Sat Dec 19 22:06:57 2020[1,0]<stdout>:
Iteration:   8%|▊         | 139/1720 [00:30<05:07,  5.14it/s]Sat Dec 19 22:06:57 2020[1,0]<stdout>:
Iteration:   8%|▊         | 140/1720 [00:30<05:05,  5.16it/s]Sat Dec 19 22:06:57 2020[1,0]<stdout>:
Iteration:   8%|▊         | 141/1720 [00:31<05:06,  5.16it/s]Sat Dec 19 22:06:57 2020[1,0]<stdout>:
Iteration:   8%|▊         | 142/1720 [00:31<05:06,  5.15it/s]Sat Dec 19 22:06:57 2020[1,0]<stdout>:
Iteration:   8%|▊         | 143/1720 [00:31<05:05,  5.16it/s]Sat Dec 19 22:06:58 2020[1,0]<stdout>:
Iteration:   8%|▊         | 144/1720 [00:31<05:05,  5.16it/s]Sat Dec 19 22:06:58 2020[1,0]<stdout>:
Iteration:   8%|▊         | 145/1720 [00:31<05:09,  5.09it/s]Sat Dec 19 22:06:58 2020[1,0]<stdout>:
Iteration:   8%|▊         | 146/1720 [00:32<05:08,  5.10it/s]Sat Dec 19 22:06:58 2020[1,0]<stdout>:
Iteration:   9%|▊         | 147/1720 [00:32<05:06,  5.13it/s]Sat Dec 19 22:06:58 2020[1,0]<stdout>:
Iteration:   9%|▊         | 148/1720 [00:32<05:04,  5.17it/s]Sat Dec 19 22:06:59 2020[1,0]<stdout>:
Iteration:   9%|▊         | 149/1720 [00:32<05:04,  5.15it/s]Sat Dec 19 22:06:59 2020[1,0]<stdout>:
Iteration:   9%|▊         | 150/1720 [00:32<05:05,  5.14it/s]Sat Dec 19 22:06:59 2020[1,0]<stdout>:
Iteration:   9%|▉         | 151/1720 [00:33<05:04,  5.15it/s]Sat Dec 19 22:06:59 2020[1,0]<stdout>:
Iteration:   9%|▉         | 152/1720 [00:33<05:03,  5.16it/s]Sat Dec 19 22:06:59 2020[1,0]<stdout>:
Iteration:   9%|▉         | 153/1720 [00:33<05:03,  5.16it/s]Sat Dec 19 22:07:00 2020[1,0]<stdout>:
Iteration:   9%|▉         | 154/1720 [00:33<05:02,  5.17it/s]Sat Dec 19 22:07:00 2020[1,0]<stdout>:
Iteration:   9%|▉         | 155/1720 [00:33<05:02,  5.17it/s]Sat Dec 19 22:07:00 2020[1,0]<stdout>:
Iteration:   9%|▉         | 156/1720 [00:34<05:02,  5.17it/s]Sat Dec 19 22:07:00 2020[1,0]<stdout>:
Iteration:   9%|▉         | 157/1720 [00:34<05:04,  5.14it/s]Sat Dec 19 22:07:00 2020[1,0]<stdout>:
Iteration:   9%|▉         | 158/1720 [00:34<05:03,  5.15it/s]Sat Dec 19 22:07:00 2020[1,0]<stdout>:
Iteration:   9%|▉         | 159/1720 [00:34<05:02,  5.17it/s]Sat Dec 19 22:07:01 2020[1,0]<stdout>:
Iteration:   9%|▉         | 160/1720 [00:34<05:01,  5.18it/s]Sat Dec 19 22:07:01 2020[1,0]<stdout>:
Iteration:   9%|▉         | 161/1720 [00:35<05:01,  5.16it/s]Sat Dec 19 22:07:01 2020[1,0]<stdout>:
Iteration:   9%|▉         | 162/1720 [00:35<05:01,  5.17it/s]Sat Dec 19 22:07:01 2020[1,0]<stdout>:
Iteration:   9%|▉         | 163/1720 [00:35<05:00,  5.18it/s]Sat Dec 19 22:07:01 2020[1,0]<stdout>:
Iteration:  10%|▉         | 164/1720 [00:35<05:02,  5.15it/s]Sat Dec 19 22:07:02 2020[1,0]<stdout>:
Iteration:  10%|▉         | 165/1720 [00:35<05:01,  5.16it/s]Sat Dec 19 22:07:02 2020[1,0]<stdout>:
Iteration:  10%|▉         | 166/1720 [00:36<05:00,  5.16it/s]Sat Dec 19 22:07:02 2020[1,0]<stdout>:
Iteration:  10%|▉         | 167/1720 [00:36<04:59,  5.19it/s]Sat Dec 19 22:07:02 2020[1,0]<stdout>:
Iteration:  10%|▉         | 168/1720 [00:36<04:58,  5.20it/s]Sat Dec 19 22:07:02 2020[1,0]<stdout>:
Iteration:  10%|▉         | 169/1720 [00:36<04:58,  5.19it/s]Sat Dec 19 22:07:03 2020[1,0]<stdout>:
Iteration:  10%|▉         | 170/1720 [00:36<04:59,  5.17it/s]Sat Dec 19 22:07:03 2020[1,0]<stdout>:
Iteration:  10%|▉         | 171/1720 [00:36<04:59,  5.17it/s]Sat Dec 19 22:07:03 2020[1,0]<stdout>:
Iteration:  10%|█         | 172/1720 [00:37<04:59,  5.17it/s]Sat Dec 19 22:07:03 2020[1,0]<stdout>:
Iteration:  10%|█         | 173/1720 [00:37<04:59,  5.16it/s]Sat Dec 19 22:07:03 2020[1,0]<stdout>:
Iteration:  10%|█         | 174/1720 [00:37<04:59,  5.16it/s]Sat Dec 19 22:07:04 2020[1,0]<stdout>:
Iteration:  10%|█         | 175/1720 [00:37<04:59,  5.15it/s]Sat Dec 19 22:07:04 2020[1,0]<stdout>:
Iteration:  10%|█         | 176/1720 [00:37<05:00,  5.13it/s]Sat Dec 19 22:07:04 2020[1,0]<stdout>:
Iteration:  10%|█         | 177/1720 [00:38<05:00,  5.14it/s]Sat Dec 19 22:07:04 2020[1,0]<stdout>:
Iteration:  10%|█         | 178/1720 [00:38<04:59,  5.16it/s]Sat Dec 19 22:07:04 2020[1,0]<stdout>:
Iteration:  10%|█         | 179/1720 [00:38<04:58,  5.17it/s]Sat Dec 19 22:07:05 2020[1,0]<stdout>:
Iteration:  10%|█         | 180/1720 [00:38<04:57,  5.18it/s]Sat Dec 19 22:07:05 2020[1,0]<stdout>:
Iteration:  11%|█         | 181/1720 [00:38<04:57,  5.17it/s]Sat Dec 19 22:07:05 2020[1,0]<stdout>:
Iteration:  11%|█         | 182/1720 [00:39<04:57,  5.17it/s]Sat Dec 19 22:07:05 2020[1,0]<stdout>:
Iteration:  11%|█         | 183/1720 [00:39<04:57,  5.16it/s]Sat Dec 19 22:07:05 2020[1,0]<stdout>:
Iteration:  11%|█         | 184/1720 [00:39<04:58,  5.15it/s]Sat Dec 19 22:07:06 2020[1,0]<stdout>:
Iteration:  11%|█         | 185/1720 [00:39<04:56,  5.17it/s]Sat Dec 19 22:07:06 2020[1,0]<stdout>:
Iteration:  11%|█         | 186/1720 [00:39<04:54,  5.20it/s]Sat Dec 19 22:07:06 2020[1,0]<stdout>:
Iteration:  11%|█         | 187/1720 [00:40<04:54,  5.20it/s]Sat Dec 19 22:07:06 2020[1,0]<stdout>:
Iteration:  11%|█         | 188/1720 [00:40<04:54,  5.19it/s]Sat Dec 19 22:07:06 2020[1,0]<stdout>:
Iteration:  11%|█         | 189/1720 [00:40<04:55,  5.18it/s]Sat Dec 19 22:07:06 2020[1,0]<stdout>:
Iteration:  11%|█         | 190/1720 [00:40<04:55,  5.17it/s]Sat Dec 19 22:07:07 2020[1,0]<stdout>:
Iteration:  11%|█         | 191/1720 [00:40<04:56,  5.15it/s]Sat Dec 19 22:07:07 2020[1,0]<stdout>:
Iteration:  11%|█         | 192/1720 [00:41<04:56,  5.16it/s]Sat Dec 19 22:07:07 2020[1,0]<stdout>:
Iteration:  11%|█         | 193/1720 [00:41<04:54,  5.18it/s]Sat Dec 19 22:07:07 2020[1,0]<stdout>:
Iteration:  11%|█▏        | 194/1720 [00:41<04:54,  5.18it/s]Sat Dec 19 22:07:07 2020[1,0]<stdout>:
Iteration:  11%|█▏        | 195/1720 [00:41<04:54,  5.17it/s]Sat Dec 19 22:07:08 2020[1,0]<stdout>:
Iteration:  11%|█▏        | 196/1720 [00:41<04:55,  5.16it/s]Sat Dec 19 22:07:08 2020[1,0]<stdout>:
Iteration:  11%|█▏        | 197/1720 [00:42<04:54,  5.16it/s]Sat Dec 19 22:07:08 2020[1,0]<stdout>:
Iteration:  12%|█▏        | 198/1720 [00:42<04:55,  5.14it/s]Sat Dec 19 22:07:08 2020[1,0]<stdout>:
Iteration:  12%|█▏        | 199/1720 [00:42<04:54,  5.16it/s]Sat Dec 19 22:07:08 2020[1,0]<stdout>:
Iteration:  12%|█▏        | 200/1720 [00:42<04:55,  5.14it/s]Sat Dec 19 22:07:09 2020[1,0]<stdout>:
Iteration:  12%|█▏        | 201/1720 [00:42<04:55,  5.14it/s]Sat Dec 19 22:07:09 2020[1,0]<stdout>:
Iteration:  12%|█▏        | 202/1720 [00:42<04:53,  5.17it/s]Sat Dec 19 22:07:09 2020[1,0]<stdout>:
Iteration:  12%|█▏        | 203/1720 [00:43<04:54,  5.15it/s]Sat Dec 19 22:07:09 2020[1,0]<stdout>:
Iteration:  12%|█▏        | 204/1720 [00:43<04:53,  5.16it/s]Sat Dec 19 22:07:09 2020[1,0]<stdout>:
Iteration:  12%|█▏        | 205/1720 [00:43<04:53,  5.16it/s]Sat Dec 19 22:07:10 2020[1,0]<stdout>:
Iteration:  12%|█▏        | 206/1720 [00:43<04:52,  5.18it/s]Sat Dec 19 22:07:10 2020[1,0]<stdout>:
Iteration:  12%|█▏        | 207/1720 [00:43<04:52,  5.18it/s]Sat Dec 19 22:07:10 2020[1,0]<stdout>:
Iteration:  12%|█▏        | 208/1720 [00:44<04:55,  5.11it/s]Sat Dec 19 22:07:10 2020[1,0]<stdout>:
Iteration:  12%|█▏        | 209/1720 [00:44<04:54,  5.12it/s]Sat Dec 19 22:07:10 2020[1,0]<stdout>:
Iteration:  12%|█▏        | 210/1720 [00:44<04:53,  5.15it/s]Sat Dec 19 22:07:11 2020[1,0]<stdout>:
Iteration:  12%|█▏        | 211/1720 [00:44<04:53,  5.14it/s]Sat Dec 19 22:07:11 2020[1,0]<stdout>:
Iteration:  12%|█▏        | 212/1720 [00:44<04:52,  5.16it/s]Sat Dec 19 22:07:11 2020[1,0]<stdout>:
Iteration:  12%|█▏        | 213/1720 [00:45<04:49,  5.20it/s]Sat Dec 19 22:07:11 2020[1,0]<stdout>:
Iteration:  12%|█▏        | 214/1720 [00:45<04:49,  5.20it/s]Sat Dec 19 22:07:11 2020[1,0]<stdout>:
Iteration:  12%|█▎        | 215/1720 [00:45<04:50,  5.19it/s]Sat Dec 19 22:07:12 2020[1,0]<stdout>:
Iteration:  13%|█▎        | 216/1720 [00:45<04:51,  5.16it/s]Sat Dec 19 22:07:12 2020[1,0]<stdout>:
Iteration:  13%|█▎        | 217/1720 [00:45<04:51,  5.16it/s]Sat Dec 19 22:07:12 2020[1,0]<stdout>:
Iteration:  13%|█▎        | 218/1720 [00:46<04:51,  5.15it/s]Sat Dec 19 22:07:12 2020[1,0]<stdout>:
Iteration:  13%|█▎        | 219/1720 [00:46<04:50,  5.16it/s]Sat Dec 19 22:07:12 2020[1,0]<stdout>:
Iteration:  13%|█▎        | 220/1720 [00:46<04:50,  5.16it/s]Sat Dec 19 22:07:12 2020[1,0]<stdout>:
Iteration:  13%|█▎        | 221/1720 [00:46<04:50,  5.16it/s]Sat Dec 19 22:07:13 2020[1,0]<stdout>:
Iteration:  13%|█▎        | 222/1720 [00:46<04:49,  5.17it/s]Sat Dec 19 22:07:13 2020[1,0]<stdout>:
Iteration:  13%|█▎        | 223/1720 [00:47<04:49,  5.16it/s]Sat Dec 19 22:07:13 2020[1,0]<stdout>:
Iteration:  13%|█▎        | 224/1720 [00:47<04:49,  5.16it/s]Sat Dec 19 22:07:13 2020[1,0]<stdout>:
Iteration:  13%|█▎        | 225/1720 [00:47<04:49,  5.16it/s]Sat Dec 19 22:07:13 2020[1,0]<stdout>:
Iteration:  13%|█▎        | 226/1720 [00:47<04:49,  5.16it/s]Sat Dec 19 22:07:14 2020[1,0]<stdout>:
Iteration:  13%|█▎        | 227/1720 [00:47<04:48,  5.17it/s]Sat Dec 19 22:07:14 2020[1,0]<stdout>:
Iteration:  13%|█▎        | 228/1720 [00:48<04:48,  5.17it/s]Sat Dec 19 22:07:14 2020[1,0]<stdout>:
Iteration:  13%|█▎        | 229/1720 [00:48<04:47,  5.18it/s]Sat Dec 19 22:07:14 2020[1,0]<stdout>:
Iteration:  13%|█▎        | 230/1720 [00:48<04:48,  5.17it/s]Sat Dec 19 22:07:14 2020[1,0]<stdout>:
Iteration:  13%|█▎        | 231/1720 [00:48<04:48,  5.17it/s]Sat Dec 19 22:07:15 2020[1,0]<stdout>:
Iteration:  13%|█▎        | 232/1720 [00:48<04:46,  5.19it/s]Sat Dec 19 22:07:15 2020[1,0]<stdout>:
Iteration:  14%|█▎        | 233/1720 [00:48<04:47,  5.18it/s]Sat Dec 19 22:07:15 2020[1,0]<stdout>:
Iteration:  14%|█▎        | 234/1720 [00:49<04:47,  5.16it/s]Sat Dec 19 22:07:15 2020[1,0]<stdout>:
Iteration:  14%|█▎        | 235/1720 [00:49<04:47,  5.17it/s]Sat Dec 19 22:07:15 2020[1,0]<stdout>:
Iteration:  14%|█▎        | 236/1720 [00:49<04:46,  5.17it/s]Sat Dec 19 22:07:16 2020[1,0]<stdout>:
Iteration:  14%|█▍        | 237/1720 [00:49<04:46,  5.17it/s]Sat Dec 19 22:07:16 2020[1,0]<stdout>:
Iteration:  14%|█▍        | 238/1720 [00:49<04:47,  5.15it/s]Sat Dec 19 22:07:16 2020[1,0]<stdout>:
Iteration:  14%|█▍        | 239/1720 [00:50<04:46,  5.17it/s]Sat Dec 19 22:07:16 2020[1,0]<stdout>:
Iteration:  14%|█▍        | 240/1720 [00:50<04:45,  5.18it/s]Sat Dec 19 22:07:16 2020[1,0]<stdout>:
Iteration:  14%|█▍        | 241/1720 [00:50<04:45,  5.18it/s]Sat Dec 19 22:07:17 2020[1,0]<stdout>:
Iteration:  14%|█▍        | 242/1720 [00:50<04:43,  5.21it/s]Sat Dec 19 22:07:17 2020[1,0]<stdout>:
Iteration:  14%|█▍        | 243/1720 [00:50<04:44,  5.19it/s]Sat Dec 19 22:07:17 2020[1,0]<stdout>:
Iteration:  14%|█▍        | 244/1720 [00:51<04:43,  5.20it/s]Sat Dec 19 22:07:17 2020[1,0]<stdout>:
Iteration:  14%|█▍        | 245/1720 [00:51<04:44,  5.19it/s]Sat Dec 19 22:07:17 2020[1,0]<stdout>:
Iteration:  14%|█▍        | 246/1720 [00:51<04:44,  5.18it/s]Sat Dec 19 22:07:18 2020[1,0]<stdout>:
Iteration:  14%|█▍        | 247/1720 [00:51<04:44,  5.17it/s]Sat Dec 19 22:07:18 2020[1,0]<stdout>:
Iteration:  14%|█▍        | 248/1720 [00:51<04:45,  5.16it/s]Sat Dec 19 22:07:18 2020[1,0]<stdout>:
Iteration:  14%|█▍        | 249/1720 [00:52<04:44,  5.17it/s]Sat Dec 19 22:07:18 2020[1,0]<stdout>:
Iteration:  15%|█▍        | 250/1720 [00:52<04:44,  5.17it/s]Sat Dec 19 22:07:18 2020[1,0]<stdout>:DLL 2020-12-19 22:07:18.805371 - Training Epoch: 0 Training Iteration: 28  average_loss : 8.16839599609375  step_loss : 8.2177734375  learning_rate : 0.0021908902300206644
Sat Dec 19 22:07:18 2020[1,0]<stdout>:
Iteration:  15%|█▍        | 251/1720 [00:52<04:49,  5.08it/s]Sat Dec 19 22:07:18 2020[1,0]<stdout>:
Iteration:  15%|█▍        | 252/1720 [00:52<04:46,  5.13it/s]Sat Dec 19 22:07:19 2020[1,0]<stdout>:
Iteration:  15%|█▍        | 253/1720 [00:52<04:44,  5.15it/s]Sat Dec 19 22:07:19 2020[1,0]<stdout>:
Iteration:  15%|█▍        | 254/1720 [00:53<04:44,  5.15it/s]Sat Dec 19 22:07:19 2020[1,0]<stdout>:
Iteration:  15%|█▍        | 255/1720 [00:53<04:43,  5.16it/s]Sat Dec 19 22:07:19 2020[1,0]<stdout>:
Iteration:  15%|█▍        | 256/1720 [00:53<04:42,  5.19it/s]Sat Dec 19 22:07:19 2020[1,0]<stdout>:
Iteration:  15%|█▍        | 257/1720 [00:53<04:42,  5.19it/s]Sat Dec 19 22:07:20 2020[1,0]<stdout>:
Iteration:  15%|█▌        | 258/1720 [00:53<04:43,  5.16it/s]Sat Dec 19 22:07:20 2020[1,0]<stdout>:
Iteration:  15%|█▌        | 259/1720 [00:54<04:42,  5.18it/s]Sat Dec 19 22:07:20 2020[1,0]<stdout>:
Iteration:  15%|█▌        | 260/1720 [00:54<04:40,  5.20it/s]Sat Dec 19 22:07:20 2020[1,0]<stdout>:
Iteration:  15%|█▌        | 261/1720 [00:54<04:42,  5.17it/s]Sat Dec 19 22:07:20 2020[1,0]<stdout>:
Iteration:  15%|█▌        | 262/1720 [00:54<04:42,  5.16it/s]Sat Dec 19 22:07:21 2020[1,0]<stdout>:
Iteration:  15%|█▌        | 263/1720 [00:54<04:42,  5.15it/s]Sat Dec 19 22:07:21 2020[1,0]<stdout>:
Iteration:  15%|█▌        | 264/1720 [00:54<04:42,  5.15it/s]Sat Dec 19 22:07:21 2020[1,0]<stdout>:
Iteration:  15%|█▌        | 265/1720 [00:55<04:42,  5.15it/s]Sat Dec 19 22:07:21 2020[1,0]<stdout>:
Iteration:  15%|█▌        | 266/1720 [00:55<04:42,  5.15it/s]Sat Dec 19 22:07:21 2020[1,0]<stdout>:
Iteration:  16%|█▌        | 267/1720 [00:55<04:41,  5.15it/s]Sat Dec 19 22:07:22 2020[1,0]<stdout>:
Iteration:  16%|█▌        | 268/1720 [00:55<04:40,  5.18it/s]Sat Dec 19 22:07:22 2020[1,0]<stdout>:
Iteration:  16%|█▌        | 269/1720 [00:55<04:41,  5.16it/s]Sat Dec 19 22:07:22 2020[1,0]<stdout>:
Iteration:  16%|█▌        | 270/1720 [00:56<04:41,  5.15it/s]Sat Dec 19 22:07:22 2020[1,0]<stdout>:
Iteration:  16%|█▌        | 271/1720 [00:56<04:40,  5.17it/s]Sat Dec 19 22:07:22 2020[1,0]<stdout>:
Iteration:  16%|█▌        | 272/1720 [00:56<04:40,  5.17it/s]Sat Dec 19 22:07:23 2020[1,0]<stdout>:
Iteration:  16%|█▌        | 273/1720 [00:56<04:40,  5.16it/s]Sat Dec 19 22:07:23 2020[1,0]<stdout>:
Iteration:  16%|█▌        | 274/1720 [00:56<04:40,  5.15it/s]Sat Dec 19 22:07:23 2020[1,0]<stdout>:
Iteration:  16%|█▌        | 275/1720 [00:57<04:40,  5.15it/s]Sat Dec 19 22:07:23 2020[1,0]<stdout>:
Iteration:  16%|█▌        | 276/1720 [00:57<04:40,  5.14it/s]Sat Dec 19 22:07:23 2020[1,0]<stdout>:
Iteration:  16%|█▌        | 277/1720 [00:57<04:40,  5.15it/s]Sat Dec 19 22:07:24 2020[1,0]<stdout>:
Iteration:  16%|█▌        | 278/1720 [00:57<04:39,  5.15it/s]Sat Dec 19 22:07:24 2020[1,0]<stdout>:
Iteration:  16%|█▌        | 279/1720 [00:57<04:38,  5.17it/s]Sat Dec 19 22:07:24 2020[1,0]<stdout>:
Iteration:  16%|█▋        | 280/1720 [00:58<04:38,  5.17it/s]Sat Dec 19 22:07:24 2020[1,0]<stdout>:
Iteration:  16%|█▋        | 281/1720 [00:58<04:38,  5.17it/s]Sat Dec 19 22:07:24 2020[1,0]<stdout>:
Iteration:  16%|█▋        | 282/1720 [00:58<04:38,  5.17it/s]Sat Dec 19 22:07:24 2020[1,0]<stdout>:
Iteration:  16%|█▋        | 283/1720 [00:58<04:37,  5.17it/s]Sat Dec 19 22:07:25 2020[1,0]<stdout>:
Iteration:  17%|█▋        | 284/1720 [00:58<04:38,  5.15it/s]Sat Dec 19 22:07:25 2020[1,0]<stdout>:
Iteration:  17%|█▋        | 285/1720 [00:59<04:38,  5.16it/s]Sat Dec 19 22:07:25 2020[1,0]<stdout>:
Iteration:  17%|█▋        | 286/1720 [00:59<04:36,  5.18it/s]Sat Dec 19 22:07:25 2020[1,0]<stdout>:
Iteration:  17%|█▋        | 287/1720 [00:59<04:35,  5.21it/s]Sat Dec 19 22:07:25 2020[1,0]<stdout>:
Iteration:  17%|█▋        | 288/1720 [00:59<04:35,  5.20it/s]Sat Dec 19 22:07:26 2020[1,0]<stdout>:
Iteration:  17%|█▋        | 289/1720 [00:59<04:35,  5.19it/s]Sat Dec 19 22:07:26 2020[1,0]<stdout>:
Iteration:  17%|█▋        | 290/1720 [01:00<04:36,  5.17it/s]Sat Dec 19 22:07:26 2020[1,0]<stdout>:
Iteration:  17%|█▋        | 291/1720 [01:00<04:37,  5.15it/s]Sat Dec 19 22:07:26 2020[1,0]<stdout>:
Iteration:  17%|█▋        | 292/1720 [01:00<04:37,  5.14it/s]Sat Dec 19 22:07:26 2020[1,0]<stdout>:
Iteration:  17%|█▋        | 293/1720 [01:00<04:36,  5.15it/s]Sat Dec 19 22:07:27 2020[1,0]<stdout>:
Iteration:  17%|█▋        | 294/1720 [01:00<04:38,  5.11it/s]Sat Dec 19 22:07:27 2020[1,0]<stdout>:
Iteration:  17%|█▋        | 295/1720 [01:00<04:38,  5.12it/s]Sat Dec 19 22:07:27 2020[1,0]<stdout>:
Iteration:  17%|█▋        | 296/1720 [01:01<04:36,  5.15it/s]Sat Dec 19 22:07:27 2020[1,0]<stdout>:
Iteration:  17%|█▋        | 297/1720 [01:01<04:36,  5.15it/s]Sat Dec 19 22:07:27 2020[1,0]<stdout>:
Iteration:  17%|█▋        | 298/1720 [01:01<04:36,  5.14it/s]Sat Dec 19 22:07:28 2020[1,0]<stdout>:
Iteration:  17%|█▋        | 299/1720 [01:01<04:36,  5.15it/s]Sat Dec 19 22:07:28 2020[1,0]<stdout>:
Iteration:  17%|█▋        | 300/1720 [01:01<04:34,  5.17it/s]Sat Dec 19 22:07:28 2020[1,0]<stdout>:
Iteration:  18%|█▊        | 301/1720 [01:02<04:35,  5.16it/s]Sat Dec 19 22:07:28 2020[1,0]<stdout>:
Iteration:  18%|█▊        | 302/1720 [01:02<04:38,  5.09it/s]Sat Dec 19 22:07:28 2020[1,0]<stdout>:
Iteration:  18%|█▊        | 303/1720 [01:02<04:38,  5.09it/s]Sat Dec 19 22:07:29 2020[1,0]<stdout>:
Iteration:  18%|█▊        | 304/1720 [01:02<04:35,  5.14it/s]Sat Dec 19 22:07:29 2020[1,0]<stdout>:
Iteration:  18%|█▊        | 305/1720 [01:02<04:34,  5.15it/s]Sat Dec 19 22:07:29 2020[1,0]<stdout>:
Iteration:  18%|█▊        | 306/1720 [01:03<04:33,  5.16it/s]Sat Dec 19 22:07:29 2020[1,0]<stdout>:
Iteration:  18%|█▊        | 307/1720 [01:03<04:34,  5.15it/s]Sat Dec 19 22:07:29 2020[1,0]<stdout>:
Iteration:  18%|█▊        | 308/1720 [01:03<04:33,  5.16it/s]Sat Dec 19 22:07:30 2020[1,0]<stdout>:
Iteration:  18%|█▊        | 309/1720 [01:03<04:32,  5.18it/s]Sat Dec 19 22:07:30 2020[1,0]<stdout>:
Iteration:  18%|█▊        | 310/1720 [01:03<04:32,  5.16it/s]Sat Dec 19 22:07:30 2020[1,0]<stdout>:
Iteration:  18%|█▊        | 311/1720 [01:04<04:32,  5.17it/s]Sat Dec 19 22:07:30 2020[1,0]<stdout>:
Iteration:  18%|█▊        | 312/1720 [01:04<04:31,  5.18it/s]Sat Dec 19 22:07:30 2020[1,0]<stdout>:
Iteration:  18%|█▊        | 313/1720 [01:04<04:31,  5.19it/s]Sat Dec 19 22:07:31 2020[1,0]<stdout>:
Iteration:  18%|█▊        | 314/1720 [01:04<04:30,  5.21it/s]Sat Dec 19 22:07:31 2020[1,0]<stdout>:
Iteration:  18%|█▊        | 315/1720 [01:04<04:30,  5.20it/s]Sat Dec 19 22:07:31 2020[1,0]<stdout>:
Iteration:  18%|█▊        | 316/1720 [01:05<04:30,  5.19it/s]Sat Dec 19 22:07:31 2020[1,0]<stdout>:
Iteration:  18%|█▊        | 317/1720 [01:05<04:30,  5.18it/s]Sat Dec 19 22:07:31 2020[1,0]<stdout>:
Iteration:  18%|█▊        | 318/1720 [01:05<04:29,  5.20it/s]Sat Dec 19 22:07:31 2020[1,0]<stdout>:
Iteration:  19%|█▊        | 319/1720 [01:05<04:30,  5.18it/s]Sat Dec 19 22:07:32 2020[1,0]<stdout>:
Iteration:  19%|█▊        | 320/1720 [01:05<04:30,  5.17it/s]Sat Dec 19 22:07:32 2020[1,0]<stdout>:
Iteration:  19%|█▊        | 321/1720 [01:06<04:31,  5.15it/s]Sat Dec 19 22:07:32 2020[1,0]<stdout>:
Iteration:  19%|█▊        | 322/1720 [01:06<04:30,  5.17it/s]Sat Dec 19 22:07:32 2020[1,0]<stdout>:
Iteration:  19%|█▉        | 323/1720 [01:06<04:30,  5.16it/s]Sat Dec 19 22:07:32 2020[1,0]<stdout>:
Iteration:  19%|█▉        | 324/1720 [01:06<04:30,  5.16it/s]Sat Dec 19 22:07:33 2020[1,0]<stdout>:
Iteration:  19%|█▉        | 325/1720 [01:06<04:31,  5.14it/s]Sat Dec 19 22:07:33 2020[1,0]<stdout>:
Iteration:  19%|█▉        | 326/1720 [01:06<04:31,  5.13it/s]Sat Dec 19 22:07:33 2020[1,0]<stdout>:
Iteration:  19%|█▉        | 327/1720 [01:07<04:31,  5.13it/s]Sat Dec 19 22:07:33 2020[1,0]<stdout>:
Iteration:  19%|█▉        | 328/1720 [01:07<04:30,  5.14it/s]Sat Dec 19 22:07:33 2020[1,0]<stdout>:
Iteration:  19%|█▉        | 329/1720 [01:07<04:29,  5.15it/s]Sat Dec 19 22:07:34 2020[1,0]<stdout>:
Iteration:  19%|█▉        | 330/1720 [01:07<04:29,  5.16it/s]Sat Dec 19 22:07:34 2020[1,0]<stdout>:
Iteration:  19%|█▉        | 331/1720 [01:07<04:27,  5.19it/s]Sat Dec 19 22:07:34 2020[1,0]<stdout>:
Iteration:  19%|█▉        | 332/1720 [01:08<04:28,  5.18it/s]Sat Dec 19 22:07:34 2020[1,0]<stdout>:
Iteration:  19%|█▉        | 333/1720 [01:08<04:28,  5.17it/s]Sat Dec 19 22:07:34 2020[1,0]<stdout>:
Iteration:  19%|█▉        | 334/1720 [01:08<04:28,  5.17it/s]Sat Dec 19 22:07:35 2020[1,0]<stdout>:
Iteration:  19%|█▉        | 335/1720 [01:08<04:28,  5.17it/s]Sat Dec 19 22:07:35 2020[1,0]<stdout>:
Iteration:  20%|█▉        | 336/1720 [01:08<04:27,  5.18it/s]Sat Dec 19 22:07:35 2020[1,0]<stdout>:
Iteration:  20%|█▉        | 337/1720 [01:09<04:26,  5.18it/s]Sat Dec 19 22:07:35 2020[1,0]<stdout>:
Iteration:  20%|█▉        | 338/1720 [01:09<04:27,  5.17it/s]Sat Dec 19 22:07:35 2020[1,0]<stdout>:
Iteration:  20%|█▉        | 339/1720 [01:09<04:26,  5.19it/s]Sat Dec 19 22:07:36 2020[1,0]<stdout>:
Iteration:  20%|█▉        | 340/1720 [01:09<04:26,  5.18it/s]Sat Dec 19 22:07:36 2020[1,0]<stdout>:
Iteration:  20%|█▉        | 341/1720 [01:09<04:26,  5.17it/s]Sat Dec 19 22:07:36 2020[1,0]<stdout>:
Iteration:  20%|█▉        | 342/1720 [01:10<04:26,  5.17it/s]Sat Dec 19 22:07:36 2020[1,0]<stdout>:
Iteration:  20%|█▉        | 343/1720 [01:10<04:27,  5.15it/s]Sat Dec 19 22:07:36 2020[1,0]<stdout>:
Iteration:  20%|██        | 344/1720 [01:10<04:25,  5.19it/s]Sat Dec 19 22:07:37 2020[1,0]<stdout>:
Iteration:  20%|██        | 345/1720 [01:10<04:24,  5.19it/s]Sat Dec 19 22:07:37 2020[1,0]<stdout>:
Iteration:  20%|██        | 346/1720 [01:10<04:24,  5.20it/s]Sat Dec 19 22:07:37 2020[1,0]<stdout>:
Iteration:  20%|██        | 347/1720 [01:11<04:25,  5.18it/s]Sat Dec 19 22:07:37 2020[1,0]<stdout>:
Iteration:  20%|██        | 348/1720 [01:11<04:25,  5.17it/s]Sat Dec 19 22:07:37 2020[1,0]<stdout>:
Iteration:  20%|██        | 349/1720 [01:11<04:24,  5.18it/s]Sat Dec 19 22:07:37 2020[1,0]<stdout>:
Iteration:  20%|██        | 350/1720 [01:11<04:24,  5.18it/s]Sat Dec 19 22:07:38 2020[1,0]<stdout>:
Iteration:  20%|██        | 351/1720 [01:11<04:23,  5.19it/s]Sat Dec 19 22:07:38 2020[1,0]<stdout>:
Iteration:  20%|██        | 352/1720 [01:12<04:23,  5.18it/s]Sat Dec 19 22:07:38 2020[1,0]<stdout>:
Iteration:  21%|██        | 353/1720 [01:12<04:24,  5.17it/s]Sat Dec 19 22:07:38 2020[1,0]<stdout>:
Iteration:  21%|██        | 354/1720 [01:12<04:24,  5.17it/s]Sat Dec 19 22:07:38 2020[1,0]<stdout>:
Iteration:  21%|██        | 355/1720 [01:12<04:23,  5.17it/s]Sat Dec 19 22:07:39 2020[1,0]<stdout>:
Iteration:  21%|██        | 356/1720 [01:12<04:24,  5.17it/s]Sat Dec 19 22:07:39 2020[1,0]<stdout>:
Iteration:  21%|██        | 357/1720 [01:12<04:25,  5.14it/s]Sat Dec 19 22:07:39 2020[1,0]<stdout>:
Iteration:  21%|██        | 358/1720 [01:13<04:25,  5.13it/s]Sat Dec 19 22:07:39 2020[1,0]<stdout>:
Iteration:  21%|██        | 359/1720 [01:13<04:24,  5.15it/s]Sat Dec 19 22:07:39 2020[1,0]<stdout>:
Iteration:  21%|██        | 360/1720 [01:13<04:21,  5.19it/s]Sat Dec 19 22:07:40 2020[1,0]<stdout>:
Iteration:  21%|██        | 361/1720 [01:13<04:22,  5.17it/s]Sat Dec 19 22:07:40 2020[1,0]<stdout>:
Iteration:  21%|██        | 362/1720 [01:13<04:22,  5.17it/s]Sat Dec 19 22:07:40 2020[1,0]<stdout>:
Iteration:  21%|██        | 363/1720 [01:14<04:23,  5.15it/s]Sat Dec 19 22:07:40 2020[1,0]<stdout>:
Iteration:  21%|██        | 364/1720 [01:14<04:23,  5.15it/s]Sat Dec 19 22:07:40 2020[1,0]<stdout>:
Iteration:  21%|██        | 365/1720 [01:14<04:22,  5.15it/s]Sat Dec 19 22:07:41 2020[1,0]<stdout>:
Iteration:  21%|██▏       | 366/1720 [01:14<04:22,  5.16it/s]Sat Dec 19 22:07:41 2020[1,0]<stdout>:
Iteration:  21%|██▏       | 367/1720 [01:14<04:21,  5.18it/s]Sat Dec 19 22:07:41 2020[1,0]<stdout>:
Iteration:  21%|██▏       | 368/1720 [01:15<04:21,  5.17it/s]Sat Dec 19 22:07:41 2020[1,0]<stdout>:
Iteration:  21%|██▏       | 369/1720 [01:15<04:21,  5.16it/s]Sat Dec 19 22:07:41 2020[1,0]<stdout>:
Iteration:  22%|██▏       | 370/1720 [01:15<04:22,  5.14it/s]Sat Dec 19 22:07:42 2020[1,0]<stdout>:
Iteration:  22%|██▏       | 371/1720 [01:15<04:22,  5.14it/s]Sat Dec 19 22:07:42 2020[1,0]<stdout>:
Iteration:  22%|██▏       | 372/1720 [01:15<04:20,  5.17it/s]Sat Dec 19 22:07:42 2020[1,0]<stdout>:
Iteration:  22%|██▏       | 373/1720 [01:16<04:20,  5.17it/s]Sat Dec 19 22:07:42 2020[1,0]<stdout>:
Iteration:  22%|██▏       | 374/1720 [01:16<04:20,  5.17it/s]Sat Dec 19 22:07:42 2020[1,0]<stdout>:
Iteration:  22%|██▏       | 375/1720 [01:16<04:19,  5.17it/s]Sat Dec 19 22:07:43 2020[1,0]<stdout>:
Iteration:  22%|██▏       | 376/1720 [01:16<04:19,  5.18it/s]Sat Dec 19 22:07:43 2020[1,0]<stdout>:
Iteration:  22%|██▏       | 377/1720 [01:16<04:20,  5.16it/s]Sat Dec 19 22:07:43 2020[1,0]<stdout>:
Iteration:  22%|██▏       | 378/1720 [01:17<04:20,  5.15it/s]Sat Dec 19 22:07:43 2020[1,0]<stdout>:
Iteration:  22%|██▏       | 379/1720 [01:17<04:19,  5.17it/s]Sat Dec 19 22:07:43 2020[1,0]<stdout>:
Iteration:  22%|██▏       | 380/1720 [01:17<04:18,  5.18it/s]Sat Dec 19 22:07:43 2020[1,0]<stdout>:
Iteration:  22%|██▏       | 381/1720 [01:17<04:18,  5.17it/s]Sat Dec 19 22:07:44 2020[1,0]<stdout>:
Iteration:  22%|██▏       | 382/1720 [01:17<04:17,  5.19it/s]Sat Dec 19 22:07:44 2020[1,0]<stdout>:DLL 2020-12-19 22:07:44.365701 - Training Epoch: 0 Training Iteration: 29  average_loss : 8.14166259765625  step_loss : 8.1573486328125  learning_rate : 0.0018973665961010274
Sat Dec 19 22:07:44 2020[1,0]<stdout>:
Iteration:  22%|██▏       | 383/1720 [01:18<04:21,  5.11it/s]Sat Dec 19 22:07:44 2020[1,0]<stdout>:
Iteration:  22%|██▏       | 384/1720 [01:18<04:20,  5.13it/s]Sat Dec 19 22:07:44 2020[1,0]<stdout>:
Iteration:  22%|██▏       | 385/1720 [01:18<04:19,  5.15it/s]Sat Dec 19 22:07:44 2020[1,0]<stdout>:
Iteration:  22%|██▏       | 386/1720 [01:18<04:18,  5.16it/s]Sat Dec 19 22:07:45 2020[1,0]<stdout>:
Iteration:  22%|██▎       | 387/1720 [01:18<04:18,  5.16it/s]Sat Dec 19 22:07:45 2020[1,0]<stdout>:
Iteration:  23%|██▎       | 388/1720 [01:19<04:21,  5.09it/s]Sat Dec 19 22:07:45 2020[1,0]<stdout>:
Iteration:  23%|██▎       | 389/1720 [01:19<04:21,  5.09it/s]Sat Dec 19 22:07:45 2020[1,0]<stdout>:
Iteration:  23%|██▎       | 390/1720 [01:19<04:18,  5.14it/s]Sat Dec 19 22:07:45 2020[1,0]<stdout>:
Iteration:  23%|██▎       | 391/1720 [01:19<04:17,  5.16it/s]Sat Dec 19 22:07:46 2020[1,0]<stdout>:
Iteration:  23%|██▎       | 392/1720 [01:19<04:16,  5.17it/s]Sat Dec 19 22:07:46 2020[1,0]<stdout>:
Iteration:  23%|██▎       | 393/1720 [01:19<04:16,  5.18it/s]Sat Dec 19 22:07:46 2020[1,0]<stdout>:
Iteration:  23%|██▎       | 394/1720 [01:20<04:15,  5.18it/s]Sat Dec 19 22:07:46 2020[1,0]<stdout>:
Iteration:  23%|██▎       | 395/1720 [01:20<04:15,  5.18it/s]Sat Dec 19 22:07:46 2020[1,0]<stdout>:
Iteration:  23%|██▎       | 396/1720 [01:20<04:18,  5.12it/s]Sat Dec 19 22:07:47 2020[1,0]<stdout>:
Iteration:  23%|██▎       | 397/1720 [01:20<04:18,  5.12it/s]Sat Dec 19 22:07:47 2020[1,0]<stdout>:
Iteration:  23%|██▎       | 398/1720 [01:20<04:18,  5.12it/s]Sat Dec 19 22:07:47 2020[1,0]<stdout>:
Iteration:  23%|██▎       | 399/1720 [01:21<04:15,  5.16it/s]Sat Dec 19 22:07:47 2020[1,0]<stdout>:
Iteration:  23%|██▎       | 400/1720 [01:21<04:15,  5.17it/s]Sat Dec 19 22:07:47 2020[1,0]<stdout>:
Iteration:  23%|██▎       | 401/1720 [01:21<04:15,  5.16it/s]Sat Dec 19 22:07:48 2020[1,0]<stdout>:
Iteration:  23%|██▎       | 402/1720 [01:21<04:15,  5.15it/s]Sat Dec 19 22:07:48 2020[1,0]<stdout>:
Iteration:  23%|██▎       | 403/1720 [01:21<04:15,  5.15it/s]Sat Dec 19 22:07:48 2020[1,0]<stdout>:
Iteration:  23%|██▎       | 404/1720 [01:22<04:14,  5.17it/s]Sat Dec 19 22:07:48 2020[1,0]<stdout>:
Iteration:  24%|██▎       | 405/1720 [01:22<04:13,  5.18it/s]Sat Dec 19 22:07:48 2020[1,0]<stdout>:
Iteration:  24%|██▎       | 406/1720 [01:22<04:13,  5.17it/s]Sat Dec 19 22:07:49 2020[1,0]<stdout>:
Iteration:  24%|██▎       | 407/1720 [01:22<04:13,  5.18it/s]Sat Dec 19 22:07:49 2020[1,0]<stdout>:
Iteration:  24%|██▎       | 408/1720 [01:22<04:13,  5.18it/s]Sat Dec 19 22:07:49 2020[1,0]<stdout>:
Iteration:  24%|██▍       | 409/1720 [01:23<04:13,  5.16it/s]Sat Dec 19 22:07:49 2020[1,0]<stdout>:
Iteration:  24%|██▍       | 410/1720 [01:23<04:12,  5.20it/s]Sat Dec 19 22:07:49 2020[1,0]<stdout>:
Iteration:  24%|██▍       | 411/1720 [01:23<04:12,  5.19it/s]Sat Dec 19 22:07:49 2020[1,0]<stdout>:
Iteration:  24%|██▍       | 412/1720 [01:23<04:11,  5.20it/s]Sat Dec 19 22:07:50 2020[1,0]<stdout>:
Iteration:  24%|██▍       | 413/1720 [01:23<04:12,  5.19it/s]Sat Dec 19 22:07:50 2020[1,0]<stdout>:
Iteration:  24%|██▍       | 414/1720 [01:24<04:11,  5.19it/s]Sat Dec 19 22:07:50 2020[1,0]<stdout>:
Iteration:  24%|██▍       | 415/1720 [01:24<04:10,  5.20it/s]Sat Dec 19 22:07:50 2020[1,0]<stdout>:
Iteration:  24%|██▍       | 416/1720 [01:24<04:11,  5.18it/s]Sat Dec 19 22:07:50 2020[1,0]<stdout>:
Iteration:  24%|██▍       | 417/1720 [01:24<04:11,  5.17it/s]Sat Dec 19 22:07:51 2020[1,0]<stdout>:
Iteration:  24%|██▍       | 418/1720 [01:24<04:10,  5.19it/s]Sat Dec 19 22:07:51 2020[1,0]<stdout>:
Iteration:  24%|██▍       | 419/1720 [01:24<04:12,  5.16it/s]Sat Dec 19 22:07:51 2020[1,0]<stdout>:
Iteration:  24%|██▍       | 420/1720 [01:25<04:12,  5.16it/s]Sat Dec 19 22:07:51 2020[1,0]<stdout>:
Iteration:  24%|██▍       | 421/1720 [01:25<04:11,  5.16it/s]Sat Dec 19 22:07:51 2020[1,0]<stdout>:
Iteration:  25%|██▍       | 422/1720 [01:25<04:11,  5.17it/s]Sat Dec 19 22:07:52 2020[1,0]<stdout>:
Iteration:  25%|██▍       | 423/1720 [01:25<04:10,  5.17it/s]Sat Dec 19 22:07:52 2020[1,0]<stdout>:
Iteration:  25%|██▍       | 424/1720 [01:25<04:10,  5.17it/s]Sat Dec 19 22:07:52 2020[1,0]<stdout>:
Iteration:  25%|██▍       | 425/1720 [01:26<04:10,  5.17it/s]Sat Dec 19 22:07:52 2020[1,0]<stdout>:
Iteration:  25%|██▍       | 426/1720 [01:26<04:10,  5.17it/s]Sat Dec 19 22:07:52 2020[1,0]<stdout>:
Iteration:  25%|██▍       | 427/1720 [01:26<04:11,  5.15it/s]Sat Dec 19 22:07:53 2020[1,0]<stdout>:
Iteration:  25%|██▍       | 428/1720 [01:26<04:09,  5.18it/s]Sat Dec 19 22:07:53 2020[1,0]<stdout>:
Iteration:  25%|██▍       | 429/1720 [01:26<04:10,  5.15it/s]Sat Dec 19 22:07:53 2020[1,0]<stdout>:
Iteration:  25%|██▌       | 430/1720 [01:27<04:10,  5.16it/s]Sat Dec 19 22:07:53 2020[1,0]<stdout>:
Iteration:  25%|██▌       | 431/1720 [01:27<04:10,  5.15it/s]Sat Dec 19 22:07:53 2020[1,0]<stdout>:
Iteration:  25%|██▌       | 432/1720 [01:27<04:08,  5.18it/s]Sat Dec 19 22:07:54 2020[1,0]<stdout>:
Iteration:  25%|██▌       | 433/1720 [01:27<04:08,  5.18it/s]Sat Dec 19 22:07:54 2020[1,0]<stdout>:
Iteration:  25%|██▌       | 434/1720 [01:27<04:07,  5.19it/s]Sat Dec 19 22:07:54 2020[1,0]<stdout>:
Iteration:  25%|██▌       | 435/1720 [01:28<04:07,  5.19it/s]Sat Dec 19 22:07:54 2020[1,0]<stdout>:
Iteration:  25%|██▌       | 436/1720 [01:28<04:07,  5.18it/s]Sat Dec 19 22:07:54 2020[1,0]<stdout>:
Iteration:  25%|██▌       | 437/1720 [01:28<04:07,  5.18it/s]Sat Dec 19 22:07:55 2020[1,0]<stdout>:
Iteration:  25%|██▌       | 438/1720 [01:28<04:07,  5.18it/s]Sat Dec 19 22:07:55 2020[1,0]<stdout>:
Iteration:  26%|██▌       | 439/1720 [01:28<04:07,  5.18it/s]Sat Dec 19 22:07:55 2020[1,0]<stdout>:
Iteration:  26%|██▌       | 440/1720 [01:29<04:07,  5.17it/s]Sat Dec 19 22:07:55 2020[1,0]<stdout>:
Iteration:  26%|██▌       | 441/1720 [01:29<04:07,  5.16it/s]Sat Dec 19 22:07:55 2020[1,0]<stdout>:
Iteration:  26%|██▌       | 442/1720 [01:29<04:07,  5.17it/s]Sat Dec 19 22:07:55 2020[1,0]<stdout>:
Iteration:  26%|██▌       | 443/1720 [01:29<04:06,  5.17it/s]Sat Dec 19 22:07:56 2020[1,0]<stdout>:
Iteration:  26%|██▌       | 444/1720 [01:29<04:06,  5.18it/s]Sat Dec 19 22:07:56 2020[1,0]<stdout>:
Iteration:  26%|██▌       | 445/1720 [01:30<04:04,  5.21it/s]Sat Dec 19 22:07:56 2020[1,0]<stdout>:
Iteration:  26%|██▌       | 446/1720 [01:30<04:05,  5.19it/s]Sat Dec 19 22:07:56 2020[1,0]<stdout>:
Iteration:  26%|██▌       | 447/1720 [01:30<04:05,  5.18it/s]Sat Dec 19 22:07:56 2020[1,0]<stdout>:
Iteration:  26%|██▌       | 448/1720 [01:30<04:05,  5.18it/s]Sat Dec 19 22:07:57 2020[1,0]<stdout>:
Iteration:  26%|██▌       | 449/1720 [01:30<04:05,  5.17it/s]Sat Dec 19 22:07:57 2020[1,0]<stdout>:
Iteration:  26%|██▌       | 450/1720 [01:30<04:04,  5.20it/s]Sat Dec 19 22:07:57 2020[1,0]<stdout>:
Iteration:  26%|██▌       | 451/1720 [01:31<04:07,  5.12it/s]Sat Dec 19 22:07:57 2020[1,0]<stdout>:
Iteration:  26%|██▋       | 452/1720 [01:31<04:07,  5.12it/s]Sat Dec 19 22:07:57 2020[1,0]<stdout>:
Iteration:  26%|██▋       | 453/1720 [01:31<04:05,  5.16it/s]Sat Dec 19 22:07:58 2020[1,0]<stdout>:
Iteration:  26%|██▋       | 454/1720 [01:31<04:05,  5.15it/s]Sat Dec 19 22:07:58 2020[1,0]<stdout>:
Iteration:  26%|██▋       | 455/1720 [01:31<04:05,  5.14it/s]Sat Dec 19 22:07:58 2020[1,0]<stdout>:
Iteration:  27%|██▋       | 456/1720 [01:32<04:06,  5.13it/s]Sat Dec 19 22:07:58 2020[1,0]<stdout>:
Iteration:  27%|██▋       | 457/1720 [01:32<04:04,  5.16it/s]Sat Dec 19 22:07:58 2020[1,0]<stdout>:
Iteration:  27%|██▋       | 458/1720 [01:32<04:04,  5.16it/s]Sat Dec 19 22:07:59 2020[1,0]<stdout>:
Iteration:  27%|██▋       | 459/1720 [01:32<04:06,  5.13it/s]Sat Dec 19 22:07:59 2020[1,0]<stdout>:
Iteration:  27%|██▋       | 460/1720 [01:32<04:06,  5.11it/s]Sat Dec 19 22:07:59 2020[1,0]<stdout>:
Iteration:  27%|██▋       | 461/1720 [01:33<04:06,  5.11it/s]Sat Dec 19 22:07:59 2020[1,0]<stdout>:
Iteration:  27%|██▋       | 462/1720 [01:33<04:03,  5.16it/s]Sat Dec 19 22:07:59 2020[1,0]<stdout>:
Iteration:  27%|██▋       | 463/1720 [01:33<04:03,  5.16it/s]Sat Dec 19 22:08:00 2020[1,0]<stdout>:
Iteration:  27%|██▋       | 464/1720 [01:33<04:02,  5.17it/s]Sat Dec 19 22:08:00 2020[1,0]<stdout>:
Iteration:  27%|██▋       | 465/1720 [01:33<04:02,  5.18it/s]Sat Dec 19 22:08:00 2020[1,0]<stdout>:
Iteration:  27%|██▋       | 466/1720 [01:34<04:01,  5.19it/s]Sat Dec 19 22:08:00 2020[1,0]<stdout>:
Iteration:  27%|██▋       | 467/1720 [01:34<04:01,  5.18it/s]Sat Dec 19 22:08:00 2020[1,0]<stdout>:
Iteration:  27%|██▋       | 468/1720 [01:34<04:02,  5.16it/s]Sat Dec 19 22:08:01 2020[1,0]<stdout>:
Iteration:  27%|██▋       | 469/1720 [01:34<04:02,  5.16it/s]Sat Dec 19 22:08:01 2020[1,0]<stdout>:
Iteration:  27%|██▋       | 470/1720 [01:34<04:01,  5.18it/s]Sat Dec 19 22:08:01 2020[1,0]<stdout>:
Iteration:  27%|██▋       | 471/1720 [01:35<04:01,  5.16it/s]Sat Dec 19 22:08:01 2020[1,0]<stdout>:
Iteration:  27%|██▋       | 472/1720 [01:35<04:01,  5.16it/s]Sat Dec 19 22:08:01 2020[1,0]<stdout>:
Iteration:  28%|██▊       | 473/1720 [01:35<04:01,  5.16it/s]Sat Dec 19 22:08:01 2020[1,0]<stdout>:
Iteration:  28%|██▊       | 474/1720 [01:35<04:01,  5.16it/s]Sat Dec 19 22:08:02 2020[1,0]<stdout>:
Iteration:  28%|██▊       | 475/1720 [01:35<03:59,  5.19it/s]Sat Dec 19 22:08:02 2020[1,0]<stdout>:
Iteration:  28%|██▊       | 476/1720 [01:36<03:59,  5.19it/s]Sat Dec 19 22:08:02 2020[1,0]<stdout>:
Iteration:  28%|██▊       | 477/1720 [01:36<03:59,  5.18it/s]Sat Dec 19 22:08:02 2020[1,0]<stdout>:
Iteration:  28%|██▊       | 478/1720 [01:36<04:00,  5.17it/s]Sat Dec 19 22:08:02 2020[1,0]<stdout>:
Iteration:  28%|██▊       | 479/1720 [01:36<04:00,  5.16it/s]Sat Dec 19 22:08:03 2020[1,0]<stdout>:
Iteration:  28%|██▊       | 480/1720 [01:36<04:00,  5.15it/s]Sat Dec 19 22:08:03 2020[1,0]<stdout>:
Iteration:  28%|██▊       | 481/1720 [01:36<03:58,  5.19it/s]Sat Dec 19 22:08:03 2020[1,0]<stdout>:
Iteration:  28%|██▊       | 482/1720 [01:37<03:59,  5.16it/s]Sat Dec 19 22:08:03 2020[1,0]<stdout>:
Iteration:  28%|██▊       | 483/1720 [01:37<03:58,  5.18it/s]Sat Dec 19 22:08:03 2020[1,0]<stdout>:
Iteration:  28%|██▊       | 484/1720 [01:37<03:58,  5.18it/s]Sat Dec 19 22:08:04 2020[1,0]<stdout>:
Iteration:  28%|██▊       | 485/1720 [01:37<03:58,  5.18it/s]Sat Dec 19 22:08:04 2020[1,0]<stdout>:
Iteration:  28%|██▊       | 486/1720 [01:37<03:58,  5.18it/s]Sat Dec 19 22:08:04 2020[1,0]<stdout>:
Iteration:  28%|██▊       | 487/1720 [01:38<03:58,  5.18it/s]Sat Dec 19 22:08:04 2020[1,0]<stdout>:
Iteration:  28%|██▊       | 488/1720 [01:38<03:57,  5.18it/s]Sat Dec 19 22:08:04 2020[1,0]<stdout>:
Iteration:  28%|██▊       | 489/1720 [01:38<03:57,  5.19it/s]Sat Dec 19 22:08:05 2020[1,0]<stdout>:
Iteration:  28%|██▊       | 490/1720 [01:38<03:58,  5.16it/s]Sat Dec 19 22:08:05 2020[1,0]<stdout>:
Iteration:  29%|██▊       | 491/1720 [01:38<03:58,  5.16it/s]Sat Dec 19 22:08:05 2020[1,0]<stdout>:
Iteration:  29%|██▊       | 492/1720 [01:39<03:58,  5.16it/s]Sat Dec 19 22:08:05 2020[1,0]<stdout>:
Iteration:  29%|██▊       | 493/1720 [01:39<03:58,  5.14it/s]Sat Dec 19 22:08:05 2020[1,0]<stdout>:
Iteration:  29%|██▊       | 494/1720 [01:39<03:57,  5.16it/s]Sat Dec 19 22:08:06 2020[1,0]<stdout>:
Iteration:  29%|██▉       | 495/1720 [01:39<03:55,  5.19it/s]Sat Dec 19 22:08:06 2020[1,0]<stdout>:
Iteration:  29%|██▉       | 496/1720 [01:39<03:56,  5.18it/s]Sat Dec 19 22:08:06 2020[1,0]<stdout>:
Iteration:  29%|██▉       | 497/1720 [01:40<03:56,  5.17it/s]Sat Dec 19 22:08:06 2020[1,0]<stdout>:
Iteration:  29%|██▉       | 498/1720 [01:40<03:56,  5.17it/s]Sat Dec 19 22:08:06 2020[1,0]<stdout>:
Iteration:  29%|██▉       | 499/1720 [01:40<03:55,  5.18it/s]Sat Dec 19 22:08:07 2020[1,0]<stdout>:
Iteration:  29%|██▉       | 500/1720 [01:40<03:56,  5.17it/s]Sat Dec 19 22:08:07 2020[1,0]<stdout>:
Iteration:  29%|██▉       | 501/1720 [01:40<03:56,  5.16it/s]Sat Dec 19 22:08:07 2020[1,0]<stdout>:
Iteration:  29%|██▉       | 502/1720 [01:41<03:55,  5.16it/s]Sat Dec 19 22:08:07 2020[1,0]<stdout>:
Iteration:  29%|██▉       | 503/1720 [01:41<03:55,  5.18it/s]Sat Dec 19 22:08:07 2020[1,0]<stdout>:
Iteration:  29%|██▉       | 504/1720 [01:41<03:54,  5.18it/s]Sat Dec 19 22:08:07 2020[1,0]<stdout>:
Iteration:  29%|██▉       | 505/1720 [01:41<03:55,  5.17it/s]Sat Dec 19 22:08:08 2020[1,0]<stdout>:
Iteration:  29%|██▉       | 506/1720 [01:41<03:54,  5.17it/s]Sat Dec 19 22:08:08 2020[1,0]<stdout>:
Iteration:  29%|██▉       | 507/1720 [01:42<03:55,  5.16it/s]Sat Dec 19 22:08:08 2020[1,0]<stdout>:
Iteration:  30%|██▉       | 508/1720 [01:42<03:53,  5.19it/s]Sat Dec 19 22:08:08 2020[1,0]<stdout>:
Iteration:  30%|██▉       | 509/1720 [01:42<03:52,  5.20it/s]Sat Dec 19 22:08:08 2020[1,0]<stdout>:
Iteration:  30%|██▉       | 510/1720 [01:42<03:53,  5.18it/s]Sat Dec 19 22:08:09 2020[1,0]<stdout>:
Iteration:  30%|██▉       | 511/1720 [01:42<03:54,  5.16it/s]Sat Dec 19 22:08:09 2020[1,0]<stdout>:
Iteration:  30%|██▉       | 512/1720 [01:42<03:54,  5.14it/s]Sat Dec 19 22:08:09 2020[1,0]<stdout>:
Iteration:  30%|██▉       | 513/1720 [01:43<03:54,  5.14it/s]Sat Dec 19 22:08:09 2020[1,0]<stdout>:
Iteration:  30%|██▉       | 514/1720 [01:43<03:55,  5.13it/s]Sat Dec 19 22:08:09 2020[1,0]<stdout>:DLL 2020-12-19 22:08:09.949999 - Training Epoch: 0 Training Iteration: 30  final_loss : 8.142915725708008
Sat Dec 19 22:08:09 2020[1,0]<stdout>:DLL 2020-12-19 22:08:09.950200 - PARAMETER checkpoint_step : 30
Sat Dec 19 22:08:11 2020[1,1]<stdout>:*****************************************
Sat Dec 19 22:08:11 2020[1,1]<stdout>:Setting OMP_NUM_THREADS environment variable for each process to be 1 in default, to avoid your system being overloaded, please further tune the variable for optimal performance in your application as needed.
Sat Dec 19 22:08:11 2020[1,1]<stdout>:*****************************************
Sat Dec 19 22:08:11 2020[1,3]<stdout>:*****************************************
Sat Dec 19 22:08:11 2020[1,3]<stdout>:Setting OMP_NUM_THREADS environment variable for each process to be 1 in default, to avoid your system being overloaded, please further tune the variable for optimal performance in your application as needed.
Sat Dec 19 22:08:11 2020[1,3]<stdout>:*****************************************
Sat Dec 19 22:08:11 2020[1,2]<stdout>:*****************************************
Sat Dec 19 22:08:11 2020[1,2]<stdout>:Setting OMP_NUM_THREADS environment variable for each process to be 1 in default, to avoid your system being overloaded, please further tune the variable for optimal performance in your application as needed.
Sat Dec 19 22:08:11 2020[1,2]<stdout>:*****************************************
Sat Dec 19 22:08:11 2020[1,1]<stderr>:+ set +x
Sat Dec 19 22:08:11 2020[1,1]<stdout>:finished pretraining
Sat Dec 19 22:08:11 2020[1,3]<stderr>:+ set +x
Sat Dec 19 22:08:11 2020[1,3]<stdout>:finished pretraining
Sat Dec 19 22:08:12 2020[1,2]<stderr>:+ set +x
Sat Dec 19 22:08:12 2020[1,2]<stdout>:finished pretraining
Sat Dec 19 22:08:12 2020[1,0]<stdout>:DLL 2020-12-19 22:08:12.064804 -  e2e_train_time : 791.4434759616852  training_sequences_per_second : 10391.24046019209  final_loss : 8.142915725708008  raw_train_time : 780.4727482795715
Sat Dec 19 22:08:12 2020[1,0]<stdout>: