Sat Dec 19 10:03:22 2020[1,2]<stdout>:Container nvidia build =
Sat Dec 19 10:03:22 2020[1,1]<stdout>:Container nvidia build =
Sat Dec 19 10:03:22 2020[1,3]<stdout>:Container nvidia build =
Sat Dec 19 10:03:22 2020[1,2]<stdout>:.//./data/hdf5_lower_case_1_seq_len_128_max_pred_20_masked_lm_prob_0.15_random_seed_12345_dupe_factor_5/wikicorpus_en/training//
Sat Dec 19 10:03:22 2020[1,2]<stdout>:pytorch cmd: python -m torch.distributed.launch --nproc_per_node=8 --nnodes 4 --node_rank=2 --master_addr=job-0bb5fdd5d478273b-trainer-0.a5139f34-68ad-5528-8bb7-a906d3bfbf7b --master_port=39731 .//run_pretraining.py --input_dir=.//./data/hdf5_lower_case_1_seq_len_128_max_pred_20_masked_lm_prob_0.15_random_seed_12345_dupe_factor_5/wikicorpus_en/training// --output_dir=.//results/checkpoints --config_file=bert_config_base.json --bert_model=bert-base-uncased --train_batch_size=8448 --max_seq_length=128 --max_predictions_per_seq=20 --max_steps=50 --warmup_proportion=0.2843 --num_steps_per_checkpoint=200 --learning_rate=6e-3 --seed=12439 --gradient_accumulation_steps=264 --allreduce_post_accumulation --allreduce_post_accumulation_fp16 --do_train --json-summary .//results/dllogger.json
Sat Dec 19 10:03:22 2020[1,3]<stdout>:.//./data/hdf5_lower_case_1_seq_len_128_max_pred_20_masked_lm_prob_0.15_random_seed_12345_dupe_factor_5/wikicorpus_en/training//
Sat Dec 19 10:03:22 2020[1,3]<stdout>:pytorch cmd: python -m torch.distributed.launch --nproc_per_node=8 --nnodes 4 --node_rank=3 --master_addr=job-0bb5fdd5d478273b-trainer-0.a5139f34-68ad-5528-8bb7-a906d3bfbf7b --master_port=39731 .//run_pretraining.py --input_dir=.//./data/hdf5_lower_case_1_seq_len_128_max_pred_20_masked_lm_prob_0.15_random_seed_12345_dupe_factor_5/wikicorpus_en/training// --output_dir=.//results/checkpoints --config_file=bert_config_base.json --bert_model=bert-base-uncased --train_batch_size=8448 --max_seq_length=128 --max_predictions_per_seq=20 --max_steps=50 --warmup_proportion=0.2843 --num_steps_per_checkpoint=200 --learning_rate=6e-3 --seed=12439 --gradient_accumulation_steps=264 --allreduce_post_accumulation --allreduce_post_accumulation_fp16 --do_train --json-summary .//results/dllogger.json
Sat Dec 19 10:03:22 2020[1,1]<stdout>:.//./data/hdf5_lower_case_1_seq_len_128_max_pred_20_masked_lm_prob_0.15_random_seed_12345_dupe_factor_5/wikicorpus_en/training//
Sat Dec 19 10:03:22 2020[1,1]<stdout>:pytorch cmd: python -m torch.distributed.launch --nproc_per_node=8 --nnodes 4 --node_rank=1 --master_addr=job-0bb5fdd5d478273b-trainer-0.a5139f34-68ad-5528-8bb7-a906d3bfbf7b --master_port=39731 .//run_pretraining.py --input_dir=.//./data/hdf5_lower_case_1_seq_len_128_max_pred_20_masked_lm_prob_0.15_random_seed_12345_dupe_factor_5/wikicorpus_en/training// --output_dir=.//results/checkpoints --config_file=bert_config_base.json --bert_model=bert-base-uncased --train_batch_size=8448 --max_seq_length=128 --max_predictions_per_seq=20 --max_steps=50 --warmup_proportion=0.2843 --num_steps_per_checkpoint=200 --learning_rate=6e-3 --seed=12439 --gradient_accumulation_steps=264 --allreduce_post_accumulation --allreduce_post_accumulation_fp16 --do_train --json-summary .//results/dllogger.json
Sat Dec 19 10:03:22 2020[1,0]<stdout>:Container nvidia build =  13419386
Sat Dec 19 10:03:22 2020[1,2]<stdout>:Logs written to .//results/bert_lamb_pretraining.pyt_bert_pretraining_phase1_fp32_gbs67584.201219100322.log
Sat Dec 19 10:03:22 2020[1,1]<stdout>:Logs written to .//results/bert_lamb_pretraining.pyt_bert_pretraining_phase1_fp32_gbs67584.201219100322.log
Sat Dec 19 10:03:22 2020[1,3]<stdout>:Logs written to .//results/bert_lamb_pretraining.pyt_bert_pretraining_phase1_fp32_gbs67584.201219100322.log
Sat Dec 19 10:03:22 2020[1,2]<stdout>:+ python -m torch.distributed.launch --nproc_per_node=8 --nnodes 4 --node_rank=2 --master_addr=job-0bb5fdd5d478273b-trainer-0.a5139f34-68ad-5528-8bb7-a906d3bfbf7b --master_port=39731 .//run_pretraining.py --input_dir=.//./data/hdf5_lower_case_1_seq_len_128_max_pred_20_masked_lm_prob_0.15_random_seed_12345_dupe_factor_5/wikicorpus_en/training// --output_dir=.//results/checkpoints --config_file=bert_config_base.json --bert_model=bert-base-uncased --train_batch_size=8448 --max_seq_length=128 --max_predictions_per_seq=20 --max_steps=50 --warmup_proportion=0.2843 --num_steps_per_checkpoint=200 --learning_rate=6e-3 --seed=12439 --gradient_accumulation_steps=264 --allreduce_post_accumulation --allreduce_post_accumulation_fp16 --do_train --json-summary .//results/dllogger.json
Sat Dec 19 10:03:22 2020[1,1]<stdout>:+ python -m torch.distributed.launch --nproc_per_node=8 --nnodes 4 --node_rank=1 --master_addr=job-0bb5fdd5d478273b-trainer-0.a5139f34-68ad-5528-8bb7-a906d3bfbf7b --master_port=39731 .//run_pretraining.py --input_dir=.//./data/hdf5_lower_case_1_seq_len_128_max_pred_20_masked_lm_prob_0.15_random_seed_12345_dupe_factor_5/wikicorpus_en/training// --output_dir=.//results/checkpoints --config_file=bert_config_base.json --bert_model=bert-base-uncased --train_batch_size=8448 --max_seq_length=128 --max_predictions_per_seq=20 --max_steps=50 --warmup_proportion=0.2843 --num_steps_per_checkpoint=200 --learning_rate=6e-3 --seed=12439 --gradient_accumulation_steps=264 --allreduce_post_accumulation --allreduce_post_accumulation_fp16 --do_train --json-summary .//results/dllogger.json
Sat Dec 19 10:03:22 2020[1,3]<stdout>:+ python -m torch.distributed.launch --nproc_per_node=8 --nnodes 4 --node_rank=3 --master_addr=job-0bb5fdd5d478273b-trainer-0.a5139f34-68ad-5528-8bb7-a906d3bfbf7b --master_port=39731 .//run_pretraining.py --input_dir=.//./data/hdf5_lower_case_1_seq_len_128_max_pred_20_masked_lm_prob_0.15_random_seed_12345_dupe_factor_5/wikicorpus_en/training// --output_dir=.//results/checkpoints --config_file=bert_config_base.json --bert_model=bert-base-uncased --train_batch_size=8448 --max_seq_length=128 --max_predictions_per_seq=20 --max_steps=50 --warmup_proportion=0.2843 --num_steps_per_checkpoint=200 --learning_rate=6e-3 --seed=12439 --gradient_accumulation_steps=264 --allreduce_post_accumulation --allreduce_post_accumulation_fp16 --do_train --json-summary .//results/dllogger.json
Sat Dec 19 10:03:22 2020[1,0]<stdout>:.//./data/hdf5_lower_case_1_seq_len_128_max_pred_20_masked_lm_prob_0.15_random_seed_12345_dupe_factor_5/wikicorpus_en/training//
Sat Dec 19 10:03:22 2020[1,0]<stdout>:pytorch cmd: python -m torch.distributed.launch --nproc_per_node=8 --nnodes 4 --node_rank=0 --master_addr=job-0bb5fdd5d478273b-trainer-0.a5139f34-68ad-5528-8bb7-a906d3bfbf7b --master_port=39731 .//run_pretraining.py --input_dir=.//./data/hdf5_lower_case_1_seq_len_128_max_pred_20_masked_lm_prob_0.15_random_seed_12345_dupe_factor_5/wikicorpus_en/training// --output_dir=.//results/checkpoints --config_file=bert_config_base.json --bert_model=bert-base-uncased --train_batch_size=8448 --max_seq_length=128 --max_predictions_per_seq=20 --max_steps=50 --warmup_proportion=0.2843 --num_steps_per_checkpoint=200 --learning_rate=6e-3 --seed=12439 --gradient_accumulation_steps=264 --allreduce_post_accumulation --allreduce_post_accumulation_fp16 --do_train --json-summary .//results/dllogger.json
Sat Dec 19 10:03:22 2020[1,0]<stdout>:Logs written to .//results/bert_lamb_pretraining.pyt_bert_pretraining_phase1_fp32_gbs67584.201219100322.log
Sat Dec 19 10:03:22 2020[1,0]<stdout>:+ python -m torch.distributed.launch --nproc_per_node=8 --nnodes 4 --node_rank=0 --master_addr=job-0bb5fdd5d478273b-trainer-0.a5139f34-68ad-5528-8bb7-a906d3bfbf7b --master_port=39731 .//run_pretraining.py --input_dir=.//./data/hdf5_lower_case_1_seq_len_128_max_pred_20_masked_lm_prob_0.15_random_seed_12345_dupe_factor_5/wikicorpus_en/training// --output_dir=.//results/checkpoints --config_file=bert_config_base.json --bert_model=bert-base-uncased --train_batch_size=8448 --max_seq_length=128 --max_predictions_per_seq=20 --max_steps=50 --warmup_proportion=0.2843 --num_steps_per_checkpoint=200 --learning_rate=6e-3 --seed=12439 --gradient_accumulation_steps=264 --allreduce_post_accumulation --allreduce_post_accumulation_fp16 --do_train --json-summary .//results/dllogger.json
Sat Dec 19 10:03:25 2020[1,1]<stdout>:device: cuda:6 n_gpu: 1, distributed training: True, 16-bits training: False
Sat Dec 19 10:03:25 2020[1,0]<stdout>:device: cuda:3 n_gpu: 1, distributed training: True, 16-bits training: False
Sat Dec 19 10:03:25 2020[1,2]<stdout>:device: cuda:7 n_gpu: 1, distributed training: True, 16-bits training: False
Sat Dec 19 10:03:25 2020[1,2]<stdout>:device: cuda:6 n_gpu: 1, distributed training: True, 16-bits training: False
Sat Dec 19 10:03:25 2020[1,2]<stdout>:device: cuda:0 n_gpu: 1, distributed training: True, 16-bits training: False
Sat Dec 19 10:03:25 2020[1,2]<stdout>:device: cuda:3 n_gpu: 1, distributed training: True, 16-bits training: False
Sat Dec 19 10:03:25 2020[1,0]<stdout>:device: cuda:6 n_gpu: 1, distributed training: True, 16-bits training: False
Sat Dec 19 10:03:25 2020[1,2]<stdout>:device: cuda:5 n_gpu: 1, distributed training: True, 16-bits training: False
Sat Dec 19 10:03:25 2020[1,3]<stdout>:device: cuda:3 n_gpu: 1, distributed training: True, 16-bits training: False
Sat Dec 19 10:03:25 2020[1,3]<stdout>:device: cuda:2 n_gpu: 1, distributed training: True, 16-bits training: False
Sat Dec 19 10:03:25 2020[1,0]<stdout>:device: cuda:7 n_gpu: 1, distributed training: True, 16-bits training: False
Sat Dec 19 10:03:25 2020[1,0]<stdout>:device: cuda:5 n_gpu: 1, distributed training: True, 16-bits training: False
Sat Dec 19 10:03:25 2020[1,1]<stdout>:device: cuda:0 n_gpu: 1, distributed training: True, 16-bits training: False
Sat Dec 19 10:03:25 2020[1,1]<stdout>:device: cuda:1 n_gpu: 1, distributed training: True, 16-bits training: False
Sat Dec 19 10:03:25 2020[1,3]<stdout>:device: cuda:7 n_gpu: 1, distributed training: True, 16-bits training: False
Sat Dec 19 10:03:25 2020[1,1]<stdout>:device: cuda:5 n_gpu: 1, distributed training: True, 16-bits training: False
Sat Dec 19 10:03:25 2020[1,1]<stdout>:device: cuda:7 n_gpu: 1, distributed training: True, 16-bits training: False
Sat Dec 19 10:03:25 2020[1,1]<stdout>:device: cuda:4 n_gpu: 1, distributed training: True, 16-bits training: False
Sat Dec 19 10:03:25 2020[1,3]<stdout>:device: cuda:1 n_gpu: 1, distributed training: True, 16-bits training: False
Sat Dec 19 10:03:25 2020[1,3]<stdout>:device: cuda:0 n_gpu: 1, distributed training: True, 16-bits training: False
Sat Dec 19 10:03:25 2020[1,3]<stdout>:device: cuda:6 n_gpu: 1, distributed training: True, 16-bits training: False
Sat Dec 19 10:03:25 2020[1,3]<stdout>:device: cuda:5 n_gpu: 1, distributed training: True, 16-bits training: False
Sat Dec 19 10:03:25 2020[1,0]<stdout>:device: cuda:1 n_gpu: 1, distributed training: True, 16-bits training: False
Sat Dec 19 10:03:25 2020[1,0]<stdout>:device: cuda:2 n_gpu: 1, distributed training: True, 16-bits training: False
Sat Dec 19 10:03:25 2020[1,0]<stdout>:device: cuda:4 n_gpu: 1, distributed training: True, 16-bits training: False
Sat Dec 19 10:03:25 2020[1,1]<stdout>:device: cuda:3 n_gpu: 1, distributed training: True, 16-bits training: False
Sat Dec 19 10:03:26 2020[1,3]<stdout>:device: cuda:4 n_gpu: 1, distributed training: True, 16-bits training: False
Sat Dec 19 10:03:26 2020[1,2]<stdout>:device: cuda:4 n_gpu: 1, distributed training: True, 16-bits training: False
Sat Dec 19 10:03:26 2020[1,2]<stdout>:device: cuda:1 n_gpu: 1, distributed training: True, 16-bits training: False
Sat Dec 19 10:03:26 2020[1,1]<stdout>:device: cuda:2 n_gpu: 1, distributed training: True, 16-bits training: False
Sat Dec 19 10:03:26 2020[1,2]<stdout>:device: cuda:2 n_gpu: 1, distributed training: True, 16-bits training: False
Sat Dec 19 10:03:26 2020[1,0]<stdout>:device: cuda:0 n_gpu: 1, distributed training: True, 16-bits training: False
Iteration:   0%|          | 0/3452 [00:00<?, ?it/s]Sat Dec 19 10:47:44 2020[1,0]<stdout>:
Iteration:   0%|          | 1/3452 [00:00<22:44,  2.53it/s]Sat Dec 19 10:47:44 2020[1,0]<stdout>:
Iteration:   0%|          | 2/3452 [00:00<20:05,  2.86it/s]Sat Dec 19 10:47:45 2020[1,0]<stdout>:
Iteration:   0%|          | 3/3452 [00:00<18:14,  3.15it/s]Sat Dec 19 10:47:45 2020[1,0]<stdout>:
Iteration:   0%|          | 4/3452 [00:01<18:21,  3.13it/s]Sat Dec 19 10:47:45 2020[1,0]<stdout>:
Iteration:   0%|          | 5/3452 [00:01<17:00,  3.38it/s]Sat Dec 19 10:47:45 2020[1,0]<stdout>:
Iteration:   0%|          | 6/3452 [00:01<16:04,  3.57it/s]Sat Dec 19 10:47:46 2020[1,0]<stdout>:
Iteration:   0%|          | 7/3452 [00:01<15:26,  3.72it/s]Sat Dec 19 10:47:46 2020[1,0]<stdout>:
Iteration:   0%|          | 8/3452 [00:02<14:58,  3.83it/s]Sat Dec 19 10:47:46 2020[1,0]<stdout>:
Iteration:   0%|          | 9/3452 [00:02<14:39,  3.92it/s]Sat Dec 19 10:47:46 2020[1,0]<stdout>:
Iteration:   0%|          | 10/3452 [00:02<14:26,  3.97it/s]Sat Dec 19 10:47:47 2020[1,0]<stdout>:
Iteration:   0%|          | 11/3452 [00:02<14:16,  4.02it/s]Sat Dec 19 10:47:47 2020[1,0]<stdout>:
Iteration:   0%|          | 12/3452 [00:03<14:09,  4.05it/s]Sat Dec 19 10:47:47 2020[1,0]<stdout>:
Iteration:   0%|          | 13/3452 [00:03<14:04,  4.07it/s]Sat Dec 19 10:47:47 2020[1,0]<stdout>:
Iteration:   0%|          | 14/3452 [00:03<14:01,  4.09it/s]Sat Dec 19 10:47:48 2020[1,0]<stdout>:
Iteration:   0%|          | 15/3452 [00:03<13:58,  4.10it/s]Sat Dec 19 10:47:48 2020[1,0]<stdout>:
Iteration:   0%|          | 16/3452 [00:04<13:56,  4.11it/s]Sat Dec 19 10:47:48 2020[1,0]<stdout>:
Iteration:   0%|          | 17/3452 [00:04<13:55,  4.11it/s]Sat Dec 19 10:47:48 2020[1,0]<stdout>:
Iteration:   1%|          | 18/3452 [00:04<13:55,  4.11it/s]Sat Dec 19 10:47:49 2020[1,0]<stdout>:
Iteration:   1%|          | 19/3452 [00:04<13:55,  4.11it/s]Sat Dec 19 10:47:49 2020[1,0]<stdout>:
Iteration:   1%|          | 20/3452 [00:05<13:55,  4.11it/s]Sat Dec 19 10:47:49 2020[1,0]<stdout>:
Iteration:   1%|          | 21/3452 [00:05<13:54,  4.11it/s]Sat Dec 19 10:47:49 2020[1,0]<stdout>:
Iteration:   1%|          | 22/3452 [00:05<13:53,  4.12it/s]Sat Dec 19 10:47:50 2020[1,0]<stdout>:
Iteration:   1%|          | 23/3452 [00:05<13:52,  4.12it/s]Sat Dec 19 10:47:50 2020[1,0]<stdout>:
Iteration:   1%|          | 24/3452 [00:06<13:52,  4.12it/s]Sat Dec 19 10:47:50 2020[1,0]<stdout>:
Iteration:   1%|          | 25/3452 [00:06<13:52,  4.12it/s]Sat Dec 19 10:47:50 2020[1,0]<stdout>:
Iteration:   1%|          | 26/3452 [00:06<13:52,  4.12it/s]Sat Dec 19 10:47:51 2020[1,0]<stdout>:
Iteration:   1%|          | 27/3452 [00:06<13:51,  4.12it/s]Sat Dec 19 10:47:51 2020[1,0]<stdout>:
Iteration:   1%|          | 28/3452 [00:07<13:51,  4.12it/s]Sat Dec 19 10:47:51 2020[1,0]<stdout>:
Iteration:   1%|          | 29/3452 [00:07<13:51,  4.11it/s]Sat Dec 19 10:47:51 2020[1,0]<stdout>:
Iteration:   1%|          | 30/3452 [00:07<13:51,  4.12it/s]Sat Dec 19 10:47:52 2020[1,0]<stdout>:
Iteration:   1%|          | 31/3452 [00:07<13:50,  4.12it/s]Sat Dec 19 10:47:52 2020[1,0]<stdout>:
Iteration:   1%|          | 32/3452 [00:07<13:49,  4.12it/s]Sat Dec 19 10:47:52 2020[1,0]<stdout>:
Iteration:   1%|          | 33/3452 [00:08<13:49,  4.12it/s]Sat Dec 19 10:47:52 2020[1,0]<stdout>:
Iteration:   1%|          | 34/3452 [00:08<13:48,  4.13it/s]Sat Dec 19 10:47:52 2020[1,0]<stdout>:
Iteration:   1%|          | 35/3452 [00:08<13:48,  4.12it/s]Sat Dec 19 10:47:53 2020[1,0]<stdout>:
Iteration:   1%|          | 36/3452 [00:08<13:48,  4.12it/s]Sat Dec 19 10:47:53 2020[1,0]<stdout>:
Iteration:   1%|          | 37/3452 [00:09<13:47,  4.13it/s]Sat Dec 19 10:47:53 2020[1,0]<stdout>:
Iteration:   1%|          | 38/3452 [00:09<13:49,  4.12it/s]Sat Dec 19 10:47:53 2020[1,0]<stdout>:
Iteration:   1%|          | 39/3452 [00:09<13:49,  4.11it/s]Sat Dec 19 10:47:54 2020[1,0]<stdout>:
Iteration:   1%|          | 40/3452 [00:09<13:50,  4.11it/s]Sat Dec 19 10:47:54 2020[1,0]<stdout>:
Iteration:   1%|          | 41/3452 [00:10<13:49,  4.11it/s]Sat Dec 19 10:47:54 2020[1,0]<stdout>:
Iteration:   1%|          | 42/3452 [00:10<13:47,  4.12it/s]Sat Dec 19 10:47:54 2020[1,0]<stdout>:
Iteration:   1%|          | 43/3452 [00:10<13:47,  4.12it/s]Sat Dec 19 10:47:55 2020[1,0]<stdout>:
Iteration:   1%|▏         | 44/3452 [00:10<13:46,  4.12it/s]Sat Dec 19 10:47:55 2020[1,0]<stdout>:
Iteration:   1%|▏         | 45/3452 [00:11<13:46,  4.12it/s]Sat Dec 19 10:47:55 2020[1,0]<stdout>:
Iteration:   1%|▏         | 46/3452 [00:11<13:45,  4.13it/s]Sat Dec 19 10:47:55 2020[1,0]<stdout>:
Iteration:   1%|▏         | 47/3452 [00:11<13:45,  4.13it/s]Sat Dec 19 10:47:56 2020[1,0]<stdout>:
Iteration:   1%|▏         | 48/3452 [00:11<13:46,  4.12it/s]Sat Dec 19 10:47:56 2020[1,0]<stdout>:
Iteration:   1%|▏         | 49/3452 [00:12<13:47,  4.11it/s]Sat Dec 19 10:47:56 2020[1,0]<stdout>:
Iteration:   1%|▏         | 50/3452 [00:12<13:46,  4.12it/s]Sat Dec 19 10:47:56 2020[1,0]<stdout>:
Iteration:   1%|▏         | 51/3452 [00:12<13:45,  4.12it/s]Sat Dec 19 10:47:57 2020[1,0]<stdout>:
Iteration:   2%|▏         | 52/3452 [00:12<13:45,  4.12it/s]Sat Dec 19 10:47:57 2020[1,0]<stdout>:
Iteration:   2%|▏         | 53/3452 [00:13<13:45,  4.12it/s]Sat Dec 19 10:47:57 2020[1,0]<stdout>:
Iteration:   2%|▏         | 54/3452 [00:13<13:45,  4.11it/s]Sat Dec 19 10:47:57 2020[1,0]<stdout>:
Iteration:   2%|▏         | 55/3452 [00:13<13:46,  4.11it/s]Sat Dec 19 10:47:58 2020[1,0]<stdout>:
Iteration:   2%|▏         | 56/3452 [00:13<13:46,  4.11it/s]Sat Dec 19 10:47:58 2020[1,0]<stdout>:
Iteration:   2%|▏         | 57/3452 [00:14<13:45,  4.11it/s]Sat Dec 19 10:47:58 2020[1,0]<stdout>:
Iteration:   2%|▏         | 58/3452 [00:14<13:45,  4.11it/s]Sat Dec 19 10:47:58 2020[1,0]<stdout>:
Iteration:   2%|▏         | 59/3452 [00:14<13:44,  4.12it/s]Sat Dec 19 10:47:59 2020[1,0]<stdout>:
Iteration:   2%|▏         | 60/3452 [00:14<13:43,  4.12it/s]Sat Dec 19 10:47:59 2020[1,0]<stdout>:
Iteration:   2%|▏         | 61/3452 [00:15<13:42,  4.12it/s]Sat Dec 19 10:47:59 2020[1,0]<stdout>:
Iteration:   2%|▏         | 62/3452 [00:15<13:42,  4.12it/s]Sat Dec 19 10:47:59 2020[1,0]<stdout>:
Iteration:   2%|▏         | 63/3452 [00:15<13:42,  4.12it/s]Sat Dec 19 10:48:00 2020[1,0]<stdout>:
Iteration:   2%|▏         | 64/3452 [00:15<13:42,  4.12it/s]Sat Dec 19 10:48:00 2020[1,0]<stdout>:
Iteration:   2%|▏         | 65/3452 [00:16<13:42,  4.12it/s]Sat Dec 19 10:48:00 2020[1,0]<stdout>:
Iteration:   2%|▏         | 66/3452 [00:16<13:42,  4.12it/s]Sat Dec 19 10:48:00 2020[1,0]<stdout>:
Iteration:   2%|▏         | 67/3452 [00:16<13:43,  4.11it/s]Sat Dec 19 10:48:01 2020[1,0]<stdout>:
Iteration:   2%|▏         | 68/3452 [00:16<13:42,  4.11it/s]Sat Dec 19 10:48:01 2020[1,0]<stdout>:
Iteration:   2%|▏         | 69/3452 [00:16<13:41,  4.12it/s]Sat Dec 19 10:48:01 2020[1,0]<stdout>:
Iteration:   2%|▏         | 70/3452 [00:17<13:41,  4.12it/s]Sat Dec 19 10:48:01 2020[1,0]<stdout>:
Iteration:   2%|▏         | 71/3452 [00:17<13:40,  4.12it/s]Sat Dec 19 10:48:01 2020[1,0]<stdout>:
Iteration:   2%|▏         | 72/3452 [00:17<13:39,  4.12it/s]Sat Dec 19 10:48:02 2020[1,0]<stdout>:
Iteration:   2%|▏         | 73/3452 [00:17<13:38,  4.13it/s]Sat Dec 19 10:48:02 2020[1,0]<stdout>:
Iteration:   2%|▏         | 74/3452 [00:18<13:38,  4.13it/s]Sat Dec 19 10:48:02 2020[1,0]<stdout>:
Iteration:   2%|▏         | 75/3452 [00:18<13:38,  4.13it/s]Sat Dec 19 10:48:02 2020[1,0]<stdout>:
Iteration:   2%|▏         | 76/3452 [00:18<13:38,  4.13it/s]Sat Dec 19 10:48:03 2020[1,0]<stdout>:
Iteration:   2%|▏         | 77/3452 [00:18<13:37,  4.13it/s]Sat Dec 19 10:48:03 2020[1,0]<stdout>:
Iteration:   2%|▏         | 78/3452 [00:19<13:38,  4.12it/s]Sat Dec 19 10:48:03 2020[1,0]<stdout>:
Iteration:   2%|▏         | 79/3452 [00:19<13:39,  4.12it/s]Sat Dec 19 10:48:03 2020[1,0]<stdout>:
Iteration:   2%|▏         | 80/3452 [00:19<13:39,  4.11it/s]Sat Dec 19 10:48:04 2020[1,0]<stdout>:
Iteration:   2%|▏         | 81/3452 [00:19<13:38,  4.12it/s]Sat Dec 19 10:48:04 2020[1,0]<stdout>:
Iteration:   2%|▏         | 82/3452 [00:20<13:37,  4.12it/s]Sat Dec 19 10:48:04 2020[1,0]<stdout>:
Iteration:   2%|▏         | 83/3452 [00:20<13:38,  4.12it/s]Sat Dec 19 10:48:04 2020[1,0]<stdout>:
Iteration:   2%|▏         | 84/3452 [00:20<13:37,  4.12it/s]Sat Dec 19 10:48:05 2020[1,0]<stdout>:
Iteration:   2%|▏         | 85/3452 [00:20<13:35,  4.13it/s]Sat Dec 19 10:48:05 2020[1,0]<stdout>:
Iteration:   2%|▏         | 86/3452 [00:21<13:36,  4.12it/s]Sat Dec 19 10:48:05 2020[1,0]<stdout>:
Iteration:   3%|▎         | 87/3452 [00:21<13:35,  4.12it/s]Sat Dec 19 10:48:05 2020[1,0]<stdout>:
Iteration:   3%|▎         | 88/3452 [00:21<13:35,  4.13it/s]Sat Dec 19 10:48:06 2020[1,0]<stdout>:
Iteration:   3%|▎         | 89/3452 [00:21<13:34,  4.13it/s]Sat Dec 19 10:48:06 2020[1,0]<stdout>:
Iteration:   3%|▎         | 90/3452 [00:22<13:35,  4.12it/s]Sat Dec 19 10:48:06 2020[1,0]<stdout>:
Iteration:   3%|▎         | 91/3452 [00:22<13:35,  4.12it/s]Sat Dec 19 10:48:06 2020[1,0]<stdout>:
Iteration:   3%|▎         | 92/3452 [00:22<13:36,  4.12it/s]Sat Dec 19 10:48:07 2020[1,0]<stdout>:
Iteration:   3%|▎         | 93/3452 [00:22<13:36,  4.11it/s]Sat Dec 19 10:48:07 2020[1,0]<stdout>:
Iteration:   3%|▎         | 94/3452 [00:23<13:36,  4.11it/s]Sat Dec 19 10:48:07 2020[1,0]<stdout>:
Iteration:   3%|▎         | 95/3452 [00:23<13:36,  4.11it/s]Sat Dec 19 10:48:07 2020[1,0]<stdout>:
Iteration:   3%|▎         | 96/3452 [00:23<13:35,  4.11it/s]Sat Dec 19 10:48:08 2020[1,0]<stdout>:
Iteration:   3%|▎         | 97/3452 [00:23<13:34,  4.12it/s]Sat Dec 19 10:48:08 2020[1,0]<stdout>:
Iteration:   3%|▎         | 98/3452 [00:24<13:34,  4.12it/s]Sat Dec 19 10:48:08 2020[1,0]<stdout>:
Iteration:   3%|▎         | 99/3452 [00:24<13:33,  4.12it/s]Sat Dec 19 10:48:08 2020[1,0]<stdout>:
Iteration:   3%|▎         | 100/3452 [00:24<13:32,  4.13it/s]Sat Dec 19 10:48:09 2020[1,0]<stdout>:
Iteration:   3%|▎         | 101/3452 [00:24<13:31,  4.13it/s]Sat Dec 19 10:48:09 2020[1,0]<stdout>:
Iteration:   3%|▎         | 102/3452 [00:24<13:31,  4.13it/s]Sat Dec 19 10:48:09 2020[1,0]<stdout>:
Iteration:   3%|▎         | 103/3452 [00:25<13:32,  4.12it/s]Sat Dec 19 10:48:09 2020[1,0]<stdout>:
Iteration:   3%|▎         | 104/3452 [00:25<13:32,  4.12it/s]Sat Dec 19 10:48:09 2020[1,0]<stdout>:
Iteration:   3%|▎         | 105/3452 [00:25<13:31,  4.12it/s]Sat Dec 19 10:48:10 2020[1,0]<stdout>:
Iteration:   3%|▎         | 106/3452 [00:25<13:32,  4.12it/s]Sat Dec 19 10:48:10 2020[1,0]<stdout>:
Iteration:   3%|▎         | 107/3452 [00:26<13:32,  4.12it/s]Sat Dec 19 10:48:10 2020[1,0]<stdout>:
Iteration:   3%|▎         | 108/3452 [00:26<13:31,  4.12it/s]Sat Dec 19 10:48:10 2020[1,0]<stdout>:
Iteration:   3%|▎         | 109/3452 [00:26<13:31,  4.12it/s]Sat Dec 19 10:48:11 2020[1,0]<stdout>:
Iteration:   3%|▎         | 110/3452 [00:26<13:31,  4.12it/s]Sat Dec 19 10:48:11 2020[1,0]<stdout>:
Iteration:   3%|▎         | 111/3452 [00:27<13:31,  4.12it/s]Sat Dec 19 10:48:11 2020[1,0]<stdout>:
Iteration:   3%|▎         | 112/3452 [00:27<13:31,  4.12it/s]Sat Dec 19 10:48:11 2020[1,0]<stdout>:
Iteration:   3%|▎         | 113/3452 [00:27<13:31,  4.12it/s]Sat Dec 19 10:48:12 2020[1,0]<stdout>:
Iteration:   3%|▎         | 114/3452 [00:27<13:29,  4.12it/s]Sat Dec 19 10:48:12 2020[1,0]<stdout>:
Iteration:   3%|▎         | 115/3452 [00:28<13:29,  4.12it/s]Sat Dec 19 10:48:12 2020[1,0]<stdout>:
Iteration:   3%|▎         | 116/3452 [00:28<13:28,  4.12it/s]Sat Dec 19 10:48:12 2020[1,0]<stdout>:
Iteration:   3%|▎         | 117/3452 [00:28<13:28,  4.13it/s]Sat Dec 19 10:48:13 2020[1,0]<stdout>:
Iteration:   3%|▎         | 118/3452 [00:28<13:28,  4.12it/s]Sat Dec 19 10:48:13 2020[1,0]<stdout>:
Iteration:   3%|▎         | 119/3452 [00:29<13:28,  4.12it/s]Sat Dec 19 10:48:13 2020[1,0]<stdout>:
Iteration:   3%|▎         | 120/3452 [00:29<13:28,  4.12it/s]Sat Dec 19 10:48:13 2020[1,0]<stdout>:
Iteration:   4%|▎         | 121/3452 [00:29<13:28,  4.12it/s]Sat Dec 19 10:48:14 2020[1,0]<stdout>:
Iteration:   4%|▎         | 122/3452 [00:29<13:27,  4.12it/s]Sat Dec 19 10:48:14 2020[1,0]<stdout>:
Iteration:   4%|▎         | 123/3452 [00:30<13:27,  4.12it/s]Sat Dec 19 10:48:14 2020[1,0]<stdout>:
Iteration:   4%|▎         | 124/3452 [00:30<13:27,  4.12it/s]Sat Dec 19 10:48:14 2020[1,0]<stdout>:
Iteration:   4%|▎         | 125/3452 [00:30<13:26,  4.12it/s]Sat Dec 19 10:48:15 2020[1,0]<stdout>:
Iteration:   4%|▎         | 126/3452 [00:30<13:27,  4.12it/s]Sat Dec 19 10:48:15 2020[1,0]<stdout>:
Iteration:   4%|▎         | 127/3452 [00:31<13:28,  4.11it/s]Sat Dec 19 10:48:15 2020[1,0]<stdout>:
Iteration:   4%|▎         | 128/3452 [00:31<13:28,  4.11it/s]Sat Dec 19 10:48:15 2020[1,0]<stdout>:
Iteration:   4%|▎         | 129/3452 [00:31<13:28,  4.11it/s]Sat Dec 19 10:48:16 2020[1,0]<stdout>:
Iteration:   4%|▍         | 130/3452 [00:31<13:27,  4.11it/s]Sat Dec 19 10:48:16 2020[1,0]<stdout>:
Iteration:   4%|▍         | 131/3452 [00:32<13:26,  4.12it/s]Sat Dec 19 10:48:16 2020[1,0]<stdout>:
Iteration:   4%|▍         | 132/3452 [00:32<13:25,  4.12it/s]Sat Dec 19 10:48:16 2020[1,0]<stdout>:
Iteration:   4%|▍         | 133/3452 [00:32<13:24,  4.13it/s]Sat Dec 19 10:48:17 2020[1,0]<stdout>:
Iteration:   4%|▍         | 134/3452 [00:32<13:22,  4.13it/s]Sat Dec 19 10:48:17 2020[1,0]<stdout>:
Iteration:   4%|▍         | 135/3452 [00:32<13:23,  4.13it/s]Sat Dec 19 10:48:17 2020[1,0]<stdout>:
Iteration:   4%|▍         | 136/3452 [00:33<13:23,  4.12it/s]Sat Dec 19 10:48:17 2020[1,0]<stdout>:
Iteration:   4%|▍         | 137/3452 [00:33<13:24,  4.12it/s]Sat Dec 19 10:48:17 2020[1,0]<stdout>:
Iteration:   4%|▍         | 138/3452 [00:33<13:25,  4.11it/s]Sat Dec 19 10:48:18 2020[1,0]<stdout>:
Iteration:   4%|▍         | 139/3452 [00:33<13:25,  4.11it/s]Sat Dec 19 10:48:18 2020[1,0]<stdout>:
Iteration:   4%|▍         | 140/3452 [00:34<13:25,  4.11it/s]Sat Dec 19 10:48:18 2020[1,0]<stdout>:
Iteration:   4%|▍         | 141/3452 [00:34<13:25,  4.11it/s]Sat Dec 19 10:48:18 2020[1,0]<stdout>:
Iteration:   4%|▍         | 142/3452 [00:34<13:24,  4.11it/s]Sat Dec 19 10:48:19 2020[1,0]<stdout>:
Iteration:   4%|▍         | 143/3452 [00:34<13:23,  4.12it/s]Sat Dec 19 10:48:19 2020[1,0]<stdout>:
Iteration:   4%|▍         | 144/3452 [00:35<13:23,  4.12it/s]Sat Dec 19 10:48:19 2020[1,0]<stdout>:
Iteration:   4%|▍         | 145/3452 [00:35<13:23,  4.12it/s]Sat Dec 19 10:48:19 2020[1,0]<stdout>:
Iteration:   4%|▍         | 146/3452 [00:35<13:23,  4.12it/s]Sat Dec 19 10:48:20 2020[1,0]<stdout>:
Iteration:   4%|▍         | 147/3452 [00:35<13:23,  4.12it/s]Sat Dec 19 10:48:20 2020[1,0]<stdout>:
Iteration:   4%|▍         | 148/3452 [00:36<13:22,  4.12it/s]Sat Dec 19 10:48:20 2020[1,0]<stdout>:
Iteration:   4%|▍         | 149/3452 [00:36<13:22,  4.12it/s]Sat Dec 19 10:48:20 2020[1,0]<stdout>:
Iteration:   4%|▍         | 150/3452 [00:36<13:21,  4.12it/s]Sat Dec 19 10:48:21 2020[1,0]<stdout>:
Iteration:   4%|▍         | 151/3452 [00:36<13:20,  4.13it/s]Sat Dec 19 10:48:21 2020[1,0]<stdout>:
Iteration:   4%|▍         | 152/3452 [00:37<13:19,  4.13it/s]Sat Dec 19 10:48:21 2020[1,0]<stdout>:
Iteration:   4%|▍         | 153/3452 [00:37<13:17,  4.13it/s]Sat Dec 19 10:48:21 2020[1,0]<stdout>:
Iteration:   4%|▍         | 154/3452 [00:37<13:18,  4.13it/s]Sat Dec 19 10:48:22 2020[1,0]<stdout>:
Iteration:   4%|▍         | 155/3452 [00:37<13:18,  4.13it/s]Sat Dec 19 10:48:22 2020[1,0]<stdout>:
Iteration:   5%|▍         | 156/3452 [00:38<13:21,  4.11it/s]Sat Dec 19 10:48:22 2020[1,0]<stdout>:
Iteration:   5%|▍         | 157/3452 [00:38<13:20,  4.12it/s]Sat Dec 19 10:48:22 2020[1,0]<stdout>:
Iteration:   5%|▍         | 158/3452 [00:38<13:21,  4.11it/s]Sat Dec 19 10:48:23 2020[1,0]<stdout>:
Iteration:   5%|▍         | 159/3452 [00:38<13:20,  4.11it/s]Sat Dec 19 10:48:23 2020[1,0]<stdout>:
Iteration:   5%|▍         | 160/3452 [00:39<13:20,  4.11it/s]Sat Dec 19 10:48:23 2020[1,0]<stdout>:
Iteration:   5%|▍         | 161/3452 [00:39<13:20,  4.11it/s]Sat Dec 19 10:48:23 2020[1,0]<stdout>:
Iteration:   5%|▍         | 162/3452 [00:39<13:19,  4.11it/s]Sat Dec 19 10:48:24 2020[1,0]<stdout>:
Iteration:   5%|▍         | 163/3452 [00:39<13:19,  4.11it/s]Sat Dec 19 10:48:24 2020[1,0]<stdout>:
Iteration:   5%|▍         | 164/3452 [00:40<13:19,  4.11it/s]Sat Dec 19 10:48:24 2020[1,0]<stdout>:
Iteration:   5%|▍         | 165/3452 [00:40<13:18,  4.12it/s]Sat Dec 19 10:48:24 2020[1,0]<stdout>:
Iteration:   5%|▍         | 166/3452 [00:40<13:18,  4.12it/s]Sat Dec 19 10:48:25 2020[1,0]<stdout>:
Iteration:   5%|▍         | 167/3452 [00:40<13:16,  4.12it/s]Sat Dec 19 10:48:25 2020[1,0]<stdout>:
Iteration:   5%|▍         | 168/3452 [00:41<13:16,  4.12it/s]Sat Dec 19 10:48:25 2020[1,0]<stdout>:
Iteration:   5%|▍         | 169/3452 [00:41<13:16,  4.12it/s]Sat Dec 19 10:48:25 2020[1,0]<stdout>:
Iteration:   5%|▍         | 170/3452 [00:41<13:15,  4.12it/s]Sat Dec 19 10:48:26 2020[1,0]<stdout>:
Iteration:   5%|▍         | 171/3452 [00:41<13:15,  4.12it/s]Sat Dec 19 10:48:26 2020[1,0]<stdout>:
Iteration:   5%|▍         | 172/3452 [00:41<13:15,  4.12it/s]Sat Dec 19 10:48:26 2020[1,0]<stdout>:
Iteration:   5%|▌         | 173/3452 [00:42<13:15,  4.12it/s]Sat Dec 19 10:48:26 2020[1,0]<stdout>:
Iteration:   5%|▌         | 174/3452 [00:42<13:16,  4.12it/s]Sat Dec 19 10:48:26 2020[1,0]<stdout>:
Iteration:   5%|▌         | 175/3452 [00:42<13:15,  4.12it/s]Sat Dec 19 10:48:27 2020[1,0]<stdout>:
Iteration:   5%|▌         | 176/3452 [00:42<13:15,  4.12it/s]Sat Dec 19 10:48:27 2020[1,0]<stdout>:
Iteration:   5%|▌         | 177/3452 [00:43<13:14,  4.12it/s]Sat Dec 19 10:48:27 2020[1,0]<stdout>:
Iteration:   5%|▌         | 178/3452 [00:43<13:14,  4.12it/s]Sat Dec 19 10:48:27 2020[1,0]<stdout>:
Iteration:   5%|▌         | 179/3452 [00:43<13:14,  4.12it/s]Sat Dec 19 10:48:28 2020[1,0]<stdout>:
Iteration:   5%|▌         | 180/3452 [00:43<13:13,  4.12it/s]Sat Dec 19 10:48:28 2020[1,0]<stdout>:
Iteration:   5%|▌         | 181/3452 [00:44<13:13,  4.12it/s]Sat Dec 19 10:48:28 2020[1,0]<stdout>:
Iteration:   5%|▌         | 182/3452 [00:44<13:13,  4.12it/s]Sat Dec 19 10:48:28 2020[1,0]<stdout>:
Iteration:   5%|▌         | 183/3452 [00:44<13:13,  4.12it/s]Sat Dec 19 10:48:29 2020[1,0]<stdout>:
Iteration:   5%|▌         | 184/3452 [00:44<13:11,  4.13it/s]Sat Dec 19 10:48:29 2020[1,0]<stdout>:
Iteration:   5%|▌         | 185/3452 [00:45<13:12,  4.12it/s]Sat Dec 19 10:48:29 2020[1,0]<stdout>:
Iteration:   5%|▌         | 186/3452 [00:45<13:12,  4.12it/s]Sat Dec 19 10:48:29 2020[1,0]<stdout>:
Iteration:   5%|▌         | 187/3452 [00:45<13:12,  4.12it/s]Sat Dec 19 10:48:30 2020[1,0]<stdout>:
Iteration:   5%|▌         | 188/3452 [00:45<13:11,  4.12it/s]Sat Dec 19 10:48:30 2020[1,0]<stdout>:
Iteration:   5%|▌         | 189/3452 [00:46<13:11,  4.12it/s]Sat Dec 19 10:48:30 2020[1,0]<stdout>:
Iteration:   6%|▌         | 190/3452 [00:46<13:11,  4.12it/s]Sat Dec 19 10:48:30 2020[1,0]<stdout>:
Iteration:   6%|▌         | 191/3452 [00:46<13:10,  4.12it/s]Sat Dec 19 10:48:31 2020[1,0]<stdout>:
Iteration:   6%|▌         | 192/3452 [00:46<13:10,  4.12it/s]Sat Dec 19 10:48:31 2020[1,0]<stdout>:
Iteration:   6%|▌         | 193/3452 [00:47<13:09,  4.13it/s]Sat Dec 19 10:48:31 2020[1,0]<stdout>:
Iteration:   6%|▌         | 194/3452 [00:47<13:10,  4.12it/s]Sat Dec 19 10:48:31 2020[1,0]<stdout>:
Iteration:   6%|▌         | 195/3452 [00:47<13:11,  4.12it/s]Sat Dec 19 10:48:32 2020[1,0]<stdout>:
Iteration:   6%|▌         | 196/3452 [00:47<13:10,  4.12it/s]Sat Dec 19 10:48:32 2020[1,0]<stdout>:
Iteration:   6%|▌         | 197/3452 [00:48<13:08,  4.13it/s]Sat Dec 19 10:48:32 2020[1,0]<stdout>:
Iteration:   6%|▌         | 198/3452 [00:48<13:08,  4.13it/s]Sat Dec 19 10:48:32 2020[1,0]<stdout>:
Iteration:   6%|▌         | 199/3452 [00:48<13:08,  4.13it/s]Sat Dec 19 10:48:33 2020[1,0]<stdout>:
Iteration:   6%|▌         | 200/3452 [00:48<13:08,  4.13it/s]Sat Dec 19 10:48:33 2020[1,0]<stdout>:
Iteration:   6%|▌         | 201/3452 [00:49<13:08,  4.12it/s]Sat Dec 19 10:48:33 2020[1,0]<stdout>:
Iteration:   6%|▌         | 202/3452 [00:49<13:08,  4.12it/s]Sat Dec 19 10:48:33 2020[1,0]<stdout>:
Iteration:   6%|▌         | 203/3452 [00:49<13:08,  4.12it/s]Sat Dec 19 10:48:34 2020[1,0]<stdout>:
Iteration:   6%|▌         | 204/3452 [00:49<13:08,  4.12it/s]Sat Dec 19 10:48:34 2020[1,0]<stdout>:
Iteration:   6%|▌         | 205/3452 [00:49<13:08,  4.12it/s]Sat Dec 19 10:48:34 2020[1,0]<stdout>:
Iteration:   6%|▌         | 206/3452 [00:50<13:07,  4.12it/s]Sat Dec 19 10:48:34 2020[1,0]<stdout>:
Iteration:   6%|▌         | 207/3452 [00:50<13:06,  4.12it/s]Sat Dec 19 10:48:34 2020[1,0]<stdout>:
Iteration:   6%|▌         | 208/3452 [00:50<13:06,  4.12it/s]Sat Dec 19 10:48:35 2020[1,0]<stdout>:
Iteration:   6%|▌         | 209/3452 [00:50<13:07,  4.12it/s]Sat Dec 19 10:48:35 2020[1,0]<stdout>:
Iteration:   6%|▌         | 210/3452 [00:51<13:07,  4.11it/s]Sat Dec 19 10:48:35 2020[1,0]<stdout>:
Iteration:   6%|▌         | 211/3452 [00:51<13:06,  4.12it/s]Sat Dec 19 10:48:35 2020[1,0]<stdout>:
Iteration:   6%|▌         | 212/3452 [00:51<13:06,  4.12it/s]Sat Dec 19 10:48:36 2020[1,0]<stdout>:
Iteration:   6%|▌         | 213/3452 [00:51<13:06,  4.12it/s]Sat Dec 19 10:48:36 2020[1,0]<stdout>:
Iteration:   6%|▌         | 214/3452 [00:52<13:06,  4.12it/s]Sat Dec 19 10:48:36 2020[1,0]<stdout>:
Iteration:   6%|▌         | 215/3452 [00:52<13:05,  4.12it/s]Sat Dec 19 10:48:36 2020[1,0]<stdout>:
Iteration:   6%|▋         | 216/3452 [00:52<13:04,  4.13it/s]Sat Dec 19 10:48:37 2020[1,0]<stdout>:
Iteration:   6%|▋         | 217/3452 [00:52<13:03,  4.13it/s]Sat Dec 19 10:48:37 2020[1,0]<stdout>:
Iteration:   6%|▋         | 218/3452 [00:53<13:02,  4.14it/s]Sat Dec 19 10:48:37 2020[1,0]<stdout>:
Iteration:   6%|▋         | 219/3452 [00:53<13:02,  4.13it/s]Sat Dec 19 10:48:37 2020[1,0]<stdout>:
Iteration:   6%|▋         | 220/3452 [00:53<13:03,  4.13it/s]Sat Dec 19 10:48:38 2020[1,0]<stdout>:
Iteration:   6%|▋         | 221/3452 [00:53<13:03,  4.12it/s]Sat Dec 19 10:48:38 2020[1,0]<stdout>:
Iteration:   6%|▋         | 222/3452 [00:54<13:03,  4.12it/s]Sat Dec 19 10:48:38 2020[1,0]<stdout>:
Iteration:   6%|▋         | 223/3452 [00:54<13:04,  4.12it/s]Sat Dec 19 10:48:38 2020[1,0]<stdout>:
Iteration:   6%|▋         | 224/3452 [00:54<13:04,  4.12it/s]Sat Dec 19 10:48:39 2020[1,0]<stdout>:
Iteration:   7%|▋         | 225/3452 [00:54<13:03,  4.12it/s]Sat Dec 19 10:48:39 2020[1,0]<stdout>:
Iteration:   7%|▋         | 226/3452 [00:55<13:03,  4.12it/s]Sat Dec 19 10:48:39 2020[1,0]<stdout>:
Iteration:   7%|▋         | 227/3452 [00:55<13:03,  4.12it/s]Sat Dec 19 10:48:39 2020[1,0]<stdout>:
Iteration:   7%|▋         | 228/3452 [00:55<13:02,  4.12it/s]Sat Dec 19 10:48:40 2020[1,0]<stdout>:
Iteration:   7%|▋         | 229/3452 [00:55<13:01,  4.12it/s]Sat Dec 19 10:48:40 2020[1,0]<stdout>:
Iteration:   7%|▋         | 230/3452 [00:56<13:01,  4.12it/s]Sat Dec 19 10:48:40 2020[1,0]<stdout>:
Iteration:   7%|▋         | 231/3452 [00:56<13:00,  4.13it/s]Sat Dec 19 10:48:44 2020[1,0]<stdout>:DLL 2020-12-19 10:48:44.278400 - Training Epoch: 0 Training Iteration: 40  average_loss : 8.010501106580099  step_loss : 7.904763698577881  learning_rate : 0.002683281572999747
Sat Dec 19 10:48:44 2020[1,0]<stdout>:
Iteration:   7%|▋         | 232/3452 [01:00<1:08:54,  1.28s/it]Sat Dec 19 10:48:44 2020[1,0]<stdout>:
Iteration:   7%|▋         | 233/3452 [01:00<52:03,  1.03it/s]  Sat Dec 19 10:48:44 2020[1,0]<stdout>:
Iteration:   7%|▋         | 234/3452 [01:00<40:18,  1.33it/s]Sat Dec 19 10:48:44 2020[1,0]<stdout>:
Iteration:   7%|▋         | 235/3452 [01:00<32:05,  1.67it/s]Sat Dec 19 10:48:45 2020[1,0]<stdout>:
Iteration:   7%|▋         | 236/3452 [01:00<26:20,  2.03it/s]Sat Dec 19 10:48:45 2020[1,0]<stdout>:
Iteration:   7%|▋         | 237/3452 [01:01<22:18,  2.40it/s]Sat Dec 19 10:48:45 2020[1,0]<stdout>:
Iteration:   7%|▋         | 238/3452 [01:01<19:29,  2.75it/s]Sat Dec 19 10:48:45 2020[1,0]<stdout>:
Iteration:   7%|▋         | 239/3452 [01:01<17:31,  3.06it/s]Sat Dec 19 10:48:46 2020[1,0]<stdout>:
Iteration:   7%|▋         | 240/3452 [01:01<16:08,  3.32it/s]Sat Dec 19 10:48:46 2020[1,0]<stdout>:
Iteration:   7%|▋         | 241/3452 [01:02<15:10,  3.53it/s]Sat Dec 19 10:48:46 2020[1,0]<stdout>:
Iteration:   7%|▋         | 242/3452 [01:02<14:29,  3.69it/s]Sat Dec 19 10:48:46 2020[1,0]<stdout>:
Iteration:   7%|▋         | 243/3452 [01:02<14:00,  3.82it/s]Sat Dec 19 10:48:47 2020[1,0]<stdout>:
Iteration:   7%|▋         | 244/3452 [01:02<13:40,  3.91it/s]Sat Dec 19 10:48:47 2020[1,0]<stdout>:
Iteration:   7%|▋         | 245/3452 [01:03<13:27,  3.97it/s]Sat Dec 19 10:48:47 2020[1,0]<stdout>:
Iteration:   7%|▋         | 246/3452 [01:03<13:17,  4.02it/s]Sat Dec 19 10:48:47 2020[1,0]<stdout>:
Iteration:   7%|▋         | 247/3452 [01:03<13:11,  4.05it/s]Sat Dec 19 10:48:48 2020[1,0]<stdout>:
Iteration:   7%|▋         | 248/3452 [01:03<13:06,  4.07it/s]Sat Dec 19 10:48:48 2020[1,0]<stdout>:
Iteration:   7%|▋         | 249/3452 [01:04<13:03,  4.09it/s]Sat Dec 19 10:48:48 2020[1,0]<stdout>:
Iteration:   7%|▋         | 250/3452 [01:04<13:01,  4.10it/s]Sat Dec 19 10:48:48 2020[1,0]<stdout>:
Iteration:   7%|▋         | 251/3452 [01:04<12:58,  4.11it/s]Sat Dec 19 10:48:49 2020[1,0]<stdout>:
Iteration:   7%|▋         | 252/3452 [01:04<12:58,  4.11it/s]Sat Dec 19 10:48:49 2020[1,0]<stdout>:
Iteration:   7%|▋         | 253/3452 [01:05<12:57,  4.11it/s]Sat Dec 19 10:48:49 2020[1,0]<stdout>:
Iteration:   7%|▋         | 254/3452 [01:05<12:56,  4.12it/s]Sat Dec 19 10:48:49 2020[1,0]<stdout>:
Iteration:   7%|▋         | 255/3452 [01:05<12:56,  4.12it/s]Sat Dec 19 10:48:50 2020[1,0]<stdout>:
Iteration:   7%|▋         | 256/3452 [01:05<12:56,  4.12it/s]Sat Dec 19 10:48:50 2020[1,0]<stdout>:
Iteration:   7%|▋         | 257/3452 [01:06<12:56,  4.11it/s]Sat Dec 19 10:48:50 2020[1,0]<stdout>:
Iteration:   7%|▋         | 258/3452 [01:06<12:55,  4.12it/s]Sat Dec 19 10:48:50 2020[1,0]<stdout>:
Iteration:   8%|▊         | 259/3452 [01:06<12:54,  4.12it/s]Sat Dec 19 10:48:51 2020[1,0]<stdout>:
Iteration:   8%|▊         | 260/3452 [01:06<12:53,  4.12it/s]Sat Dec 19 10:48:51 2020[1,0]<stdout>:
Iteration:   8%|▊         | 261/3452 [01:07<12:53,  4.13it/s]Sat Dec 19 10:48:51 2020[1,0]<stdout>:
Iteration:   8%|▊         | 262/3452 [01:07<12:53,  4.13it/s]Sat Dec 19 10:48:51 2020[1,0]<stdout>:
Iteration:   8%|▊         | 263/3452 [01:07<12:53,  4.12it/s]Sat Dec 19 10:48:52 2020[1,0]<stdout>:
Iteration:   8%|▊         | 264/3452 [01:07<12:52,  4.13it/s]Sat Dec 19 10:48:52 2020[1,0]<stdout>:
Iteration:   8%|▊         | 265/3452 [01:07<12:52,  4.13it/s]Sat Dec 19 10:48:52 2020[1,0]<stdout>:
Iteration:   8%|▊         | 266/3452 [01:08<12:52,  4.12it/s]Sat Dec 19 10:48:52 2020[1,0]<stdout>:
Iteration:   8%|▊         | 267/3452 [01:08<12:51,  4.13it/s]Sat Dec 19 10:48:52 2020[1,0]<stdout>:
Iteration:   8%|▊         | 268/3452 [01:08<12:53,  4.12it/s]Sat Dec 19 10:48:53 2020[1,0]<stdout>:
Iteration:   8%|▊         | 269/3452 [01:08<12:52,  4.12it/s]Sat Dec 19 10:48:53 2020[1,0]<stdout>:
Iteration:   8%|▊         | 270/3452 [01:09<12:52,  4.12it/s]Sat Dec 19 10:48:53 2020[1,0]<stdout>:
Iteration:   8%|▊         | 271/3452 [01:09<12:52,  4.12it/s]Sat Dec 19 10:48:53 2020[1,0]<stdout>:
Iteration:   8%|▊         | 272/3452 [01:09<12:52,  4.12it/s]Sat Dec 19 10:48:54 2020[1,0]<stdout>:
Iteration:   8%|▊         | 273/3452 [01:09<12:52,  4.12it/s]Sat Dec 19 10:48:54 2020[1,0]<stdout>:
Iteration:   8%|▊         | 274/3452 [01:10<12:51,  4.12it/s]Sat Dec 19 10:48:54 2020[1,0]<stdout>:
Iteration:   8%|▊         | 275/3452 [01:10<12:50,  4.12it/s]Sat Dec 19 10:48:54 2020[1,0]<stdout>:
Iteration:   8%|▊         | 276/3452 [01:10<12:50,  4.12it/s]Sat Dec 19 10:48:55 2020[1,0]<stdout>:
Iteration:   8%|▊         | 277/3452 [01:10<12:49,  4.13it/s]Sat Dec 19 10:48:55 2020[1,0]<stdout>:
Iteration:   8%|▊         | 278/3452 [01:11<12:48,  4.13it/s]Sat Dec 19 10:48:55 2020[1,0]<stdout>:
Iteration:   8%|▊         | 279/3452 [01:11<12:48,  4.13it/s]Sat Dec 19 10:48:55 2020[1,0]<stdout>:
Iteration:   8%|▊         | 280/3452 [01:11<12:47,  4.13it/s]Sat Dec 19 10:48:56 2020[1,0]<stdout>:
Iteration:   8%|▊         | 281/3452 [01:11<12:46,  4.13it/s]Sat Dec 19 10:48:56 2020[1,0]<stdout>:
Iteration:   8%|▊         | 282/3452 [01:12<12:46,  4.13it/s]Sat Dec 19 10:48:56 2020[1,0]<stdout>:
Iteration:   8%|▊         | 283/3452 [01:12<12:47,  4.13it/s]Sat Dec 19 10:48:56 2020[1,0]<stdout>:
Iteration:   8%|▊         | 284/3452 [01:12<12:48,  4.12it/s]Sat Dec 19 10:48:57 2020[1,0]<stdout>:
Iteration:   8%|▊         | 285/3452 [01:12<12:47,  4.13it/s]Sat Dec 19 10:48:57 2020[1,0]<stdout>:
Iteration:   8%|▊         | 286/3452 [01:13<12:47,  4.13it/s]Sat Dec 19 10:48:57 2020[1,0]<stdout>:
Iteration:   8%|▊         | 287/3452 [01:13<12:47,  4.13it/s]Sat Dec 19 10:48:57 2020[1,0]<stdout>:
Iteration:   8%|▊         | 288/3452 [01:13<12:46,  4.13it/s]Sat Dec 19 10:48:58 2020[1,0]<stdout>:
Iteration:   8%|▊         | 289/3452 [01:13<12:46,  4.13it/s]Sat Dec 19 10:48:58 2020[1,0]<stdout>:
Iteration:   8%|▊         | 290/3452 [01:14<12:45,  4.13it/s]Sat Dec 19 10:48:58 2020[1,0]<stdout>:
Iteration:   8%|▊         | 291/3452 [01:14<12:44,  4.14it/s]Sat Dec 19 10:48:58 2020[1,0]<stdout>:
Iteration:   8%|▊         | 292/3452 [01:14<12:44,  4.14it/s]Sat Dec 19 10:48:59 2020[1,0]<stdout>:
Iteration:   8%|▊         | 293/3452 [01:14<12:44,  4.13it/s]Sat Dec 19 10:48:59 2020[1,0]<stdout>:
Iteration:   9%|▊         | 294/3452 [01:15<12:43,  4.13it/s]Sat Dec 19 10:48:59 2020[1,0]<stdout>:
Iteration:   9%|▊         | 295/3452 [01:15<12:43,  4.13it/s]Sat Dec 19 10:48:59 2020[1,0]<stdout>:
Iteration:   9%|▊         | 296/3452 [01:15<12:42,  4.14it/s]Sat Dec 19 10:49:00 2020[1,0]<stdout>:
Iteration:   9%|▊         | 297/3452 [01:15<12:43,  4.13it/s]Sat Dec 19 10:49:00 2020[1,0]<stdout>:
Iteration:   9%|▊         | 298/3452 [01:15<12:42,  4.13it/s]Sat Dec 19 10:49:00 2020[1,0]<stdout>:
Iteration:   9%|▊         | 299/3452 [01:16<12:43,  4.13it/s]Sat Dec 19 10:49:00 2020[1,0]<stdout>:
Iteration:   9%|▊         | 300/3452 [01:16<12:43,  4.13it/s]Sat Dec 19 10:49:00 2020[1,0]<stdout>:
Iteration:   9%|▊         | 301/3452 [01:16<12:43,  4.12it/s]Sat Dec 19 10:49:01 2020[1,0]<stdout>:
Iteration:   9%|▊         | 302/3452 [01:16<12:44,  4.12it/s]Sat Dec 19 10:49:01 2020[1,0]<stdout>:
Iteration:   9%|▉         | 303/3452 [01:17<12:43,  4.13it/s]Sat Dec 19 10:49:01 2020[1,0]<stdout>:
Iteration:   9%|▉         | 304/3452 [01:17<12:43,  4.12it/s]Sat Dec 19 10:49:01 2020[1,0]<stdout>:
Iteration:   9%|▉         | 305/3452 [01:17<12:43,  4.12it/s]Sat Dec 19 10:49:02 2020[1,0]<stdout>:
Iteration:   9%|▉         | 306/3452 [01:17<12:43,  4.12it/s]Sat Dec 19 10:49:02 2020[1,0]<stdout>:
Iteration:   9%|▉         | 307/3452 [01:18<12:43,  4.12it/s]Sat Dec 19 10:49:02 2020[1,0]<stdout>:
Iteration:   9%|▉         | 308/3452 [01:18<12:43,  4.12it/s]Sat Dec 19 10:49:02 2020[1,0]<stdout>:
Iteration:   9%|▉         | 309/3452 [01:18<12:43,  4.12it/s]Sat Dec 19 10:49:03 2020[1,0]<stdout>:
Iteration:   9%|▉         | 310/3452 [01:18<12:42,  4.12it/s]Sat Dec 19 10:49:03 2020[1,0]<stdout>:
Iteration:   9%|▉         | 311/3452 [01:19<12:41,  4.12it/s]Sat Dec 19 10:49:03 2020[1,0]<stdout>:
Iteration:   9%|▉         | 312/3452 [01:19<12:41,  4.12it/s]Sat Dec 19 10:49:03 2020[1,0]<stdout>:
Iteration:   9%|▉         | 313/3452 [01:19<12:41,  4.12it/s]Sat Dec 19 10:49:04 2020[1,0]<stdout>:
Iteration:   9%|▉         | 314/3452 [01:19<12:42,  4.12it/s]Sat Dec 19 10:49:04 2020[1,0]<stdout>:
Iteration:   9%|▉         | 315/3452 [01:20<12:41,  4.12it/s]Sat Dec 19 10:49:04 2020[1,0]<stdout>:
Iteration:   9%|▉         | 316/3452 [01:20<12:40,  4.12it/s]Sat Dec 19 10:49:04 2020[1,0]<stdout>:
Iteration:   9%|▉         | 317/3452 [01:20<12:40,  4.12it/s]Sat Dec 19 10:49:05 2020[1,0]<stdout>:
Iteration:   9%|▉         | 318/3452 [01:20<12:40,  4.12it/s]Sat Dec 19 10:49:05 2020[1,0]<stdout>:
Iteration:   9%|▉         | 319/3452 [01:21<12:40,  4.12it/s]Sat Dec 19 10:49:05 2020[1,0]<stdout>:
Iteration:   9%|▉         | 320/3452 [01:21<12:40,  4.12it/s]Sat Dec 19 10:49:05 2020[1,0]<stdout>:
Iteration:   9%|▉         | 321/3452 [01:21<12:39,  4.12it/s]Sat Dec 19 10:49:06 2020[1,0]<stdout>:
Iteration:   9%|▉         | 322/3452 [01:21<12:39,  4.12it/s]Sat Dec 19 10:49:06 2020[1,0]<stdout>:
Iteration:   9%|▉         | 323/3452 [01:22<12:39,  4.12it/s]Sat Dec 19 10:49:06 2020[1,0]<stdout>:
Iteration:   9%|▉         | 324/3452 [01:22<12:39,  4.12it/s]Sat Dec 19 10:49:06 2020[1,0]<stdout>:
Iteration:   9%|▉         | 325/3452 [01:22<12:38,  4.12it/s]Sat Dec 19 10:49:07 2020[1,0]<stdout>:
Iteration:   9%|▉         | 326/3452 [01:22<12:38,  4.12it/s]Sat Dec 19 10:49:07 2020[1,0]<stdout>:
Iteration:   9%|▉         | 327/3452 [01:23<12:38,  4.12it/s]Sat Dec 19 10:49:07 2020[1,0]<stdout>:
Iteration:  10%|▉         | 328/3452 [01:23<12:37,  4.12it/s]Sat Dec 19 10:49:07 2020[1,0]<stdout>:
Iteration:  10%|▉         | 329/3452 [01:23<12:36,  4.13it/s]Sat Dec 19 10:49:08 2020[1,0]<stdout>:
Iteration:  10%|▉         | 330/3452 [01:23<12:35,  4.13it/s]Sat Dec 19 10:49:08 2020[1,0]<stdout>:
Iteration:  10%|▉         | 331/3452 [01:23<12:34,  4.13it/s]Sat Dec 19 10:49:08 2020[1,0]<stdout>:
Iteration:  10%|▉         | 332/3452 [01:24<12:34,  4.13it/s]Sat Dec 19 10:49:08 2020[1,0]<stdout>:
Iteration:  10%|▉         | 333/3452 [01:24<12:35,  4.13it/s]Sat Dec 19 10:49:08 2020[1,0]<stdout>:
Iteration:  10%|▉         | 334/3452 [01:24<12:35,  4.13it/s]Sat Dec 19 10:49:09 2020[1,0]<stdout>:
Iteration:  10%|▉         | 335/3452 [01:24<12:34,  4.13it/s]Sat Dec 19 10:49:09 2020[1,0]<stdout>:
Iteration:  10%|▉         | 336/3452 [01:25<12:34,  4.13it/s]Sat Dec 19 10:49:09 2020[1,0]<stdout>:
Iteration:  10%|▉         | 337/3452 [01:25<12:35,  4.12it/s]Sat Dec 19 10:49:09 2020[1,0]<stdout>:
Iteration:  10%|▉         | 338/3452 [01:25<12:35,  4.12it/s]Sat Dec 19 10:49:10 2020[1,0]<stdout>:
Iteration:  10%|▉         | 339/3452 [01:25<12:35,  4.12it/s]Sat Dec 19 10:49:10 2020[1,0]<stdout>:
Iteration:  10%|▉         | 340/3452 [01:26<12:35,  4.12it/s]Sat Dec 19 10:49:10 2020[1,0]<stdout>:
Iteration:  10%|▉         | 341/3452 [01:26<12:34,  4.12it/s]Sat Dec 19 10:49:10 2020[1,0]<stdout>:
Iteration:  10%|▉         | 342/3452 [01:26<12:34,  4.12it/s]Sat Dec 19 10:49:11 2020[1,0]<stdout>:
Iteration:  10%|▉         | 343/3452 [01:26<12:34,  4.12it/s]Sat Dec 19 10:49:11 2020[1,0]<stdout>:
Iteration:  10%|▉         | 344/3452 [01:27<12:34,  4.12it/s]Sat Dec 19 10:49:11 2020[1,0]<stdout>:
Iteration:  10%|▉         | 345/3452 [01:27<12:34,  4.12it/s]Sat Dec 19 10:49:11 2020[1,0]<stdout>:
Iteration:  10%|█         | 346/3452 [01:27<12:33,  4.12it/s]Sat Dec 19 10:49:12 2020[1,0]<stdout>:
Iteration:  10%|█         | 347/3452 [01:27<12:32,  4.13it/s]Sat Dec 19 10:49:12 2020[1,0]<stdout>:
Iteration:  10%|█         | 348/3452 [01:28<12:31,  4.13it/s]Sat Dec 19 10:49:12 2020[1,0]<stdout>:
Iteration:  10%|█         | 349/3452 [01:28<12:31,  4.13it/s]Sat Dec 19 10:49:12 2020[1,0]<stdout>:
Iteration:  10%|█         | 350/3452 [01:28<12:30,  4.13it/s]Sat Dec 19 10:49:13 2020[1,0]<stdout>:
Iteration:  10%|█         | 351/3452 [01:28<12:31,  4.12it/s]Sat Dec 19 10:49:13 2020[1,0]<stdout>:
Iteration:  10%|█         | 352/3452 [01:29<12:32,  4.12it/s]Sat Dec 19 10:49:13 2020[1,0]<stdout>:
Iteration:  10%|█         | 353/3452 [01:29<12:32,  4.12it/s]Sat Dec 19 10:49:13 2020[1,0]<stdout>:
Iteration:  10%|█         | 354/3452 [01:29<12:32,  4.12it/s]Sat Dec 19 10:49:14 2020[1,0]<stdout>:
Iteration:  10%|█         | 355/3452 [01:29<12:31,  4.12it/s]Sat Dec 19 10:49:14 2020[1,0]<stdout>:
Iteration:  10%|█         | 356/3452 [01:30<12:31,  4.12it/s]Sat Dec 19 10:49:14 2020[1,0]<stdout>:
Iteration:  10%|█         | 357/3452 [01:30<12:30,  4.12it/s]Sat Dec 19 10:49:14 2020[1,0]<stdout>:
Iteration:  10%|█         | 358/3452 [01:30<12:30,  4.12it/s]Sat Dec 19 10:49:15 2020[1,0]<stdout>:
Iteration:  10%|█         | 359/3452 [01:30<12:31,  4.12it/s]Sat Dec 19 10:49:15 2020[1,0]<stdout>:
Iteration:  10%|█         | 360/3452 [01:31<12:31,  4.12it/s]Sat Dec 19 10:49:15 2020[1,0]<stdout>:
Iteration:  10%|█         | 361/3452 [01:31<12:31,  4.11it/s]Sat Dec 19 10:49:15 2020[1,0]<stdout>:
Iteration:  10%|█         | 362/3452 [01:31<12:30,  4.12it/s]Sat Dec 19 10:49:16 2020[1,0]<stdout>:
Iteration:  11%|█         | 363/3452 [01:31<12:28,  4.13it/s]Sat Dec 19 10:49:16 2020[1,0]<stdout>:
Iteration:  11%|█         | 364/3452 [01:31<12:28,  4.13it/s]Sat Dec 19 10:49:16 2020[1,0]<stdout>:
Iteration:  11%|█         | 365/3452 [01:32<12:28,  4.12it/s]Sat Dec 19 10:49:16 2020[1,0]<stdout>:
Iteration:  11%|█         | 366/3452 [01:32<12:28,  4.12it/s]Sat Dec 19 10:49:16 2020[1,0]<stdout>:
Iteration:  11%|█         | 367/3452 [01:32<12:27,  4.13it/s]Sat Dec 19 10:49:17 2020[1,0]<stdout>:
Iteration:  11%|█         | 368/3452 [01:32<12:27,  4.13it/s]Sat Dec 19 10:49:17 2020[1,0]<stdout>:
Iteration:  11%|█         | 369/3452 [01:33<12:27,  4.12it/s]Sat Dec 19 10:49:17 2020[1,0]<stdout>:
Iteration:  11%|█         | 370/3452 [01:33<12:27,  4.12it/s]Sat Dec 19 10:49:17 2020[1,0]<stdout>:
Iteration:  11%|█         | 371/3452 [01:33<12:28,  4.12it/s]Sat Dec 19 10:49:18 2020[1,0]<stdout>:
Iteration:  11%|█         | 372/3452 [01:33<12:26,  4.12it/s]Sat Dec 19 10:49:18 2020[1,0]<stdout>:
Iteration:  11%|█         | 373/3452 [01:34<12:26,  4.13it/s]Sat Dec 19 10:49:18 2020[1,0]<stdout>:
Iteration:  11%|█         | 374/3452 [01:34<12:25,  4.13it/s]Sat Dec 19 10:49:18 2020[1,0]<stdout>:
Iteration:  11%|█         | 375/3452 [01:34<12:24,  4.13it/s]Sat Dec 19 10:49:19 2020[1,0]<stdout>:
Iteration:  11%|█         | 376/3452 [01:34<12:24,  4.13it/s]Sat Dec 19 10:49:19 2020[1,0]<stdout>:
Iteration:  11%|█         | 377/3452 [01:35<12:24,  4.13it/s]Sat Dec 19 10:49:19 2020[1,0]<stdout>:
Iteration:  11%|█         | 378/3452 [01:35<12:25,  4.12it/s]Sat Dec 19 10:49:19 2020[1,0]<stdout>:
Iteration:  11%|█         | 379/3452 [01:35<12:25,  4.12it/s]Sat Dec 19 10:49:20 2020[1,0]<stdout>:
Iteration:  11%|█         | 380/3452 [01:35<12:24,  4.13it/s]Sat Dec 19 10:49:20 2020[1,0]<stdout>:
Iteration:  11%|█         | 381/3452 [01:36<12:24,  4.12it/s]Sat Dec 19 10:49:20 2020[1,0]<stdout>:
Iteration:  11%|█         | 382/3452 [01:36<12:24,  4.13it/s]Sat Dec 19 10:49:20 2020[1,0]<stdout>:
Iteration:  11%|█         | 383/3452 [01:36<12:22,  4.13it/s]Sat Dec 19 10:49:21 2020[1,0]<stdout>:
Iteration:  11%|█         | 384/3452 [01:36<12:22,  4.13it/s]Sat Dec 19 10:49:21 2020[1,0]<stdout>:
Iteration:  11%|█         | 385/3452 [01:37<12:22,  4.13it/s]Sat Dec 19 10:49:21 2020[1,0]<stdout>:
Iteration:  11%|█         | 386/3452 [01:37<12:22,  4.13it/s]Sat Dec 19 10:49:21 2020[1,0]<stdout>:
Iteration:  11%|█         | 387/3452 [01:37<12:22,  4.13it/s]Sat Dec 19 10:49:22 2020[1,0]<stdout>:
Iteration:  11%|█         | 388/3452 [01:37<12:22,  4.13it/s]Sat Dec 19 10:49:22 2020[1,0]<stdout>:
Iteration:  11%|█▏        | 389/3452 [01:38<12:23,  4.12it/s]Sat Dec 19 10:49:22 2020[1,0]<stdout>:
Iteration:  11%|█▏        | 390/3452 [01:38<12:23,  4.12it/s]Sat Dec 19 10:49:22 2020[1,0]<stdout>:
Iteration:  11%|█▏        | 391/3452 [01:38<12:23,  4.12it/s]Sat Dec 19 10:49:23 2020[1,0]<stdout>:
Iteration:  11%|█▏        | 392/3452 [01:38<12:22,  4.12it/s]Sat Dec 19 10:49:23 2020[1,0]<stdout>:
Iteration:  11%|█▏        | 393/3452 [01:39<12:22,  4.12it/s]Sat Dec 19 10:49:23 2020[1,0]<stdout>:
Iteration:  11%|█▏        | 394/3452 [01:39<12:22,  4.12it/s]Sat Dec 19 10:49:23 2020[1,0]<stdout>:
Iteration:  11%|█▏        | 395/3452 [01:39<12:21,  4.12it/s]Sat Dec 19 10:49:24 2020[1,0]<stdout>:
Iteration:  11%|█▏        | 396/3452 [01:39<12:21,  4.12it/s]Sat Dec 19 10:49:24 2020[1,0]<stdout>:
Iteration:  12%|█▏        | 397/3452 [01:39<12:21,  4.12it/s]Sat Dec 19 10:49:24 2020[1,0]<stdout>:
Iteration:  12%|█▏        | 398/3452 [01:40<12:20,  4.12it/s]Sat Dec 19 10:49:24 2020[1,0]<stdout>:
Iteration:  12%|█▏        | 399/3452 [01:40<12:20,  4.12it/s]Sat Dec 19 10:49:24 2020[1,0]<stdout>:
Iteration:  12%|█▏        | 400/3452 [01:40<12:19,  4.13it/s]Sat Dec 19 10:49:25 2020[1,0]<stdout>:
Iteration:  12%|█▏        | 401/3452 [01:40<12:18,  4.13it/s]Sat Dec 19 10:49:25 2020[1,0]<stdout>:
Iteration:  12%|█▏        | 402/3452 [01:41<12:18,  4.13it/s]Sat Dec 19 10:49:25 2020[1,0]<stdout>:
Iteration:  12%|█▏        | 403/3452 [01:41<12:18,  4.13it/s]Sat Dec 19 10:49:25 2020[1,0]<stdout>:
Iteration:  12%|█▏        | 404/3452 [01:41<12:18,  4.13it/s]Sat Dec 19 10:49:26 2020[1,0]<stdout>:
Iteration:  12%|█▏        | 405/3452 [01:41<12:18,  4.13it/s]Sat Dec 19 10:49:26 2020[1,0]<stdout>:
Iteration:  12%|█▏        | 406/3452 [01:42<12:19,  4.12it/s]Sat Dec 19 10:49:26 2020[1,0]<stdout>:
Iteration:  12%|█▏        | 407/3452 [01:42<12:19,  4.12it/s]Sat Dec 19 10:49:26 2020[1,0]<stdout>:
Iteration:  12%|█▏        | 408/3452 [01:42<12:18,  4.12it/s]Sat Dec 19 10:49:27 2020[1,0]<stdout>:
Iteration:  12%|█▏        | 409/3452 [01:42<12:18,  4.12it/s]Sat Dec 19 10:49:27 2020[1,0]<stdout>:
Iteration:  12%|█▏        | 410/3452 [01:43<12:17,  4.12it/s]Sat Dec 19 10:49:27 2020[1,0]<stdout>:
Iteration:  12%|█▏        | 411/3452 [01:43<12:17,  4.12it/s]Sat Dec 19 10:49:27 2020[1,0]<stdout>:
Iteration:  12%|█▏        | 412/3452 [01:43<12:17,  4.12it/s]Sat Dec 19 10:49:28 2020[1,0]<stdout>:
Iteration:  12%|█▏        | 413/3452 [01:43<12:16,  4.12it/s]Sat Dec 19 10:49:28 2020[1,0]<stdout>:
Iteration:  12%|█▏        | 414/3452 [01:44<12:17,  4.12it/s]Sat Dec 19 10:49:28 2020[1,0]<stdout>:
Iteration:  12%|█▏        | 415/3452 [01:44<12:16,  4.12it/s]Sat Dec 19 10:49:28 2020[1,0]<stdout>:
Iteration:  12%|█▏        | 416/3452 [01:44<12:16,  4.12it/s]Sat Dec 19 10:49:29 2020[1,0]<stdout>:
Iteration:  12%|█▏        | 417/3452 [01:44<12:15,  4.13it/s]Sat Dec 19 10:49:29 2020[1,0]<stdout>:
Iteration:  12%|█▏        | 418/3452 [01:45<12:14,  4.13it/s]Sat Dec 19 10:49:29 2020[1,0]<stdout>:
Iteration:  12%|█▏        | 419/3452 [01:45<12:14,  4.13it/s]Sat Dec 19 10:49:29 2020[1,0]<stdout>:
Iteration:  12%|█▏        | 420/3452 [01:45<12:13,  4.13it/s]Sat Dec 19 10:49:30 2020[1,0]<stdout>:
Iteration:  12%|█▏        | 421/3452 [01:45<12:13,  4.13it/s]Sat Dec 19 10:49:30 2020[1,0]<stdout>:
Iteration:  12%|█▏        | 422/3452 [01:46<12:13,  4.13it/s]Sat Dec 19 10:49:30 2020[1,0]<stdout>:
Iteration:  12%|█▏        | 423/3452 [01:46<12:13,  4.13it/s]Sat Dec 19 10:49:30 2020[1,0]<stdout>:
Iteration:  12%|█▏        | 424/3452 [01:46<12:13,  4.13it/s]Sat Dec 19 10:49:31 2020[1,0]<stdout>:
Iteration:  12%|█▏        | 425/3452 [01:46<12:14,  4.12it/s]Sat Dec 19 10:49:31 2020[1,0]<stdout>:
Iteration:  12%|█▏        | 426/3452 [01:47<12:15,  4.12it/s]Sat Dec 19 10:49:31 2020[1,0]<stdout>:
Iteration:  12%|█▏        | 427/3452 [01:47<12:15,  4.11it/s]Sat Dec 19 10:49:31 2020[1,0]<stdout>:
Iteration:  12%|█▏        | 428/3452 [01:47<12:14,  4.12it/s]Sat Dec 19 10:49:32 2020[1,0]<stdout>:
Iteration:  12%|█▏        | 429/3452 [01:47<12:13,  4.12it/s]Sat Dec 19 10:49:32 2020[1,0]<stdout>:
Iteration:  12%|█▏        | 430/3452 [01:48<12:12,  4.12it/s]Sat Dec 19 10:49:32 2020[1,0]<stdout>:
Iteration:  12%|█▏        | 431/3452 [01:48<12:12,  4.12it/s]Sat Dec 19 10:49:32 2020[1,0]<stdout>:
Iteration:  13%|█▎        | 432/3452 [01:48<12:12,  4.12it/s]Sat Dec 19 10:49:32 2020[1,0]<stdout>:
Iteration:  13%|█▎        | 433/3452 [01:48<12:11,  4.13it/s]Sat Dec 19 10:49:33 2020[1,0]<stdout>:
Iteration:  13%|█▎        | 434/3452 [01:48<12:11,  4.13it/s]Sat Dec 19 10:49:33 2020[1,0]<stdout>:
Iteration:  13%|█▎        | 435/3452 [01:49<12:11,  4.12it/s]Sat Dec 19 10:49:33 2020[1,0]<stdout>:
Iteration:  13%|█▎        | 436/3452 [01:49<12:11,  4.12it/s]Sat Dec 19 10:49:33 2020[1,0]<stdout>:
Iteration:  13%|█▎        | 437/3452 [01:49<12:10,  4.13it/s]Sat Dec 19 10:49:34 2020[1,0]<stdout>:
Iteration:  13%|█▎        | 438/3452 [01:49<12:09,  4.13it/s]Sat Dec 19 10:49:34 2020[1,0]<stdout>:
Iteration:  13%|█▎        | 439/3452 [01:50<12:10,  4.13it/s]Sat Dec 19 10:49:34 2020[1,0]<stdout>:
Iteration:  13%|█▎        | 440/3452 [01:50<12:10,  4.12it/s]Sat Dec 19 10:49:34 2020[1,0]<stdout>:
Iteration:  13%|█▎        | 441/3452 [01:50<12:10,  4.12it/s]Sat Dec 19 10:49:35 2020[1,0]<stdout>:
Iteration:  13%|█▎        | 442/3452 [01:50<12:10,  4.12it/s]Sat Dec 19 10:49:35 2020[1,0]<stdout>:
Iteration:  13%|█▎        | 443/3452 [01:51<12:10,  4.12it/s]Sat Dec 19 10:49:35 2020[1,0]<stdout>:
Iteration:  13%|█▎        | 444/3452 [01:51<12:09,  4.12it/s]Sat Dec 19 10:49:35 2020[1,0]<stdout>:
Iteration:  13%|█▎        | 445/3452 [01:51<12:09,  4.12it/s]Sat Dec 19 10:49:36 2020[1,0]<stdout>:
Iteration:  13%|█▎        | 446/3452 [01:51<12:08,  4.13it/s]Sat Dec 19 10:49:36 2020[1,0]<stdout>:
Iteration:  13%|█▎        | 447/3452 [01:52<12:07,  4.13it/s]Sat Dec 19 10:49:36 2020[1,0]<stdout>:
Iteration:  13%|█▎        | 448/3452 [01:52<12:07,  4.13it/s]Sat Dec 19 10:49:36 2020[1,0]<stdout>:
Iteration:  13%|█▎        | 449/3452 [01:52<12:06,  4.13it/s]Sat Dec 19 10:49:37 2020[1,0]<stdout>:
Iteration:  13%|█▎        | 450/3452 [01:52<12:07,  4.13it/s]Sat Dec 19 10:49:37 2020[1,0]<stdout>:
Iteration:  13%|█▎        | 451/3452 [01:53<12:07,  4.13it/s]Sat Dec 19 10:49:37 2020[1,0]<stdout>:
Iteration:  13%|█▎        | 452/3452 [01:53<12:07,  4.13it/s]Sat Dec 19 10:49:37 2020[1,0]<stdout>:
Iteration:  13%|█▎        | 453/3452 [01:53<12:06,  4.13it/s]Sat Dec 19 10:49:38 2020[1,0]<stdout>:
Iteration:  13%|█▎        | 454/3452 [01:53<12:05,  4.13it/s]Sat Dec 19 10:49:38 2020[1,0]<stdout>:
Iteration:  13%|█▎        | 455/3452 [01:54<12:05,  4.13it/s]Sat Dec 19 10:49:38 2020[1,0]<stdout>:
Iteration:  13%|█▎        | 456/3452 [01:54<12:06,  4.12it/s]Sat Dec 19 10:49:38 2020[1,0]<stdout>:
Iteration:  13%|█▎        | 457/3452 [01:54<12:06,  4.12it/s]Sat Dec 19 10:49:39 2020[1,0]<stdout>:
Iteration:  13%|█▎        | 458/3452 [01:54<12:06,  4.12it/s]Sat Dec 19 10:49:39 2020[1,0]<stdout>:
Iteration:  13%|█▎        | 459/3452 [01:55<12:06,  4.12it/s]Sat Dec 19 10:49:39 2020[1,0]<stdout>:
Iteration:  13%|█▎        | 460/3452 [01:55<12:06,  4.12it/s]Sat Dec 19 10:49:39 2020[1,0]<stdout>:
Iteration:  13%|█▎        | 461/3452 [01:55<12:05,  4.12it/s]Sat Dec 19 10:49:40 2020[1,0]<stdout>:
Iteration:  13%|█▎        | 462/3452 [01:55<12:04,  4.12it/s]Sat Dec 19 10:49:40 2020[1,0]<stdout>:
Iteration:  13%|█▎        | 463/3452 [01:55<12:04,  4.13it/s]Sat Dec 19 10:49:40 2020[1,0]<stdout>:
Iteration:  13%|█▎        | 464/3452 [01:56<12:03,  4.13it/s]Sat Dec 19 10:49:40 2020[1,0]<stdout>:
Iteration:  13%|█▎        | 465/3452 [01:56<12:03,  4.13it/s]Sat Dec 19 10:49:40 2020[1,0]<stdout>:
Iteration:  13%|█▎        | 466/3452 [01:56<12:02,  4.14it/s]Sat Dec 19 10:49:41 2020[1,0]<stdout>:
Iteration:  14%|█▎        | 467/3452 [01:56<12:02,  4.13it/s]Sat Dec 19 10:49:41 2020[1,0]<stdout>:
Iteration:  14%|█▎        | 468/3452 [01:57<12:02,  4.13it/s]Sat Dec 19 10:49:41 2020[1,0]<stdout>:
Iteration:  14%|█▎        | 469/3452 [01:57<12:02,  4.13it/s]Sat Dec 19 10:49:41 2020[1,0]<stdout>:
Iteration:  14%|█▎        | 470/3452 [01:57<12:02,  4.13it/s]Sat Dec 19 10:49:42 2020[1,0]<stdout>:
Iteration:  14%|█▎        | 471/3452 [01:57<12:01,  4.13it/s]Sat Dec 19 10:49:42 2020[1,0]<stdout>:
Iteration:  14%|█▎        | 472/3452 [01:58<12:02,  4.13it/s]Sat Dec 19 10:49:42 2020[1,0]<stdout>:
Iteration:  14%|█▎        | 473/3452 [01:58<12:02,  4.12it/s]Sat Dec 19 10:49:42 2020[1,0]<stdout>:
Iteration:  14%|█▎        | 474/3452 [01:58<12:02,  4.12it/s]Sat Dec 19 10:49:43 2020[1,0]<stdout>:
Iteration:  14%|█▍        | 475/3452 [01:58<12:02,  4.12it/s]Sat Dec 19 10:49:43 2020[1,0]<stdout>:
Iteration:  14%|█▍        | 476/3452 [01:59<12:01,  4.12it/s]Sat Dec 19 10:49:43 2020[1,0]<stdout>:
Iteration:  14%|█▍        | 477/3452 [01:59<12:01,  4.12it/s]Sat Dec 19 10:49:43 2020[1,0]<stdout>:
Iteration:  14%|█▍        | 478/3452 [01:59<12:00,  4.13it/s]Sat Dec 19 10:49:44 2020[1,0]<stdout>:
Iteration:  14%|█▍        | 479/3452 [01:59<11:59,  4.13it/s]Sat Dec 19 10:49:44 2020[1,0]<stdout>:
Iteration:  14%|█▍        | 480/3452 [02:00<11:58,  4.14it/s]Sat Dec 19 10:49:44 2020[1,0]<stdout>:
Iteration:  14%|█▍        | 481/3452 [02:00<11:58,  4.13it/s]Sat Dec 19 10:49:44 2020[1,0]<stdout>:
Iteration:  14%|█▍        | 482/3452 [02:00<11:59,  4.13it/s]Sat Dec 19 10:49:45 2020[1,0]<stdout>:
Iteration:  14%|█▍        | 483/3452 [02:00<11:58,  4.13it/s]Sat Dec 19 10:49:45 2020[1,0]<stdout>:
Iteration:  14%|█▍        | 484/3452 [02:01<11:59,  4.13it/s]Sat Dec 19 10:49:45 2020[1,0]<stdout>:
Iteration:  14%|█▍        | 485/3452 [02:01<11:58,  4.13it/s]Sat Dec 19 10:49:45 2020[1,0]<stdout>:
Iteration:  14%|█▍        | 486/3452 [02:01<11:57,  4.13it/s]Sat Dec 19 10:49:46 2020[1,0]<stdout>:
Iteration:  14%|█▍        | 487/3452 [02:01<11:57,  4.13it/s]Sat Dec 19 10:49:46 2020[1,0]<stdout>:
Iteration:  14%|█▍        | 488/3452 [02:02<11:57,  4.13it/s]Sat Dec 19 10:49:46 2020[1,0]<stdout>:
Iteration:  14%|█▍        | 489/3452 [02:02<11:58,  4.12it/s]Sat Dec 19 10:49:46 2020[1,0]<stdout>:
Iteration:  14%|█▍        | 490/3452 [02:02<12:00,  4.11it/s]Sat Dec 19 10:49:47 2020[1,0]<stdout>:
Iteration:  14%|█▍        | 491/3452 [02:02<12:00,  4.11it/s]Sat Dec 19 10:49:47 2020[1,0]<stdout>:
Iteration:  14%|█▍        | 492/3452 [02:03<11:59,  4.11it/s]Sat Dec 19 10:49:47 2020[1,0]<stdout>:
Iteration:  14%|█▍        | 493/3452 [02:03<11:58,  4.12it/s]Sat Dec 19 10:49:47 2020[1,0]<stdout>:
Iteration:  14%|█▍        | 494/3452 [02:03<11:58,  4.12it/s]Sat Dec 19 10:49:48 2020[1,0]<stdout>:
Iteration:  14%|█▍        | 495/3452 [02:03<11:57,  4.12it/s]Sat Dec 19 10:49:51 2020[1,0]<stdout>:DLL 2020-12-19 10:49:51.995990 - Training Epoch: 0 Training Iteration: 41  average_loss : 7.993661134532004  step_loss : 8.019515991210938  learning_rate : 0.0025455844122715715
Sat Dec 19 10:49:51 2020[1,0]<stdout>:
Iteration:  14%|█▍        | 496/3452 [02:07<1:07:03,  1.36s/it]Sat Dec 19 10:49:52 2020[1,0]<stdout>:
Iteration:  14%|█▍        | 497/3452 [02:07<50:26,  1.02s/it]  Sat Dec 19 10:49:52 2020[1,0]<stdout>:
Iteration:  14%|█▍        | 498/3452 [02:08<38:52,  1.27it/s]Sat Dec 19 10:49:52 2020[1,0]<stdout>:
Iteration:  14%|█▍        | 499/3452 [02:08<30:45,  1.60it/s]Sat Dec 19 10:49:52 2020[1,0]<stdout>:
Iteration:  14%|█▍        | 500/3452 [02:08<25:05,  1.96it/s]Sat Dec 19 10:49:53 2020[1,0]<stdout>:
Iteration:  15%|█▍        | 501/3452 [02:08<21:08,  2.33it/s]Sat Dec 19 10:49:53 2020[1,0]<stdout>:
Iteration:  15%|█▍        | 502/3452 [02:09<18:21,  2.68it/s]Sat Dec 19 10:49:53 2020[1,0]<stdout>:
Iteration:  15%|█▍        | 503/3452 [02:09<16:25,  2.99it/s]Sat Dec 19 10:49:53 2020[1,0]<stdout>:
Iteration:  15%|█▍        | 504/3452 [02:09<15:03,  3.26it/s]Sat Dec 19 10:49:54 2020[1,0]<stdout>:
Iteration:  15%|█▍        | 505/3452 [02:09<14:06,  3.48it/s]Sat Dec 19 10:49:54 2020[1,0]<stdout>:
Iteration:  15%|█▍        | 506/3452 [02:10<13:27,  3.65it/s]Sat Dec 19 10:49:54 2020[1,0]<stdout>:
Iteration:  15%|█▍        | 507/3452 [02:10<12:59,  3.78it/s]Sat Dec 19 10:49:54 2020[1,0]<stdout>:
Iteration:  15%|█▍        | 508/3452 [02:10<12:39,  3.88it/s]Sat Dec 19 10:49:55 2020[1,0]<stdout>:
Iteration:  15%|█▍        | 509/3452 [02:10<12:25,  3.95it/s]Sat Dec 19 10:49:55 2020[1,0]<stdout>:
Iteration:  15%|█▍        | 510/3452 [02:11<12:16,  4.00it/s]Sat Dec 19 10:49:55 2020[1,0]<stdout>:
Iteration:  15%|█▍        | 511/3452 [02:11<12:09,  4.03it/s]Sat Dec 19 10:49:55 2020[1,0]<stdout>:
Iteration:  15%|█▍        | 512/3452 [02:11<12:04,  4.06it/s]Sat Dec 19 10:49:56 2020[1,0]<stdout>:
Iteration:  15%|█▍        | 513/3452 [02:11<12:01,  4.08it/s]Sat Dec 19 10:49:56 2020[1,0]<stdout>:
Iteration:  15%|█▍        | 514/3452 [02:12<11:58,  4.09it/s]Sat Dec 19 10:49:56 2020[1,0]<stdout>:
Iteration:  15%|█▍        | 515/3452 [02:12<11:56,  4.10it/s]Sat Dec 19 10:49:56 2020[1,0]<stdout>:
Iteration:  15%|█▍        | 516/3452 [02:12<11:55,  4.10it/s]Sat Dec 19 10:49:57 2020[1,0]<stdout>:
Iteration:  15%|█▍        | 517/3452 [02:12<11:54,  4.11it/s]Sat Dec 19 10:49:57 2020[1,0]<stdout>:
Iteration:  15%|█▌        | 518/3452 [02:13<11:54,  4.11it/s]Sat Dec 19 10:49:57 2020[1,0]<stdout>:
Iteration:  15%|█▌        | 519/3452 [02:13<11:53,  4.11it/s]Sat Dec 19 10:49:57 2020[1,0]<stdout>:
Iteration:  15%|█▌        | 520/3452 [02:13<11:52,  4.11it/s]Sat Dec 19 10:49:58 2020[1,0]<stdout>:
Iteration:  15%|█▌        | 521/3452 [02:13<11:51,  4.12it/s]Sat Dec 19 10:49:58 2020[1,0]<stdout>:
Iteration:  15%|█▌        | 522/3452 [02:14<11:50,  4.12it/s]Sat Dec 19 10:49:58 2020[1,0]<stdout>:
Iteration:  15%|█▌        | 523/3452 [02:14<11:50,  4.12it/s]Sat Dec 19 10:49:58 2020[1,0]<stdout>:
Iteration:  15%|█▌        | 524/3452 [02:14<11:49,  4.12it/s]Sat Dec 19 10:49:59 2020[1,0]<stdout>:
Iteration:  15%|█▌        | 525/3452 [02:14<11:49,  4.13it/s]Sat Dec 19 10:49:59 2020[1,0]<stdout>:
Iteration:  15%|█▌        | 526/3452 [02:14<11:49,  4.12it/s]Sat Dec 19 10:49:59 2020[1,0]<stdout>:
Iteration:  15%|█▌        | 527/3452 [02:15<11:49,  4.12it/s]Sat Dec 19 10:49:59 2020[1,0]<stdout>:
Iteration:  15%|█▌        | 528/3452 [02:15<11:48,  4.13it/s]Sat Dec 19 10:49:59 2020[1,0]<stdout>:
Iteration:  15%|█▌        | 529/3452 [02:15<11:47,  4.13it/s]Sat Dec 19 10:50:00 2020[1,0]<stdout>:
Iteration:  15%|█▌        | 530/3452 [02:15<11:47,  4.13it/s]Sat Dec 19 10:50:00 2020[1,0]<stdout>:
Iteration:  15%|█▌        | 531/3452 [02:16<11:47,  4.13it/s]Sat Dec 19 10:50:00 2020[1,0]<stdout>:
Iteration:  15%|█▌        | 532/3452 [02:16<11:46,  4.13it/s]Sat Dec 19 10:50:00 2020[1,0]<stdout>:
Iteration:  15%|█▌        | 533/3452 [02:16<11:46,  4.13it/s]Sat Dec 19 10:50:01 2020[1,0]<stdout>:
Iteration:  15%|█▌        | 534/3452 [02:16<11:46,  4.13it/s]Sat Dec 19 10:50:01 2020[1,0]<stdout>:
Iteration:  15%|█▌        | 535/3452 [02:17<11:46,  4.13it/s]Sat Dec 19 10:50:01 2020[1,0]<stdout>:
....
Iteration:  75%|███████▍  | 2572/3452 [10:57<03:34,  4.11it/s]Sat Dec 19 10:58:42 2020[1,0]<stdout>:
Iteration:  75%|███████▍  | 2573/3452 [10:57<03:33,  4.11it/s]Sat Dec 19 10:58:42 2020[1,0]<stdout>:
Iteration:  75%|███████▍  | 2574/3452 [10:58<03:33,  4.12it/s]Sat Dec 19 10:58:42 2020[1,0]<stdout>:
Iteration:  75%|███████▍  | 2575/3452 [10:58<03:32,  4.12it/s]Sat Dec 19 10:58:42 2020[1,0]<stdout>:
Iteration:  75%|███████▍  | 2576/3452 [10:58<03:32,  4.12it/s]Sat Dec 19 10:58:43 2020[1,0]<stdout>:
Iteration:  75%|███████▍  | 2577/3452 [10:58<03:32,  4.12it/s]Sat Dec 19 10:58:43 2020[1,0]<stdout>:
Iteration:  75%|███████▍  | 2578/3452 [10:59<03:32,  4.12it/s]Sat Dec 19 10:58:43 2020[1,0]<stdout>:
Iteration:  75%|███████▍  | 2579/3452 [10:59<03:31,  4.12it/s]Sat Dec 19 10:58:43 2020[1,0]<stdout>:
Iteration:  75%|███████▍  | 2580/3452 [10:59<03:31,  4.12it/s]Sat Dec 19 10:58:44 2020[1,0]<stdout>:
Iteration:  75%|███████▍  | 2581/3452 [10:59<03:31,  4.11it/s]Sat Dec 19 10:58:44 2020[1,0]<stdout>:
Iteration:  75%|███████▍  | 2582/3452 [11:00<03:31,  4.11it/s]Sat Dec 19 10:58:44 2020[1,0]<stdout>:
Iteration:  75%|███████▍  | 2583/3452 [11:00<03:30,  4.12it/s]Sat Dec 19 10:58:44 2020[1,0]<stdout>:
Iteration:  75%|███████▍  | 2584/3452 [11:00<03:30,  4.12it/s]Sat Dec 19 10:58:45 2020[1,0]<stdout>:
Iteration:  75%|███████▍  | 2585/3452 [11:00<03:30,  4.11it/s]Sat Dec 19 10:58:45 2020[1,0]<stdout>:
Iteration:  75%|███████▍  | 2586/3452 [11:01<03:30,  4.11it/s]Sat Dec 19 10:58:45 2020[1,0]<stdout>:
Iteration:  75%|███████▍  | 2587/3452 [11:01<03:30,  4.11it/s]Sat Dec 19 10:58:45 2020[1,0]<stdout>:
Iteration:  75%|███████▍  | 2588/3452 [11:01<03:30,  4.11it/s]Sat Dec 19 10:58:46 2020[1,0]<stdout>:
Iteration:  75%|███████▌  | 2589/3452 [11:01<03:29,  4.11it/s]Sat Dec 19 10:58:46 2020[1,0]<stdout>:
Iteration:  75%|███████▌  | 2590/3452 [11:02<03:29,  4.11it/s]Sat Dec 19 10:58:46 2020[1,0]<stdout>:
Iteration:  75%|███████▌  | 2591/3452 [11:02<03:29,  4.12it/s]Sat Dec 19 10:58:46 2020[1,0]<stdout>:
Iteration:  75%|███████▌  | 2592/3452 [11:02<03:28,  4.12it/s]Sat Dec 19 10:58:47 2020[1,0]<stdout>:
Iteration:  75%|███████▌  | 2593/3452 [11:02<03:28,  4.11it/s]Sat Dec 19 10:58:47 2020[1,0]<stdout>:
Iteration:  75%|███████▌  | 2594/3452 [11:03<03:28,  4.11it/s]Sat Dec 19 10:58:47 2020[1,0]<stdout>:
Iteration:  75%|███████▌  | 2595/3452 [11:03<03:28,  4.11it/s]Sat Dec 19 10:58:47 2020[1,0]<stdout>:
Iteration:  75%|███████▌  | 2596/3452 [11:03<03:28,  4.11it/s]Sat Dec 19 10:58:48 2020[1,0]<stdout>:
Iteration:  75%|███████▌  | 2597/3452 [11:03<03:27,  4.11it/s]Sat Dec 19 10:58:48 2020[1,0]<stdout>:
Iteration:  75%|███████▌  | 2598/3452 [11:04<03:27,  4.12it/s]Sat Dec 19 10:58:48 2020[1,0]<stdout>:
Iteration:  75%|███████▌  | 2599/3452 [11:04<03:27,  4.12it/s]Sat Dec 19 10:58:48 2020[1,0]<stdout>:
Iteration:  75%|███████▌  | 2600/3452 [11:04<03:26,  4.12it/s]Sat Dec 19 10:58:49 2020[1,0]<stdout>:
Iteration:  75%|███████▌  | 2601/3452 [11:04<03:26,  4.11it/s]Sat Dec 19 10:58:49 2020[1,0]<stdout>:
Iteration:  75%|███████▌  | 2602/3452 [11:05<03:26,  4.11it/s]Sat Dec 19 10:58:49 2020[1,0]<stdout>:
Iteration:  75%|███████▌  | 2603/3452 [11:05<03:26,  4.11it/s]Sat Dec 19 10:58:49 2020[1,0]<stdout>:
Iteration:  75%|███████▌  | 2604/3452 [11:05<03:26,  4.11it/s]Sat Dec 19 10:58:50 2020[1,0]<stdout>:
Iteration:  75%|███████▌  | 2605/3452 [11:05<03:26,  4.10it/s]Sat Dec 19 10:58:50 2020[1,0]<stdout>:
Iteration:  75%|███████▌  | 2606/3452 [11:05<03:25,  4.11it/s]Sat Dec 19 10:58:50 2020[1,0]<stdout>:
Iteration:  76%|███████▌  | 2607/3452 [11:06<03:25,  4.11it/s]Sat Dec 19 10:58:54 2020[1,0]<stdout>:DLL 2020-12-19 10:58:54.452310 - Training Epoch: 0 Training Iteration: 49  average_loss : 7.978047894709038  step_loss : 8.106517791748047  learning_rate : 0.0008485281374238573
Sat Dec 19 10:58:54 2020[1,0]<stdout>:
Iteration:  76%|███████▌  | 2608/3452 [11:10<19:04,  1.36s/it]Sat Dec 19 10:58:54 2020[1,0]<stdout>:
Iteration:  76%|███████▌  | 2609/3452 [11:10<14:20,  1.02s/it]Sat Dec 19 10:58:54 2020[1,0]<stdout>:
Iteration:  76%|███████▌  | 2610/3452 [11:10<11:02,  1.27it/s]Sat Dec 19 10:58:55 2020[1,0]<stdout>:
Iteration:  76%|███████▌  | 2611/3452 [11:10<08:44,  1.60it/s]Sat Dec 19 10:58:55 2020[1,0]<stdout>:
Iteration:  76%|███████▌  | 2612/3452 [11:11<07:07,  1.96it/s]Sat Dec 19 10:58:55 2020[1,0]<stdout>:
Iteration:  76%|███████▌  | 2613/3452 [11:11<05:59,  2.33it/s]Sat Dec 19 10:58:55 2020[1,0]<stdout>:
Iteration:  76%|███████▌  | 2614/3452 [11:11<05:12,  2.68it/s]Sat Dec 19 10:58:56 2020[1,0]<stdout>:
Iteration:  76%|███████▌  | 2615/3452 [11:11<04:39,  3.00it/s]Sat Dec 19 10:58:56 2020[1,0]<stdout>:
Iteration:  76%|███████▌  | 2616/3452 [11:12<04:15,  3.27it/s]Sat Dec 19 10:58:56 2020[1,0]<stdout>:
Iteration:  76%|███████▌  | 2617/3452 [11:12<03:59,  3.49it/s]Sat Dec 19 10:58:56 2020[1,0]<stdout>:
Iteration:  76%|███████▌  | 2618/3452 [11:12<03:47,  3.66it/s]Sat Dec 19 10:58:57 2020[1,0]<stdout>:
Iteration:  76%|███████▌  | 2619/3452 [11:12<03:39,  3.79it/s]Sat Dec 19 10:58:57 2020[1,0]<stdout>:
Iteration:  76%|███████▌  | 2620/3452 [11:13<03:34,  3.88it/s]Sat Dec 19 10:58:57 2020[1,0]<stdout>:
Iteration:  76%|███████▌  | 2621/3452 [11:13<03:30,  3.95it/s]Sat Dec 19 10:58:57 2020[1,0]<stdout>:
Iteration:  76%|███████▌  | 2622/3452 [11:13<03:27,  4.00it/s]Sat Dec 19 10:58:58 2020[1,0]<stdout>:
Iteration:  76%|███████▌  | 2623/3452 [11:13<03:25,  4.04it/s]Sat Dec 19 10:58:58 2020[1,0]<stdout>:
Iteration:  76%|███████▌  | 2624/3452 [11:14<03:23,  4.06it/s]Sat Dec 19 10:58:58 2020[1,0]<stdout>:
Iteration:  76%|███████▌  | 2625/3452 [11:14<03:22,  4.08it/s]Sat Dec 19 10:58:58 2020[1,0]<stdout>:
Iteration:  76%|███████▌  | 2626/3452 [11:14<03:21,  4.09it/s]Sat Dec 19 10:58:59 2020[1,0]<stdout>:
Iteration:  76%|███████▌  | 2627/3452 [11:14<03:21,  4.10it/s]Sat Dec 19 10:58:59 2020[1,0]<stdout>:
Iteration:  76%|███████▌  | 2628/3452 [11:15<03:20,  4.11it/s]Sat Dec 19 10:58:59 2020[1,0]<stdout>:
Iteration:  76%|███████▌  | 2629/3452 [11:15<03:20,  4.11it/s]Sat Dec 19 10:58:59 2020[1,0]<stdout>:
Iteration:  76%|███████▌  | 2630/3452 [11:15<03:19,  4.12it/s]Sat Dec 19 10:59:00 2020[1,0]<stdout>:
Iteration:  76%|███████▌  | 2631/3452 [11:15<03:19,  4.12it/s]Sat Dec 19 10:59:00 2020[1,0]<stdout>:
Iteration:  76%|███████▌  | 2632/3452 [11:15<03:18,  4.12it/s]Sat Dec 19 10:59:00 2020[1,0]<stdout>:
Iteration:  76%|███████▋  | 2633/3452 [11:16<03:18,  4.12it/s]Sat Dec 19 10:59:00 2020[1,0]<stdout>:
Iteration:  76%|███████▋  | 2634/3452 [11:16<03:18,  4.12it/s]Sat Dec 19 10:59:00 2020[1,0]<stdout>:
Iteration:  76%|███████▋  | 2635/3452 [11:16<03:18,  4.12it/s]Sat Dec 19 10:59:01 2020[1,0]<stdout>:
Iteration:  76%|███████▋  | 2636/3452 [11:16<03:17,  4.13it/s]Sat Dec 19 10:59:01 2020[1,0]<stdout>:
Iteration:  76%|███████▋  | 2637/3452 [11:17<03:17,  4.13it/s]Sat Dec 19 10:59:01 2020[1,0]<stdout>:
Iteration:  76%|███████▋  | 2638/3452 [11:17<03:17,  4.13it/s]Sat Dec 19 10:59:01 2020[1,0]<stdout>:
Iteration:  76%|███████▋  | 2639/3452 [11:17<03:16,  4.13it/s]Sat Dec 19 10:59:02 2020[1,0]<stdout>:
Iteration:  76%|███████▋  | 2640/3452 [11:17<03:16,  4.13it/s]Sat Dec 19 10:59:02 2020[1,0]<stdout>:
Iteration:  77%|███████▋  | 2641/3452 [11:18<03:16,  4.13it/s]Sat Dec 19 10:59:02 2020[1,0]<stdout>:
Iteration:  77%|███████▋  | 2642/3452 [11:18<03:16,  4.12it/s]Sat Dec 19 10:59:02 2020[1,0]<stdout>:
Iteration:  77%|███████▋  | 2643/3452 [11:18<03:16,  4.12it/s]Sat Dec 19 10:59:03 2020[1,0]<stdout>:
Iteration:  77%|███████▋  | 2644/3452 [11:18<03:16,  4.12it/s]Sat Dec 19 10:59:03 2020[1,0]<stdout>:
Iteration:  77%|███████▋  | 2645/3452 [11:19<03:15,  4.12it/s]Sat Dec 19 10:59:03 2020[1,0]<stdout>:
Iteration:  77%|███████▋  | 2646/3452 [11:19<03:15,  4.12it/s]Sat Dec 19 10:59:03 2020[1,0]<stdout>:
Iteration:  77%|███████▋  | 2647/3452 [11:19<03:15,  4.12it/s]Sat Dec 19 10:59:04 2020[1,0]<stdout>:
Iteration:  77%|███████▋  | 2648/3452 [11:19<03:14,  4.13it/s]Sat Dec 19 10:59:04 2020[1,0]<stdout>:
Iteration:  77%|███████▋  | 2649/3452 [11:20<03:14,  4.13it/s]Sat Dec 19 10:59:04 2020[1,0]<stdout>:
Iteration:  77%|███████▋  | 2650/3452 [11:20<03:13,  4.13it/s]Sat Dec 19 10:59:04 2020[1,0]<stdout>:
Iteration:  77%|███████▋  | 2651/3452 [11:20<03:13,  4.13it/s]Sat Dec 19 10:59:05 2020[1,0]<stdout>:
Iteration:  77%|███████▋  | 2652/3452 [11:20<03:13,  4.13it/s]Sat Dec 19 10:59:05 2020[1,0]<stdout>:
Iteration:  77%|███████▋  | 2653/3452 [11:21<03:13,  4.13it/s]Sat Dec 19 10:59:05 2020[1,0]<stdout>:
Iteration:  77%|███████▋  | 2654/3452 [11:21<03:13,  4.12it/s]Sat Dec 19 10:59:05 2020[1,0]<stdout>:
Iteration:  77%|███████▋  | 2655/3452 [11:21<03:13,  4.12it/s]Sat Dec 19 10:59:06 2020[1,0]<stdout>:
Iteration:  77%|███████▋  | 2656/3452 [11:21<03:13,  4.12it/s]Sat Dec 19 10:59:06 2020[1,0]<stdout>:
Iteration:  77%|███████▋  | 2657/3452 [11:22<03:12,  4.12it/s]Sat Dec 19 10:59:06 2020[1,0]<stdout>:
Iteration:  77%|███████▋  | 2658/3452 [11:22<03:12,  4.12it/s]Sat Dec 19 10:59:06 2020[1,0]<stdout>:
Iteration:  77%|███████▋  | 2659/3452 [11:22<03:12,  4.12it/s]Sat Dec 19 10:59:07 2020[1,0]<stdout>:
Iteration:  77%|███████▋  | 2660/3452 [11:22<03:12,  4.12it/s]Sat Dec 19 10:59:07 2020[1,0]<stdout>:
Iteration:  77%|███████▋  | 2661/3452 [11:23<03:11,  4.12it/s]Sat Dec 19 10:59:07 2020[1,0]<stdout>:
Iteration:  77%|███████▋  | 2662/3452 [11:23<03:12,  4.11it/s]Sat Dec 19 10:59:07 2020[1,0]<stdout>:
Iteration:  77%|███████▋  | 2663/3452 [11:23<03:11,  4.11it/s]Sat Dec 19 10:59:08 2020[1,0]<stdout>:
Iteration:  77%|███████▋  | 2664/3452 [11:23<03:11,  4.11it/s]Sat Dec 19 10:59:08 2020[1,0]<stdout>:
Iteration:  77%|███████▋  | 2665/3452 [11:23<03:11,  4.12it/s]Sat Dec 19 10:59:08 2020[1,0]<stdout>:
Iteration:  77%|███████▋  | 2666/3452 [11:24<03:10,  4.12it/s]Sat Dec 19 10:59:08 2020[1,0]<stdout>:
Iteration:  77%|███████▋  | 2667/3452 [11:24<03:10,  4.12it/s]Sat Dec 19 10:59:08 2020[1,0]<stdout>:
Iteration:  77%|███████▋  | 2668/3452 [11:24<03:10,  4.12it/s]Sat Dec 19 10:59:09 2020[1,0]<stdout>:
Iteration:  77%|███████▋  | 2669/3452 [11:24<03:09,  4.12it/s]Sat Dec 19 10:59:09 2020[1,0]<stdout>:
Iteration:  77%|███████▋  | 2670/3452 [11:25<03:09,  4.13it/s]Sat Dec 19 10:59:09 2020[1,0]<stdout>:
Iteration:  77%|███████▋  | 2671/3452 [11:25<03:09,  4.12it/s]Sat Dec 19 10:59:09 2020[1,0]<stdout>:
Iteration:  77%|███████▋  | 2672/3452 [11:25<03:09,  4.12it/s]Sat Dec 19 10:59:10 2020[1,0]<stdout>:
Iteration:  77%|███████▋  | 2673/3452 [11:25<03:08,  4.13it/s]Sat Dec 19 10:59:10 2020[1,0]<stdout>:
Iteration:  77%|███████▋  | 2674/3452 [11:26<03:08,  4.12it/s]Sat Dec 19 10:59:10 2020[1,0]<stdout>:
Iteration:  77%|███████▋  | 2675/3452 [11:26<03:08,  4.12it/s]Sat Dec 19 10:59:10 2020[1,0]<stdout>:
Iteration:  78%|███████▊  | 2676/3452 [11:26<03:08,  4.11it/s]Sat Dec 19 10:59:11 2020[1,0]<stdout>:
Iteration:  78%|███████▊  | 2677/3452 [11:26<03:08,  4.11it/s]Sat Dec 19 10:59:11 2020[1,0]<stdout>:
Iteration:  78%|███████▊  | 2678/3452 [11:27<03:08,  4.11it/s]Sat Dec 19 10:59:11 2020[1,0]<stdout>:
Iteration:  78%|███████▊  | 2679/3452 [11:27<03:07,  4.12it/s]Sat Dec 19 10:59:11 2020[1,0]<stdout>:
Iteration:  78%|███████▊  | 2680/3452 [11:27<03:07,  4.12it/s]Sat Dec 19 10:59:12 2020[1,0]<stdout>:
Iteration:  78%|███████▊  | 2681/3452 [11:27<03:07,  4.12it/s]Sat Dec 19 10:59:12 2020[1,0]<stdout>:
Iteration:  78%|███████▊  | 2682/3452 [11:28<03:06,  4.12it/s]Sat Dec 19 10:59:12 2020[1,0]<stdout>:
Iteration:  78%|███████▊  | 2683/3452 [11:28<03:06,  4.12it/s]Sat Dec 19 10:59:12 2020[1,0]<stdout>:
Iteration:  78%|███████▊  | 2684/3452 [11:28<03:06,  4.12it/s]Sat Dec 19 10:59:13 2020[1,0]<stdout>:
Iteration:  78%|███████▊  | 2685/3452 [11:28<03:06,  4.12it/s]Sat Dec 19 10:59:13 2020[1,0]<stdout>:
Iteration:  78%|███████▊  | 2686/3452 [11:29<03:06,  4.12it/s]Sat Dec 19 10:59:13 2020[1,0]<stdout>:
Iteration:  78%|███████▊  | 2687/3452 [11:29<03:05,  4.12it/s]Sat Dec 19 10:59:13 2020[1,0]<stdout>:
Iteration:  78%|███████▊  | 2688/3452 [11:29<03:05,  4.12it/s]Sat Dec 19 10:59:14 2020[1,0]<stdout>:
Iteration:  78%|███████▊  | 2689/3452 [11:29<03:05,  4.11it/s]Sat Dec 19 10:59:14 2020[1,0]<stdout>:
Iteration:  78%|███████▊  | 2690/3452 [11:30<03:05,  4.11it/s]Sat Dec 19 10:59:14 2020[1,0]<stdout>:
Iteration:  78%|███████▊  | 2691/3452 [11:30<03:04,  4.12it/s]Sat Dec 19 10:59:14 2020[1,0]<stdout>:
Iteration:  78%|███████▊  | 2692/3452 [11:30<03:04,  4.12it/s]Sat Dec 19 10:59:15 2020[1,0]<stdout>:
Iteration:  78%|███████▊  | 2693/3452 [11:30<03:04,  4.12it/s]Sat Dec 19 10:59:15 2020[1,0]<stdout>:
Iteration:  78%|███████▊  | 2694/3452 [11:31<03:03,  4.12it/s]Sat Dec 19 10:59:15 2020[1,0]<stdout>:
Iteration:  78%|███████▊  | 2695/3452 [11:31<03:03,  4.12it/s]Sat Dec 19 10:59:15 2020[1,0]<stdout>:
Iteration:  78%|███████▊  | 2696/3452 [11:31<03:03,  4.12it/s]Sat Dec 19 10:59:16 2020[1,0]<stdout>:
Iteration:  78%|███████▊  | 2697/3452 [11:31<03:03,  4.12it/s]Sat Dec 19 10:59:16 2020[1,0]<stdout>:
Iteration:  78%|███████▊  | 2698/3452 [11:32<03:02,  4.12it/s]Sat Dec 19 10:59:16 2020[1,0]<stdout>:
Iteration:  78%|███████▊  | 2699/3452 [11:32<03:02,  4.13it/s]Sat Dec 19 10:59:16 2020[1,0]<stdout>:
Iteration:  78%|███████▊  | 2700/3452 [11:32<03:02,  4.13it/s]Sat Dec 19 10:59:17 2020[1,0]<stdout>:
Iteration:  78%|███████▊  | 2701/3452 [11:32<03:01,  4.13it/s]Sat Dec 19 10:59:17 2020[1,0]<stdout>:
Iteration:  78%|███████▊  | 2702/3452 [11:32<03:01,  4.13it/s]Sat Dec 19 10:59:17 2020[1,0]<stdout>:
Iteration:  78%|███████▊  | 2703/3452 [11:33<03:01,  4.12it/s]Sat Dec 19 10:59:17 2020[1,0]<stdout>:
Iteration:  78%|███████▊  | 2704/3452 [11:33<03:01,  4.12it/s]Sat Dec 19 10:59:17 2020[1,0]<stdout>:
Iteration:  78%|███████▊  | 2705/3452 [11:33<03:01,  4.12it/s]Sat Dec 19 10:59:18 2020[1,0]<stdout>:
Iteration:  78%|███████▊  | 2706/3452 [11:33<03:01,  4.12it/s]Sat Dec 19 10:59:18 2020[1,0]<stdout>:
Iteration:  78%|███████▊  | 2707/3452 [11:34<03:01,  4.11it/s]Sat Dec 19 10:59:18 2020[1,0]<stdout>:
Iteration:  78%|███████▊  | 2708/3452 [11:34<03:00,  4.12it/s]Sat Dec 19 10:59:18 2020[1,0]<stdout>:
Iteration:  78%|███████▊  | 2709/3452 [11:34<03:00,  4.12it/s]Sat Dec 19 10:59:19 2020[1,0]<stdout>:
Iteration:  79%|███████▊  | 2710/3452 [11:34<03:00,  4.12it/s]Sat Dec 19 10:59:19 2020[1,0]<stdout>:
Iteration:  79%|███████▊  | 2711/3452 [11:35<02:59,  4.12it/s]Sat Dec 19 10:59:19 2020[1,0]<stdout>:
Iteration:  79%|███████▊  | 2712/3452 [11:35<02:59,  4.12it/s]Sat Dec 19 10:59:19 2020[1,0]<stdout>:
Iteration:  79%|███████▊  | 2713/3452 [11:35<02:59,  4.11it/s]Sat Dec 19 10:59:20 2020[1,0]<stdout>:
Iteration:  79%|███████▊  | 2714/3452 [11:35<02:59,  4.11it/s]Sat Dec 19 10:59:20 2020[1,0]<stdout>:
Iteration:  79%|███████▊  | 2715/3452 [11:36<02:59,  4.11it/s]Sat Dec 19 10:59:20 2020[1,0]<stdout>:
Iteration:  79%|███████▊  | 2716/3452 [11:36<02:58,  4.11it/s]Sat Dec 19 10:59:20 2020[1,0]<stdout>:
Iteration:  79%|███████▊  | 2717/3452 [11:36<02:58,  4.12it/s]Sat Dec 19 10:59:21 2020[1,0]<stdout>:
Iteration:  79%|███████▊  | 2718/3452 [11:36<02:58,  4.12it/s]Sat Dec 19 10:59:21 2020[1,0]<stdout>:
Iteration:  79%|███████▉  | 2719/3452 [11:37<02:57,  4.12it/s]Sat Dec 19 10:59:21 2020[1,0]<stdout>:
Iteration:  79%|███████▉  | 2720/3452 [11:37<02:57,  4.12it/s]Sat Dec 19 10:59:21 2020[1,0]<stdout>:
Iteration:  79%|███████▉  | 2721/3452 [11:37<02:57,  4.12it/s]Sat Dec 19 10:59:22 2020[1,0]<stdout>:
Iteration:  79%|███████▉  | 2722/3452 [11:37<02:57,  4.12it/s]Sat Dec 19 10:59:22 2020[1,0]<stdout>:
Iteration:  79%|███████▉  | 2723/3452 [11:38<02:56,  4.12it/s]Sat Dec 19 10:59:22 2020[1,0]<stdout>:
Iteration:  79%|███████▉  | 2724/3452 [11:38<02:56,  4.12it/s]Sat Dec 19 10:59:22 2020[1,0]<stdout>:
Iteration:  79%|███████▉  | 2725/3452 [11:38<02:56,  4.12it/s]Sat Dec 19 10:59:23 2020[1,0]<stdout>:
Iteration:  79%|███████▉  | 2726/3452 [11:38<02:56,  4.12it/s]Sat Dec 19 10:59:23 2020[1,0]<stdout>:
Iteration:  79%|███████▉  | 2727/3452 [11:39<02:55,  4.12it/s]Sat Dec 19 10:59:23 2020[1,0]<stdout>:
Iteration:  79%|███████▉  | 2728/3452 [11:39<02:55,  4.12it/s]Sat Dec 19 10:59:23 2020[1,0]<stdout>:
Iteration:  79%|███████▉  | 2729/3452 [11:39<02:55,  4.12it/s]Sat Dec 19 10:59:24 2020[1,0]<stdout>:
Iteration:  79%|███████▉  | 2730/3452 [11:39<02:55,  4.11it/s]Sat Dec 19 10:59:24 2020[1,0]<stdout>:
Iteration:  79%|███████▉  | 2731/3452 [11:40<02:55,  4.11it/s]Sat Dec 19 10:59:24 2020[1,0]<stdout>:
Iteration:  79%|███████▉  | 2732/3452 [11:40<02:54,  4.12it/s]Sat Dec 19 10:59:24 2020[1,0]<stdout>:
Iteration:  79%|███████▉  | 2733/3452 [11:40<02:54,  4.11it/s]Sat Dec 19 10:59:25 2020[1,0]<stdout>:
Iteration:  79%|███████▉  | 2734/3452 [11:40<02:54,  4.12it/s]Sat Dec 19 10:59:25 2020[1,0]<stdout>:
Iteration:  79%|███████▉  | 2735/3452 [11:40<02:53,  4.12it/s]Sat Dec 19 10:59:25 2020[1,0]<stdout>:
Iteration:  79%|███████▉  | 2736/3452 [11:41<02:53,  4.12it/s]Sat Dec 19 10:59:25 2020[1,0]<stdout>:
Iteration:  79%|███████▉  | 2737/3452 [11:41<02:53,  4.12it/s]Sat Dec 19 10:59:25 2020[1,0]<stdout>:
Iteration:  79%|███████▉  | 2738/3452 [11:41<02:53,  4.12it/s]Sat Dec 19 10:59:26 2020[1,0]<stdout>:
Iteration:  79%|███████▉  | 2739/3452 [11:41<02:53,  4.12it/s]Sat Dec 19 10:59:26 2020[1,0]<stdout>:
Iteration:  79%|███████▉  | 2740/3452 [11:42<02:52,  4.12it/s]Sat Dec 19 10:59:26 2020[1,0]<stdout>:
Iteration:  79%|███████▉  | 2741/3452 [11:42<02:52,  4.12it/s]Sat Dec 19 10:59:26 2020[1,0]<stdout>:
Iteration:  79%|███████▉  | 2742/3452 [11:42<02:52,  4.12it/s]Sat Dec 19 10:59:27 2020[1,0]<stdout>:
Iteration:  79%|███████▉  | 2743/3452 [11:42<02:52,  4.12it/s]Sat Dec 19 10:59:27 2020[1,0]<stdout>:
Iteration:  79%|███████▉  | 2744/3452 [11:43<02:51,  4.12it/s]Sat Dec 19 10:59:27 2020[1,0]<stdout>:
Iteration:  80%|███████▉  | 2745/3452 [11:43<02:51,  4.11it/s]Sat Dec 19 10:59:27 2020[1,0]<stdout>:
Iteration:  80%|███████▉  | 2746/3452 [11:43<02:51,  4.12it/s]Sat Dec 19 10:59:28 2020[1,0]<stdout>:
Iteration:  80%|███████▉  | 2747/3452 [11:43<02:51,  4.11it/s]Sat Dec 19 10:59:28 2020[1,0]<stdout>:
Iteration:  80%|███████▉  | 2748/3452 [11:44<02:50,  4.12it/s]Sat Dec 19 10:59:28 2020[1,0]<stdout>:
Iteration:  80%|███████▉  | 2749/3452 [11:44<02:50,  4.12it/s]Sat Dec 19 10:59:28 2020[1,0]<stdout>:
Iteration:  80%|███████▉  | 2750/3452 [11:44<02:50,  4.12it/s]Sat Dec 19 10:59:29 2020[1,0]<stdout>:
Iteration:  80%|███████▉  | 2751/3452 [11:44<02:50,  4.12it/s]Sat Dec 19 10:59:29 2020[1,0]<stdout>:
Iteration:  80%|███████▉  | 2752/3452 [11:45<02:49,  4.12it/s]Sat Dec 19 10:59:29 2020[1,0]<stdout>:
Iteration:  80%|███████▉  | 2753/3452 [11:45<02:49,  4.12it/s]Sat Dec 19 10:59:29 2020[1,0]<stdout>:
Iteration:  80%|███████▉  | 2754/3452 [11:45<02:49,  4.12it/s]Sat Dec 19 10:59:30 2020[1,0]<stdout>:
Iteration:  80%|███████▉  | 2755/3452 [11:45<02:49,  4.12it/s]Sat Dec 19 10:59:30 2020[1,0]<stdout>:
Iteration:  80%|███████▉  | 2756/3452 [11:46<02:49,  4.12it/s]Sat Dec 19 10:59:30 2020[1,0]<stdout>:
Iteration:  80%|███████▉  | 2757/3452 [11:46<02:48,  4.12it/s]Sat Dec 19 10:59:30 2020[1,0]<stdout>:
Iteration:  80%|███████▉  | 2758/3452 [11:46<02:48,  4.11it/s]Sat Dec 19 10:59:31 2020[1,0]<stdout>:
Iteration:  80%|███████▉  | 2759/3452 [11:46<02:48,  4.11it/s]Sat Dec 19 10:59:31 2020[1,0]<stdout>:
Iteration:  80%|███████▉  | 2760/3452 [11:47<02:48,  4.11it/s]Sat Dec 19 10:59:31 2020[1,0]<stdout>:
Iteration:  80%|███████▉  | 2761/3452 [11:47<02:47,  4.11it/s]Sat Dec 19 10:59:31 2020[1,0]<stdout>:
Iteration:  80%|████████  | 2762/3452 [11:47<02:47,  4.11it/s]Sat Dec 19 10:59:32 2020[1,0]<stdout>:
Iteration:  80%|████████  | 2763/3452 [11:47<02:47,  4.12it/s]Sat Dec 19 10:59:32 2020[1,0]<stdout>:
Iteration:  80%|████████  | 2764/3452 [11:48<02:47,  4.12it/s]Sat Dec 19 10:59:32 2020[1,0]<stdout>:
Iteration:  80%|████████  | 2765/3452 [11:48<02:46,  4.12it/s]Sat Dec 19 10:59:32 2020[1,0]<stdout>:
Iteration:  80%|████████  | 2766/3452 [11:48<02:46,  4.12it/s]Sat Dec 19 10:59:33 2020[1,0]<stdout>:
Iteration:  80%|████████  | 2767/3452 [11:48<02:46,  4.12it/s]Sat Dec 19 10:59:33 2020[1,0]<stdout>:
Iteration:  80%|████████  | 2768/3452 [11:49<02:45,  4.12it/s]Sat Dec 19 10:59:33 2020[1,0]<stdout>:
Iteration:  80%|████████  | 2769/3452 [11:49<02:45,  4.12it/s]Sat Dec 19 10:59:33 2020[1,0]<stdout>:
Iteration:  80%|████████  | 2770/3452 [11:49<02:45,  4.12it/s]Sat Dec 19 10:59:34 2020[1,0]<stdout>:
Iteration:  80%|████████  | 2771/3452 [11:49<02:45,  4.12it/s]Sat Dec 19 10:59:34 2020[1,0]<stdout>:
Iteration:  80%|████████  | 2772/3452 [11:49<02:44,  4.12it/s]Sat Dec 19 10:59:34 2020[1,0]<stdout>:
Iteration:  80%|████████  | 2773/3452 [11:50<02:44,  4.13it/s]Sat Dec 19 10:59:34 2020[1,0]<stdout>:
Iteration:  80%|████████  | 2774/3452 [11:50<02:44,  4.12it/s]Sat Dec 19 10:59:34 2020[1,0]<stdout>:
Iteration:  80%|████████  | 2775/3452 [11:50<02:44,  4.12it/s]Sat Dec 19 10:59:35 2020[1,0]<stdout>:
Iteration:  80%|████████  | 2776/3452 [11:50<02:44,  4.12it/s]Sat Dec 19 10:59:35 2020[1,0]<stdout>:
Iteration:  80%|████████  | 2777/3452 [11:51<02:43,  4.12it/s]Sat Dec 19 10:59:35 2020[1,0]<stdout>:
Iteration:  80%|████████  | 2778/3452 [11:51<02:43,  4.12it/s]Sat Dec 19 10:59:35 2020[1,0]<stdout>:
Iteration:  81%|████████  | 2779/3452 [11:51<02:43,  4.12it/s]Sat Dec 19 10:59:36 2020[1,0]<stdout>:
Iteration:  81%|████████  | 2780/3452 [11:51<02:43,  4.12it/s]Sat Dec 19 10:59:36 2020[1,0]<stdout>:
Iteration:  81%|████████  | 2781/3452 [11:52<02:42,  4.12it/s]Sat Dec 19 10:59:36 2020[1,0]<stdout>:
Iteration:  81%|████████  | 2782/3452 [11:52<02:42,  4.11it/s]Sat Dec 19 10:59:36 2020[1,0]<stdout>:
Iteration:  81%|████████  | 2783/3452 [11:52<02:42,  4.11it/s]Sat Dec 19 10:59:37 2020[1,0]<stdout>:
Iteration:  81%|████████  | 2784/3452 [11:52<02:42,  4.11it/s]Sat Dec 19 10:59:37 2020[1,0]<stdout>:
Iteration:  81%|████████  | 2785/3452 [11:53<02:42,  4.12it/s]Sat Dec 19 10:59:37 2020[1,0]<stdout>:
Iteration:  81%|████████  | 2786/3452 [11:53<02:41,  4.12it/s]Sat Dec 19 10:59:37 2020[1,0]<stdout>:
Iteration:  81%|████████  | 2787/3452 [11:53<02:41,  4.12it/s]Sat Dec 19 10:59:38 2020[1,0]<stdout>:
Iteration:  81%|████████  | 2788/3452 [11:53<02:41,  4.12it/s]Sat Dec 19 10:59:38 2020[1,0]<stdout>:
Iteration:  81%|████████  | 2789/3452 [11:54<02:40,  4.12it/s]Sat Dec 19 10:59:38 2020[1,0]<stdout>:
Iteration:  81%|████████  | 2790/3452 [11:54<02:40,  4.12it/s]Sat Dec 19 10:59:38 2020[1,0]<stdout>:
Iteration:  81%|████████  | 2791/3452 [11:54<02:40,  4.11it/s]Sat Dec 19 10:59:39 2020[1,0]<stdout>:
Iteration:  81%|████████  | 2792/3452 [11:54<02:40,  4.11it/s]Sat Dec 19 10:59:39 2020[1,0]<stdout>:
Iteration:  81%|████████  | 2793/3452 [11:55<02:40,  4.12it/s]Sat Dec 19 10:59:39 2020[1,0]<stdout>:
Iteration:  81%|████████  | 2794/3452 [11:55<02:40,  4.11it/s]Sat Dec 19 10:59:39 2020[1,0]<stdout>:
Iteration:  81%|████████  | 2795/3452 [11:55<02:39,  4.11it/s]Sat Dec 19 10:59:40 2020[1,0]<stdout>:
Iteration:  81%|████████  | 2796/3452 [11:55<02:39,  4.11it/s]Sat Dec 19 10:59:40 2020[1,0]<stdout>:
Iteration:  81%|████████  | 2797/3452 [11:56<02:39,  4.12it/s]Sat Dec 19 10:59:40 2020[1,0]<stdout>:
Iteration:  81%|████████  | 2798/3452 [11:56<02:39,  4.11it/s]Sat Dec 19 10:59:40 2020[1,0]<stdout>:
Iteration:  81%|████████  | 2799/3452 [11:56<02:38,  4.12it/s]Sat Dec 19 10:59:41 2020[1,0]<stdout>:
Iteration:  81%|████████  | 2800/3452 [11:56<02:38,  4.12it/s]Sat Dec 19 10:59:41 2020[1,0]<stdout>:
Iteration:  81%|████████  | 2801/3452 [11:57<02:38,  4.12it/s]Sat Dec 19 10:59:41 2020[1,0]<stdout>:
Iteration:  81%|████████  | 2802/3452 [11:57<02:38,  4.11it/s]Sat Dec 19 10:59:41 2020[1,0]<stdout>:
Iteration:  81%|████████  | 2803/3452 [11:57<02:37,  4.12it/s]Sat Dec 19 10:59:42 2020[1,0]<stdout>:
Iteration:  81%|████████  | 2804/3452 [11:57<02:37,  4.12it/s]Sat Dec 19 10:59:42 2020[1,0]<stdout>:
Iteration:  81%|████████▏ | 2805/3452 [11:57<02:36,  4.12it/s]Sat Dec 19 10:59:42 2020[1,0]<stdout>:
Iteration:  81%|████████▏ | 2806/3452 [11:58<02:36,  4.12it/s]Sat Dec 19 10:59:42 2020[1,0]<stdout>:
Iteration:  81%|████████▏ | 2807/3452 [11:58<02:36,  4.12it/s]Sat Dec 19 10:59:42 2020[1,0]<stdout>:
Iteration:  81%|████████▏ | 2808/3452 [11:58<02:36,  4.12it/s]Sat Dec 19 10:59:43 2020[1,0]<stdout>:
Iteration:  81%|████████▏ | 2809/3452 [11:58<02:36,  4.12it/s]Sat Dec 19 10:59:43 2020[1,0]<stdout>:
Iteration:  81%|████████▏ | 2810/3452 [11:59<02:35,  4.12it/s]Sat Dec 19 10:59:43 2020[1,0]<stdout>:
Iteration:  81%|████████▏ | 2811/3452 [11:59<02:35,  4.11it/s]Sat Dec 19 10:59:43 2020[1,0]<stdout>:
Iteration:  81%|████████▏ | 2812/3452 [11:59<02:35,  4.11it/s]Sat Dec 19 10:59:44 2020[1,0]<stdout>:
Iteration:  81%|████████▏ | 2813/3452 [11:59<02:35,  4.12it/s]Sat Dec 19 10:59:44 2020[1,0]<stdout>:
Iteration:  82%|████████▏ | 2814/3452 [12:00<02:34,  4.12it/s]Sat Dec 19 10:59:44 2020[1,0]<stdout>:
Iteration:  82%|████████▏ | 2815/3452 [12:00<02:34,  4.12it/s]Sat Dec 19 10:59:44 2020[1,0]<stdout>:
Iteration:  82%|████████▏ | 2816/3452 [12:00<02:34,  4.12it/s]Sat Dec 19 10:59:45 2020[1,0]<stdout>:
Iteration:  82%|████████▏ | 2817/3452 [12:00<02:33,  4.13it/s]Sat Dec 19 10:59:45 2020[1,0]<stdout>:
Iteration:  82%|████████▏ | 2818/3452 [12:01<02:33,  4.13it/s]Sat Dec 19 10:59:45 2020[1,0]<stdout>:
Iteration:  82%|████████▏ | 2819/3452 [12:01<02:33,  4.13it/s]Sat Dec 19 10:59:45 2020[1,0]<stdout>:
Iteration:  82%|████████▏ | 2820/3452 [12:01<02:33,  4.12it/s]Sat Dec 19 10:59:46 2020[1,0]<stdout>:
Iteration:  82%|████████▏ | 2821/3452 [12:01<02:33,  4.12it/s]Sat Dec 19 10:59:46 2020[1,0]<stdout>:
Iteration:  82%|████████▏ | 2822/3452 [12:02<02:32,  4.12it/s]Sat Dec 19 10:59:46 2020[1,0]<stdout>:
Iteration:  82%|████████▏ | 2823/3452 [12:02<02:32,  4.12it/s]Sat Dec 19 10:59:46 2020[1,0]<stdout>:
Iteration:  82%|████████▏ | 2824/3452 [12:02<02:32,  4.12it/s]Sat Dec 19 10:59:47 2020[1,0]<stdout>:
Iteration:  82%|████████▏ | 2825/3452 [12:02<02:32,  4.12it/s]Sat Dec 19 10:59:47 2020[1,0]<stdout>:
Iteration:  82%|████████▏ | 2826/3452 [12:03<02:31,  4.12it/s]Sat Dec 19 10:59:47 2020[1,0]<stdout>:
Iteration:  82%|████████▏ | 2827/3452 [12:03<02:31,  4.12it/s]Sat Dec 19 10:59:47 2020[1,0]<stdout>:
Iteration:  82%|████████▏ | 2828/3452 [12:03<02:31,  4.12it/s]Sat Dec 19 10:59:48 2020[1,0]<stdout>:
Iteration:  82%|████████▏ | 2829/3452 [12:03<02:31,  4.12it/s]Sat Dec 19 10:59:48 2020[1,0]<stdout>:
Iteration:  82%|████████▏ | 2830/3452 [12:04<02:30,  4.12it/s]Sat Dec 19 10:59:48 2020[1,0]<stdout>:
Iteration:  82%|████████▏ | 2831/3452 [12:04<02:30,  4.12it/s]Sat Dec 19 10:59:48 2020[1,0]<stdout>:
Iteration:  82%|████████▏ | 2832/3452 [12:04<02:30,  4.12it/s]Sat Dec 19 10:59:49 2020[1,0]<stdout>:
Iteration:  82%|████████▏ | 2833/3452 [12:04<02:30,  4.12it/s]Sat Dec 19 10:59:49 2020[1,0]<stdout>:
Iteration:  82%|████████▏ | 2834/3452 [12:05<02:30,  4.12it/s]Sat Dec 19 10:59:49 2020[1,0]<stdout>:
Iteration:  82%|████████▏ | 2835/3452 [12:05<02:29,  4.12it/s]Sat Dec 19 10:59:49 2020[1,0]<stdout>:
Iteration:  82%|████████▏ | 2836/3452 [12:05<02:29,  4.12it/s]Sat Dec 19 10:59:50 2020[1,0]<stdout>:
Iteration:  82%|████████▏ | 2837/3452 [12:05<02:29,  4.12it/s]Sat Dec 19 10:59:50 2020[1,0]<stdout>:
Iteration:  82%|████████▏ | 2838/3452 [12:06<02:29,  4.12it/s]Sat Dec 19 10:59:50 2020[1,0]<stdout>:
Iteration:  82%|████████▏ | 2839/3452 [12:06<02:28,  4.12it/s]Sat Dec 19 10:59:50 2020[1,0]<stdout>:
Iteration:  82%|████████▏ | 2840/3452 [12:06<02:28,  4.12it/s]Sat Dec 19 10:59:50 2020[1,0]<stdout>:
Iteration:  82%|████████▏ | 2841/3452 [12:06<02:28,  4.12it/s]Sat Dec 19 10:59:51 2020[1,0]<stdout>:
Iteration:  82%|████████▏ | 2842/3452 [12:06<02:28,  4.12it/s]Sat Dec 19 10:59:51 2020[1,0]<stdout>:
Iteration:  82%|████████▏ | 2843/3452 [12:07<02:27,  4.12it/s]Sat Dec 19 10:59:51 2020[1,0]<stdout>:
Iteration:  82%|████████▏ | 2844/3452 [12:07<02:27,  4.11it/s]Sat Dec 19 10:59:51 2020[1,0]<stdout>:
Iteration:  82%|████████▏ | 2845/3452 [12:07<02:27,  4.11it/s]Sat Dec 19 10:59:52 2020[1,0]<stdout>:
Iteration:  82%|████████▏ | 2846/3452 [12:07<02:27,  4.11it/s]Sat Dec 19 10:59:52 2020[1,0]<stdout>:
Iteration:  82%|████████▏ | 2847/3452 [12:08<02:27,  4.11it/s]Sat Dec 19 10:59:52 2020[1,0]<stdout>:
Iteration:  83%|████████▎ | 2848/3452 [12:08<02:27,  4.11it/s]Sat Dec 19 10:59:52 2020[1,0]<stdout>:
Iteration:  83%|████████▎ | 2849/3452 [12:08<02:26,  4.11it/s]Sat Dec 19 10:59:53 2020[1,0]<stdout>:
Iteration:  83%|████████▎ | 2850/3452 [12:08<02:26,  4.11it/s]Sat Dec 19 10:59:53 2020[1,0]<stdout>:
Iteration:  83%|████████▎ | 2851/3452 [12:09<02:26,  4.12it/s]Sat Dec 19 10:59:53 2020[1,0]<stdout>:
Iteration:  83%|████████▎ | 2852/3452 [12:09<02:25,  4.12it/s]Sat Dec 19 10:59:53 2020[1,0]<stdout>:
Iteration:  83%|████████▎ | 2853/3452 [12:09<02:25,  4.12it/s]Sat Dec 19 10:59:54 2020[1,0]<stdout>:
Iteration:  83%|████████▎ | 2854/3452 [12:09<02:25,  4.12it/s]Sat Dec 19 10:59:54 2020[1,0]<stdout>:
Iteration:  83%|████████▎ | 2855/3452 [12:10<02:24,  4.13it/s]Sat Dec 19 10:59:54 2020[1,0]<stdout>:
Iteration:  83%|████████▎ | 2856/3452 [12:10<02:24,  4.13it/s]Sat Dec 19 10:59:54 2020[1,0]<stdout>:
Iteration:  83%|████████▎ | 2857/3452 [12:10<02:24,  4.12it/s]Sat Dec 19 10:59:55 2020[1,0]<stdout>:
Iteration:  83%|████████▎ | 2858/3452 [12:10<02:24,  4.12it/s]Sat Dec 19 10:59:55 2020[1,0]<stdout>:
Iteration:  83%|████████▎ | 2859/3452 [12:11<02:24,  4.12it/s]Sat Dec 19 10:59:55 2020[1,0]<stdout>:
Iteration:  83%|████████▎ | 2860/3452 [12:11<02:23,  4.12it/s]Sat Dec 19 10:59:55 2020[1,0]<stdout>:
Iteration:  83%|████████▎ | 2861/3452 [12:11<02:23,  4.12it/s]Sat Dec 19 10:59:56 2020[1,0]<stdout>:
Iteration:  83%|████████▎ | 2862/3452 [12:11<02:23,  4.12it/s]Sat Dec 19 10:59:56 2020[1,0]<stdout>:
Iteration:  83%|████████▎ | 2863/3452 [12:12<02:23,  4.11it/s]Sat Dec 19 10:59:56 2020[1,0]<stdout>:
Iteration:  83%|████████▎ | 2864/3452 [12:12<02:22,  4.12it/s]Sat Dec 19 10:59:56 2020[1,0]<stdout>:
Iteration:  83%|████████▎ | 2865/3452 [12:12<02:22,  4.11it/s]Sat Dec 19 10:59:57 2020[1,0]<stdout>:
Iteration:  83%|████████▎ | 2866/3452 [12:12<02:22,  4.11it/s]Sat Dec 19 10:59:57 2020[1,0]<stdout>:
Iteration:  83%|████████▎ | 2867/3452 [12:13<02:22,  4.11it/s]Sat Dec 19 10:59:57 2020[1,0]<stdout>:
Iteration:  83%|████████▎ | 2868/3452 [12:13<02:21,  4.12it/s]Sat Dec 19 10:59:57 2020[1,0]<stdout>:
Iteration:  83%|████████▎ | 2869/3452 [12:13<02:21,  4.12it/s]Sat Dec 19 10:59:58 2020[1,0]<stdout>:
Iteration:  83%|████████▎ | 2870/3452 [12:13<02:21,  4.11it/s]Sat Dec 19 10:59:58 2020[1,0]<stdout>:
Iteration:  83%|████████▎ | 2871/3452 [12:14<02:21,  4.11it/s]Sat Dec 19 11:00:02 2020[1,0]<stdout>:DLL 2020-12-19 11:00:02.310498 - Training Epoch: 0 Training Iteration: 50  final_loss : 7.991006374359131
Sat Dec 19 11:00:02 2020[1,0]<stdout>:DLL 2020-12-19 11:00:02.310720 - PARAMETER checkpoint_step : 50
Sat Dec 19 11:00:04 2020[1,0]<stdout>:DLL 2020-12-19 11:00:04.018085 -  e2e_train_time : 3399.7362282276154  training_sequences_per_second : 3994.0576020793474  final_loss : 7.991006374359131  raw_train_time : 3384.2276067733765
Sat Dec 19 11:00:04 2020[1,0]<stdout>:
