Iteration:   0%|          | 0/1147 [00:00<?, ?it/s]Sat Dec 19 22:16:43 2020[1,0]<stdout>:
Iteration:   0%|          | 1/1147 [00:00<08:06,  2.36it/s]Sat Dec 19 22:16:43 2020[1,0]<stdout>:
Iteration:   0%|          | 2/1147 [00:00<08:20,  2.29it/s]Sat Dec 19 22:16:44 2020[1,0]<stdout>:
Iteration:   0%|          | 3/1147 [00:01<08:57,  2.13it/s]Sat Dec 19 22:16:44 2020[1,0]<stdout>:
Iteration:   0%|          | 4/1147 [00:01<07:59,  2.39it/s]Sat Dec 19 22:16:44 2020[1,0]<stdout>:
Iteration:   0%|          | 5/1147 [00:02<08:16,  2.30it/s]Sat Dec 19 22:16:45 2020[1,0]<stdout>:
Iteration:   1%|          | 6/1147 [00:02<08:25,  2.26it/s]Sat Dec 19 22:16:45 2020[1,0]<stdout>:
Iteration:   1%|          | 7/1147 [00:03<08:32,  2.22it/s]Sat Dec 19 22:16:46 2020[1,0]<stdout>:
Iteration:   1%|          | 8/1147 [00:03<08:18,  2.28it/s]Sat Dec 19 22:16:46 2020[1,0]<stdout>:
Iteration:   1%|          | 9/1147 [00:04<08:28,  2.24it/s]Sat Dec 19 22:16:47 2020[1,0]<stdout>:
Iteration:   1%|          | 10/1147 [00:04<08:28,  2.24it/s]Sat Dec 19 22:16:47 2020[1,0]<stdout>:
Iteration:   1%|          | 11/1147 [00:04<07:20,  2.58it/s]Sat Dec 19 22:16:47 2020[1,0]<stdout>:
Iteration:   1%|          | 12/1147 [00:05<07:09,  2.64it/s]Sat Dec 19 22:16:48 2020[1,0]<stdout>:
Iteration:   1%|          | 13/1147 [00:05<07:32,  2.51it/s]Sat Dec 19 22:16:48 2020[1,0]<stdout>:
Iteration:   1%|          | 14/1147 [00:05<07:51,  2.40it/s]Sat Dec 19 22:16:48 2020[1,0]<stdout>:
Iteration:   1%|▏         | 15/1147 [00:06<06:54,  2.73it/s]Sat Dec 19 22:16:49 2020[1,0]<stdout>:
Iteration:   1%|▏         | 16/1147 [00:06<07:05,  2.66it/s]Sat Dec 19 22:16:49 2020[1,0]<stdout>:
Iteration:   1%|▏         | 17/1147 [00:07<07:33,  2.49it/s]Sat Dec 19 22:16:50 2020[1,0]<stdout>:
Iteration:   2%|▏         | 18/1147 [00:07<07:52,  2.39it/s]Sat Dec 19 22:16:50 2020[1,0]<stdout>:
Iteration:   2%|▏         | 19/1147 [00:07<06:55,  2.72it/s]Sat Dec 19 22:16:50 2020[1,0]<stdout>:
Iteration:   2%|▏         | 20/1147 [00:08<07:29,  2.51it/s]Sat Dec 19 22:16:51 2020[1,0]<stdout>:
Iteration:   2%|▏         | 21/1147 [00:08<07:11,  2.61it/s]Sat Dec 19 22:16:51 2020[1,0]<stdout>:
Iteration:   2%|▏         | 22/1147 [00:08<06:25,  2.92it/s]Sat Dec 19 22:16:51 2020[1,0]<stdout>:
Iteration:   2%|▏         | 23/1147 [00:09<06:16,  2.98it/s]Sat Dec 19 22:16:52 2020[1,0]<stdout>:
Iteration:   2%|▏         | 24/1147 [00:09<05:47,  3.23it/s]Sat Dec 19 22:16:52 2020[1,0]<stdout>:
Iteration:   2%|▏         | 25/1147 [00:09<05:25,  3.45it/s]Sat Dec 19 22:16:52 2020[1,0]<stdout>:
Iteration:   2%|▏         | 26/1147 [00:09<05:11,  3.60it/s]Sat Dec 19 22:16:53 2020[1,0]<stdout>:
Iteration:   2%|▏         | 27/1147 [00:10<06:07,  3.05it/s]Sat Dec 19 22:16:53 2020[1,0]<stdout>:
Iteration:   2%|▏         | 28/1147 [00:10<05:40,  3.29it/s]Sat Dec 19 22:16:53 2020[1,0]<stdout>:
Iteration:   3%|▎         | 29/1147 [00:11<06:29,  2.87it/s]Sat Dec 19 22:16:54 2020[1,0]<stdout>:
Iteration:   3%|▎         | 30/1147 [00:11<06:53,  2.70it/s]Sat Dec 19 22:16:54 2020[1,0]<stdout>:
Iteration:   3%|▎         | 31/1147 [00:11<06:58,  2.66it/s]Sat Dec 19 22:16:54 2020[1,0]<stdout>:
Iteration:   3%|▎         | 32/1147 [00:12<06:26,  2.89it/s]Sat Dec 19 22:16:55 2020[1,0]<stdout>:
Iteration:   3%|▎         | 33/1147 [00:12<05:52,  3.16it/s]Sat Dec 19 22:16:55 2020[1,0]<stdout>:
Iteration:   3%|▎         | 34/1147 [00:12<05:52,  3.16it/s]Sat Dec 19 22:16:55 2020[1,0]<stdout>:
Iteration:   3%|▎         | 35/1147 [00:12<05:30,  3.37it/s]Sat Dec 19 22:16:55 2020[1,0]<stdout>:
Iteration:   3%|▎         | 36/1147 [00:13<05:13,  3.55it/s]Sat Dec 19 22:16:56 2020[1,0]<stdout>:
Iteration:   3%|▎         | 37/1147 [00:13<05:01,  3.68it/s]Sat Dec 19 22:16:56 2020[1,0]<stdout>:
Iteration:   3%|▎         | 38/1147 [00:13<04:54,  3.77it/s]Sat Dec 19 22:16:56 2020[1,0]<stdout>:
Iteration:   3%|▎         | 39/1147 [00:13<04:48,  3.84it/s]Sat Dec 19 22:16:56 2020[1,0]<stdout>:
Iteration:   3%|▎         | 40/1147 [00:14<04:43,  3.90it/s]Sat Dec 19 22:16:57 2020[1,0]<stdout>:
Iteration:   4%|▎         | 41/1147 [00:14<04:41,  3.93it/s]Sat Dec 19 22:16:57 2020[1,0]<stdout>:
Iteration:   4%|▎         | 42/1147 [00:14<04:39,  3.95it/s]Sat Dec 19 22:16:57 2020[1,0]<stdout>:
Iteration:   4%|▎         | 43/1147 [00:14<04:38,  3.96it/s]Sat Dec 19 22:16:57 2020[1,0]<stdout>:
Iteration:   4%|▍         | 44/1147 [00:15<04:35,  4.00it/s]Sat Dec 19 22:16:58 2020[1,0]<stdout>:
Iteration:   4%|▍         | 45/1147 [00:15<04:34,  4.01it/s]Sat Dec 19 22:16:58 2020[1,0]<stdout>:
Iteration:   4%|▍         | 46/1147 [00:15<04:33,  4.02it/s]Sat Dec 19 22:16:58 2020[1,0]<stdout>:
Iteration:   4%|▍         | 47/1147 [00:15<04:33,  4.02it/s]Sat Dec 19 22:16:58 2020[1,0]<stdout>:
Iteration:   4%|▍         | 48/1147 [00:16<04:33,  4.02it/s]Sat Dec 19 22:16:59 2020[1,0]<stdout>:
Iteration:   4%|▍         | 49/1147 [00:16<04:32,  4.02it/s]Sat Dec 19 22:16:59 2020[1,0]<stdout>:
Iteration:   4%|▍         | 50/1147 [00:16<04:32,  4.02it/s]Sat Dec 19 22:16:59 2020[1,0]<stdout>:
Iteration:   4%|▍         | 51/1147 [00:16<04:32,  4.02it/s]Sat Dec 19 22:16:59 2020[1,0]<stdout>:
Iteration:   5%|▍         | 52/1147 [00:17<04:31,  4.03it/s]Sat Dec 19 22:17:00 2020[1,0]<stdout>:
Iteration:   5%|▍         | 53/1147 [00:17<04:30,  4.04it/s]Sat Dec 19 22:17:00 2020[1,0]<stdout>:
Iteration:   5%|▍         | 54/1147 [00:17<04:31,  4.02it/s]Sat Dec 19 22:17:00 2020[1,0]<stdout>:
Iteration:   5%|▍         | 55/1147 [00:17<04:30,  4.03it/s]Sat Dec 19 22:17:00 2020[1,0]<stdout>:
Iteration:   5%|▍         | 56/1147 [00:18<04:31,  4.02it/s]Sat Dec 19 22:17:01 2020[1,0]<stdout>:
Iteration:   5%|▍         | 57/1147 [00:18<04:30,  4.03it/s]Sat Dec 19 22:17:01 2020[1,0]<stdout>:
Iteration:   5%|▌         | 58/1147 [00:18<04:31,  4.01it/s]Sat Dec 19 22:17:01 2020[1,0]<stdout>:
Iteration:   5%|▌         | 59/1147 [00:18<04:30,  4.02it/s]Sat Dec 19 22:17:01 2020[1,0]<stdout>:
Iteration:   5%|▌         | 60/1147 [00:19<04:31,  4.00it/s]Sat Dec 19 22:17:02 2020[1,0]<stdout>:
Iteration:   5%|▌         | 61/1147 [00:19<04:30,  4.01it/s]Sat Dec 19 22:17:02 2020[1,0]<stdout>:
Iteration:   5%|▌         | 62/1147 [00:19<04:30,  4.01it/s]Sat Dec 19 22:17:02 2020[1,0]<stdout>:
Iteration:   5%|▌         | 63/1147 [00:19<04:29,  4.02it/s]Sat Dec 19 22:17:02 2020[1,0]<stdout>:
Iteration:   6%|▌         | 64/1147 [00:20<04:29,  4.02it/s]Sat Dec 19 22:17:03 2020[1,0]<stdout>:
Iteration:   6%|▌         | 65/1147 [00:20<04:28,  4.02it/s]Sat Dec 19 22:17:03 2020[1,0]<stdout>:
Iteration:   6%|▌         | 66/1147 [00:20<04:29,  4.01it/s]Sat Dec 19 22:17:03 2020[1,0]<stdout>:
Iteration:   6%|▌         | 67/1147 [00:20<04:28,  4.02it/s]Sat Dec 19 22:17:03 2020[1,0]<stdout>:
Iteration:   6%|▌         | 68/1147 [00:21<04:27,  4.03it/s]Sat Dec 19 22:17:04 2020[1,0]<stdout>:
Iteration:   6%|▌         | 69/1147 [00:21<04:27,  4.03it/s]Sat Dec 19 22:17:04 2020[1,0]<stdout>:
Iteration:   6%|▌         | 70/1147 [00:21<04:27,  4.03it/s]Sat Dec 19 22:17:04 2020[1,0]<stdout>:
Iteration:   6%|▌         | 71/1147 [00:21<04:27,  4.02it/s]Sat Dec 19 22:17:04 2020[1,0]<stdout>:
Iteration:   6%|▋         | 72/1147 [00:22<04:27,  4.02it/s]Sat Dec 19 22:17:05 2020[1,0]<stdout>:
Iteration:   6%|▋         | 73/1147 [00:22<04:26,  4.03it/s]Sat Dec 19 22:17:05 2020[1,0]<stdout>:
Iteration:   6%|▋         | 74/1147 [00:22<04:25,  4.04it/s]Sat Dec 19 22:17:05 2020[1,0]<stdout>:
Iteration:   7%|▋         | 75/1147 [00:22<04:26,  4.02it/s]Sat Dec 19 22:17:05 2020[1,0]<stdout>:
Iteration:   7%|▋         | 76/1147 [00:23<04:25,  4.03it/s]Sat Dec 19 22:17:06 2020[1,0]<stdout>:
Iteration:   7%|▋         | 77/1147 [00:23<04:26,  4.01it/s]Sat Dec 19 22:17:06 2020[1,0]<stdout>:
Iteration:   7%|▋         | 78/1147 [00:23<04:26,  4.02it/s]Sat Dec 19 22:17:06 2020[1,0]<stdout>:DLL 2020-12-19 22:17:06.648814 - Training Epoch: 0 Training Iteration: 27  average_loss : 8.20599365234375  step_loss : 8.2392578125  learning_rate : 0.002449489742783178
Sat Dec 19 22:17:06 2020[1,0]<stdout>:
Iteration:   7%|▋         | 79/1147 [00:23<04:30,  3.96it/s]Sat Dec 19 22:17:06 2020[1,0]<stdout>:
Iteration:   7%|▋         | 80/1147 [00:24<04:28,  3.98it/s]Sat Dec 19 22:17:07 2020[1,0]<stdout>:
Iteration:   7%|▋         | 81/1147 [00:24<04:27,  3.98it/s]Sat Dec 19 22:17:07 2020[1,0]<stdout>:
Iteration:   7%|▋         | 82/1147 [00:24<04:26,  4.00it/s]Sat Dec 19 22:17:07 2020[1,0]<stdout>:
Iteration:   7%|▋         | 83/1147 [00:24<04:25,  4.01it/s]Sat Dec 19 22:17:07 2020[1,0]<stdout>:
Iteration:   7%|▋         | 84/1147 [00:25<04:24,  4.02it/s]Sat Dec 19 22:17:08 2020[1,0]<stdout>:
Iteration:   7%|▋         | 85/1147 [00:25<04:24,  4.01it/s]Sat Dec 19 22:17:08 2020[1,0]<stdout>:
Iteration:   7%|▋         | 86/1147 [00:25<04:23,  4.02it/s]Sat Dec 19 22:17:08 2020[1,0]<stdout>:
Iteration:   8%|▊         | 87/1147 [00:25<04:24,  4.01it/s]Sat Dec 19 22:17:08 2020[1,0]<stdout>:
Iteration:   8%|▊         | 88/1147 [00:26<04:23,  4.01it/s]Sat Dec 19 22:17:09 2020[1,0]<stdout>:
Iteration:   8%|▊         | 89/1147 [00:26<04:24,  4.01it/s]Sat Dec 19 22:17:09 2020[1,0]<stdout>:
Iteration:   8%|▊         | 90/1147 [00:26<04:22,  4.02it/s]Sat Dec 19 22:17:09 2020[1,0]<stdout>:
Iteration:   8%|▊         | 91/1147 [00:26<04:22,  4.02it/s]Sat Dec 19 22:17:09 2020[1,0]<stdout>:
Iteration:   8%|▊         | 92/1147 [00:27<04:22,  4.02it/s]Sat Dec 19 22:17:10 2020[1,0]<stdout>:
Iteration:   8%|▊         | 93/1147 [00:27<04:23,  4.01it/s]Sat Dec 19 22:17:10 2020[1,0]<stdout>:
Iteration:   8%|▊         | 94/1147 [00:27<04:22,  4.01it/s]Sat Dec 19 22:17:10 2020[1,0]<stdout>:
Iteration:   8%|▊         | 95/1147 [00:27<04:21,  4.02it/s]Sat Dec 19 22:17:10 2020[1,0]<stdout>:
Iteration:   8%|▊         | 96/1147 [00:28<04:21,  4.02it/s]Sat Dec 19 22:17:11 2020[1,0]<stdout>:
Iteration:   8%|▊         | 97/1147 [00:28<04:21,  4.02it/s]Sat Dec 19 22:17:11 2020[1,0]<stdout>:
Iteration:   9%|▊         | 98/1147 [00:28<04:22,  4.00it/s]Sat Dec 19 22:17:11 2020[1,0]<stdout>:
Iteration:   9%|▊         | 99/1147 [00:28<04:21,  4.01it/s]Sat Dec 19 22:17:11 2020[1,0]<stdout>:
Iteration:   9%|▊         | 100/1147 [00:29<04:21,  4.00it/s]Sat Dec 19 22:17:12 2020[1,0]<stdout>:
Iteration:   9%|▉         | 101/1147 [00:29<04:20,  4.01it/s]Sat Dec 19 22:17:12 2020[1,0]<stdout>:
Iteration:   9%|▉         | 102/1147 [00:29<04:20,  4.02it/s]Sat Dec 19 22:17:12 2020[1,0]<stdout>:
Iteration:   9%|▉         | 103/1147 [00:29<04:19,  4.02it/s]Sat Dec 19 22:17:12 2020[1,0]<stdout>:
Iteration:   9%|▉         | 104/1147 [00:30<04:21,  3.98it/s]Sat Dec 19 22:17:13 2020[1,0]<stdout>:
Iteration:   9%|▉         | 105/1147 [00:30<04:20,  4.00it/s]Sat Dec 19 22:17:13 2020[1,0]<stdout>:
Iteration:   9%|▉         | 106/1147 [00:30<04:19,  4.01it/s]Sat Dec 19 22:17:13 2020[1,0]<stdout>:
Iteration:   9%|▉         | 107/1147 [00:30<04:19,  4.01it/s]Sat Dec 19 22:17:13 2020[1,0]<stdout>:
Iteration:   9%|▉         | 108/1147 [00:31<04:19,  4.00it/s]Sat Dec 19 22:17:14 2020[1,0]<stdout>:
Iteration:  10%|▉         | 109/1147 [00:31<04:18,  4.01it/s]Sat Dec 19 22:17:14 2020[1,0]<stdout>:
Iteration:  10%|▉         | 110/1147 [00:31<04:17,  4.02it/s]Sat Dec 19 22:17:14 2020[1,0]<stdout>:
Iteration:  10%|▉         | 111/1147 [00:31<04:17,  4.03it/s]Sat Dec 19 22:17:14 2020[1,0]<stdout>:
Iteration:  10%|▉         | 112/1147 [00:32<04:17,  4.02it/s]Sat Dec 19 22:17:15 2020[1,0]<stdout>:
Iteration:  10%|▉         | 113/1147 [00:32<04:16,  4.03it/s]Sat Dec 19 22:17:15 2020[1,0]<stdout>:
Iteration:  10%|▉         | 114/1147 [00:32<04:17,  4.02it/s]Sat Dec 19 22:17:15 2020[1,0]<stdout>:
Iteration:  10%|█         | 115/1147 [00:32<04:16,  4.03it/s]Sat Dec 19 22:17:15 2020[1,0]<stdout>:
Iteration:  10%|█         | 116/1147 [00:33<04:16,  4.02it/s]Sat Dec 19 22:17:16 2020[1,0]<stdout>:
Iteration:  10%|█         | 117/1147 [00:33<04:15,  4.03it/s]Sat Dec 19 22:17:16 2020[1,0]<stdout>:
Iteration:  10%|█         | 118/1147 [00:33<04:15,  4.03it/s]Sat Dec 19 22:17:16 2020[1,0]<stdout>:
Iteration:  10%|█         | 119/1147 [00:33<04:15,  4.02it/s]Sat Dec 19 22:17:16 2020[1,0]<stdout>:
Iteration:  10%|█         | 120/1147 [00:34<04:15,  4.02it/s]Sat Dec 19 22:17:17 2020[1,0]<stdout>:
Iteration:  11%|█         | 121/1147 [00:34<04:15,  4.01it/s]Sat Dec 19 22:17:17 2020[1,0]<stdout>:
Iteration:  11%|█         | 122/1147 [00:34<04:15,  4.02it/s]Sat Dec 19 22:17:17 2020[1,0]<stdout>:
Iteration:  11%|█         | 123/1147 [00:34<04:14,  4.02it/s]Sat Dec 19 22:17:17 2020[1,0]<stdout>:
Iteration:  11%|█         | 124/1147 [00:35<04:14,  4.03it/s]Sat Dec 19 22:17:18 2020[1,0]<stdout>:
Iteration:  11%|█         | 125/1147 [00:35<04:14,  4.02it/s]Sat Dec 19 22:17:18 2020[1,0]<stdout>:
Iteration:  11%|█         | 126/1147 [00:35<04:13,  4.02it/s]Sat Dec 19 22:17:18 2020[1,0]<stdout>:
Iteration:  11%|█         | 127/1147 [00:35<04:14,  4.01it/s]Sat Dec 19 22:17:18 2020[1,0]<stdout>:
Iteration:  11%|█         | 128/1147 [00:36<04:13,  4.02it/s]Sat Dec 19 22:17:19 2020[1,0]<stdout>:
Iteration:  11%|█         | 129/1147 [00:36<04:12,  4.03it/s]Sat Dec 19 22:17:19 2020[1,0]<stdout>:
Iteration:  11%|█▏        | 130/1147 [00:36<04:12,  4.02it/s]Sat Dec 19 22:17:19 2020[1,0]<stdout>:
Iteration:  11%|█▏        | 131/1147 [00:36<04:12,  4.03it/s]Sat Dec 19 22:17:19 2020[1,0]<stdout>:
Iteration:  12%|█▏        | 132/1147 [00:37<04:12,  4.02it/s]Sat Dec 19 22:17:20 2020[1,0]<stdout>:
Iteration:  12%|█▏        | 133/1147 [00:37<04:12,  4.01it/s]Sat Dec 19 22:17:20 2020[1,0]<stdout>:
Iteration:  12%|█▏        | 134/1147 [00:37<04:12,  4.02it/s]Sat Dec 19 22:17:20 2020[1,0]<stdout>:
Iteration:  12%|█▏        | 135/1147 [00:37<04:11,  4.02it/s]Sat Dec 19 22:17:20 2020[1,0]<stdout>:
Iteration:  12%|█▏        | 136/1147 [00:38<04:11,  4.02it/s]Sat Dec 19 22:17:21 2020[1,0]<stdout>:
Iteration:  12%|█▏        | 137/1147 [00:38<04:10,  4.03it/s]Sat Dec 19 22:17:21 2020[1,0]<stdout>:
Iteration:  12%|█▏        | 138/1147 [00:38<04:10,  4.02it/s]Sat Dec 19 22:17:21 2020[1,0]<stdout>:
Iteration:  12%|█▏        | 139/1147 [00:38<04:11,  4.01it/s]Sat Dec 19 22:17:21 2020[1,0]<stdout>:
Iteration:  12%|█▏        | 140/1147 [00:39<04:10,  4.02it/s]Sat Dec 19 22:17:22 2020[1,0]<stdout>:
Iteration:  12%|█▏        | 141/1147 [00:39<04:10,  4.01it/s]Sat Dec 19 22:17:22 2020[1,0]<stdout>:
Iteration:  12%|█▏        | 142/1147 [00:39<04:10,  4.02it/s]Sat Dec 19 22:17:22 2020[1,0]<stdout>:
Iteration:  12%|█▏        | 143/1147 [00:39<04:10,  4.01it/s]Sat Dec 19 22:17:22 2020[1,0]<stdout>:
Iteration:  13%|█▎        | 144/1147 [00:40<04:09,  4.02it/s]Sat Dec 19 22:17:23 2020[1,0]<stdout>:
Iteration:  13%|█▎        | 145/1147 [00:40<04:08,  4.03it/s]Sat Dec 19 22:17:23 2020[1,0]<stdout>:
Iteration:  13%|█▎        | 146/1147 [00:40<04:08,  4.02it/s]Sat Dec 19 22:17:23 2020[1,0]<stdout>:
Iteration:  13%|█▎        | 147/1147 [00:40<04:08,  4.03it/s]Sat Dec 19 22:17:23 2020[1,0]<stdout>:
Iteration:  13%|█▎        | 148/1147 [00:41<04:08,  4.02it/s]Sat Dec 19 22:17:24 2020[1,0]<stdout>:
Iteration:  13%|█▎        | 149/1147 [00:41<04:07,  4.03it/s]Sat Dec 19 22:17:24 2020[1,0]<stdout>:
Iteration:  13%|█▎        | 150/1147 [00:41<04:08,  4.01it/s]Sat Dec 19 22:17:24 2020[1,0]<stdout>:
Iteration:  13%|█▎        | 151/1147 [00:41<04:07,  4.02it/s]Sat Dec 19 22:17:24 2020[1,0]<stdout>:
Iteration:  13%|█▎        | 152/1147 [00:42<04:07,  4.02it/s]Sat Dec 19 22:17:25 2020[1,0]<stdout>:
Iteration:  13%|█▎        | 153/1147 [00:42<04:07,  4.01it/s]Sat Dec 19 22:17:25 2020[1,0]<stdout>:
Iteration:  13%|█▎        | 154/1147 [00:42<04:07,  4.02it/s]Sat Dec 19 22:17:25 2020[1,0]<stdout>:
Iteration:  14%|█▎        | 155/1147 [00:42<04:07,  4.01it/s]Sat Dec 19 22:17:25 2020[1,0]<stdout>:
Iteration:  14%|█▎        | 156/1147 [00:43<04:07,  4.01it/s]Sat Dec 19 22:17:26 2020[1,0]<stdout>:
Iteration:  14%|█▎        | 157/1147 [00:43<04:06,  4.01it/s]Sat Dec 19 22:17:26 2020[1,0]<stdout>:
Iteration:  14%|█▍        | 158/1147 [00:43<04:06,  4.02it/s]Sat Dec 19 22:17:26 2020[1,0]<stdout>:
Iteration:  14%|█▍        | 159/1147 [00:43<04:05,  4.03it/s]Sat Dec 19 22:17:26 2020[1,0]<stdout>:
Iteration:  14%|█▍        | 160/1147 [00:44<04:05,  4.03it/s]Sat Dec 19 22:17:27 2020[1,0]<stdout>:
Iteration:  14%|█▍        | 161/1147 [00:44<04:05,  4.02it/s]Sat Dec 19 22:17:27 2020[1,0]<stdout>:
Iteration:  14%|█▍        | 162/1147 [00:44<04:05,  4.02it/s]Sat Dec 19 22:17:27 2020[1,0]<stdout>:
Iteration:  14%|█▍        | 163/1147 [00:44<04:04,  4.02it/s]Sat Dec 19 22:17:27 2020[1,0]<stdout>:
Iteration:  14%|█▍        | 164/1147 [00:45<04:04,  4.02it/s]Sat Dec 19 22:17:28 2020[1,0]<stdout>:
Iteration:  14%|█▍        | 165/1147 [00:45<04:03,  4.03it/s]Sat Dec 19 22:17:28 2020[1,0]<stdout>:
Iteration:  14%|█▍        | 166/1147 [00:45<04:03,  4.02it/s]Sat Dec 19 22:17:28 2020[1,0]<stdout>:DLL 2020-12-19 22:17:28.556029 - Training Epoch: 0 Training Iteration: 28  average_loss : 8.16632080078125  step_loss : 8.0673828125  learning_rate : 0.0021908902300206644
Sat Dec 19 22:17:28 2020[1,0]<stdout>:
Iteration:  15%|█▍        | 167/1147 [00:45<04:06,  3.98it/s]Sat Dec 19 22:17:28 2020[1,0]<stdout>:
Iteration:  15%|█▍        | 168/1147 [00:46<04:04,  4.00it/s]Sat Dec 19 22:17:29 2020[1,0]<stdout>:
Iteration:  15%|█▍        | 169/1147 [00:46<04:04,  4.01it/s]Sat Dec 19 22:17:29 2020[1,0]<stdout>:
Iteration:  15%|█▍        | 170/1147 [00:46<04:04,  4.00it/s]Sat Dec 19 22:17:29 2020[1,0]<stdout>:
Iteration:  15%|█▍        | 171/1147 [00:46<04:03,  4.00it/s]Sat Dec 19 22:17:29 2020[1,0]<stdout>:
Iteration:  15%|█▍        | 172/1147 [00:47<04:03,  4.00it/s]Sat Dec 19 22:17:30 2020[1,0]<stdout>:
Iteration:  15%|█▌        | 173/1147 [00:47<04:02,  4.01it/s]Sat Dec 19 22:17:30 2020[1,0]<stdout>:
Iteration:  15%|█▌        | 174/1147 [00:47<04:03,  4.00it/s]Sat Dec 19 22:17:30 2020[1,0]<stdout>:
Iteration:  15%|█▌        | 175/1147 [00:47<04:01,  4.02it/s]Sat Dec 19 22:17:30 2020[1,0]<stdout>:
Iteration:  15%|█▌        | 176/1147 [00:48<04:01,  4.02it/s]Sat Dec 19 22:17:31 2020[1,0]<stdout>:
Iteration:  15%|█▌        | 177/1147 [00:48<04:01,  4.02it/s]Sat Dec 19 22:17:31 2020[1,0]<stdout>:
Iteration:  16%|█▌        | 178/1147 [00:48<04:00,  4.02it/s]Sat Dec 19 22:17:31 2020[1,0]<stdout>:
Iteration:  16%|█▌        | 179/1147 [00:48<04:00,  4.02it/s]Sat Dec 19 22:17:31 2020[1,0]<stdout>:
Iteration:  16%|█▌        | 180/1147 [00:49<04:00,  4.02it/s]Sat Dec 19 22:17:32 2020[1,0]<stdout>:
Iteration:  16%|█▌        | 181/1147 [00:49<04:00,  4.01it/s]Sat Dec 19 22:17:32 2020[1,0]<stdout>:
Iteration:  16%|█▌        | 182/1147 [00:49<04:00,  4.01it/s]Sat Dec 19 22:17:32 2020[1,0]<stdout>:
Iteration:  16%|█▌        | 183/1147 [00:49<04:00,  4.01it/s]Sat Dec 19 22:17:32 2020[1,0]<stdout>:
Iteration:  16%|█▌        | 184/1147 [00:50<03:59,  4.02it/s]Sat Dec 19 22:17:33 2020[1,0]<stdout>:
Iteration:  16%|█▌        | 185/1147 [00:50<03:58,  4.03it/s]Sat Dec 19 22:17:33 2020[1,0]<stdout>:
Iteration:  16%|█▌        | 186/1147 [00:50<03:59,  4.01it/s]Sat Dec 19 22:17:33 2020[1,0]<stdout>:
Iteration:  16%|█▋        | 187/1147 [00:50<03:58,  4.02it/s]Sat Dec 19 22:17:33 2020[1,0]<stdout>:
Iteration:  16%|█▋        | 188/1147 [00:51<03:58,  4.02it/s]Sat Dec 19 22:17:34 2020[1,0]<stdout>:
Iteration:  16%|█▋        | 189/1147 [00:51<03:58,  4.02it/s]Sat Dec 19 22:17:34 2020[1,0]<stdout>:
Iteration:  17%|█▋        | 190/1147 [00:51<03:58,  4.01it/s]Sat Dec 19 22:17:34 2020[1,0]<stdout>:
Iteration:  17%|█▋        | 191/1147 [00:51<03:58,  4.02it/s]Sat Dec 19 22:17:34 2020[1,0]<stdout>:
Iteration:  17%|█▋        | 192/1147 [00:52<03:57,  4.02it/s]Sat Dec 19 22:17:35 2020[1,0]<stdout>:
Iteration:  17%|█▋        | 193/1147 [00:52<03:57,  4.01it/s]Sat Dec 19 22:17:35 2020[1,0]<stdout>:
Iteration:  17%|█▋        | 194/1147 [00:52<03:56,  4.02it/s]Sat Dec 19 22:17:35 2020[1,0]<stdout>:
Iteration:  17%|█▋        | 195/1147 [00:52<03:56,  4.02it/s]Sat Dec 19 22:17:35 2020[1,0]<stdout>:
Iteration:  17%|█▋        | 196/1147 [00:53<03:56,  4.02it/s]Sat Dec 19 22:17:36 2020[1,0]<stdout>:
Iteration:  17%|█▋        | 197/1147 [00:53<03:57,  4.00it/s]Sat Dec 19 22:17:36 2020[1,0]<stdout>:
Iteration:  17%|█▋        | 198/1147 [00:53<03:56,  4.01it/s]Sat Dec 19 22:17:36 2020[1,0]<stdout>:
Iteration:  17%|█▋        | 199/1147 [00:53<03:58,  3.98it/s]Sat Dec 19 22:17:36 2020[1,0]<stdout>:
Iteration:  17%|█▋        | 200/1147 [00:54<03:57,  4.00it/s]Sat Dec 19 22:17:37 2020[1,0]<stdout>:
Iteration:  18%|█▊        | 201/1147 [00:54<03:56,  4.00it/s]Sat Dec 19 22:17:37 2020[1,0]<stdout>:
Iteration:  18%|█▊        | 202/1147 [00:54<03:56,  4.00it/s]Sat Dec 19 22:17:37 2020[1,0]<stdout>:
Iteration:  18%|█▊        | 203/1147 [00:54<03:55,  4.00it/s]Sat Dec 19 22:17:37 2020[1,0]<stdout>:
Iteration:  18%|█▊        | 204/1147 [00:55<03:54,  4.02it/s]Sat Dec 19 22:17:38 2020[1,0]<stdout>:
Iteration:  18%|█▊        | 205/1147 [00:55<03:54,  4.01it/s]Sat Dec 19 22:17:38 2020[1,0]<stdout>:
Iteration:  18%|█▊        | 206/1147 [00:55<03:54,  4.01it/s]Sat Dec 19 22:17:38 2020[1,0]<stdout>:
Iteration:  18%|█▊        | 207/1147 [00:55<03:55,  4.00it/s]Sat Dec 19 22:17:38 2020[1,0]<stdout>:
Iteration:  18%|█▊        | 208/1147 [00:56<03:54,  4.01it/s]Sat Dec 19 22:17:39 2020[1,0]<stdout>:
Iteration:  18%|█▊        | 209/1147 [00:56<03:53,  4.01it/s]Sat Dec 19 22:17:39 2020[1,0]<stdout>:
Iteration:  18%|█▊        | 210/1147 [00:56<03:53,  4.02it/s]Sat Dec 19 22:17:39 2020[1,0]<stdout>:
Iteration:  18%|█▊        | 211/1147 [00:56<03:53,  4.01it/s]Sat Dec 19 22:17:39 2020[1,0]<stdout>:
Iteration:  18%|█▊        | 212/1147 [00:57<03:52,  4.02it/s]Sat Dec 19 22:17:40 2020[1,0]<stdout>:
Iteration:  19%|█▊        | 213/1147 [00:57<03:52,  4.02it/s]Sat Dec 19 22:17:40 2020[1,0]<stdout>:
Iteration:  19%|█▊        | 214/1147 [00:57<03:52,  4.02it/s]Sat Dec 19 22:17:40 2020[1,0]<stdout>:
Iteration:  19%|█▊        | 215/1147 [00:57<03:52,  4.02it/s]Sat Dec 19 22:17:40 2020[1,0]<stdout>:
Iteration:  19%|█▉        | 216/1147 [00:58<03:52,  4.01it/s]Sat Dec 19 22:17:41 2020[1,0]<stdout>:
Iteration:  19%|█▉        | 217/1147 [00:58<03:51,  4.02it/s]Sat Dec 19 22:17:41 2020[1,0]<stdout>:
Iteration:  19%|█▉        | 218/1147 [00:58<03:50,  4.03it/s]Sat Dec 19 22:17:41 2020[1,0]<stdout>:
Iteration:  19%|█▉        | 219/1147 [00:58<03:51,  4.02it/s]Sat Dec 19 22:17:41 2020[1,0]<stdout>:
Iteration:  19%|█▉        | 220/1147 [00:59<03:50,  4.02it/s]Sat Dec 19 22:17:42 2020[1,0]<stdout>:
Iteration:  19%|█▉        | 221/1147 [00:59<03:50,  4.01it/s]Sat Dec 19 22:17:42 2020[1,0]<stdout>:
Iteration:  19%|█▉        | 222/1147 [00:59<03:50,  4.01it/s]Sat Dec 19 22:17:42 2020[1,0]<stdout>:
Iteration:  19%|█▉        | 223/1147 [00:59<03:49,  4.02it/s]Sat Dec 19 22:17:42 2020[1,0]<stdout>:
Iteration:  20%|█▉        | 224/1147 [01:00<03:49,  4.02it/s]Sat Dec 19 22:17:43 2020[1,0]<stdout>:
Iteration:  20%|█▉        | 225/1147 [01:00<03:49,  4.02it/s]Sat Dec 19 22:17:43 2020[1,0]<stdout>:
Iteration:  20%|█▉        | 226/1147 [01:00<03:49,  4.01it/s]Sat Dec 19 22:17:43 2020[1,0]<stdout>:
Iteration:  20%|█▉        | 227/1147 [01:00<03:49,  4.00it/s]Sat Dec 19 22:17:43 2020[1,0]<stdout>:
Iteration:  20%|█▉        | 228/1147 [01:01<03:49,  4.01it/s]Sat Dec 19 22:17:44 2020[1,0]<stdout>:
Iteration:  20%|█▉        | 229/1147 [01:01<03:49,  4.00it/s]Sat Dec 19 22:17:44 2020[1,0]<stdout>:
Iteration:  20%|██        | 230/1147 [01:01<03:51,  3.96it/s]Sat Dec 19 22:17:44 2020[1,0]<stdout>:
Iteration:  20%|██        | 231/1147 [01:01<03:53,  3.92it/s]Sat Dec 19 22:17:44 2020[1,0]<stdout>:
Iteration:  20%|██        | 232/1147 [01:02<03:54,  3.90it/s]Sat Dec 19 22:17:45 2020[1,0]<stdout>:
Iteration:  20%|██        | 233/1147 [01:02<03:51,  3.94it/s]Sat Dec 19 22:17:45 2020[1,0]<stdout>:
Iteration:  20%|██        | 234/1147 [01:02<03:50,  3.96it/s]Sat Dec 19 22:17:45 2020[1,0]<stdout>:
Iteration:  20%|██        | 235/1147 [01:02<03:48,  3.98it/s]Sat Dec 19 22:17:45 2020[1,0]<stdout>:
Iteration:  21%|██        | 236/1147 [01:03<03:48,  3.99it/s]Sat Dec 19 22:17:46 2020[1,0]<stdout>:
Iteration:  21%|██        | 237/1147 [01:03<03:48,  3.99it/s]Sat Dec 19 22:17:46 2020[1,0]<stdout>:
Iteration:  21%|██        | 238/1147 [01:03<03:46,  4.01it/s]Sat Dec 19 22:17:46 2020[1,0]<stdout>:
Iteration:  21%|██        | 239/1147 [01:03<03:46,  4.01it/s]Sat Dec 19 22:17:46 2020[1,0]<stdout>:
Iteration:  21%|██        | 240/1147 [01:04<03:46,  4.01it/s]Sat Dec 19 22:17:47 2020[1,0]<stdout>:
Iteration:  21%|██        | 241/1147 [01:04<03:46,  4.00it/s]Sat Dec 19 22:17:47 2020[1,0]<stdout>:
Iteration:  21%|██        | 242/1147 [01:04<03:45,  4.01it/s]Sat Dec 19 22:17:47 2020[1,0]<stdout>:
Iteration:  21%|██        | 243/1147 [01:04<03:45,  4.01it/s]Sat Dec 19 22:17:47 2020[1,0]<stdout>:
Iteration:  21%|██▏       | 244/1147 [01:05<03:45,  4.00it/s]Sat Dec 19 22:17:48 2020[1,0]<stdout>:
Iteration:  21%|██▏       | 245/1147 [01:05<03:46,  3.99it/s]Sat Dec 19 22:17:48 2020[1,0]<stdout>:
Iteration:  21%|██▏       | 246/1147 [01:05<03:46,  3.98it/s]Sat Dec 19 22:17:48 2020[1,0]<stdout>:
Iteration:  22%|██▏       | 247/1147 [01:05<03:44,  4.00it/s]Sat Dec 19 22:17:48 2020[1,0]<stdout>:
Iteration:  22%|██▏       | 248/1147 [01:06<03:44,  4.00it/s]Sat Dec 19 22:17:49 2020[1,0]<stdout>:
Iteration:  22%|██▏       | 249/1147 [01:06<03:44,  4.00it/s]Sat Dec 19 22:17:49 2020[1,0]<stdout>:
Iteration:  22%|██▏       | 250/1147 [01:06<03:43,  4.01it/s]Sat Dec 19 22:17:49 2020[1,0]<stdout>:
Iteration:  22%|██▏       | 251/1147 [01:06<03:43,  4.00it/s]Sat Dec 19 22:17:49 2020[1,0]<stdout>:
Iteration:  22%|██▏       | 252/1147 [01:07<03:43,  4.01it/s]Sat Dec 19 22:17:50 2020[1,0]<stdout>:
Iteration:  22%|██▏       | 253/1147 [01:07<03:43,  4.00it/s]Sat Dec 19 22:17:50 2020[1,0]<stdout>:
Iteration:  22%|██▏       | 254/1147 [01:07<03:43,  3.99it/s]Sat Dec 19 22:17:50 2020[1,0]<stdout>:DLL 2020-12-19 22:17:50.534775 - Training Epoch: 0 Training Iteration: 29  average_loss : 8.1380615234375  step_loss : 8.06201171875  learning_rate : 0.0018973665961010274
Sat Dec 19 22:17:50 2020[1,0]<stdout>:
Iteration:  22%|██▏       | 255/1147 [01:07<03:45,  3.95it/s]Sat Dec 19 22:17:50 2020[1,0]<stdout>:
Iteration:  22%|██▏       | 256/1147 [01:08<03:44,  3.97it/s]Sat Dec 19 22:17:51 2020[1,0]<stdout>:
Iteration:  22%|██▏       | 257/1147 [01:08<03:43,  3.98it/s]Sat Dec 19 22:17:51 2020[1,0]<stdout>:
Iteration:  22%|██▏       | 258/1147 [01:08<03:43,  3.98it/s]Sat Dec 19 22:17:51 2020[1,0]<stdout>:
Iteration:  23%|██▎       | 259/1147 [01:08<03:42,  3.99it/s]Sat Dec 19 22:17:51 2020[1,0]<stdout>:
Iteration:  23%|██▎       | 260/1147 [01:09<03:42,  3.98it/s]Sat Dec 19 22:17:52 2020[1,0]<stdout>:
Iteration:  23%|██▎       | 261/1147 [01:09<03:42,  3.99it/s]Sat Dec 19 22:17:52 2020[1,0]<stdout>:
Iteration:  23%|██▎       | 262/1147 [01:09<03:42,  3.98it/s]Sat Dec 19 22:17:52 2020[1,0]<stdout>:
Iteration:  23%|██▎       | 263/1147 [01:09<03:42,  3.97it/s]Sat Dec 19 22:17:52 2020[1,0]<stdout>:
Iteration:  23%|██▎       | 264/1147 [01:10<03:42,  3.98it/s]Sat Dec 19 22:17:53 2020[1,0]<stdout>:
Iteration:  23%|██▎       | 265/1147 [01:10<03:41,  3.99it/s]Sat Dec 19 22:17:53 2020[1,0]<stdout>:
Iteration:  23%|██▎       | 266/1147 [01:10<03:41,  3.98it/s]Sat Dec 19 22:17:53 2020[1,0]<stdout>:
Iteration:  23%|██▎       | 267/1147 [01:10<03:40,  4.00it/s]Sat Dec 19 22:17:53 2020[1,0]<stdout>:
Iteration:  23%|██▎       | 268/1147 [01:11<03:39,  4.01it/s]Sat Dec 19 22:17:54 2020[1,0]<stdout>:
Iteration:  23%|██▎       | 269/1147 [01:11<03:39,  4.01it/s]Sat Dec 19 22:17:54 2020[1,0]<stdout>:
Iteration:  24%|██▎       | 270/1147 [01:11<03:38,  4.01it/s]Sat Dec 19 22:17:54 2020[1,0]<stdout>:
Iteration:  24%|██▎       | 271/1147 [01:11<03:38,  4.01it/s]Sat Dec 19 22:17:54 2020[1,0]<stdout>:
Iteration:  24%|██▎       | 272/1147 [01:12<03:38,  4.01it/s]Sat Dec 19 22:17:55 2020[1,0]<stdout>:
Iteration:  24%|██▍       | 273/1147 [01:12<03:38,  4.01it/s]Sat Dec 19 22:17:55 2020[1,0]<stdout>:
Iteration:  24%|██▍       | 274/1147 [01:12<03:37,  4.02it/s]Sat Dec 19 22:17:55 2020[1,0]<stdout>:
Iteration:  24%|██▍       | 275/1147 [01:12<03:36,  4.02it/s]Sat Dec 19 22:17:55 2020[1,0]<stdout>:
Iteration:  24%|██▍       | 276/1147 [01:13<03:36,  4.02it/s]Sat Dec 19 22:17:56 2020[1,0]<stdout>:
Iteration:  24%|██▍       | 277/1147 [01:13<03:36,  4.02it/s]Sat Dec 19 22:17:56 2020[1,0]<stdout>:
Iteration:  24%|██▍       | 278/1147 [01:13<03:36,  4.02it/s]Sat Dec 19 22:17:56 2020[1,0]<stdout>:
Iteration:  24%|██▍       | 279/1147 [01:13<03:36,  4.01it/s]Sat Dec 19 22:17:56 2020[1,0]<stdout>:
Iteration:  24%|██▍       | 280/1147 [01:14<03:36,  4.01it/s]Sat Dec 19 22:17:57 2020[1,0]<stdout>:
Iteration:  24%|██▍       | 281/1147 [01:14<03:36,  4.00it/s]Sat Dec 19 22:17:57 2020[1,0]<stdout>:
Iteration:  25%|██▍       | 282/1147 [01:14<03:35,  4.01it/s]Sat Dec 19 22:17:57 2020[1,0]<stdout>:
Iteration:  25%|██▍       | 283/1147 [01:14<03:36,  4.00it/s]Sat Dec 19 22:17:57 2020[1,0]<stdout>:
Iteration:  25%|██▍       | 284/1147 [01:15<03:35,  4.01it/s]Sat Dec 19 22:17:58 2020[1,0]<stdout>:
Iteration:  25%|██▍       | 285/1147 [01:15<03:35,  4.00it/s]Sat Dec 19 22:17:58 2020[1,0]<stdout>:
Iteration:  25%|██▍       | 286/1147 [01:15<03:34,  4.01it/s]Sat Dec 19 22:17:58 2020[1,0]<stdout>:
Iteration:  25%|██▌       | 287/1147 [01:15<03:34,  4.01it/s]Sat Dec 19 22:17:58 2020[1,0]<stdout>:
Iteration:  25%|██▌       | 288/1147 [01:16<03:33,  4.02it/s]Sat Dec 19 22:17:59 2020[1,0]<stdout>:
Iteration:  25%|██▌       | 289/1147 [01:16<03:33,  4.01it/s]Sat Dec 19 22:17:59 2020[1,0]<stdout>:
Iteration:  25%|██▌       | 290/1147 [01:16<03:33,  4.01it/s]Sat Dec 19 22:17:59 2020[1,0]<stdout>:
Iteration:  25%|██▌       | 291/1147 [01:16<03:32,  4.03it/s]Sat Dec 19 22:17:59 2020[1,0]<stdout>:
Iteration:  25%|██▌       | 292/1147 [01:17<03:33,  4.01it/s]Sat Dec 19 22:18:00 2020[1,0]<stdout>:
Iteration:  26%|██▌       | 293/1147 [01:17<03:32,  4.02it/s]Sat Dec 19 22:18:00 2020[1,0]<stdout>:
Iteration:  26%|██▌       | 294/1147 [01:17<03:32,  4.02it/s]Sat Dec 19 22:18:00 2020[1,0]<stdout>:
Iteration:  26%|██▌       | 295/1147 [01:17<03:31,  4.02it/s]Sat Dec 19 22:18:00 2020[1,0]<stdout>:
Iteration:  26%|██▌       | 296/1147 [01:18<03:31,  4.02it/s]Sat Dec 19 22:18:01 2020[1,0]<stdout>:
Iteration:  26%|██▌       | 297/1147 [01:18<03:31,  4.02it/s]Sat Dec 19 22:18:01 2020[1,0]<stdout>:
Iteration:  26%|██▌       | 298/1147 [01:18<03:31,  4.02it/s]Sat Dec 19 22:18:01 2020[1,0]<stdout>:
Iteration:  26%|██▌       | 299/1147 [01:18<03:30,  4.03it/s]Sat Dec 19 22:18:01 2020[1,0]<stdout>:
Iteration:  26%|██▌       | 300/1147 [01:19<03:30,  4.02it/s]Sat Dec 19 22:18:02 2020[1,0]<stdout>:
Iteration:  26%|██▌       | 301/1147 [01:19<03:30,  4.02it/s]Sat Dec 19 22:18:02 2020[1,0]<stdout>:
Iteration:  26%|██▋       | 302/1147 [01:19<03:30,  4.02it/s]Sat Dec 19 22:18:02 2020[1,0]<stdout>:
Iteration:  26%|██▋       | 303/1147 [01:19<03:29,  4.03it/s]Sat Dec 19 22:18:02 2020[1,0]<stdout>:
Iteration:  27%|██▋       | 304/1147 [01:20<03:28,  4.03it/s]Sat Dec 19 22:18:03 2020[1,0]<stdout>:
Iteration:  27%|██▋       | 305/1147 [01:20<03:29,  4.02it/s]Sat Dec 19 22:18:03 2020[1,0]<stdout>:
Iteration:  27%|██▋       | 306/1147 [01:20<03:29,  4.02it/s]Sat Dec 19 22:18:03 2020[1,0]<stdout>:
Iteration:  27%|██▋       | 307/1147 [01:20<03:29,  4.01it/s]Sat Dec 19 22:18:03 2020[1,0]<stdout>:
Iteration:  27%|██▋       | 308/1147 [01:21<03:29,  4.01it/s]Sat Dec 19 22:18:03 2020[1,0]<stdout>:
Iteration:  27%|██▋       | 309/1147 [01:21<03:28,  4.01it/s]Sat Dec 19 22:18:04 2020[1,0]<stdout>:
Iteration:  27%|██▋       | 310/1147 [01:21<03:28,  4.01it/s]Sat Dec 19 22:18:04 2020[1,0]<stdout>:
Iteration:  27%|██▋       | 311/1147 [01:21<03:28,  4.00it/s]Sat Dec 19 22:18:04 2020[1,0]<stdout>:
Iteration:  27%|██▋       | 312/1147 [01:22<03:28,  4.01it/s]Sat Dec 19 22:18:04 2020[1,0]<stdout>:
Iteration:  27%|██▋       | 313/1147 [01:22<03:28,  4.01it/s]Sat Dec 19 22:18:05 2020[1,0]<stdout>:
Iteration:  27%|██▋       | 314/1147 [01:22<03:27,  4.02it/s]Sat Dec 19 22:18:05 2020[1,0]<stdout>:
Iteration:  27%|██▋       | 315/1147 [01:22<03:26,  4.02it/s]Sat Dec 19 22:18:05 2020[1,0]<stdout>:
Iteration:  28%|██▊       | 316/1147 [01:23<03:27,  4.01it/s]Sat Dec 19 22:18:05 2020[1,0]<stdout>:
Iteration:  28%|██▊       | 317/1147 [01:23<03:27,  4.01it/s]Sat Dec 19 22:18:06 2020[1,0]<stdout>:
Iteration:  28%|██▊       | 318/1147 [01:23<03:26,  4.02it/s]Sat Dec 19 22:18:06 2020[1,0]<stdout>:
Iteration:  28%|██▊       | 319/1147 [01:23<03:26,  4.01it/s]Sat Dec 19 22:18:06 2020[1,0]<stdout>:
Iteration:  28%|██▊       | 320/1147 [01:24<03:25,  4.02it/s]Sat Dec 19 22:18:06 2020[1,0]<stdout>:
Iteration:  28%|██▊       | 321/1147 [01:24<03:25,  4.02it/s]Sat Dec 19 22:18:07 2020[1,0]<stdout>:
Iteration:  28%|██▊       | 322/1147 [01:24<03:24,  4.03it/s]Sat Dec 19 22:18:07 2020[1,0]<stdout>:
Iteration:  28%|██▊       | 323/1147 [01:24<03:25,  4.01it/s]Sat Dec 19 22:18:07 2020[1,0]<stdout>:
Iteration:  28%|██▊       | 324/1147 [01:25<03:24,  4.02it/s]Sat Dec 19 22:18:07 2020[1,0]<stdout>:
Iteration:  28%|██▊       | 325/1147 [01:25<03:24,  4.02it/s]Sat Dec 19 22:18:08 2020[1,0]<stdout>:
Iteration:  28%|██▊       | 326/1147 [01:25<03:24,  4.02it/s]Sat Dec 19 22:18:08 2020[1,0]<stdout>:
Iteration:  29%|██▊       | 327/1147 [01:25<03:24,  4.02it/s]Sat Dec 19 22:18:08 2020[1,0]<stdout>:
Iteration:  29%|██▊       | 328/1147 [01:25<03:23,  4.02it/s]Sat Dec 19 22:18:08 2020[1,0]<stdout>:
Iteration:  29%|██▊       | 329/1147 [01:26<03:23,  4.02it/s]Sat Dec 19 22:18:09 2020[1,0]<stdout>:
Iteration:  29%|██▉       | 330/1147 [01:26<03:23,  4.01it/s]Sat Dec 19 22:18:09 2020[1,0]<stdout>:
Iteration:  29%|██▉       | 331/1147 [01:26<03:22,  4.03it/s]Sat Dec 19 22:18:09 2020[1,0]<stdout>:
Iteration:  29%|██▉       | 332/1147 [01:26<03:22,  4.02it/s]Sat Dec 19 22:18:09 2020[1,0]<stdout>:
Iteration:  29%|██▉       | 333/1147 [01:27<03:22,  4.01it/s]Sat Dec 19 22:18:10 2020[1,0]<stdout>:
Iteration:  29%|██▉       | 334/1147 [01:27<03:22,  4.01it/s]Sat Dec 19 22:18:10 2020[1,0]<stdout>:
Iteration:  29%|██▉       | 335/1147 [01:27<03:21,  4.02it/s]Sat Dec 19 22:18:10 2020[1,0]<stdout>:
Iteration:  29%|██▉       | 336/1147 [01:27<03:21,  4.02it/s]Sat Dec 19 22:18:10 2020[1,0]<stdout>:
Iteration:  29%|██▉       | 337/1147 [01:28<03:21,  4.02it/s]Sat Dec 19 22:18:11 2020[1,0]<stdout>:
Iteration:  29%|██▉       | 338/1147 [01:28<03:21,  4.02it/s]Sat Dec 19 22:18:11 2020[1,0]<stdout>:
Iteration:  30%|██▉       | 339/1147 [01:28<03:20,  4.03it/s]Sat Dec 19 22:18:11 2020[1,0]<stdout>:
Iteration:  30%|██▉       | 340/1147 [01:28<03:21,  4.01it/s]Sat Dec 19 22:18:11 2020[1,0]<stdout>:
Iteration:  30%|██▉       | 341/1147 [01:29<03:20,  4.01it/s]Sat Dec 19 22:18:12 2020[1,0]<stdout>:
Iteration:  30%|██▉       | 342/1147 [01:29<03:19,  4.03it/s]Sat Dec 19 22:18:12 2020[1,0]<stdout>:DLL 2020-12-19 22:18:12.492431 - Training Epoch: 0 Training Iteration: 30  final_loss : 8.139995574951172
Sat Dec 19 22:18:12 2020[1,0]<stdout>:DLL 2020-12-19 22:18:12.492619 - PARAMETER checkpoint_step : 30
Sat Dec 19 22:18:14 2020[1,3]<stdout>:*****************************************
Sat Dec 19 22:18:14 2020[1,3]<stdout>:Setting OMP_NUM_THREADS environment variable for each process to be 1 in default, to avoid your system being overloaded, please further tune the variable for optimal performance in your application as needed.
Sat Dec 19 22:18:14 2020[1,3]<stdout>:*****************************************
Sat Dec 19 22:18:14 2020[1,2]<stdout>:*****************************************
Sat Dec 19 22:18:14 2020[1,2]<stdout>:Setting OMP_NUM_THREADS environment variable for each process to be 1 in default, to avoid your system being overloaded, please further tune the variable for optimal performance in your application as needed.
Sat Dec 19 22:18:14 2020[1,2]<stdout>:*****************************************
Sat Dec 19 22:18:14 2020[1,3]<stderr>:+ set +x
Sat Dec 19 22:18:14 2020[1,3]<stdout>:finished pretraining
Sat Dec 19 22:18:14 2020[1,2]<stderr>:+ set +x
Sat Dec 19 22:18:14 2020[1,2]<stdout>:finished pretraining
Sat Dec 19 22:18:14 2020[1,0]<stdout>:DLL 2020-12-19 22:18:14.757255 -  e2e_train_time : 684.594578742981  training_sequences_per_second : 12061.621622125323  final_loss : 8.139995574951172  raw_train_time : 672.387200832367
Sat Dec 19 22:18:14 2020[1,1]<stdout>:*****************************************