Iteration:   0%|          | 0/2294 [00:00<?, ?it/s]Sat Dec 19 22:19:31 2020[1,0]<stdout>:
Iteration:   0%|          | 1/2294 [00:00<22:47,  1.68it/s]Sat Dec 19 22:19:32 2020[1,0]<stdout>:
Iteration:   0%|          | 2/2294 [00:01<23:25,  1.63it/s]Sat Dec 19 22:19:32 2020[1,0]<stdout>:
Iteration:   0%|          | 3/2294 [00:01<23:41,  1.61it/s]Sat Dec 19 22:19:33 2020[1,0]<stdout>:
Iteration:   0%|          | 4/2294 [00:02<23:37,  1.62it/s]Sat Dec 19 22:19:33 2020[1,0]<stdout>:
Iteration:   0%|          | 5/2294 [00:03<24:06,  1.58it/s]Sat Dec 19 22:19:34 2020[1,0]<stdout>:
Iteration:   0%|          | 6/2294 [00:03<24:07,  1.58it/s]Sat Dec 19 22:19:35 2020[1,0]<stdout>:
Iteration:   0%|          | 7/2294 [00:04<22:21,  1.71it/s]Sat Dec 19 22:19:35 2020[1,0]<stdout>:
Iteration:   0%|          | 8/2294 [00:04<23:12,  1.64it/s]Sat Dec 19 22:19:36 2020[1,0]<stdout>:
Iteration:   0%|          | 9/2294 [00:05<23:50,  1.60it/s]Sat Dec 19 22:19:37 2020[1,0]<stdout>:
Iteration:   0%|          | 10/2294 [00:06<24:13,  1.57it/s]Sat Dec 19 22:19:37 2020[1,0]<stdout>:
Iteration:   0%|          | 11/2294 [00:06<24:19,  1.56it/s]Sat Dec 19 22:19:38 2020[1,0]<stdout>:
Iteration:   1%|          | 12/2294 [00:07<24:19,  1.56it/s]Sat Dec 19 22:19:39 2020[1,0]<stdout>:
Iteration:   1%|          | 13/2294 [00:08<24:32,  1.55it/s]Sat Dec 19 22:19:39 2020[1,0]<stdout>:
Iteration:   1%|          | 14/2294 [00:08<22:36,  1.68it/s]Sat Dec 19 22:19:39 2020[1,0]<stdout>:
Iteration:   1%|          | 15/2294 [00:09<21:18,  1.78it/s]Sat Dec 19 22:19:40 2020[1,0]<stdout>:
Iteration:   1%|          | 16/2294 [00:09<20:20,  1.87it/s]Sat Dec 19 22:19:41 2020[1,0]<stdout>:
Iteration:   1%|          | 17/2294 [00:10<21:36,  1.76it/s]Sat Dec 19 22:19:41 2020[1,0]<stdout>:
Iteration:   1%|          | 18/2294 [00:10<20:34,  1.84it/s]Sat Dec 19 22:19:42 2020[1,0]<stdout>:
Iteration:   1%|          | 19/2294 [00:11<21:25,  1.77it/s]Sat Dec 19 22:19:42 2020[1,0]<stdout>:
Iteration:   1%|          | 20/2294 [00:11<20:27,  1.85it/s]Sat Dec 19 22:19:43 2020[1,0]<stdout>:
Iteration:   1%|          | 21/2294 [00:12<20:10,  1.88it/s]Sat Dec 19 22:19:43 2020[1,0]<stdout>:
Iteration:   1%|          | 22/2294 [00:12<19:34,  1.93it/s]Sat Dec 19 22:19:44 2020[1,0]<stdout>:
Iteration:   1%|          | 23/2294 [00:13<19:07,  1.98it/s]Sat Dec 19 22:19:44 2020[1,0]<stdout>:
Iteration:   1%|          | 24/2294 [00:13<20:31,  1.84it/s]Sat Dec 19 22:19:45 2020[1,0]<stdout>:
Iteration:   1%|          | 25/2294 [00:14<19:46,  1.91it/s]Sat Dec 19 22:19:45 2020[1,0]<stdout>:
Iteration:   1%|          | 26/2294 [00:14<19:52,  1.90it/s]Sat Dec 19 22:19:46 2020[1,0]<stdout>:
Iteration:   1%|          | 27/2294 [00:15<21:03,  1.79it/s]Sat Dec 19 22:19:46 2020[1,0]<stdout>:
Iteration:   1%|          | 28/2294 [00:16<20:09,  1.87it/s]Sat Dec 19 22:19:47 2020[1,0]<stdout>:
Iteration:   1%|▏         | 29/2294 [00:16<20:12,  1.87it/s]Sat Dec 19 22:19:47 2020[1,0]<stdout>:
Iteration:   1%|▏         | 30/2294 [00:17<19:35,  1.93it/s]Sat Dec 19 22:19:48 2020[1,0]<stdout>:
Iteration:   1%|▏         | 31/2294 [00:17<19:09,  1.97it/s]Sat Dec 19 22:19:49 2020[1,0]<stdout>:
Iteration:   1%|▏         | 32/2294 [00:18<20:44,  1.82it/s]Sat Dec 19 22:19:49 2020[1,0]<stdout>:
Iteration:   1%|▏         | 33/2294 [00:18<21:26,  1.76it/s]Sat Dec 19 22:19:50 2020[1,0]<stdout>:
Iteration:   1%|▏         | 34/2294 [00:19<20:24,  1.85it/s]Sat Dec 19 22:19:50 2020[1,0]<stdout>:
Iteration:   2%|▏         | 35/2294 [00:19<21:22,  1.76it/s]Sat Dec 19 22:19:51 2020[1,0]<stdout>:
Iteration:   2%|▏         | 36/2294 [00:20<20:23,  1.85it/s]Sat Dec 19 22:19:51 2020[1,0]<stdout>:
Iteration:   2%|▏         | 37/2294 [00:20<20:17,  1.85it/s]Sat Dec 19 22:19:52 2020[1,0]<stdout>:
Iteration:   2%|▏         | 38/2294 [00:21<19:37,  1.92it/s]Sat Dec 19 22:19:52 2020[1,0]<stdout>:
Iteration:   2%|▏         | 39/2294 [00:21<19:01,  1.97it/s]Sat Dec 19 22:19:53 2020[1,0]<stdout>:
Iteration:   2%|▏         | 40/2294 [00:22<20:39,  1.82it/s]Sat Dec 19 22:19:53 2020[1,0]<stdout>:
Iteration:   2%|▏         | 41/2294 [00:23<21:07,  1.78it/s]Sat Dec 19 22:19:54 2020[1,0]<stdout>:
Iteration:   2%|▏         | 42/2294 [00:23<20:14,  1.85it/s]Sat Dec 19 22:19:54 2020[1,0]<stdout>:
Iteration:   2%|▏         | 43/2294 [00:24<19:36,  1.91it/s]Sat Dec 19 22:19:55 2020[1,0]<stdout>:
Iteration:   2%|▏         | 44/2294 [00:24<19:06,  1.96it/s]Sat Dec 19 22:19:55 2020[1,0]<stdout>:
Iteration:   2%|▏         | 45/2294 [00:25<18:47,  2.00it/s]Sat Dec 19 22:19:56 2020[1,0]<stdout>:
Iteration:   2%|▏         | 46/2294 [00:25<18:34,  2.02it/s]Sat Dec 19 22:19:56 2020[1,0]<stdout>:
Iteration:   2%|▏         | 47/2294 [00:26<18:28,  2.03it/s]Sat Dec 19 22:19:57 2020[1,0]<stdout>:
Iteration:   2%|▏         | 48/2294 [00:26<18:21,  2.04it/s]Sat Dec 19 22:19:57 2020[1,0]<stdout>:
Iteration:   2%|▏         | 49/2294 [00:27<18:15,  2.05it/s]Sat Dec 19 22:19:58 2020[1,0]<stdout>:
Iteration:   2%|▏         | 50/2294 [00:27<18:09,  2.06it/s]Sat Dec 19 22:19:58 2020[1,0]<stdout>:
Iteration:   2%|▏         | 51/2294 [00:28<18:04,  2.07it/s]Sat Dec 19 22:19:59 2020[1,0]<stdout>:
Iteration:   2%|▏         | 52/2294 [00:28<18:04,  2.07it/s]Sat Dec 19 22:19:59 2020[1,0]<stdout>:
Iteration:   2%|▏         | 53/2294 [00:29<19:49,  1.88it/s]Sat Dec 19 22:20:00 2020[1,0]<stdout>:
Iteration:   2%|▏         | 54/2294 [00:29<19:15,  1.94it/s]Sat Dec 19 22:20:00 2020[1,0]<stdout>:
Iteration:   2%|▏         | 55/2294 [00:30<19:17,  1.93it/s]Sat Dec 19 22:20:01 2020[1,0]<stdout>:
Iteration:   2%|▏         | 56/2294 [00:30<20:39,  1.81it/s]Sat Dec 19 22:20:02 2020[1,0]<stdout>:
Iteration:   2%|▏         | 57/2294 [00:31<19:48,  1.88it/s]Sat Dec 19 22:20:02 2020[1,0]<stdout>:
Iteration:   3%|▎         | 58/2294 [00:31<19:13,  1.94it/s]Sat Dec 19 22:20:03 2020[1,0]<stdout>:
Iteration:   3%|▎         | 59/2294 [00:32<18:48,  1.98it/s]Sat Dec 19 22:20:03 2020[1,0]<stdout>:
Iteration:   3%|▎         | 60/2294 [00:32<20:27,  1.82it/s]Sat Dec 19 22:20:04 2020[1,0]<stdout>:
Iteration:   3%|▎         | 61/2294 [00:33<19:42,  1.89it/s]Sat Dec 19 22:20:04 2020[1,0]<stdout>:
Iteration:   3%|▎         | 62/2294 [00:33<19:51,  1.87it/s]Sat Dec 19 22:20:05 2020[1,0]<stdout>:
Iteration:   3%|▎         | 63/2294 [00:34<19:16,  1.93it/s]Sat Dec 19 22:20:05 2020[1,0]<stdout>:
Iteration:   3%|▎         | 64/2294 [00:34<18:53,  1.97it/s]Sat Dec 19 22:20:06 2020[1,0]<stdout>:
Iteration:   3%|▎         | 65/2294 [00:35<18:36,  2.00it/s]Sat Dec 19 22:20:06 2020[1,0]<stdout>:
Iteration:   3%|▎         | 66/2294 [00:35<18:23,  2.02it/s]Sat Dec 19 22:20:07 2020[1,0]<stdout>:
Iteration:   3%|▎         | 67/2294 [00:36<18:12,  2.04it/s]Sat Dec 19 22:20:07 2020[1,0]<stdout>:
Iteration:   3%|▎         | 68/2294 [00:36<18:04,  2.05it/s]Sat Dec 19 22:20:08 2020[1,0]<stdout>:
Iteration:   3%|▎         | 69/2294 [00:37<18:01,  2.06it/s]Sat Dec 19 22:20:08 2020[1,0]<stdout>:
Iteration:   3%|▎         | 70/2294 [00:37<17:59,  2.06it/s]Sat Dec 19 22:20:09 2020[1,0]<stdout>:
Iteration:   3%|▎         | 71/2294 [00:38<17:57,  2.06it/s]Sat Dec 19 22:20:09 2020[1,0]<stdout>:
Iteration:   3%|▎         | 72/2294 [00:38<17:57,  2.06it/s]Sat Dec 19 22:20:09 2020[1,0]<stdout>:
Iteration:   3%|▎         | 73/2294 [00:39<17:54,  2.07it/s]Sat Dec 19 22:20:10 2020[1,0]<stdout>:
Iteration:   3%|▎         | 74/2294 [00:39<17:50,  2.07it/s]Sat Dec 19 22:20:10 2020[1,0]<stdout>:
Iteration:   3%|▎         | 75/2294 [00:40<17:48,  2.08it/s]Sat Dec 19 22:20:11 2020[1,0]<stdout>:
Iteration:   3%|▎         | 76/2294 [00:40<17:49,  2.07it/s]Sat Dec 19 22:20:11 2020[1,0]<stdout>:
Iteration:   3%|▎         | 77/2294 [00:41<17:48,  2.08it/s]Sat Dec 19 22:20:12 2020[1,0]<stdout>:
Iteration:   3%|▎         | 78/2294 [00:41<17:47,  2.08it/s]Sat Dec 19 22:20:12 2020[1,0]<stdout>:
Iteration:   3%|▎         | 79/2294 [00:42<17:47,  2.07it/s]Sat Dec 19 22:20:13 2020[1,0]<stdout>:
Iteration:   3%|▎         | 80/2294 [00:42<17:45,  2.08it/s]Sat Dec 19 22:20:13 2020[1,0]<stdout>:
Iteration:   4%|▎         | 81/2294 [00:43<17:43,  2.08it/s]Sat Dec 19 22:20:14 2020[1,0]<stdout>:
Iteration:   4%|▎         | 82/2294 [00:43<17:43,  2.08it/s]Sat Dec 19 22:20:14 2020[1,0]<stdout>:
Iteration:   4%|▎         | 83/2294 [00:44<17:43,  2.08it/s]Sat Dec 19 22:20:15 2020[1,0]<stdout>:
Iteration:   4%|▎         | 84/2294 [00:44<17:45,  2.07it/s]Sat Dec 19 22:20:15 2020[1,0]<stdout>:
Iteration:   4%|▎         | 85/2294 [00:44<17:45,  2.07it/s]Sat Dec 19 22:20:16 2020[1,0]<stdout>:
Iteration:   4%|▎         | 86/2294 [00:45<17:46,  2.07it/s]Sat Dec 19 22:20:16 2020[1,0]<stdout>:
Iteration:   4%|▍         | 87/2294 [00:45<17:46,  2.07it/s]Sat Dec 19 22:20:17 2020[1,0]<stdout>:
Iteration:   4%|▍         | 88/2294 [00:46<17:44,  2.07it/s]Sat Dec 19 22:20:17 2020[1,0]<stdout>:
Iteration:   4%|▍         | 89/2294 [00:46<17:41,  2.08it/s]Sat Dec 19 22:20:18 2020[1,0]<stdout>:
Iteration:   4%|▍         | 90/2294 [00:47<17:40,  2.08it/s]Sat Dec 19 22:20:18 2020[1,0]<stdout>:
Iteration:   4%|▍         | 91/2294 [00:47<17:41,  2.08it/s]Sat Dec 19 22:20:19 2020[1,0]<stdout>:
Iteration:   4%|▍         | 92/2294 [00:48<17:42,  2.07it/s]Sat Dec 19 22:20:19 2020[1,0]<stdout>:
Iteration:   4%|▍         | 93/2294 [00:48<17:43,  2.07it/s]Sat Dec 19 22:20:20 2020[1,0]<stdout>:
Iteration:   4%|▍         | 94/2294 [00:49<17:42,  2.07it/s]Sat Dec 19 22:20:20 2020[1,0]<stdout>:
Iteration:   4%|▍         | 95/2294 [00:49<17:41,  2.07it/s]Sat Dec 19 22:20:21 2020[1,0]<stdout>:
Iteration:   4%|▍         | 96/2294 [00:50<17:39,  2.07it/s]Sat Dec 19 22:20:21 2020[1,0]<stdout>:
Iteration:   4%|▍         | 97/2294 [00:50<17:37,  2.08it/s]Sat Dec 19 22:20:22 2020[1,0]<stdout>:
Iteration:   4%|▍         | 98/2294 [00:51<17:36,  2.08it/s]Sat Dec 19 22:20:22 2020[1,0]<stdout>:
Iteration:   4%|▍         | 99/2294 [00:51<17:37,  2.08it/s]Sat Dec 19 22:20:22 2020[1,0]<stdout>:
Iteration:   4%|▍         | 100/2294 [00:52<17:38,  2.07it/s]Sat Dec 19 22:20:23 2020[1,0]<stdout>:
Iteration:   4%|▍         | 101/2294 [00:52<17:39,  2.07it/s]Sat Dec 19 22:20:23 2020[1,0]<stdout>:
Iteration:   4%|▍         | 102/2294 [00:53<17:38,  2.07it/s]Sat Dec 19 22:20:24 2020[1,0]<stdout>:
Iteration:   4%|▍         | 103/2294 [00:53<17:37,  2.07it/s]Sat Dec 19 22:20:24 2020[1,0]<stdout>:
Iteration:   5%|▍         | 104/2294 [00:54<17:35,  2.08it/s]Sat Dec 19 22:20:25 2020[1,0]<stdout>:
Iteration:   5%|▍         | 105/2294 [00:54<17:32,  2.08it/s]Sat Dec 19 22:20:25 2020[1,0]<stdout>:
Iteration:   5%|▍         | 106/2294 [00:55<17:31,  2.08it/s]Sat Dec 19 22:20:26 2020[1,0]<stdout>:
Iteration:   5%|▍         | 107/2294 [00:55<17:32,  2.08it/s]Sat Dec 19 22:20:26 2020[1,0]<stdout>:
Iteration:   5%|▍         | 108/2294 [00:56<17:34,  2.07it/s]Sat Dec 19 22:20:27 2020[1,0]<stdout>:
Iteration:   5%|▍         | 109/2294 [00:56<17:34,  2.07it/s]Sat Dec 19 22:20:27 2020[1,0]<stdout>:
Iteration:   5%|▍         | 110/2294 [00:57<17:34,  2.07it/s]Sat Dec 19 22:20:28 2020[1,0]<stdout>:
Iteration:   5%|▍         | 111/2294 [00:57<17:34,  2.07it/s]Sat Dec 19 22:20:28 2020[1,0]<stdout>:
Iteration:   5%|▍         | 112/2294 [00:57<17:30,  2.08it/s]Sat Dec 19 22:20:29 2020[1,0]<stdout>:
Iteration:   5%|▍         | 113/2294 [00:58<17:29,  2.08it/s]Sat Dec 19 22:20:29 2020[1,0]<stdout>:
Iteration:   5%|▍         | 114/2294 [00:58<17:28,  2.08it/s]Sat Dec 19 22:20:30 2020[1,0]<stdout>:
Iteration:   5%|▌         | 115/2294 [00:59<17:30,  2.07it/s]Sat Dec 19 22:20:30 2020[1,0]<stdout>:
Iteration:   5%|▌         | 116/2294 [00:59<17:32,  2.07it/s]Sat Dec 19 22:20:31 2020[1,0]<stdout>:
Iteration:   5%|▌         | 117/2294 [01:00<17:31,  2.07it/s]Sat Dec 19 22:20:31 2020[1,0]<stdout>:
Iteration:   5%|▌         | 118/2294 [01:00<17:30,  2.07it/s]Sat Dec 19 22:20:32 2020[1,0]<stdout>:
Iteration:   5%|▌         | 119/2294 [01:01<17:27,  2.08it/s]Sat Dec 19 22:20:32 2020[1,0]<stdout>:
Iteration:   5%|▌         | 120/2294 [01:01<17:25,  2.08it/s]Sat Dec 19 22:20:33 2020[1,0]<stdout>:
Iteration:   5%|▌         | 121/2294 [01:02<17:24,  2.08it/s]Sat Dec 19 22:20:33 2020[1,0]<stdout>:
Iteration:   5%|▌         | 122/2294 [01:02<17:26,  2.07it/s]Sat Dec 19 22:20:34 2020[1,0]<stdout>:
Iteration:   5%|▌         | 123/2294 [01:03<17:27,  2.07it/s]Sat Dec 19 22:20:34 2020[1,0]<stdout>:
Iteration:   5%|▌         | 124/2294 [01:03<17:27,  2.07it/s]Sat Dec 19 22:20:35 2020[1,0]<stdout>:
Iteration:   5%|▌         | 125/2294 [01:04<17:27,  2.07it/s]Sat Dec 19 22:20:35 2020[1,0]<stdout>:
Iteration:   5%|▌         | 126/2294 [01:04<17:26,  2.07it/s]Sat Dec 19 22:20:36 2020[1,0]<stdout>:
Iteration:   6%|▌         | 127/2294 [01:05<17:23,  2.08it/s]Sat Dec 19 22:20:36 2020[1,0]<stdout>:
Iteration:   6%|▌         | 128/2294 [01:05<17:22,  2.08it/s]Sat Dec 19 22:20:36 2020[1,0]<stdout>:
Iteration:   6%|▌         | 129/2294 [01:06<17:22,  2.08it/s]Sat Dec 19 22:20:37 2020[1,0]<stdout>:
Iteration:   6%|▌         | 130/2294 [01:06<17:24,  2.07it/s]Sat Dec 19 22:20:37 2020[1,0]<stdout>:
Iteration:   6%|▌         | 131/2294 [01:07<17:25,  2.07it/s]Sat Dec 19 22:20:38 2020[1,0]<stdout>:
Iteration:   6%|▌         | 132/2294 [01:07<17:25,  2.07it/s]Sat Dec 19 22:20:38 2020[1,0]<stdout>:
Iteration:   6%|▌         | 133/2294 [01:08<17:24,  2.07it/s]Sat Dec 19 22:20:39 2020[1,0]<stdout>:
Iteration:   6%|▌         | 134/2294 [01:08<17:21,  2.07it/s]Sat Dec 19 22:20:39 2020[1,0]<stdout>:
Iteration:   6%|▌         | 135/2294 [01:09<17:19,  2.08it/s]Sat Dec 19 22:20:40 2020[1,0]<stdout>:
Iteration:   6%|▌         | 136/2294 [01:09<17:19,  2.08it/s]Sat Dec 19 22:20:40 2020[1,0]<stdout>:
Iteration:   6%|▌         | 137/2294 [01:10<17:20,  2.07it/s]Sat Dec 19 22:20:41 2020[1,0]<stdout>:
Iteration:   6%|▌         | 138/2294 [01:10<17:20,  2.07it/s]Sat Dec 19 22:20:41 2020[1,0]<stdout>:
Iteration:   6%|▌         | 139/2294 [01:11<17:20,  2.07it/s]Sat Dec 19 22:20:42 2020[1,0]<stdout>:
Iteration:   6%|▌         | 140/2294 [01:11<17:19,  2.07it/s]Sat Dec 19 22:20:42 2020[1,0]<stdout>:
Iteration:   6%|▌         | 141/2294 [01:11<17:18,  2.07it/s]Sat Dec 19 22:20:43 2020[1,0]<stdout>:
Iteration:   6%|▌         | 142/2294 [01:12<17:15,  2.08it/s]Sat Dec 19 22:20:43 2020[1,0]<stdout>:
Iteration:   6%|▌         | 143/2294 [01:12<17:14,  2.08it/s]Sat Dec 19 22:20:44 2020[1,0]<stdout>:
Iteration:   6%|▋         | 144/2294 [01:13<17:15,  2.08it/s]Sat Dec 19 22:20:44 2020[1,0]<stdout>:
Iteration:   6%|▋         | 145/2294 [01:13<17:16,  2.07it/s]Sat Dec 19 22:20:45 2020[1,0]<stdout>:
Iteration:   6%|▋         | 146/2294 [01:14<17:16,  2.07it/s]Sat Dec 19 22:20:45 2020[1,0]<stdout>:
Iteration:   6%|▋         | 147/2294 [01:14<17:15,  2.07it/s]Sat Dec 19 22:20:46 2020[1,0]<stdout>:
Iteration:   6%|▋         | 148/2294 [01:15<17:14,  2.07it/s]Sat Dec 19 22:20:46 2020[1,0]<stdout>:
Iteration:   6%|▋         | 149/2294 [01:15<17:13,  2.07it/s]Sat Dec 19 22:20:47 2020[1,0]<stdout>:
Iteration:   7%|▋         | 150/2294 [01:16<17:11,  2.08it/s]Sat Dec 19 22:20:47 2020[1,0]<stdout>:
Iteration:   7%|▋         | 151/2294 [01:16<17:09,  2.08it/s]Sat Dec 19 22:20:48 2020[1,0]<stdout>:
Iteration:   7%|▋         | 152/2294 [01:17<17:09,  2.08it/s]Sat Dec 19 22:20:48 2020[1,0]<stdout>:
Iteration:   7%|▋         | 153/2294 [01:17<17:09,  2.08it/s]Sat Dec 19 22:20:49 2020[1,0]<stdout>:
Iteration:   7%|▋         | 154/2294 [01:18<17:10,  2.08it/s]Sat Dec 19 22:20:49 2020[1,0]<stdout>:
Iteration:   7%|▋         | 155/2294 [01:18<17:10,  2.08it/s]Sat Dec 19 22:20:49 2020[1,0]<stdout>:
Iteration:   7%|▋         | 156/2294 [01:19<17:09,  2.08it/s]Sat Dec 19 22:20:50 2020[1,0]<stdout>:
Iteration:   7%|▋         | 157/2294 [01:19<17:09,  2.08it/s]Sat Dec 19 22:20:50 2020[1,0]<stdout>:
Iteration:   7%|▋         | 158/2294 [01:20<17:06,  2.08it/s]Sat Dec 19 22:20:51 2020[1,0]<stdout>:DLL 2020-12-19 22:20:51.441424 - Training Epoch: 0 Training Iteration: 27  average_loss : 8.155560839921236  step_loss : 8.181024849414825  learning_rate : 0.0018973665961010274
Sat Dec 19 22:20:51 2020[1,0]<stdout>:
Iteration:   7%|▋         | 159/2294 [01:20<17:12,  2.07it/s]Sat Dec 19 22:20:51 2020[1,0]<stdout>:
Iteration:   7%|▋         | 160/2294 [01:21<17:10,  2.07it/s]Sat Dec 19 22:20:52 2020[1,0]<stdout>:
Iteration:   7%|▋         | 161/2294 [01:21<17:10,  2.07it/s]Sat Dec 19 22:20:52 2020[1,0]<stdout>:
Iteration:   7%|▋         | 162/2294 [01:22<17:09,  2.07it/s]Sat Dec 19 22:20:53 2020[1,0]<stdout>:
Iteration:   7%|▋         | 163/2294 [01:22<17:08,  2.07it/s]Sat Dec 19 22:20:53 2020[1,0]<stdout>:
Iteration:   7%|▋         | 164/2294 [01:23<17:06,  2.07it/s]Sat Dec 19 22:20:54 2020[1,0]<stdout>:
Iteration:   7%|▋         | 165/2294 [01:23<17:04,  2.08it/s]Sat Dec 19 22:20:54 2020[1,0]<stdout>:
Iteration:   7%|▋         | 166/2294 [01:24<17:02,  2.08it/s]Sat Dec 19 22:20:55 2020[1,0]<stdout>:
Iteration:   7%|▋         | 167/2294 [01:24<17:01,  2.08it/s]Sat Dec 19 22:20:55 2020[1,0]<stdout>:
Iteration:   7%|▋         | 168/2294 [01:24<17:04,  2.08it/s]Sat Dec 19 22:20:56 2020[1,0]<stdout>:
Iteration:   7%|▋         | 169/2294 [01:25<17:03,  2.08it/s]Sat Dec 19 22:20:56 2020[1,0]<stdout>:
Iteration:   7%|▋         | 170/2294 [01:25<17:02,  2.08it/s]Sat Dec 19 22:20:57 2020[1,0]<stdout>:
Iteration:   7%|▋         | 171/2294 [01:26<17:04,  2.07it/s]Sat Dec 19 22:20:57 2020[1,0]<stdout>:
Iteration:   7%|▋         | 172/2294 [01:26<17:01,  2.08it/s]Sat Dec 19 22:20:58 2020[1,0]<stdout>:
Iteration:   8%|▊         | 173/2294 [01:27<16:59,  2.08it/s]Sat Dec 19 22:20:58 2020[1,0]<stdout>:
Iteration:   8%|▊         | 174/2294 [01:27<16:59,  2.08it/s]Sat Dec 19 22:20:59 2020[1,0]<stdout>:
Iteration:   8%|▊         | 175/2294 [01:28<17:01,  2.07it/s]Sat Dec 19 22:20:59 2020[1,0]<stdout>:
Iteration:   8%|▊         | 176/2294 [01:28<17:01,  2.07it/s]Sat Dec 19 22:21:00 2020[1,0]<stdout>:
Iteration:   8%|▊         | 177/2294 [01:29<17:00,  2.07it/s]Sat Dec 19 22:21:00 2020[1,0]<stdout>:
Iteration:   8%|▊         | 178/2294 [01:29<16:59,  2.08it/s]Sat Dec 19 22:21:01 2020[1,0]<stdout>:
Iteration:   8%|▊         | 179/2294 [01:30<16:58,  2.08it/s]Sat Dec 19 22:21:01 2020[1,0]<stdout>:
Iteration:   8%|▊         | 180/2294 [01:30<16:57,  2.08it/s]Sat Dec 19 22:21:02 2020[1,0]<stdout>:
Iteration:   8%|▊         | 181/2294 [01:31<17:00,  2.07it/s]Sat Dec 19 22:21:02 2020[1,0]<stdout>:
Iteration:   8%|▊         | 182/2294 [01:31<17:00,  2.07it/s]Sat Dec 19 22:21:03 2020[1,0]<stdout>:
Iteration:   8%|▊         | 183/2294 [01:32<17:00,  2.07it/s]Sat Dec 19 22:21:03 2020[1,0]<stdout>:
Iteration:   8%|▊         | 184/2294 [01:32<16:59,  2.07it/s]Sat Dec 19 22:21:03 2020[1,0]<stdout>:
Iteration:   8%|▊         | 185/2294 [01:33<16:55,  2.08it/s]Sat Dec 19 22:21:04 2020[1,0]<stdout>:
Iteration:   8%|▊         | 186/2294 [01:33<16:53,  2.08it/s]Sat Dec 19 22:21:04 2020[1,0]<stdout>:
Iteration:   8%|▊         | 187/2294 [01:34<16:54,  2.08it/s]Sat Dec 19 22:21:05 2020[1,0]<stdout>:
Iteration:   8%|▊         | 188/2294 [01:34<16:56,  2.07it/s]Sat Dec 19 22:21:05 2020[1,0]<stdout>:
Iteration:   8%|▊         | 189/2294 [01:35<16:55,  2.07it/s]Sat Dec 19 22:21:06 2020[1,0]<stdout>:
Iteration:   8%|▊         | 190/2294 [01:35<16:55,  2.07it/s]Sat Dec 19 22:21:06 2020[1,0]<stdout>:
Iteration:   8%|▊         | 191/2294 [01:36<16:56,  2.07it/s]Sat Dec 19 22:21:07 2020[1,0]<stdout>:
Iteration:   8%|▊         | 192/2294 [01:36<16:53,  2.07it/s]Sat Dec 19 22:21:07 2020[1,0]<stdout>:
Iteration:   8%|▊         | 193/2294 [01:37<16:50,  2.08it/s]Sat Dec 19 22:21:08 2020[1,0]<stdout>:
Iteration:   8%|▊         | 194/2294 [01:37<16:50,  2.08it/s]Sat Dec 19 22:21:08 2020[1,0]<stdout>:
Iteration:   9%|▊         | 195/2294 [01:37<16:51,  2.07it/s]Sat Dec 19 22:21:09 2020[1,0]<stdout>:
Iteration:   9%|▊         | 196/2294 [01:38<16:52,  2.07it/s]Sat Dec 19 22:21:09 2020[1,0]<stdout>:
Iteration:   9%|▊         | 197/2294 [01:38<16:52,  2.07it/s]Sat Dec 19 22:21:10 2020[1,0]<stdout>:
Iteration:   9%|▊         | 198/2294 [01:39<16:50,  2.07it/s]Sat Dec 19 22:21:10 2020[1,0]<stdout>:
Iteration:   9%|▊         | 199/2294 [01:39<16:47,  2.08it/s]Sat Dec 19 22:21:11 2020[1,0]<stdout>:
Iteration:   9%|▊         | 200/2294 [01:40<16:47,  2.08it/s]Sat Dec 19 22:21:11 2020[1,0]<stdout>:
Iteration:   9%|▉         | 201/2294 [01:40<16:47,  2.08it/s]Sat Dec 19 22:21:12 2020[1,0]<stdout>:
Iteration:   9%|▉         | 202/2294 [01:41<16:47,  2.08it/s]Sat Dec 19 22:21:12 2020[1,0]<stdout>:
Iteration:   9%|▉         | 203/2294 [01:41<16:45,  2.08it/s]Sat Dec 19 22:21:13 2020[1,0]<stdout>:
Iteration:   9%|▉         | 204/2294 [01:42<16:46,  2.08it/s]Sat Dec 19 22:21:13 2020[1,0]<stdout>:
Iteration:   9%|▉         | 205/2294 [01:42<16:44,  2.08it/s]Sat Dec 19 22:21:14 2020[1,0]<stdout>:
Iteration:   9%|▉         | 206/2294 [01:43<16:41,  2.08it/s]Sat Dec 19 22:21:14 2020[1,0]<stdout>:
Iteration:   9%|▉         | 207/2294 [01:43<16:41,  2.08it/s]Sat Dec 19 22:21:15 2020[1,0]<stdout>:
Iteration:   9%|▉         | 208/2294 [01:44<16:42,  2.08it/s]Sat Dec 19 22:21:15 2020[1,0]<stdout>:
Iteration:   9%|▉         | 209/2294 [01:44<16:44,  2.08it/s]Sat Dec 19 22:21:16 2020[1,0]<stdout>:
Iteration:   9%|▉         | 210/2294 [01:45<16:44,  2.08it/s]Sat Dec 19 22:21:16 2020[1,0]<stdout>:
Iteration:   9%|▉         | 211/2294 [01:45<16:43,  2.08it/s]Sat Dec 19 22:21:16 2020[1,0]<stdout>:
Iteration:   9%|▉         | 212/2294 [01:46<16:41,  2.08it/s]Sat Dec 19 22:21:17 2020[1,0]<stdout>:
Iteration:   9%|▉         | 213/2294 [01:46<16:40,  2.08it/s]Sat Dec 19 22:21:17 2020[1,0]<stdout>:
Iteration:   9%|▉         | 214/2294 [01:47<16:40,  2.08it/s]Sat Dec 19 22:21:18 2020[1,0]<stdout>:
Iteration:   9%|▉         | 215/2294 [01:47<16:41,  2.08it/s]Sat Dec 19 22:21:18 2020[1,0]<stdout>:
Iteration:   9%|▉         | 216/2294 [01:48<16:41,  2.08it/s]Sat Dec 19 22:21:19 2020[1,0]<stdout>:
Iteration:   9%|▉         | 217/2294 [01:48<16:38,  2.08it/s]Sat Dec 19 22:21:19 2020[1,0]<stdout>:
Iteration:  10%|▉         | 218/2294 [01:49<16:35,  2.09it/s]Sat Dec 19 22:21:20 2020[1,0]<stdout>:
Iteration:  10%|▉         | 219/2294 [01:49<16:34,  2.09it/s]Sat Dec 19 22:21:20 2020[1,0]<stdout>:
Iteration:  10%|▉         | 220/2294 [01:50<16:34,  2.09it/s]Sat Dec 19 22:21:21 2020[1,0]<stdout>:
Iteration:  10%|▉         | 221/2294 [01:50<16:35,  2.08it/s]Sat Dec 19 22:21:21 2020[1,0]<stdout>:
Iteration:  10%|▉         | 222/2294 [01:50<16:35,  2.08it/s]Sat Dec 19 22:21:22 2020[1,0]<stdout>:
Iteration:  10%|▉         | 223/2294 [01:51<16:35,  2.08it/s]Sat Dec 19 22:21:22 2020[1,0]<stdout>:
Iteration:  10%|▉         | 224/2294 [01:51<16:32,  2.09it/s]Sat Dec 19 22:21:23 2020[1,0]<stdout>:
Iteration:  10%|▉         | 225/2294 [01:52<16:30,  2.09it/s]Sat Dec 19 22:21:23 2020[1,0]<stdout>:
Iteration:  10%|▉         | 226/2294 [01:52<16:30,  2.09it/s]Sat Dec 19 22:21:24 2020[1,0]<stdout>:
Iteration:  10%|▉         | 227/2294 [01:53<16:32,  2.08it/s]Sat Dec 19 22:21:24 2020[1,0]<stdout>:
Iteration:  10%|▉         | 228/2294 [01:53<16:32,  2.08it/s]Sat Dec 19 22:21:25 2020[1,0]<stdout>:
Iteration:  10%|▉         | 229/2294 [01:54<16:32,  2.08it/s]Sat Dec 19 22:21:25 2020[1,0]<stdout>:
Iteration:  10%|█         | 230/2294 [01:54<16:30,  2.08it/s]Sat Dec 19 22:21:26 2020[1,0]<stdout>:
Iteration:  10%|█         | 231/2294 [01:55<16:30,  2.08it/s]Sat Dec 19 22:21:26 2020[1,0]<stdout>:
Iteration:  10%|█         | 232/2294 [01:55<16:27,  2.09it/s]Sat Dec 19 22:21:27 2020[1,0]<stdout>:
Iteration:  10%|█         | 233/2294 [01:56<16:27,  2.09it/s]Sat Dec 19 22:21:27 2020[1,0]<stdout>:
Iteration:  10%|█         | 234/2294 [01:56<16:27,  2.09it/s]Sat Dec 19 22:21:28 2020[1,0]<stdout>:
Iteration:  10%|█         | 235/2294 [01:57<16:28,  2.08it/s]Sat Dec 19 22:21:28 2020[1,0]<stdout>:
Iteration:  10%|█         | 236/2294 [01:57<16:27,  2.08it/s]Sat Dec 19 22:21:28 2020[1,0]<stdout>:
Iteration:  10%|█         | 237/2294 [01:58<16:27,  2.08it/s]Sat Dec 19 22:21:29 2020[1,0]<stdout>:
Iteration:  10%|█         | 238/2294 [01:58<16:28,  2.08it/s]Sat Dec 19 22:21:29 2020[1,0]<stdout>:
Iteration:  10%|█         | 239/2294 [01:59<16:26,  2.08it/s]Sat Dec 19 22:21:30 2020[1,0]<stdout>:
Iteration:  10%|█         | 240/2294 [01:59<16:25,  2.08it/s]Sat Dec 19 22:21:30 2020[1,0]<stdout>:
Iteration:  11%|█         | 241/2294 [02:00<16:25,  2.08it/s]Sat Dec 19 22:21:31 2020[1,0]<stdout>:
Iteration:  11%|█         | 242/2294 [02:00<16:25,  2.08it/s]Sat Dec 19 22:21:31 2020[1,0]<stdout>:
Iteration:  11%|█         | 243/2294 [02:01<16:25,  2.08it/s]Sat Dec 19 22:21:32 2020[1,0]<stdout>:
Iteration:  11%|█         | 244/2294 [02:01<16:24,  2.08it/s]Sat Dec 19 22:21:32 2020[1,0]<stdout>:
Iteration:  11%|█         | 245/2294 [02:02<16:23,  2.08it/s]Sat Dec 19 22:21:33 2020[1,0]<stdout>:
Iteration:  11%|█         | 246/2294 [02:02<16:20,  2.09it/s]Sat Dec 19 22:21:33 2020[1,0]<stdout>:
Iteration:  11%|█         | 247/2294 [02:02<16:19,  2.09it/s]Sat Dec 19 22:21:34 2020[1,0]<stdout>:
Iteration:  11%|█         | 248/2294 [02:03<16:21,  2.09it/s]Sat Dec 19 22:21:34 2020[1,0]<stdout>:
Iteration:  11%|█         | 249/2294 [02:03<16:22,  2.08it/s]Sat Dec 19 22:21:35 2020[1,0]<stdout>:
Iteration:  11%|█         | 250/2294 [02:04<16:22,  2.08it/s]Sat Dec 19 22:21:35 2020[1,0]<stdout>:
Iteration:  11%|█         | 251/2294 [02:04<16:22,  2.08it/s]Sat Dec 19 22:21:36 2020[1,0]<stdout>:
Iteration:  11%|█         | 252/2294 [02:05<16:22,  2.08it/s]Sat Dec 19 22:21:36 2020[1,0]<stdout>:
Iteration:  11%|█         | 253/2294 [02:05<16:18,  2.08it/s]Sat Dec 19 22:21:37 2020[1,0]<stdout>:
Iteration:  11%|█         | 254/2294 [02:06<16:17,  2.09it/s]Sat Dec 19 22:21:37 2020[1,0]<stdout>:
Iteration:  11%|█         | 255/2294 [02:06<16:17,  2.08it/s]Sat Dec 19 22:21:38 2020[1,0]<stdout>:
Iteration:  11%|█         | 256/2294 [02:07<16:18,  2.08it/s]Sat Dec 19 22:21:38 2020[1,0]<stdout>:
Iteration:  11%|█         | 257/2294 [02:07<16:17,  2.08it/s]Sat Dec 19 22:21:39 2020[1,0]<stdout>:
Iteration:  11%|█         | 258/2294 [02:08<16:17,  2.08it/s]Sat Dec 19 22:21:39 2020[1,0]<stdout>:
Iteration:  11%|█▏        | 259/2294 [02:08<16:15,  2.09it/s]Sat Dec 19 22:21:40 2020[1,0]<stdout>:
Iteration:  11%|█▏        | 260/2294 [02:09<16:13,  2.09it/s]Sat Dec 19 22:21:40 2020[1,0]<stdout>:
Iteration:  11%|█▏        | 261/2294 [02:09<16:14,  2.09it/s]Sat Dec 19 22:21:40 2020[1,0]<stdout>:
Iteration:  11%|█▏        | 262/2294 [02:10<16:15,  2.08it/s]Sat Dec 19 22:21:41 2020[1,0]<stdout>:
Iteration:  11%|█▏        | 263/2294 [02:10<16:15,  2.08it/s]Sat Dec 19 22:21:41 2020[1,0]<stdout>:
Iteration:  12%|█▏        | 264/2294 [02:11<16:15,  2.08it/s]Sat Dec 19 22:21:42 2020[1,0]<stdout>:
Iteration:  12%|█▏        | 265/2294 [02:11<16:12,  2.09it/s]Sat Dec 19 22:21:42 2020[1,0]<stdout>:
Iteration:  12%|█▏        | 266/2294 [02:12<16:10,  2.09it/s]Sat Dec 19 22:21:43 2020[1,0]<stdout>:
Iteration:  12%|█▏        | 267/2294 [02:12<16:10,  2.09it/s]Sat Dec 19 22:21:43 2020[1,0]<stdout>:
Iteration:  12%|█▏        | 268/2294 [02:13<16:10,  2.09it/s]Sat Dec 19 22:21:44 2020[1,0]<stdout>:
Iteration:  12%|█▏        | 269/2294 [02:13<16:11,  2.09it/s]Sat Dec 19 22:21:44 2020[1,0]<stdout>:
Iteration:  12%|█▏        | 270/2294 [02:14<16:11,  2.08it/s]Sat Dec 19 22:21:45 2020[1,0]<stdout>:
Iteration:  12%|█▏        | 271/2294 [02:14<16:11,  2.08it/s]Sat Dec 19 22:21:45 2020[1,0]<stdout>:
Iteration:  12%|█▏        | 272/2294 [02:14<16:09,  2.09it/s]Sat Dec 19 22:21:46 2020[1,0]<stdout>:
Iteration:  12%|█▏        | 273/2294 [02:15<16:09,  2.09it/s]Sat Dec 19 22:21:46 2020[1,0]<stdout>:
Iteration:  12%|█▏        | 274/2294 [02:15<16:08,  2.09it/s]Sat Dec 19 22:21:47 2020[1,0]<stdout>:
Iteration:  12%|█▏        | 275/2294 [02:16<16:09,  2.08it/s]Sat Dec 19 22:21:47 2020[1,0]<stdout>:
Iteration:  12%|█▏        | 276/2294 [02:16<16:09,  2.08it/s]Sat Dec 19 22:21:48 2020[1,0]<stdout>:
Iteration:  12%|█▏        | 277/2294 [02:17<16:09,  2.08it/s]Sat Dec 19 22:21:48 2020[1,0]<stdout>:
Iteration:  12%|█▏        | 278/2294 [02:17<16:07,  2.08it/s]Sat Dec 19 22:21:49 2020[1,0]<stdout>:
Iteration:  12%|█▏        | 279/2294 [02:18<16:04,  2.09it/s]Sat Dec 19 22:21:49 2020[1,0]<stdout>:
Iteration:  12%|█▏        | 280/2294 [02:18<16:03,  2.09it/s]Sat Dec 19 22:21:50 2020[1,0]<stdout>:
Iteration:  12%|█▏        | 281/2294 [02:19<16:04,  2.09it/s]Sat Dec 19 22:21:50 2020[1,0]<stdout>:
Iteration:  12%|█▏        | 282/2294 [02:19<16:06,  2.08it/s]Sat Dec 19 22:21:51 2020[1,0]<stdout>:
Iteration:  12%|█▏        | 283/2294 [02:20<16:06,  2.08it/s]Sat Dec 19 22:21:51 2020[1,0]<stdout>:
Iteration:  12%|█▏        | 284/2294 [02:20<16:06,  2.08it/s]Sat Dec 19 22:21:52 2020[1,0]<stdout>:
Iteration:  12%|█▏        | 285/2294 [02:21<16:05,  2.08it/s]Sat Dec 19 22:21:52 2020[1,0]<stdout>:
Iteration:  12%|█▏        | 286/2294 [02:21<16:03,  2.08it/s]Sat Dec 19 22:21:52 2020[1,0]<stdout>:
Iteration:  13%|█▎        | 287/2294 [02:22<16:00,  2.09it/s]Sat Dec 19 22:21:53 2020[1,0]<stdout>:
Iteration:  13%|█▎        | 288/2294 [02:22<16:01,  2.09it/s]Sat Dec 19 22:21:53 2020[1,0]<stdout>:
Iteration:  13%|█▎        | 289/2294 [02:23<16:01,  2.08it/s]Sat Dec 19 22:21:54 2020[1,0]<stdout>:
Iteration:  13%|█▎        | 290/2294 [02:23<16:02,  2.08it/s]Sat Dec 19 22:21:54 2020[1,0]<stdout>:
Iteration:  13%|█▎        | 291/2294 [02:24<16:01,  2.08it/s]Sat Dec 19 22:21:55 2020[1,0]<stdout>:
Iteration:  13%|█▎        | 292/2294 [02:24<16:02,  2.08it/s]Sat Dec 19 22:21:55 2020[1,0]<stdout>:
Iteration:  13%|█▎        | 293/2294 [02:25<15:59,  2.09it/s]Sat Dec 19 22:21:56 2020[1,0]<stdout>:
Iteration:  13%|█▎        | 294/2294 [02:25<15:57,  2.09it/s]Sat Dec 19 22:21:56 2020[1,0]<stdout>:
Iteration:  13%|█▎        | 295/2294 [02:25<15:57,  2.09it/s]Sat Dec 19 22:21:57 2020[1,0]<stdout>:
Iteration:  13%|█▎        | 296/2294 [02:26<15:57,  2.09it/s]Sat Dec 19 22:21:57 2020[1,0]<stdout>:
Iteration:  13%|█▎        | 297/2294 [02:26<15:58,  2.08it/s]Sat Dec 19 22:21:58 2020[1,0]<stdout>:
Iteration:  13%|█▎        | 298/2294 [02:27<15:57,  2.08it/s]Sat Dec 19 22:21:58 2020[1,0]<stdout>:
Iteration:  13%|█▎        | 299/2294 [02:27<15:58,  2.08it/s]Sat Dec 19 22:21:59 2020[1,0]<stdout>:
Iteration:  13%|█▎        | 300/2294 [02:28<15:55,  2.09it/s]Sat Dec 19 22:21:59 2020[1,0]<stdout>:
Iteration:  13%|█▎        | 301/2294 [02:28<15:54,  2.09it/s]Sat Dec 19 22:22:00 2020[1,0]<stdout>:
Iteration:  13%|█▎        | 302/2294 [02:29<15:54,  2.09it/s]Sat Dec 19 22:22:00 2020[1,0]<stdout>:
Iteration:  13%|█▎        | 303/2294 [02:29<15:54,  2.09it/s]Sat Dec 19 22:22:01 2020[1,0]<stdout>:
Iteration:  13%|█▎        | 304/2294 [02:30<15:55,  2.08it/s]Sat Dec 19 22:22:01 2020[1,0]<stdout>:
Iteration:  13%|█▎        | 305/2294 [02:30<15:54,  2.08it/s]Sat Dec 19 22:22:02 2020[1,0]<stdout>:
Iteration:  13%|█▎        | 306/2294 [02:31<15:52,  2.09it/s]Sat Dec 19 22:22:02 2020[1,0]<stdout>:
Iteration:  13%|█▎        | 307/2294 [02:31<15:50,  2.09it/s]Sat Dec 19 22:22:03 2020[1,0]<stdout>:
Iteration:  13%|█▎        | 308/2294 [02:32<15:49,  2.09it/s]Sat Dec 19 22:22:03 2020[1,0]<stdout>:
Iteration:  13%|█▎        | 309/2294 [02:32<15:50,  2.09it/s]Sat Dec 19 22:22:03 2020[1,0]<stdout>:
Iteration:  14%|█▎        | 310/2294 [02:33<15:53,  2.08it/s]Sat Dec 19 22:22:04 2020[1,0]<stdout>:
Iteration:  14%|█▎        | 311/2294 [02:33<15:51,  2.08it/s]Sat Dec 19 22:22:04 2020[1,0]<stdout>:
Iteration:  14%|█▎        | 312/2294 [02:34<15:51,  2.08it/s]Sat Dec 19 22:22:05 2020[1,0]<stdout>:
Iteration:  14%|█▎        | 313/2294 [02:34<15:47,  2.09it/s]Sat Dec 19 22:22:05 2020[1,0]<stdout>:
Iteration:  14%|█▎        | 314/2294 [02:35<15:45,  2.09it/s]Sat Dec 19 22:22:06 2020[1,0]<stdout>:
Iteration:  14%|█▎        | 315/2294 [02:35<15:46,  2.09it/s]Sat Dec 19 22:22:06 2020[1,0]<stdout>:
Iteration:  14%|█▍        | 316/2294 [02:36<15:49,  2.08it/s]Sat Dec 19 22:22:07 2020[1,0]<stdout>:
Iteration:  14%|█▍        | 317/2294 [02:36<15:50,  2.08it/s]Sat Dec 19 22:22:07 2020[1,0]<stdout>:
Iteration:  14%|█▍        | 318/2294 [02:37<15:52,  2.08it/s]Sat Dec 19 22:22:08 2020[1,0]<stdout>:
Iteration:  14%|█▍        | 319/2294 [02:37<15:52,  2.07it/s]Sat Dec 19 22:22:08 2020[1,0]<stdout>:
Iteration:  14%|█▍        | 320/2294 [02:37<15:51,  2.08it/s]Sat Dec 19 22:22:09 2020[1,0]<stdout>:
Iteration:  14%|█▍        | 321/2294 [02:38<15:48,  2.08it/s]Sat Dec 19 22:22:09 2020[1,0]<stdout>:
Iteration:  14%|█▍        | 322/2294 [02:38<15:46,  2.08it/s]Sat Dec 19 22:22:10 2020[1,0]<stdout>:
Iteration:  14%|█▍        | 323/2294 [02:39<15:47,  2.08it/s]Sat Dec 19 22:22:10 2020[1,0]<stdout>:
Iteration:  14%|█▍        | 324/2294 [02:39<15:48,  2.08it/s]Sat Dec 19 22:22:11 2020[1,0]<stdout>:
Iteration:  14%|█▍        | 325/2294 [02:40<15:48,  2.08it/s]Sat Dec 19 22:22:11 2020[1,0]<stdout>:
Iteration:  14%|█▍        | 326/2294 [02:40<15:50,  2.07it/s]Sat Dec 19 22:22:12 2020[1,0]<stdout>:
Iteration:  14%|█▍        | 327/2294 [02:41<15:50,  2.07it/s]Sat Dec 19 22:22:12 2020[1,0]<stdout>:
Iteration:  14%|█▍        | 328/2294 [02:41<15:48,  2.07it/s]Sat Dec 19 22:22:13 2020[1,0]<stdout>:
Iteration:  14%|█▍        | 329/2294 [02:42<15:45,  2.08it/s]Sat Dec 19 22:22:13 2020[1,0]<stdout>:
Iteration:  14%|█▍        | 330/2294 [02:42<15:46,  2.08it/s]Sat Dec 19 22:22:14 2020[1,0]<stdout>:
Iteration:  14%|█▍        | 331/2294 [02:43<15:46,  2.07it/s]Sat Dec 19 22:22:14 2020[1,0]<stdout>:
Iteration:  14%|█▍        | 332/2294 [02:43<15:45,  2.07it/s]Sat Dec 19 22:22:15 2020[1,0]<stdout>:
Iteration:  15%|█▍        | 333/2294 [02:44<15:44,  2.08it/s]Sat Dec 19 22:22:15 2020[1,0]<stdout>:
Iteration:  15%|█▍        | 334/2294 [02:44<15:43,  2.08it/s]Sat Dec 19 22:22:16 2020[1,0]<stdout>:DLL 2020-12-19 22:22:16.022043 - Training Epoch: 0 Training Iteration: 28  average_loss : 8.126177325844765  step_loss : 8.250984132289886  learning_rate : 0.0015491933384829666
Sat Dec 19 22:22:16 2020[1,0]<stdout>:
Iteration:  15%|█▍        | 335/2294 [02:45<15:46,  2.07it/s]Sat Dec 19 22:22:16 2020[1,0]<stdout>:
Iteration:  15%|█▍        | 336/2294 [02:45<15:41,  2.08it/s]Sat Dec 19 22:22:16 2020[1,0]<stdout>:
Iteration:  15%|█▍        | 337/2294 [02:46<15:42,  2.08it/s]Sat Dec 19 22:22:17 2020[1,0]<stdout>:
Iteration:  15%|█▍        | 338/2294 [02:46<15:42,  2.07it/s]Sat Dec 19 22:22:17 2020[1,0]<stdout>:
Iteration:  15%|█▍        | 339/2294 [02:47<15:42,  2.07it/s]Sat Dec 19 22:22:18 2020[1,0]<stdout>:
Iteration:  15%|█▍        | 340/2294 [02:47<15:42,  2.07it/s]Sat Dec 19 22:22:18 2020[1,0]<stdout>:
Iteration:  15%|█▍        | 341/2294 [02:48<15:40,  2.08it/s]Sat Dec 19 22:22:19 2020[1,0]<stdout>:
Iteration:  15%|█▍        | 342/2294 [02:48<15:37,  2.08it/s]Sat Dec 19 22:22:19 2020[1,0]<stdout>:
Iteration:  15%|█▍        | 343/2294 [02:49<15:38,  2.08it/s]Sat Dec 19 22:22:20 2020[1,0]<stdout>:
Iteration:  15%|█▍        | 344/2294 [02:49<15:39,  2.07it/s]Sat Dec 19 22:22:20 2020[1,0]<stdout>:
Iteration:  15%|█▌        | 345/2294 [02:50<15:38,  2.08it/s]Sat Dec 19 22:22:21 2020[1,0]<stdout>:
Iteration:  15%|█▌        | 346/2294 [02:50<15:38,  2.08it/s]Sat Dec 19 22:22:21 2020[1,0]<stdout>:
Iteration:  15%|█▌        | 347/2294 [02:51<15:39,  2.07it/s]Sat Dec 19 22:22:22 2020[1,0]<stdout>:
Iteration:  15%|█▌        | 348/2294 [02:51<15:36,  2.08it/s]Sat Dec 19 22:22:22 2020[1,0]<stdout>:
Iteration:  15%|█▌        | 349/2294 [02:51<15:35,  2.08it/s]Sat Dec 19 22:22:23 2020[1,0]<stdout>:
Iteration:  15%|█▌        | 350/2294 [02:52<15:36,  2.08it/s]Sat Dec 19 22:22:23 2020[1,0]<stdout>:
Iteration:  15%|█▌        | 351/2294 [02:52<15:36,  2.07it/s]Sat Dec 19 22:22:24 2020[1,0]<stdout>:
Iteration:  15%|█▌        | 352/2294 [02:53<15:36,  2.07it/s]Sat Dec 19 22:22:24 2020[1,0]<stdout>:
Iteration:  15%|█▌        | 353/2294 [02:53<15:35,  2.07it/s]Sat Dec 19 22:22:25 2020[1,0]<stdout>:
Iteration:  15%|█▌        | 354/2294 [02:54<15:33,  2.08it/s]Sat Dec 19 22:22:25 2020[1,0]<stdout>:
Iteration:  15%|█▌        | 355/2294 [02:54<15:32,  2.08it/s]Sat Dec 19 22:22:26 2020[1,0]<stdout>:
Iteration:  16%|█▌        | 356/2294 [02:55<15:33,  2.08it/s]Sat Dec 19 22:22:26 2020[1,0]<stdout>:
Iteration:  16%|█▌        | 357/2294 [02:55<15:34,  2.07it/s]Sat Dec 19 22:22:27 2020[1,0]<stdout>:
Iteration:  16%|█▌        | 358/2294 [02:56<15:32,  2.08it/s]Sat Dec 19 22:22:27 2020[1,0]<stdout>:
Iteration:  16%|█▌        | 359/2294 [02:56<15:32,  2.08it/s]Sat Dec 19 22:22:28 2020[1,0]<stdout>:
Iteration:  16%|█▌        | 360/2294 [02:57<15:30,  2.08it/s]Sat Dec 19 22:22:28 2020[1,0]<stdout>:
Iteration:  16%|█▌        | 361/2294 [02:57<15:27,  2.08it/s]Sat Dec 19 22:22:29 2020[1,0]<stdout>:
Iteration:  16%|█▌        | 362/2294 [02:58<15:27,  2.08it/s]Sat Dec 19 22:22:29 2020[1,0]<stdout>:
Iteration:  16%|█▌        | 363/2294 [02:58<15:29,  2.08it/s]Sat Dec 19 22:22:29 2020[1,0]<stdout>:
Iteration:  16%|█▌        | 364/2294 [02:59<15:30,  2.07it/s]Sat Dec 19 22:22:30 2020[1,0]<stdout>:
Iteration:  16%|█▌        | 365/2294 [02:59<15:30,  2.07it/s]Sat Dec 19 22:22:30 2020[1,0]<stdout>:
Iteration:  16%|█▌        | 366/2294 [03:00<15:29,  2.07it/s]Sat Dec 19 22:22:31 2020[1,0]<stdout>:
Iteration:  16%|█▌        | 367/2294 [03:00<15:29,  2.07it/s]Sat Dec 19 22:22:31 2020[1,0]<stdout>:
Iteration:  16%|█▌        | 368/2294 [03:01<15:26,  2.08it/s]Sat Dec 19 22:22:32 2020[1,0]<stdout>:
Iteration:  16%|█▌        | 369/2294 [03:01<15:24,  2.08it/s]Sat Dec 19 22:22:32 2020[1,0]<stdout>:
Iteration:  16%|█▌        | 370/2294 [03:02<15:24,  2.08it/s]Sat Dec 19 22:22:33 2020[1,0]<stdout>:
Iteration:  16%|█▌        | 371/2294 [03:02<15:25,  2.08it/s]Sat Dec 19 22:22:33 2020[1,0]<stdout>:
Iteration:  16%|█▌        | 372/2294 [03:03<15:25,  2.08it/s]Sat Dec 19 22:22:34 2020[1,0]<stdout>:
Iteration:  16%|█▋        | 373/2294 [03:03<15:24,  2.08it/s]Sat Dec 19 22:22:34 2020[1,0]<stdout>:
Iteration:  16%|█▋        | 374/2294 [03:03<15:24,  2.08it/s]Sat Dec 19 22:22:35 2020[1,0]<stdout>:
Iteration:  16%|█▋        | 375/2294 [03:04<15:22,  2.08it/s]Sat Dec 19 22:22:35 2020[1,0]<stdout>:
Iteration:  16%|█▋        | 376/2294 [03:04<15:20,  2.08it/s]Sat Dec 19 22:22:36 2020[1,0]<stdout>:
Iteration:  16%|█▋        | 377/2294 [03:05<15:21,  2.08it/s]Sat Dec 19 22:22:36 2020[1,0]<stdout>:
Iteration:  16%|█▋        | 378/2294 [03:05<15:21,  2.08it/s]Sat Dec 19 22:22:37 2020[1,0]<stdout>:
Iteration:  17%|█▋        | 379/2294 [03:06<15:22,  2.08it/s]Sat Dec 19 22:22:37 2020[1,0]<stdout>:
Iteration:  17%|█▋        | 380/2294 [03:06<15:24,  2.07it/s]Sat Dec 19 22:22:38 2020[1,0]<stdout>:
Iteration:  17%|█▋        | 381/2294 [03:07<15:23,  2.07it/s]Sat Dec 19 22:22:38 2020[1,0]<stdout>:
Iteration:  17%|█▋        | 382/2294 [03:07<15:23,  2.07it/s]Sat Dec 19 22:22:39 2020[1,0]<stdout>:
Iteration:  17%|█▋        | 383/2294 [03:08<15:21,  2.07it/s]Sat Dec 19 22:22:39 2020[1,0]<stdout>:
Iteration:  17%|█▋        | 384/2294 [03:08<15:19,  2.08it/s]Sat Dec 19 22:22:40 2020[1,0]<stdout>:
Iteration:  17%|█▋        | 385/2294 [03:09<15:19,  2.08it/s]Sat Dec 19 22:22:40 2020[1,0]<stdout>:
Iteration:  17%|█▋        | 386/2294 [03:09<15:19,  2.08it/s]Sat Dec 19 22:22:41 2020[1,0]<stdout>:
Iteration:  17%|█▋        | 387/2294 [03:10<15:20,  2.07it/s]Sat Dec 19 22:22:41 2020[1,0]<stdout>:
Iteration:  17%|█▋        | 388/2294 [03:10<15:21,  2.07it/s]Sat Dec 19 22:22:42 2020[1,0]<stdout>:
Iteration:  17%|█▋        | 389/2294 [03:11<15:21,  2.07it/s]Sat Dec 19 22:22:42 2020[1,0]<stdout>:
Iteration:  17%|█▋        | 390/2294 [03:11<15:19,  2.07it/s]Sat Dec 19 22:22:42 2020[1,0]<stdout>:
Iteration:  17%|█▋        | 391/2294 [03:12<15:16,  2.08it/s]Sat Dec 19 22:22:43 2020[1,0]<stdout>:
Iteration:  17%|█▋        | 392/2294 [03:12<15:15,  2.08it/s]Sat Dec 19 22:22:43 2020[1,0]<stdout>:
Iteration:  17%|█▋        | 393/2294 [03:13<15:15,  2.08it/s]Sat Dec 19 22:22:44 2020[1,0]<stdout>:
Iteration:  17%|█▋        | 394/2294 [03:13<15:15,  2.07it/s]Sat Dec 19 22:22:44 2020[1,0]<stdout>:
Iteration:  17%|█▋        | 395/2294 [03:14<15:17,  2.07it/s]Sat Dec 19 22:22:45 2020[1,0]<stdout>:
Iteration:  17%|█▋        | 396/2294 [03:14<15:16,  2.07it/s]Sat Dec 19 22:22:45 2020[1,0]<stdout>:
Iteration:  17%|█▋        | 397/2294 [03:15<15:16,  2.07it/s]Sat Dec 19 22:22:46 2020[1,0]<stdout>:
Iteration:  17%|█▋        | 398/2294 [03:15<15:15,  2.07it/s]Sat Dec 19 22:22:46 2020[1,0]<stdout>:
Iteration:  17%|█▋        | 399/2294 [03:16<15:12,  2.08it/s]Sat Dec 19 22:22:47 2020[1,0]<stdout>:
Iteration:  17%|█▋        | 400/2294 [03:16<15:10,  2.08it/s]Sat Dec 19 22:22:47 2020[1,0]<stdout>:
Iteration:  17%|█▋        | 401/2294 [03:17<15:10,  2.08it/s]Sat Dec 19 22:22:48 2020[1,0]<stdout>:
Iteration:  18%|█▊        | 402/2294 [03:17<15:11,  2.08it/s]Sat Dec 19 22:22:48 2020[1,0]<stdout>:
Iteration:  18%|█▊        | 403/2294 [03:17<15:12,  2.07it/s]Sat Dec 19 22:22:49 2020[1,0]<stdout>:
Iteration:  18%|█▊        | 404/2294 [03:18<15:12,  2.07it/s]Sat Dec 19 22:22:49 2020[1,0]<stdout>:
Iteration:  18%|█▊        | 405/2294 [03:18<15:11,  2.07it/s]Sat Dec 19 22:22:50 2020[1,0]<stdout>:
Iteration:  18%|█▊        | 406/2294 [03:19<15:09,  2.08it/s]Sat Dec 19 22:22:50 2020[1,0]<stdout>:
Iteration:  18%|█▊        | 407/2294 [03:19<15:07,  2.08it/s]Sat Dec 19 22:22:51 2020[1,0]<stdout>:
Iteration:  18%|█▊        | 408/2294 [03:20<15:07,  2.08it/s]Sat Dec 19 22:22:51 2020[1,0]<stdout>:
Iteration:  18%|█▊        | 409/2294 [03:20<15:08,  2.07it/s]Sat Dec 19 22:22:52 2020[1,0]<stdout>:
Iteration:  18%|█▊        | 410/2294 [03:21<15:09,  2.07it/s]Sat Dec 19 22:22:52 2020[1,0]<stdout>:
Iteration:  18%|█▊        | 411/2294 [03:21<15:10,  2.07it/s]Sat Dec 19 22:22:53 2020[1,0]<stdout>:
Iteration:  18%|█▊        | 412/2294 [03:22<15:09,  2.07it/s]Sat Dec 19 22:22:53 2020[1,0]<stdout>:
Iteration:  18%|█▊        | 413/2294 [03:22<15:09,  2.07it/s]Sat Dec 19 22:22:54 2020[1,0]<stdout>:
Iteration:  18%|█▊        | 414/2294 [03:23<15:06,  2.07it/s]Sat Dec 19 22:22:54 2020[1,0]<stdout>:
Iteration:  18%|█▊        | 415/2294 [03:23<15:04,  2.08it/s]Sat Dec 19 22:22:55 2020[1,0]<stdout>:
Iteration:  18%|█▊        | 416/2294 [03:24<15:05,  2.07it/s]Sat Dec 19 22:22:55 2020[1,0]<stdout>:
Iteration:  18%|█▊        | 417/2294 [03:24<15:06,  2.07it/s]Sat Dec 19 22:22:56 2020[1,0]<stdout>:
Iteration:  18%|█▊        | 418/2294 [03:25<15:06,  2.07it/s]Sat Dec 19 22:22:56 2020[1,0]<stdout>:
Iteration:  18%|█▊        | 419/2294 [03:25<15:05,  2.07it/s]Sat Dec 19 22:22:56 2020[1,0]<stdout>:
Iteration:  18%|█▊        | 420/2294 [03:26<15:05,  2.07it/s]Sat Dec 19 22:22:57 2020[1,0]<stdout>:
Iteration:  18%|█▊        | 421/2294 [03:26<15:01,  2.08it/s]Sat Dec 19 22:22:57 2020[1,0]<stdout>:
Iteration:  18%|█▊        | 422/2294 [03:27<14:59,  2.08it/s]Sat Dec 19 22:22:58 2020[1,0]<stdout>:
Iteration:  18%|█▊        | 423/2294 [03:27<15:00,  2.08it/s]Sat Dec 19 22:22:58 2020[1,0]<stdout>:
Iteration:  18%|█▊        | 424/2294 [03:28<15:00,  2.08it/s]Sat Dec 19 22:22:59 2020[1,0]<stdout>:
Iteration:  19%|█▊        | 425/2294 [03:28<15:00,  2.07it/s]Sat Dec 19 22:22:59 2020[1,0]<stdout>:
Iteration:  19%|█▊        | 426/2294 [03:29<15:01,  2.07it/s]Sat Dec 19 22:23:00 2020[1,0]<stdout>:
Iteration:  19%|█▊        | 427/2294 [03:29<15:01,  2.07it/s]Sat Dec 19 22:23:00 2020[1,0]<stdout>:
Iteration:  19%|█▊        | 428/2294 [03:30<15:00,  2.07it/s]Sat Dec 19 22:23:01 2020[1,0]<stdout>:
Iteration:  19%|█▊        | 429/2294 [03:30<14:59,  2.07it/s]Sat Dec 19 22:23:01 2020[1,0]<stdout>:
Iteration:  19%|█▊        | 430/2294 [03:30<14:57,  2.08it/s]Sat Dec 19 22:23:02 2020[1,0]<stdout>:
Iteration:  19%|█▉        | 431/2294 [03:31<14:57,  2.08it/s]Sat Dec 19 22:23:02 2020[1,0]<stdout>:
Iteration:  19%|█▉        | 432/2294 [03:31<14:57,  2.07it/s]Sat Dec 19 22:23:03 2020[1,0]<stdout>:
Iteration:  19%|█▉        | 433/2294 [03:32<14:57,  2.07it/s]Sat Dec 19 22:23:03 2020[1,0]<stdout>:
Iteration:  19%|█▉        | 434/2294 [03:32<14:57,  2.07it/s]Sat Dec 19 22:23:04 2020[1,0]<stdout>:
Iteration:  19%|█▉        | 435/2294 [03:33<14:57,  2.07it/s]Sat Dec 19 22:23:04 2020[1,0]<stdout>:
Iteration:  19%|█▉        | 436/2294 [03:33<14:58,  2.07it/s]Sat Dec 19 22:23:05 2020[1,0]<stdout>:
Iteration:  19%|█▉        | 437/2294 [03:34<14:56,  2.07it/s]Sat Dec 19 22:23:05 2020[1,0]<stdout>:
Iteration:  19%|█▉        | 438/2294 [03:34<14:54,  2.08it/s]Sat Dec 19 22:23:06 2020[1,0]<stdout>:
Iteration:  19%|█▉        | 439/2294 [03:35<14:54,  2.07it/s]Sat Dec 19 22:23:06 2020[1,0]<stdout>:
Iteration:  19%|█▉        | 440/2294 [03:35<14:54,  2.07it/s]Sat Dec 19 22:23:07 2020[1,0]<stdout>:
Iteration:  19%|█▉        | 441/2294 [03:36<14:54,  2.07it/s]Sat Dec 19 22:23:07 2020[1,0]<stdout>:
Iteration:  19%|█▉        | 442/2294 [03:36<14:53,  2.07it/s]Sat Dec 19 22:23:08 2020[1,0]<stdout>:
Iteration:  19%|█▉        | 443/2294 [03:37<14:53,  2.07it/s]Sat Dec 19 22:23:08 2020[1,0]<stdout>:
Iteration:  19%|█▉        | 444/2294 [03:37<14:53,  2.07it/s]Sat Dec 19 22:23:09 2020[1,0]<stdout>:
Iteration:  19%|█▉        | 445/2294 [03:38<14:51,  2.07it/s]Sat Dec 19 22:23:09 2020[1,0]<stdout>:
Iteration:  19%|█▉        | 446/2294 [03:38<14:49,  2.08it/s]Sat Dec 19 22:23:09 2020[1,0]<stdout>:
Iteration:  19%|█▉        | 447/2294 [03:39<14:49,  2.08it/s]Sat Dec 19 22:23:10 2020[1,0]<stdout>:
Iteration:  20%|█▉        | 448/2294 [03:39<14:50,  2.07it/s]Sat Dec 19 22:23:10 2020[1,0]<stdout>:
Iteration:  20%|█▉        | 449/2294 [03:40<14:50,  2.07it/s]Sat Dec 19 22:23:11 2020[1,0]<stdout>:
Iteration:  20%|█▉        | 450/2294 [03:40<14:50,  2.07it/s]Sat Dec 19 22:23:11 2020[1,0]<stdout>:
Iteration:  20%|█▉        | 451/2294 [03:41<14:49,  2.07it/s]Sat Dec 19 22:23:12 2020[1,0]<stdout>:
Iteration:  20%|█▉        | 452/2294 [03:41<14:49,  2.07it/s]Sat Dec 19 22:23:12 2020[1,0]<stdout>:
Iteration:  20%|█▉        | 453/2294 [03:42<14:46,  2.08it/s]Sat Dec 19 22:23:13 2020[1,0]<stdout>:
Iteration:  20%|█▉        | 454/2294 [03:42<14:45,  2.08it/s]Sat Dec 19 22:23:13 2020[1,0]<stdout>:
Iteration:  20%|█▉        | 455/2294 [03:43<14:46,  2.07it/s]Sat Dec 19 22:23:14 2020[1,0]<stdout>:
Iteration:  20%|█▉        | 456/2294 [03:43<14:48,  2.07it/s]Sat Dec 19 22:23:14 2020[1,0]<stdout>:
Iteration:  20%|█▉        | 457/2294 [03:44<14:47,  2.07it/s]Sat Dec 19 22:23:15 2020[1,0]<stdout>:
Iteration:  20%|█▉        | 458/2294 [03:44<14:46,  2.07it/s]Sat Dec 19 22:23:15 2020[1,0]<stdout>:
Iteration:  20%|██        | 459/2294 [03:44<14:46,  2.07it/s]Sat Dec 19 22:23:16 2020[1,0]<stdout>:
Iteration:  20%|██        | 460/2294 [03:45<14:45,  2.07it/s]Sat Dec 19 22:23:16 2020[1,0]<stdout>:
Iteration:  20%|██        | 461/2294 [03:45<14:42,  2.08it/s]Sat Dec 19 22:23:17 2020[1,0]<stdout>:
Iteration:  20%|██        | 462/2294 [03:46<14:43,  2.07it/s]Sat Dec 19 22:23:17 2020[1,0]<stdout>:
Iteration:  20%|██        | 463/2294 [03:46<14:44,  2.07it/s]Sat Dec 19 22:23:18 2020[1,0]<stdout>:
Iteration:  20%|██        | 464/2294 [03:47<14:45,  2.07it/s]Sat Dec 19 22:23:18 2020[1,0]<stdout>:
Iteration:  20%|██        | 465/2294 [03:47<14:46,  2.06it/s]Sat Dec 19 22:23:19 2020[1,0]<stdout>:
Iteration:  20%|██        | 466/2294 [03:48<14:45,  2.06it/s]Sat Dec 19 22:23:19 2020[1,0]<stdout>:
Iteration:  20%|██        | 467/2294 [03:48<14:43,  2.07it/s]Sat Dec 19 22:23:20 2020[1,0]<stdout>:
Iteration:  20%|██        | 468/2294 [03:49<14:41,  2.07it/s]Sat Dec 19 22:23:20 2020[1,0]<stdout>:
Iteration:  20%|██        | 469/2294 [03:49<14:41,  2.07it/s]Sat Dec 19 22:23:21 2020[1,0]<stdout>:
Iteration:  20%|██        | 470/2294 [03:50<14:40,  2.07it/s]Sat Dec 19 22:23:21 2020[1,0]<stdout>:
Iteration:  21%|██        | 471/2294 [03:50<14:41,  2.07it/s]Sat Dec 19 22:23:22 2020[1,0]<stdout>:
Iteration:  21%|██        | 472/2294 [03:51<14:40,  2.07it/s]Sat Dec 19 22:23:22 2020[1,0]<stdout>:
Iteration:  21%|██        | 473/2294 [03:51<14:40,  2.07it/s]Sat Dec 19 22:23:23 2020[1,0]<stdout>:
Iteration:  21%|██        | 474/2294 [03:52<14:37,  2.07it/s]Sat Dec 19 22:23:23 2020[1,0]<stdout>:
Iteration:  21%|██        | 475/2294 [03:52<14:36,  2.08it/s]Sat Dec 19 22:23:23 2020[1,0]<stdout>:
Iteration:  21%|██        | 476/2294 [03:53<14:36,  2.07it/s]Sat Dec 19 22:23:24 2020[1,0]<stdout>:
Iteration:  21%|██        | 477/2294 [03:53<14:36,  2.07it/s]Sat Dec 19 22:23:24 2020[1,0]<stdout>:
Iteration:  21%|██        | 478/2294 [03:54<14:36,  2.07it/s]Sat Dec 19 22:23:25 2020[1,0]<stdout>:
Iteration:  21%|██        | 479/2294 [03:54<14:36,  2.07it/s]Sat Dec 19 22:23:25 2020[1,0]<stdout>:
Iteration:  21%|██        | 480/2294 [03:55<14:35,  2.07it/s]Sat Dec 19 22:23:26 2020[1,0]<stdout>:
Iteration:  21%|██        | 481/2294 [03:55<14:32,  2.08it/s]Sat Dec 19 22:23:26 2020[1,0]<stdout>:
Iteration:  21%|██        | 482/2294 [03:56<14:32,  2.08it/s]Sat Dec 19 22:23:27 2020[1,0]<stdout>:
Iteration:  21%|██        | 483/2294 [03:56<14:32,  2.08it/s]Sat Dec 19 22:23:27 2020[1,0]<stdout>:
Iteration:  21%|██        | 484/2294 [03:57<14:32,  2.07it/s]Sat Dec 19 22:23:28 2020[1,0]<stdout>:
Iteration:  21%|██        | 485/2294 [03:57<14:32,  2.07it/s]Sat Dec 19 22:23:28 2020[1,0]<stdout>:
Iteration:  21%|██        | 486/2294 [03:58<14:32,  2.07it/s]Sat Dec 19 22:23:29 2020[1,0]<stdout>:
Iteration:  21%|██        | 487/2294 [03:58<14:29,  2.08it/s]Sat Dec 19 22:23:29 2020[1,0]<stdout>:
Iteration:  21%|██▏       | 488/2294 [03:58<14:27,  2.08it/s]Sat Dec 19 22:23:30 2020[1,0]<stdout>:
Iteration:  21%|██▏       | 489/2294 [03:59<14:28,  2.08it/s]Sat Dec 19 22:23:30 2020[1,0]<stdout>:
Iteration:  21%|██▏       | 490/2294 [03:59<14:29,  2.08it/s]Sat Dec 19 22:23:31 2020[1,0]<stdout>:
Iteration:  21%|██▏       | 491/2294 [04:00<14:29,  2.07it/s]Sat Dec 19 22:23:31 2020[1,0]<stdout>:
Iteration:  21%|██▏       | 492/2294 [04:00<14:28,  2.07it/s]Sat Dec 19 22:23:32 2020[1,0]<stdout>:
Iteration:  21%|██▏       | 493/2294 [04:01<14:26,  2.08it/s]Sat Dec 19 22:23:32 2020[1,0]<stdout>:
Iteration:  22%|██▏       | 494/2294 [04:01<14:24,  2.08it/s]Sat Dec 19 22:23:33 2020[1,0]<stdout>:
Iteration:  22%|██▏       | 495/2294 [04:02<14:23,  2.08it/s]Sat Dec 19 22:23:33 2020[1,0]<stdout>:
Iteration:  22%|██▏       | 496/2294 [04:02<14:23,  2.08it/s]Sat Dec 19 22:23:34 2020[1,0]<stdout>:
Iteration:  22%|██▏       | 497/2294 [04:03<14:23,  2.08it/s]Sat Dec 19 22:23:34 2020[1,0]<stdout>:
Iteration:  22%|██▏       | 498/2294 [04:03<14:23,  2.08it/s]Sat Dec 19 22:23:35 2020[1,0]<stdout>:
Iteration:  22%|██▏       | 499/2294 [04:04<14:22,  2.08it/s]Sat Dec 19 22:23:35 2020[1,0]<stdout>:
Iteration:  22%|██▏       | 500/2294 [04:04<14:19,  2.09it/s]Sat Dec 19 22:23:36 2020[1,0]<stdout>:
Iteration:  22%|██▏       | 501/2294 [04:05<14:18,  2.09it/s]Sat Dec 19 22:23:36 2020[1,0]<stdout>:
Iteration:  22%|██▏       | 502/2294 [04:05<14:18,  2.09it/s]Sat Dec 19 22:23:36 2020[1,0]<stdout>:
Iteration:  22%|██▏       | 503/2294 [04:06<14:19,  2.08it/s]Sat Dec 19 22:23:37 2020[1,0]<stdout>:
Iteration:  22%|██▏       | 504/2294 [04:06<14:20,  2.08it/s]Sat Dec 19 22:23:37 2020[1,0]<stdout>:
Iteration:  22%|██▏       | 505/2294 [04:07<14:20,  2.08it/s]Sat Dec 19 22:23:38 2020[1,0]<stdout>:
Iteration:  22%|██▏       | 506/2294 [04:07<14:19,  2.08it/s]Sat Dec 19 22:23:38 2020[1,0]<stdout>:
Iteration:  22%|██▏       | 507/2294 [04:08<14:17,  2.08it/s]Sat Dec 19 22:23:39 2020[1,0]<stdout>:
Iteration:  22%|██▏       | 508/2294 [04:08<14:16,  2.09it/s]Sat Dec 19 22:23:39 2020[1,0]<stdout>:
Iteration:  22%|██▏       | 509/2294 [04:09<14:16,  2.08it/s]Sat Dec 19 22:23:40 2020[1,0]<stdout>:
Iteration:  22%|██▏       | 510/2294 [04:09<14:15,  2.09it/s]Sat Dec 19 22:23:40 2020[1,0]<stdout>:DLL 2020-12-19 22:23:40.837303 - Training Epoch: 0 Training Iteration: 29  average_loss : 8.106449209153652  step_loss : 8.184184432029724  learning_rate : 0.0010954451150103322
Sat Dec 19 22:23:40 2020[1,0]<stdout>:
Iteration:  22%|██▏       | 511/2294 [04:10<14:21,  2.07it/s]Sat Dec 19 22:23:41 2020[1,0]<stdout>:
Iteration:  22%|██▏       | 512/2294 [04:10<14:19,  2.07it/s]Sat Dec 19 22:23:41 2020[1,0]<stdout>:
Iteration:  22%|██▏       | 513/2294 [04:11<14:17,  2.08it/s]Sat Dec 19 22:23:42 2020[1,0]<stdout>:
Iteration:  22%|██▏       | 514/2294 [04:11<14:13,  2.08it/s]Sat Dec 19 22:23:42 2020[1,0]<stdout>:
Iteration:  22%|██▏       | 515/2294 [04:11<14:12,  2.09it/s]Sat Dec 19 22:23:43 2020[1,0]<stdout>:
Iteration:  22%|██▏       | 516/2294 [04:12<14:12,  2.09it/s]Sat Dec 19 22:23:43 2020[1,0]<stdout>:
Iteration:  23%|██▎       | 517/2294 [04:12<14:13,  2.08it/s]Sat Dec 19 22:23:44 2020[1,0]<stdout>:
Iteration:  23%|██▎       | 518/2294 [04:13<14:13,  2.08it/s]Sat Dec 19 22:23:44 2020[1,0]<stdout>:
Iteration:  23%|██▎       | 519/2294 [04:13<14:13,  2.08it/s]Sat Dec 19 22:23:45 2020[1,0]<stdout>:
Iteration:  23%|██▎       | 520/2294 [04:14<14:13,  2.08it/s]Sat Dec 19 22:23:45 2020[1,0]<stdout>:
Iteration:  23%|██▎       | 521/2294 [04:14<14:09,  2.09it/s]Sat Dec 19 22:23:46 2020[1,0]<stdout>:
Iteration:  23%|██▎       | 522/2294 [04:15<14:08,  2.09it/s]Sat Dec 19 22:23:46 2020[1,0]<stdout>:
Iteration:  23%|██▎       | 523/2294 [04:15<14:09,  2.09it/s]Sat Dec 19 22:23:47 2020[1,0]<stdout>:
Iteration:  23%|██▎       | 524/2294 [04:16<14:10,  2.08it/s]Sat Dec 19 22:23:47 2020[1,0]<stdout>:
Iteration:  23%|██▎       | 525/2294 [04:16<14:11,  2.08it/s]Sat Dec 19 22:23:48 2020[1,0]<stdout>:
Iteration:  23%|██▎       | 526/2294 [04:17<14:09,  2.08it/s]Sat Dec 19 22:23:48 2020[1,0]<stdout>:
Iteration:  23%|██▎       | 527/2294 [04:17<14:09,  2.08it/s]Sat Dec 19 22:23:48 2020[1,0]<stdout>:
Iteration:  23%|██▎       | 528/2294 [04:18<14:06,  2.09it/s]Sat Dec 19 22:23:49 2020[1,0]<stdout>:
Iteration:  23%|██▎       | 529/2294 [04:18<14:05,  2.09it/s]Sat Dec 19 22:23:49 2020[1,0]<stdout>:
Iteration:  23%|██▎       | 530/2294 [04:19<14:06,  2.08it/s]Sat Dec 19 22:23:50 2020[1,0]<stdout>:
Iteration:  23%|██▎       | 531/2294 [04:19<14:07,  2.08it/s]Sat Dec 19 22:23:50 2020[1,0]<stdout>:
Iteration:  23%|██▎       | 532/2294 [04:20<14:07,  2.08it/s]Sat Dec 19 22:23:51 2020[1,0]<stdout>:
Iteration:  23%|██▎       | 533/2294 [04:20<14:05,  2.08it/s]Sat Dec 19 22:23:51 2020[1,0]<stdout>:
Iteration:  23%|██▎       | 534/2294 [04:21<14:05,  2.08it/s]Sat Dec 19 22:23:52 2020[1,0]<stdout>:
Iteration:  23%|██▎       | 535/2294 [04:21<14:03,  2.09it/s]Sat Dec 19 22:23:52 2020[1,0]<stdout>:
Iteration:  23%|██▎       | 536/2294 [04:22<14:01,  2.09it/s]Sat Dec 19 22:23:53 2020[1,0]<stdout>:
Iteration:  23%|██▎       | 537/2294 [04:22<14:01,  2.09it/s]Sat Dec 19 22:23:53 2020[1,0]<stdout>:
Iteration:  23%|██▎       | 538/2294 [04:22<14:03,  2.08it/s]Sat Dec 19 22:23:54 2020[1,0]<stdout>:
Iteration:  23%|██▎       | 539/2294 [04:23<14:03,  2.08it/s]Sat Dec 19 22:23:54 2020[1,0]<stdout>:
Iteration:  24%|██▎       | 540/2294 [04:23<14:03,  2.08it/s]Sat Dec 19 22:23:55 2020[1,0]<stdout>:
Iteration:  24%|██▎       | 541/2294 [04:24<14:02,  2.08it/s]Sat Dec 19 22:23:55 2020[1,0]<stdout>:
Iteration:  24%|██▎       | 542/2294 [04:24<14:00,  2.08it/s]Sat Dec 19 22:23:56 2020[1,0]<stdout>:
Iteration:  24%|██▎       | 543/2294 [04:25<13:58,  2.09it/s]Sat Dec 19 22:23:56 2020[1,0]<stdout>:
Iteration:  24%|██▎       | 544/2294 [04:25<13:58,  2.09it/s]Sat Dec 19 22:23:57 2020[1,0]<stdout>:
Iteration:  24%|██▍       | 545/2294 [04:26<13:58,  2.08it/s]Sat Dec 19 22:23:57 2020[1,0]<stdout>:
Iteration:  24%|██▍       | 546/2294 [04:26<13:59,  2.08it/s]Sat Dec 19 22:23:58 2020[1,0]<stdout>:
Iteration:  24%|██▍       | 547/2294 [04:27<13:57,  2.09it/s]Sat Dec 19 22:23:58 2020[1,0]<stdout>:
Iteration:  24%|██▍       | 548/2294 [04:27<13:58,  2.08it/s]Sat Dec 19 22:23:59 2020[1,0]<stdout>:
Iteration:  24%|██▍       | 549/2294 [04:28<13:56,  2.09it/s]Sat Dec 19 22:23:59 2020[1,0]<stdout>:
Iteration:  24%|██▍       | 550/2294 [04:28<13:55,  2.09it/s]Sat Dec 19 22:24:00 2020[1,0]<stdout>:
Iteration:  24%|██▍       | 551/2294 [04:29<13:56,  2.08it/s]Sat Dec 19 22:24:00 2020[1,0]<stdout>:
Iteration:  24%|██▍       | 552/2294 [04:29<13:56,  2.08it/s]Sat Dec 19 22:24:00 2020[1,0]<stdout>:
Iteration:  24%|██▍       | 553/2294 [04:30<13:56,  2.08it/s]Sat Dec 19 22:24:01 2020[1,0]<stdout>:
Iteration:  24%|██▍       | 554/2294 [04:30<13:55,  2.08it/s]Sat Dec 19 22:24:01 2020[1,0]<stdout>:
Iteration:  24%|██▍       | 555/2294 [04:31<13:52,  2.09it/s]Sat Dec 19 22:24:02 2020[1,0]<stdout>:
Iteration:  24%|██▍       | 556/2294 [04:31<13:50,  2.09it/s]Sat Dec 19 22:24:02 2020[1,0]<stdout>:
Iteration:  24%|██▍       | 557/2294 [04:32<13:51,  2.09it/s]Sat Dec 19 22:24:03 2020[1,0]<stdout>:
Iteration:  24%|██▍       | 558/2294 [04:32<13:52,  2.09it/s]Sat Dec 19 22:24:03 2020[1,0]<stdout>:
Iteration:  24%|██▍       | 559/2294 [04:33<13:53,  2.08it/s]Sat Dec 19 22:24:04 2020[1,0]<stdout>:
Iteration:  24%|██▍       | 560/2294 [04:33<13:52,  2.08it/s]Sat Dec 19 22:24:04 2020[1,0]<stdout>:
Iteration:  24%|██▍       | 561/2294 [04:34<13:50,  2.09it/s]Sat Dec 19 22:24:05 2020[1,0]<stdout>:
Iteration:  24%|██▍       | 562/2294 [04:34<13:49,  2.09it/s]Sat Dec 19 22:24:05 2020[1,0]<stdout>:
Iteration:  25%|██▍       | 563/2294 [04:34<13:49,  2.09it/s]Sat Dec 19 22:24:06 2020[1,0]<stdout>:
Iteration:  25%|██▍       | 564/2294 [04:35<13:50,  2.08it/s]Sat Dec 19 22:24:06 2020[1,0]<stdout>:
Iteration:  25%|██▍       | 565/2294 [04:35<13:50,  2.08it/s]Sat Dec 19 22:24:07 2020[1,0]<stdout>:
Iteration:  25%|██▍       | 566/2294 [04:36<13:49,  2.08it/s]Sat Dec 19 22:24:07 2020[1,0]<stdout>:
Iteration:  25%|██▍       | 567/2294 [04:36<13:48,  2.08it/s]Sat Dec 19 22:24:08 2020[1,0]<stdout>:
Iteration:  25%|██▍       | 568/2294 [04:37<13:46,  2.09it/s]Sat Dec 19 22:24:08 2020[1,0]<stdout>:
Iteration:  25%|██▍       | 569/2294 [04:37<13:45,  2.09it/s]Sat Dec 19 22:24:09 2020[1,0]<stdout>:
Iteration:  25%|██▍       | 570/2294 [04:38<13:45,  2.09it/s]Sat Dec 19 22:24:09 2020[1,0]<stdout>:
Iteration:  25%|██▍       | 571/2294 [04:38<13:45,  2.09it/s]Sat Dec 19 22:24:10 2020[1,0]<stdout>:
Iteration:  25%|██▍       | 572/2294 [04:39<13:45,  2.09it/s]Sat Dec 19 22:24:10 2020[1,0]<stdout>:
Iteration:  25%|██▍       | 573/2294 [04:39<13:44,  2.09it/s]Sat Dec 19 22:24:11 2020[1,0]<stdout>:
Iteration:  25%|██▌       | 574/2294 [04:40<13:45,  2.08it/s]Sat Dec 19 22:24:11 2020[1,0]<stdout>:
Iteration:  25%|██▌       | 575/2294 [04:40<13:42,  2.09it/s]Sat Dec 19 22:24:12 2020[1,0]<stdout>:
Iteration:  25%|██▌       | 576/2294 [04:41<13:41,  2.09it/s]Sat Dec 19 22:24:12 2020[1,0]<stdout>:
Iteration:  25%|██▌       | 577/2294 [04:41<13:41,  2.09it/s]Sat Dec 19 22:24:12 2020[1,0]<stdout>:
Iteration:  25%|██▌       | 578/2294 [04:42<13:43,  2.08it/s]Sat Dec 19 22:24:13 2020[1,0]<stdout>:
Iteration:  25%|██▌       | 579/2294 [04:42<13:42,  2.08it/s]Sat Dec 19 22:24:13 2020[1,0]<stdout>:
Iteration:  25%|██▌       | 580/2294 [04:43<13:40,  2.09it/s]Sat Dec 19 22:24:14 2020[1,0]<stdout>:
Iteration:  25%|██▌       | 581/2294 [04:43<13:38,  2.09it/s]Sat Dec 19 22:24:14 2020[1,0]<stdout>:
Iteration:  25%|██▌       | 582/2294 [04:44<13:37,  2.09it/s]Sat Dec 19 22:24:15 2020[1,0]<stdout>:
Iteration:  25%|██▌       | 583/2294 [04:44<13:37,  2.09it/s]Sat Dec 19 22:24:15 2020[1,0]<stdout>:
Iteration:  25%|██▌       | 584/2294 [04:45<13:39,  2.09it/s]Sat Dec 19 22:24:16 2020[1,0]<stdout>:
Iteration:  26%|██▌       | 585/2294 [04:45<13:40,  2.08it/s]Sat Dec 19 22:24:16 2020[1,0]<stdout>:
Iteration:  26%|██▌       | 586/2294 [04:46<13:39,  2.09it/s]Sat Dec 19 22:24:17 2020[1,0]<stdout>:
Iteration:  26%|██▌       | 587/2294 [04:46<13:37,  2.09it/s]Sat Dec 19 22:24:17 2020[1,0]<stdout>:
Iteration:  26%|██▌       | 588/2294 [04:46<13:35,  2.09it/s]Sat Dec 19 22:24:18 2020[1,0]<stdout>:
Iteration:  26%|██▌       | 589/2294 [04:47<13:34,  2.09it/s]Sat Dec 19 22:24:18 2020[1,0]<stdout>:
Iteration:  26%|██▌       | 590/2294 [04:47<13:34,  2.09it/s]Sat Dec 19 22:24:19 2020[1,0]<stdout>:
Iteration:  26%|██▌       | 591/2294 [04:48<13:35,  2.09it/s]Sat Dec 19 22:24:19 2020[1,0]<stdout>:
Iteration:  26%|██▌       | 592/2294 [04:48<13:36,  2.08it/s]Sat Dec 19 22:24:20 2020[1,0]<stdout>:
Iteration:  26%|██▌       | 593/2294 [04:49<13:35,  2.09it/s]Sat Dec 19 22:24:20 2020[1,0]<stdout>:
Iteration:  26%|██▌       | 594/2294 [04:49<13:33,  2.09it/s]Sat Dec 19 22:24:21 2020[1,0]<stdout>:
Iteration:  26%|██▌       | 595/2294 [04:50<13:31,  2.09it/s]Sat Dec 19 22:24:21 2020[1,0]<stdout>:
Iteration:  26%|██▌       | 596/2294 [04:50<13:31,  2.09it/s]Sat Dec 19 22:24:22 2020[1,0]<stdout>:
Iteration:  26%|██▌       | 597/2294 [04:51<13:32,  2.09it/s]Sat Dec 19 22:24:22 2020[1,0]<stdout>:
Iteration:  26%|██▌       | 598/2294 [04:51<13:34,  2.08it/s]Sat Dec 19 22:24:23 2020[1,0]<stdout>:
Iteration:  26%|██▌       | 599/2294 [04:52<13:34,  2.08it/s]Sat Dec 19 22:24:23 2020[1,0]<stdout>:
Iteration:  26%|██▌       | 600/2294 [04:52<13:33,  2.08it/s]Sat Dec 19 22:24:23 2020[1,0]<stdout>:
Iteration:  26%|██▌       | 601/2294 [04:53<13:31,  2.09it/s]Sat Dec 19 22:24:24 2020[1,0]<stdout>:
Iteration:  26%|██▌       | 602/2294 [04:53<13:31,  2.09it/s]Sat Dec 19 22:24:24 2020[1,0]<stdout>:
Iteration:  26%|██▋       | 603/2294 [04:54<13:30,  2.09it/s]Sat Dec 19 22:24:25 2020[1,0]<stdout>:
Iteration:  26%|██▋       | 604/2294 [04:54<13:31,  2.08it/s]Sat Dec 19 22:24:25 2020[1,0]<stdout>:
Iteration:  26%|██▋       | 605/2294 [04:55<13:31,  2.08it/s]Sat Dec 19 22:24:26 2020[1,0]<stdout>:
Iteration:  26%|██▋       | 606/2294 [04:55<13:32,  2.08it/s]Sat Dec 19 22:24:26 2020[1,0]<stdout>:
Iteration:  26%|██▋       | 607/2294 [04:56<13:32,  2.08it/s]Sat Dec 19 22:24:27 2020[1,0]<stdout>:
Iteration:  27%|██▋       | 608/2294 [04:56<13:29,  2.08it/s]Sat Dec 19 22:24:27 2020[1,0]<stdout>:
Iteration:  27%|██▋       | 609/2294 [04:57<13:27,  2.09it/s]Sat Dec 19 22:24:28 2020[1,0]<stdout>:
Iteration:  27%|██▋       | 610/2294 [04:57<13:27,  2.09it/s]Sat Dec 19 22:24:28 2020[1,0]<stdout>:
Iteration:  27%|██▋       | 611/2294 [04:57<13:28,  2.08it/s]Sat Dec 19 22:24:29 2020[1,0]<stdout>:
Iteration:  27%|██▋       | 612/2294 [04:58<13:27,  2.08it/s]Sat Dec 19 22:24:29 2020[1,0]<stdout>:
Iteration:  27%|██▋       | 613/2294 [04:58<13:25,  2.09it/s]Sat Dec 19 22:24:30 2020[1,0]<stdout>:
Iteration:  27%|██▋       | 614/2294 [04:59<13:26,  2.08it/s]Sat Dec 19 22:24:30 2020[1,0]<stdout>:
Iteration:  27%|██▋       | 615/2294 [04:59<13:25,  2.08it/s]Sat Dec 19 22:24:31 2020[1,0]<stdout>:
Iteration:  27%|██▋       | 616/2294 [05:00<13:24,  2.08it/s]Sat Dec 19 22:24:31 2020[1,0]<stdout>:
Iteration:  27%|██▋       | 617/2294 [05:00<13:24,  2.08it/s]Sat Dec 19 22:24:32 2020[1,0]<stdout>:
Iteration:  27%|██▋       | 618/2294 [05:01<13:25,  2.08it/s]Sat Dec 19 22:24:32 2020[1,0]<stdout>:
Iteration:  27%|██▋       | 619/2294 [05:01<13:25,  2.08it/s]Sat Dec 19 22:24:33 2020[1,0]<stdout>:
Iteration:  27%|██▋       | 620/2294 [05:02<13:24,  2.08it/s]Sat Dec 19 22:24:33 2020[1,0]<stdout>:
Iteration:  27%|██▋       | 621/2294 [05:02<13:21,  2.09it/s]Sat Dec 19 22:24:34 2020[1,0]<stdout>:
Iteration:  27%|██▋       | 622/2294 [05:03<13:21,  2.09it/s]Sat Dec 19 22:24:34 2020[1,0]<stdout>:
Iteration:  27%|██▋       | 623/2294 [05:03<13:21,  2.08it/s]Sat Dec 19 22:24:35 2020[1,0]<stdout>:
Iteration:  27%|██▋       | 624/2294 [05:04<13:21,  2.08it/s]Sat Dec 19 22:24:35 2020[1,0]<stdout>:
Iteration:  27%|██▋       | 625/2294 [05:04<13:21,  2.08it/s]Sat Dec 19 22:24:35 2020[1,0]<stdout>:
Iteration:  27%|██▋       | 626/2294 [05:05<13:22,  2.08it/s]Sat Dec 19 22:24:36 2020[1,0]<stdout>:
Iteration:  27%|██▋       | 627/2294 [05:05<13:20,  2.08it/s]Sat Dec 19 22:24:36 2020[1,0]<stdout>:
Iteration:  27%|██▋       | 628/2294 [05:06<13:19,  2.08it/s]Sat Dec 19 22:24:37 2020[1,0]<stdout>:
Iteration:  27%|██▋       | 629/2294 [05:06<13:20,  2.08it/s]Sat Dec 19 22:24:37 2020[1,0]<stdout>:
Iteration:  27%|██▋       | 630/2294 [05:07<13:19,  2.08it/s]Sat Dec 19 22:24:38 2020[1,0]<stdout>:
Iteration:  28%|██▊       | 631/2294 [05:07<13:19,  2.08it/s]Sat Dec 19 22:24:38 2020[1,0]<stdout>:
Iteration:  28%|██▊       | 632/2294 [05:08<13:17,  2.08it/s]Sat Dec 19 22:24:39 2020[1,0]<stdout>:
Iteration:  28%|██▊       | 633/2294 [05:08<13:16,  2.09it/s]Sat Dec 19 22:24:39 2020[1,0]<stdout>:
Iteration:  28%|██▊       | 634/2294 [05:09<13:15,  2.09it/s]Sat Dec 19 22:24:40 2020[1,0]<stdout>:
Iteration:  28%|██▊       | 635/2294 [05:09<13:16,  2.08it/s]Sat Dec 19 22:24:40 2020[1,0]<stdout>:
Iteration:  28%|██▊       | 636/2294 [05:09<13:15,  2.08it/s]Sat Dec 19 22:24:41 2020[1,0]<stdout>:
Iteration:  28%|██▊       | 637/2294 [05:10<13:15,  2.08it/s]Sat Dec 19 22:24:41 2020[1,0]<stdout>:
Iteration:  28%|██▊       | 638/2294 [05:10<13:13,  2.09it/s]Sat Dec 19 22:24:42 2020[1,0]<stdout>:
Iteration:  28%|██▊       | 639/2294 [05:11<13:11,  2.09it/s]Sat Dec 19 22:24:42 2020[1,0]<stdout>:
Iteration:  28%|██▊       | 640/2294 [05:11<13:11,  2.09it/s]Sat Dec 19 22:24:43 2020[1,0]<stdout>:
Iteration:  28%|██▊       | 641/2294 [05:12<13:11,  2.09it/s]Sat Dec 19 22:24:43 2020[1,0]<stdout>:
Iteration:  28%|██▊       | 642/2294 [05:12<13:11,  2.09it/s]Sat Dec 19 22:24:44 2020[1,0]<stdout>:
Iteration:  28%|██▊       | 643/2294 [05:13<13:10,  2.09it/s]Sat Dec 19 22:24:44 2020[1,0]<stdout>:
Iteration:  28%|██▊       | 644/2294 [05:13<13:09,  2.09it/s]Sat Dec 19 22:24:45 2020[1,0]<stdout>:
Iteration:  28%|██▊       | 645/2294 [05:14<13:08,  2.09it/s]Sat Dec 19 22:24:45 2020[1,0]<stdout>:
Iteration:  28%|██▊       | 646/2294 [05:14<13:07,  2.09it/s]Sat Dec 19 22:24:46 2020[1,0]<stdout>:
Iteration:  28%|██▊       | 647/2294 [05:15<13:07,  2.09it/s]Sat Dec 19 22:24:46 2020[1,0]<stdout>:
Iteration:  28%|██▊       | 648/2294 [05:15<13:08,  2.09it/s]Sat Dec 19 22:24:47 2020[1,0]<stdout>:
Iteration:  28%|██▊       | 649/2294 [05:16<13:09,  2.08it/s]Sat Dec 19 22:24:47 2020[1,0]<stdout>:
Iteration:  28%|██▊       | 650/2294 [05:16<13:09,  2.08it/s]Sat Dec 19 22:24:47 2020[1,0]<stdout>:
Iteration:  28%|██▊       | 651/2294 [05:17<13:09,  2.08it/s]Sat Dec 19 22:24:48 2020[1,0]<stdout>:
Iteration:  28%|██▊       | 652/2294 [05:17<13:06,  2.09it/s]Sat Dec 19 22:24:48 2020[1,0]<stdout>:
Iteration:  28%|██▊       | 653/2294 [05:18<13:04,  2.09it/s]Sat Dec 19 22:24:49 2020[1,0]<stdout>:
Iteration:  29%|██▊       | 654/2294 [05:18<13:04,  2.09it/s]Sat Dec 19 22:24:49 2020[1,0]<stdout>:
Iteration:  29%|██▊       | 655/2294 [05:19<13:05,  2.09it/s]Sat Dec 19 22:24:50 2020[1,0]<stdout>:
Iteration:  29%|██▊       | 656/2294 [05:19<13:06,  2.08it/s]Sat Dec 19 22:24:50 2020[1,0]<stdout>:
Iteration:  29%|██▊       | 657/2294 [05:20<13:06,  2.08it/s]Sat Dec 19 22:24:51 2020[1,0]<stdout>:
Iteration:  29%|██▊       | 658/2294 [05:20<13:06,  2.08it/s]Sat Dec 19 22:24:51 2020[1,0]<stdout>:
Iteration:  29%|██▊       | 659/2294 [05:21<13:03,  2.09it/s]Sat Dec 19 22:24:52 2020[1,0]<stdout>:
Iteration:  29%|██▉       | 660/2294 [05:21<13:02,  2.09it/s]Sat Dec 19 22:24:52 2020[1,0]<stdout>:
Iteration:  29%|██▉       | 661/2294 [05:21<13:01,  2.09it/s]Sat Dec 19 22:24:53 2020[1,0]<stdout>:
Iteration:  29%|██▉       | 662/2294 [05:22<13:02,  2.09it/s]Sat Dec 19 22:24:53 2020[1,0]<stdout>:
Iteration:  29%|██▉       | 663/2294 [05:22<13:03,  2.08it/s]Sat Dec 19 22:24:54 2020[1,0]<stdout>:
Iteration:  29%|██▉       | 664/2294 [05:23<13:03,  2.08it/s]Sat Dec 19 22:24:54 2020[1,0]<stdout>:
Iteration:  29%|██▉       | 665/2294 [05:23<13:01,  2.08it/s]Sat Dec 19 22:24:55 2020[1,0]<stdout>:
Iteration:  29%|██▉       | 666/2294 [05:24<12:59,  2.09it/s]Sat Dec 19 22:24:55 2020[1,0]<stdout>:
Iteration:  29%|██▉       | 667/2294 [05:24<12:58,  2.09it/s]Sat Dec 19 22:24:56 2020[1,0]<stdout>:
Iteration:  29%|██▉       | 668/2294 [05:25<12:58,  2.09it/s]Sat Dec 19 22:24:56 2020[1,0]<stdout>:
Iteration:  29%|██▉       | 669/2294 [05:25<12:59,  2.08it/s]Sat Dec 19 22:24:57 2020[1,0]<stdout>:
Iteration:  29%|██▉       | 670/2294 [05:26<12:59,  2.08it/s]Sat Dec 19 22:24:57 2020[1,0]<stdout>:
Iteration:  29%|██▉       | 671/2294 [05:26<12:59,  2.08it/s]Sat Dec 19 22:24:58 2020[1,0]<stdout>:
Iteration:  29%|██▉       | 672/2294 [05:27<12:56,  2.09it/s]Sat Dec 19 22:24:58 2020[1,0]<stdout>:
Iteration:  29%|██▉       | 673/2294 [05:27<12:55,  2.09it/s]Sat Dec 19 22:24:58 2020[1,0]<stdout>:
Iteration:  29%|██▉       | 674/2294 [05:28<12:56,  2.09it/s]Sat Dec 19 22:24:59 2020[1,0]<stdout>:
Iteration:  29%|██▉       | 675/2294 [05:28<12:57,  2.08it/s]Sat Dec 19 22:24:59 2020[1,0]<stdout>:
Iteration:  29%|██▉       | 676/2294 [05:29<12:57,  2.08it/s]Sat Dec 19 22:25:00 2020[1,0]<stdout>:
Iteration:  30%|██▉       | 677/2294 [05:29<12:56,  2.08it/s]Sat Dec 19 22:25:00 2020[1,0]<stdout>:
Iteration:  30%|██▉       | 678/2294 [05:30<12:55,  2.08it/s]Sat Dec 19 22:25:01 2020[1,0]<stdout>:
Iteration:  30%|██▉       | 679/2294 [05:30<12:55,  2.08it/s]Sat Dec 19 22:25:01 2020[1,0]<stdout>:
Iteration:  30%|██▉       | 680/2294 [05:31<12:52,  2.09it/s]Sat Dec 19 22:25:02 2020[1,0]<stdout>:
Iteration:  30%|██▉       | 681/2294 [05:31<12:51,  2.09it/s]Sat Dec 19 22:25:02 2020[1,0]<stdout>:
Iteration:  30%|██▉       | 682/2294 [05:32<12:52,  2.09it/s]Sat Dec 19 22:25:03 2020[1,0]<stdout>:
Iteration:  30%|██▉       | 683/2294 [05:32<12:53,  2.08it/s]Sat Dec 19 22:25:03 2020[1,0]<stdout>:
Iteration:  30%|██▉       | 684/2294 [05:33<12:53,  2.08it/s]Sat Dec 19 22:25:04 2020[1,0]<stdout>:
Iteration:  30%|██▉       | 685/2294 [05:33<12:51,  2.09it/s]Sat Dec 19 22:25:04 2020[1,0]<stdout>:
Iteration:  30%|██▉       | 686/2294 [05:33<12:51,  2.08it/s]Sat Dec 19 22:25:05 2020[1,0]<stdout>:DLL 2020-12-19 22:25:05.271234 - Training Epoch: 0 Training Iteration: 30  final_loss : 8.117494583129883
Sat Dec 19 22:25:05 2020[1,0]<stdout>:DLL 2020-12-19 22:25:05.271443 - PARAMETER checkpoint_step : 30
Sat Dec 19 22:25:06 2020[1,0]<stdout>:DLL 2020-12-19 22:25:06.900010 -  e2e_train_time : 2562.0622477531433  training_sequences_per_second : 3179.9643837687286  final_loss : 8.117494583129883  raw_train_time : 2550.3681869506836
Sat Dec 19 22:25:06 2020[1,0]<stdout>: