Iteration:   0%|          | 0/1147 [00:00<?, ?it/s]Thu Jun  9 09:15:17 2022[1,1]<stdout>:[W pthreadpool-cpp.cc:99] Warning: Leaking Caffe2 thread-pool after fork. (function pthreadpool)
Iteration:   0%|          | 1/1147 [00:00<06:39,  2.87it/s]Thu Jun  9 09:15:17 2022[1,3]<stdout>:[W pthreadpool-cpp.cc:99] Warning: Leaking Caffe2 thread-pool after fork. (function pthreadpool)
Iteration:   0%|          | 2/1147 [00:00<05:41,  3.36it/s]Thu Jun  9 09:15:18 2022[1,3]<stdout>:[W pthreadpool-cpp.cc:99] Warning: Leaking Caffe2 thread-pool after fork. (function pthreadpool)
Iteration:   0%|          | 3/1147 [00:00<04:59,  3.82it/s]Thu Jun  9 09:15:18 2022[1,2]<stdout>:[W pthreadpool-cpp.cc:99] Warning: Leaking Caffe2 thread-pool after fork. (function pthreadpool)
Iteration:   0%|          | 4/1147 [00:00<04:30,  4.23it/s]Thu Jun  9 09:15:18 2022[1,1]<stdout>:[W pthreadpool-cpp.cc:99] Warning: Leaking Caffe2 thread-pool after fork. (function pthreadpool)
Iteration:   0%|          | 5/1147 [00:01<04:52,  3.91it/s]Thu Jun  9 09:15:18 2022[1,0]<stdout>:
Iteration:   1%|          | 6/1147 [00:01<04:24,  4.31it/s]Thu Jun  9 09:15:19 2022[1,1]<stdout>:[W pthreadpool-cpp.cc:99] Warning: Leaking Caffe2 thread-pool after fork. (function pthreadpool)
Iteration:   1%|          | 7/1147 [00:01<04:06,  4.63it/s]Thu Jun  9 09:15:19 2022[1,1]<stdout>:[W pthreadpool-cpp.cc:99] Warning: Leaking Caffe2 thread-pool after fork. (function pthreadpool)
Thu Jun  9 09:15:19 2022[1,0]<stdout>:
Iteration:   1%|          | 8/1147 [00:01<03:53,  4.89it/s]Thu Jun  9 09:15:19 2022[1,2]<stdout>:[W pthreadpool-cpp.cc:99] Warning: Leaking Caffe2 thread-pool after fork. (function pthreadpool)
Thu Jun  9 09:15:19 2022[1,2]<stdout>:[W pthreadpool-cpp.cc:99] Warning: Leaking Caffe2 thread-pool after fork. (function pthreadpool)
Thu Jun  9 09:15:19 2022[1,2]<stdout>:[W pthreadpool-cpp.cc:99] Warning: Leaking Caffe2 thread-pool after fork. (function pthreadpool)
Thu Jun  9 09:15:19 2022[1,2]<stdout>:[W pthreadpool-cpp.cc:99] Warning: Leaking Caffe2 thread-pool after fork. (function pthreadpool)
Thu Jun  9 09:15:19 2022[1,0]<stdout>:
Iteration:   1%|          | 9/1147 [00:01<03:43,  5.08it/s]Thu Jun  9 09:15:19 2022[1,0]<stdout>:[W pthreadpool-cpp.cc:99] Warning: Leaking Caffe2 thread-pool after fork. (function pthreadpool)
Thu Jun  9 09:15:19 2022[1,0]<stdout>:
Iteration:   1%|          | 10/1147 [00:02<03:37,  5.24it/s]Thu Jun  9 09:15:19 2022[1,0]<stdout>:[W pthreadpool-cpp.cc:99] Warning: Leaking Caffe2 thread-pool after fork. (function pthreadpool)
Thu Jun  9 09:15:19 2022[1,0]<stdout>:[W pthreadpool-cpp.cc:99] Warning: Leaking Caffe2 thread-pool after fork. (function pthreadpool)
Thu Jun  9 09:15:19 2022[1,0]<stdout>:[W pthreadpool-cpp.cc:99] Warning: Leaking Caffe2 thread-pool after fork. (function pthreadpool)
Thu Jun  9 09:15:19 2022[1,0]<stdout>:
Iteration:   1%|          | 11/1147 [00:02<03:32,  5.35it/s]Thu Jun  9 09:15:19 2022[1,0]<stdout>:[W pthreadpool-cpp.cc:99] Warning: Leaking Caffe2 thread-pool after fork. (function pthreadpool)
Thu Jun  9 09:15:19 2022[1,0]<stdout>:[W pthreadpool-cpp.cc:99] Warning: Leaking Caffe2 thread-pool after fork. (function pthreadpool)
Thu Jun  9 09:15:20 2022[1,0]<stdout>:
Iteration:   1%|          | 12/1147 [00:02<03:28,  5.44it/s]Thu Jun  9 09:15:20 2022[1,0]<stdout>:[W pthreadpool-cpp.cc:99] Warning: Leaking Caffe2 thread-pool after fork. (function pthreadpool)
Thu Jun  9 09:15:20 2022[1,0]<stdout>:[W pthreadpool-cpp.cc:99] Warning: Leaking Caffe2 thread-pool after fork. (function pthreadpool)
Thu Jun  9 09:15:20 2022[1,0]<stdout>:
Iteration:   1%|          | 13/1147 [00:02<03:26,  5.50it/s]Thu Jun  9 09:15:20 2022[1,0]<stdout>:[W pthreadpool-cpp.cc:99] Warning: Leaking Caffe2 thread-pool after fork. (function pthreadpool)
Thu Jun  9 09:15:20 2022[1,0]<stdout>:
Iteration:   1%|          | 14/1147 [00:02<03:24,  5.53it/s]Thu Jun  9 09:15:20 2022[1,0]<stdout>:[W pthreadpool-cpp.cc:99] Warning: Leaking Caffe2 thread-pool after fork. (function pthreadpool)
Thu Jun  9 09:15:20 2022[1,0]<stdout>:[W pthreadpool-cpp.cc:99] Warning: Leaking Caffe2 thread-pool after fork. (function pthreadpool)
Thu Jun  9 09:15:20 2022[1,0]<stdout>:[W pthreadpool-cpp.cc:99] Warning: Leaking Caffe2 thread-pool after fork. (function pthreadpool)
Thu Jun  9 09:15:20 2022[1,0]<stdout>:
Iteration:   1%|▏         | 15/1147 [00:02<03:23,  5.56it/s]Thu Jun  9 09:15:20 2022[1,2]<stdout>:[W pthreadpool-cpp.cc:99] Warning: Leaking Caffe2 thread-pool after fork. (function pthreadpool)
Thu Jun  9 09:15:20 2022[1,2]<stdout>:[W pthreadpool-cpp.cc:99] Warning: Leaking Caffe2 thread-pool after fork. (function pthreadpool)
Thu Jun  9 09:15:20 2022[1,0]<stdout>:
Iteration:   1%|▏         | 16/1147 [00:03<03:23,  5.57it/s]Thu Jun  9 09:15:20 2022[1,2]<stdout>:[W pthreadpool-cpp.cc:99] Warning: Leaking Caffe2 thread-pool after fork. (function pthreadpool)
Thu Jun  9 09:15:20 2022[1,2]<stdout>:[W pthreadpool-cpp.cc:99] Warning: Leaking Caffe2 thread-pool after fork. (function pthreadpool)
Thu Jun  9 09:15:20 2022[1,0]<stdout>:
Iteration:   1%|▏         | 17/1147 [00:03<03:22,  5.57it/s]Thu Jun  9 09:15:21 2022[1,2]<stdout>:[W pthreadpool-cpp.cc:99] Warning: Leaking Caffe2 thread-pool after fork. (function pthreadpool)
Thu Jun  9 09:15:21 2022[1,2]<stdout>:[W pthreadpool-cpp.cc:99] Warning: Leaking Caffe2 thread-pool after fork. (function pthreadpool)
Thu Jun  9 09:15:21 2022[1,0]<stdout>:
Iteration:   2%|▏         | 18/1147 [00:03<03:23,  5.56it/s]Thu Jun  9 09:15:21 2022[1,2]<stdout>:[W pthreadpool-cpp.cc:99] Warning: Leaking Caffe2 thread-pool after fork. (function pthreadpool)
Iteration:   2%|▏         | 19/1147 [00:03<03:23,  5.55it/s]Thu Jun  9 09:15:21 2022[1,0]<stdout>:
Iteration:   2%|▏         | 20/1147 [00:03<03:23,  5.55it/s]Thu Jun  9 09:15:21 2022[1,0]<stdout>:
Iteration:   2%|▏         | 21/1147 [00:04<03:22,  5.56it/s]Thu Jun  9 09:15:21 2022[1,0]<stdout>:
Iteration:   2%|▏         | 22/1147 [00:04<03:21,  5.58it/s]Thu Jun  9 09:15:21 2022[1,0]<stdout>:
Iteration:   2%|▏         | 23/1147 [00:04<03:20,  5.61it/s]Thu Jun  9 09:15:22 2022[1,0]<stdout>:
Iteration:   2%|▏         | 24/1147 [00:04<03:19,  5.63it/s]Thu Jun  9 09:15:22 2022[1,0]<stdout>:[W pthreadpool-cpp.cc:99] Warning: Leaking Caffe2 thread-pool after fork. (function pthreadpool)
Iteration:   2%|▏         | 25/1147 [00:04<03:19,  5.62it/s]Thu Jun  9 09:15:22 2022[1,0]<stdout>:[W pthreadpool-cpp.cc:99] Warning: Leaking Caffe2 thread-pool after fork. (function pthreadpool)
Iteration:   2%|▏         | 26/1147 [00:04<03:19,  5.62it/s]Thu Jun  9 09:15:22 2022[1,1]<stdout>:[W pthreadpool-cpp.cc:99] Warning: Leaking Caffe2 thread-pool after fork. (function pthreadpool)
Iteration:   2%|▏         | 27/1147 [00:05<03:18,  5.63it/s]Thu Jun  9 09:15:22 2022[1,3]<stdout>:[W pthreadpool-cpp.cc:99] Warning: Leaking Caffe2 thread-pool after fork. (function pthreadpool)
Iteration:   2%|▏         | 28/1147 [00:05<03:18,  5.64it/s]Thu Jun  9 09:15:23 2022[1,0]<stdout>:
Iteration:   3%|▎         | 29/1147 [00:05<03:18,  5.64it/s]Thu Jun  9 09:15:23 2022[1,0]<stdout>:
Iteration:   3%|▎         | 30/1147 [00:05<03:18,  5.63it/s]Thu Jun  9 09:15:23 2022[1,0]<stdout>:
Iteration:   3%|▎         | 31/1147 [00:05<03:18,  5.63it/s]Thu Jun  9 09:15:23 2022[1,0]<stdout>:
Iteration:   3%|▎         | 32/1147 [00:05<03:17,  5.64it/s]Thu Jun  9 09:15:23 2022[1,0]<stdout>:
Iteration:   3%|▎         | 33/1147 [00:06<03:17,  5.65it/s]Thu Jun  9 09:15:23 2022[1,0]<stdout>:
Iteration:   3%|▎         | 34/1147 [00:06<03:17,  5.64it/s]Thu Jun  9 09:15:24 2022[1,0]<stdout>:
Iteration:   3%|▎         | 35/1147 [00:06<03:17,  5.62it/s]Thu Jun  9 09:15:24 2022[1,0]<stdout>:
Iteration:   3%|▎         | 36/1147 [00:06<03:18,  5.61it/s]Thu Jun  9 09:15:24 2022[1,0]<stdout>:
Iteration:   3%|▎         | 37/1147 [00:06<03:18,  5.60it/s]Thu Jun  9 09:15:24 2022[1,0]<stdout>:
Iteration:   3%|▎         | 38/1147 [00:07<03:18,  5.59it/s]Thu Jun  9 09:15:24 2022[1,0]<stdout>:
Iteration:   3%|▎         | 39/1147 [00:07<03:18,  5.59it/s]Thu Jun  9 09:15:24 2022[1,0]<stdout>:
Iteration:   3%|▎         | 40/1147 [00:07<03:17,  5.59it/s]Thu Jun  9 09:15:25 2022[1,0]<stdout>:
Iteration:   4%|▎         | 41/1147 [00:07<03:17,  5.60it/s]Thu Jun  9 09:15:25 2022[1,0]<stdout>:
Iteration:   4%|▎         | 42/1147 [00:07<03:17,  5.60it/s]Thu Jun  9 09:15:25 2022[1,0]<stdout>:
Iteration:   4%|▎         | 43/1147 [00:07<03:16,  5.62it/s]Thu Jun  9 09:15:25 2022[1,0]<stdout>:
Iteration:   4%|▍         | 44/1147 [00:08<03:15,  5.63it/s]Thu Jun  9 09:15:25 2022[1,0]<stdout>:
Iteration:   4%|▍         | 45/1147 [00:08<03:15,  5.64it/s]Thu Jun  9 09:15:26 2022[1,0]<stdout>:
Iteration:   4%|▍         | 46/1147 [00:08<03:15,  5.64it/s]Thu Jun  9 09:15:26 2022[1,0]<stdout>:
Iteration:   4%|▍         | 47/1147 [00:08<03:15,  5.63it/s]Thu Jun  9 09:15:26 2022[1,0]<stdout>:
Iteration:   4%|▍         | 48/1147 [00:08<03:15,  5.63it/s]Thu Jun  9 09:15:26 2022[1,0]<stdout>:
Iteration:   4%|▍         | 49/1147 [00:09<03:15,  5.62it/s]Thu Jun  9 09:15:26 2022[1,0]<stdout>:
Iteration:   4%|▍         | 50/1147 [00:09<03:14,  5.63it/s]Thu Jun  9 09:15:26 2022[1,0]<stdout>:
Iteration:   4%|▍         | 51/1147 [00:09<03:14,  5.64it/s]Thu Jun  9 09:15:27 2022[1,0]<stdout>:
Iteration:   5%|▍         | 52/1147 [00:09<03:14,  5.62it/s]Thu Jun  9 09:15:27 2022[1,0]<stdout>:
Iteration:   5%|▍         | 53/1147 [00:09<03:15,  5.58it/s]Thu Jun  9 09:15:27 2022[1,0]<stdout>:
Iteration:   5%|▍         | 54/1147 [00:09<03:16,  5.57it/s]Thu Jun  9 09:15:27 2022[1,0]<stdout>:
Iteration:   5%|▍         | 55/1147 [00:10<03:16,  5.57it/s]Thu Jun  9 09:15:27 2022[1,0]<stdout>:
Iteration:   5%|▍         | 56/1147 [00:10<03:16,  5.56it/s]Thu Jun  9 09:15:28 2022[1,0]<stdout>:
Iteration:   5%|▍         | 57/1147 [00:10<03:15,  5.59it/s]Thu Jun  9 09:15:28 2022[1,0]<stdout>:
Iteration:   5%|▌         | 58/1147 [00:10<03:14,  5.61it/s]Thu Jun  9 09:15:28 2022[1,0]<stdout>:
Iteration:   5%|▌         | 59/1147 [00:10<03:13,  5.63it/s]Thu Jun  9 09:15:28 2022[1,0]<stdout>:
Iteration:   5%|▌         | 60/1147 [00:10<03:13,  5.63it/s]Thu Jun  9 09:15:28 2022[1,0]<stdout>:
Iteration:   5%|▌         | 61/1147 [00:11<03:13,  5.62it/s]Thu Jun  9 09:15:28 2022[1,0]<stdout>:
Iteration:   5%|▌         | 62/1147 [00:11<03:13,  5.61it/s]Thu Jun  9 09:15:29 2022[1,0]<stdout>:
Iteration:   5%|▌         | 63/1147 [00:11<03:13,  5.60it/s]Thu Jun  9 09:15:29 2022[1,0]<stdout>:
Iteration:   6%|▌         | 64/1147 [00:11<03:13,  5.61it/s]Thu Jun  9 09:15:29 2022[1,0]<stdout>:
Iteration:   6%|▌         | 65/1147 [00:11<03:12,  5.61it/s]Thu Jun  9 09:15:29 2022[1,0]<stdout>:
Iteration:   6%|▌         | 66/1147 [00:12<03:12,  5.63it/s]Thu Jun  9 09:15:29 2022[1,0]<stdout>:
Iteration:   6%|▌         | 67/1147 [00:12<03:11,  5.63it/s]Thu Jun  9 09:15:29 2022[1,0]<stdout>:
Iteration:   6%|▌         | 68/1147 [00:12<03:11,  5.63it/s]Thu Jun  9 09:15:30 2022[1,0]<stdout>:
Iteration:   6%|▌         | 69/1147 [00:12<03:12,  5.59it/s]Thu Jun  9 09:15:30 2022[1,0]<stdout>:
Iteration:   6%|▌         | 70/1147 [00:12<03:13,  5.56it/s]Thu Jun  9 09:15:30 2022[1,0]<stdout>:
Iteration:   6%|▌         | 71/1147 [00:12<03:13,  5.56it/s]Thu Jun  9 09:15:30 2022[1,0]<stdout>:
Iteration:   6%|▋         | 72/1147 [00:13<03:13,  5.57it/s]Thu Jun  9 09:15:30 2022[1,0]<stdout>:
Iteration:   6%|▋         | 73/1147 [00:13<03:11,  5.60it/s]Thu Jun  9 09:15:31 2022[1,0]<stdout>:
Iteration:   6%|▋         | 74/1147 [00:13<03:11,  5.61it/s]Thu Jun  9 09:15:31 2022[1,0]<stdout>:
Iteration:   7%|▋         | 75/1147 [00:13<03:11,  5.60it/s]Thu Jun  9 09:15:31 2022[1,0]<stdout>:
Iteration:   7%|▋         | 76/1147 [00:13<03:11,  5.60it/s]Thu Jun  9 09:15:31 2022[1,0]<stdout>:
Iteration:   7%|▋         | 77/1147 [00:14<03:10,  5.61it/s]Thu Jun  9 09:15:31 2022[1,0]<stdout>:
Iteration:   7%|▋         | 78/1147 [00:14<03:10,  5.62it/s]Thu Jun  9 09:15:32 2022[1,0]<stdout>:DLL 2022-06-09 09:15:32.489218 - Training Epoch: 0 Training Iteration: 22  average_loss : 8.306463068181818  step_loss : 8.3203125  learning_rate : 0.003098386676965934 
Thu Jun  9 09:15:32 2022[1,0]<stdout>:
Iteration:   7%|▋         | 79/1147 [00:14<06:03,  2.94it/s]Thu Jun  9 09:15:32 2022[1,0]<stdout>:
Iteration:   7%|▋         | 80/1147 [00:15<05:10,  3.43it/s]Thu Jun  9 09:15:32 2022[1,0]<stdout>:
Iteration:   7%|▋         | 81/1147 [00:15<04:34,  3.89it/s]Thu Jun  9 09:15:33 2022[1,0]<stdout>:
Iteration:   7%|▋         | 82/1147 [00:15<04:07,  4.30it/s]Thu Jun  9 09:15:33 2022[1,0]<stdout>:
Iteration:   7%|▋         | 83/1147 [00:15<03:49,  4.63it/s]Thu Jun  9 09:15:33 2022[1,0]<stdout>:
Iteration:   7%|▋         | 84/1147 [00:15<03:38,  4.87it/s]Thu Jun  9 09:15:33 2022[1,0]<stdout>:
Iteration:   7%|▋         | 85/1147 [00:15<03:30,  5.06it/s]Thu Jun  9 09:15:33 2022[1,0]<stdout>:
Iteration:   7%|▋         | 86/1147 [00:16<03:23,  5.20it/s]Thu Jun  9 09:15:33 2022[1,0]<stdout>:
Iteration:   8%|▊         | 87/1147 [00:16<03:18,  5.33it/s]Thu Jun  9 09:15:34 2022[1,0]<stdout>:
Iteration:   8%|▊         | 88/1147 [00:16<03:15,  5.43it/s]Thu Jun  9 09:15:34 2022[1,0]<stdout>:
Iteration:   8%|▊         | 89/1147 [00:16<03:12,  5.48it/s]Thu Jun  9 09:15:34 2022[1,0]<stdout>:
Iteration:   8%|▊         | 90/1147 [00:16<03:11,  5.53it/s]Thu Jun  9 09:15:34 2022[1,0]<stdout>:
Iteration:   8%|▊         | 91/1147 [00:17<03:10,  5.56it/s]Thu Jun  9 09:15:34 2022[1,0]<stdout>:
Iteration:   8%|▊         | 92/1147 [00:17<03:08,  5.59it/s]Thu Jun  9 09:15:34 2022[1,0]<stdout>:
Iteration:   8%|▊         | 93/1147 [00:17<03:08,  5.60it/s]Thu Jun  9 09:15:35 2022[1,0]<stdout>:
Iteration:   8%|▊         | 94/1147 [00:17<03:07,  5.62it/s]Thu Jun  9 09:15:35 2022[1,0]<stdout>:
Iteration:   8%|▊         | 95/1147 [00:17<03:07,  5.61it/s]Thu Jun  9 09:15:35 2022[1,0]<stdout>:
Iteration:   8%|▊         | 96/1147 [00:17<03:07,  5.62it/s]Thu Jun  9 09:15:35 2022[1,0]<stdout>:
Iteration:   8%|▊         | 97/1147 [00:18<03:06,  5.63it/s]Thu Jun  9 09:15:35 2022[1,0]<stdout>:
Iteration:   9%|▊         | 98/1147 [00:18<03:06,  5.63it/s]Thu Jun  9 09:15:36 2022[1,0]<stdout>:
Iteration:   9%|▊         | 99/1147 [00:18<03:06,  5.63it/s]Thu Jun  9 09:15:36 2022[1,0]<stdout>:
Iteration:   9%|▊         | 100/1147 [00:18<03:05,  5.64it/s]Thu Jun  9 09:15:36 2022[1,0]<stdout>:
Iteration:   9%|▉         | 101/1147 [00:18<03:05,  5.62it/s]Thu Jun  9 09:15:36 2022[1,0]<stdout>:
Iteration:   9%|▉         | 102/1147 [00:19<03:06,  5.59it/s]Thu Jun  9 09:15:36 2022[1,0]<stdout>:
Iteration:   9%|▉         | 103/1147 [00:19<03:07,  5.57it/s]Thu Jun  9 09:15:36 2022[1,0]<stdout>:
Iteration:   9%|▉         | 104/1147 [00:19<03:07,  5.57it/s]Thu Jun  9 09:15:37 2022[1,0]<stdout>:
Iteration:   9%|▉         | 105/1147 [00:19<03:06,  5.58it/s]Thu Jun  9 09:15:37 2022[1,0]<stdout>:
Iteration:   9%|▉         | 106/1147 [00:19<03:05,  5.60it/s]Thu Jun  9 09:15:37 2022[1,0]<stdout>:
Iteration:   9%|▉         | 107/1147 [00:19<03:05,  5.61it/s]Thu Jun  9 09:15:37 2022[1,0]<stdout>:
Iteration:   9%|▉         | 108/1147 [00:20<03:05,  5.61it/s]Thu Jun  9 09:15:37 2022[1,0]<stdout>:
Iteration:  10%|▉         | 109/1147 [00:20<03:04,  5.62it/s]Thu Jun  9 09:15:38 2022[1,0]<stdout>:
Iteration:  10%|▉         | 110/1147 [00:20<03:04,  5.64it/s]Thu Jun  9 09:15:38 2022[1,0]<stdout>:
Iteration:  10%|▉         | 111/1147 [00:20<03:03,  5.64it/s]Thu Jun  9 09:15:38 2022[1,0]<stdout>:
Iteration:  10%|▉         | 112/1147 [00:20<03:03,  5.63it/s]Thu Jun  9 09:15:38 2022[1,0]<stdout>:
Iteration:  10%|▉         | 113/1147 [00:20<03:03,  5.64it/s]Thu Jun  9 09:15:38 2022[1,0]<stdout>:
Iteration:  10%|▉         | 114/1147 [00:21<03:03,  5.64it/s]Thu Jun  9 09:15:38 2022[1,0]<stdout>:
Iteration:  10%|█         | 115/1147 [00:21<03:02,  5.64it/s]Thu Jun  9 09:15:39 2022[1,0]<stdout>:
Iteration:  10%|█         | 116/1147 [00:21<03:02,  5.64it/s]Thu Jun  9 09:15:39 2022[1,0]<stdout>:
Iteration:  10%|█         | 117/1147 [00:21<03:03,  5.63it/s]Thu Jun  9 09:15:39 2022[1,0]<stdout>:
Iteration:  10%|█         | 118/1147 [00:21<03:02,  5.63it/s]Thu Jun  9 09:15:39 2022[1,0]<stdout>:
Iteration:  10%|█         | 119/1147 [00:22<03:02,  5.64it/s]Thu Jun  9 09:15:39 2022[1,0]<stdout>:
Iteration:  10%|█         | 120/1147 [00:22<03:02,  5.63it/s]Thu Jun  9 09:15:39 2022[1,0]<stdout>:
Iteration:  11%|█         | 121/1147 [00:22<03:03,  5.59it/s]Thu Jun  9 09:15:40 2022[1,0]<stdout>:
Iteration:  11%|█         | 122/1147 [00:22<03:03,  5.57it/s]Thu Jun  9 09:15:40 2022[1,0]<stdout>:
Iteration:  11%|█         | 123/1147 [00:22<03:03,  5.57it/s]Thu Jun  9 09:15:40 2022[1,0]<stdout>:
Iteration:  11%|█         | 124/1147 [00:22<03:03,  5.57it/s]Thu Jun  9 09:15:40 2022[1,0]<stdout>:
Iteration:  11%|█         | 125/1147 [00:23<03:02,  5.60it/s]Thu Jun  9 09:15:40 2022[1,0]<stdout>:
Iteration:  11%|█         | 126/1147 [00:23<03:01,  5.62it/s]Thu Jun  9 09:15:41 2022[1,0]<stdout>:
Iteration:  11%|█         | 127/1147 [00:23<03:00,  5.64it/s]Thu Jun  9 09:15:41 2022[1,0]<stdout>:
Iteration:  11%|█         | 128/1147 [00:23<03:00,  5.63it/s]Thu Jun  9 09:15:41 2022[1,0]<stdout>:
Iteration:  11%|█         | 129/1147 [00:23<03:00,  5.63it/s]Thu Jun  9 09:15:41 2022[1,0]<stdout>:
Iteration:  11%|█▏        | 130/1147 [00:23<03:00,  5.63it/s]Thu Jun  9 09:15:41 2022[1,0]<stdout>:
Iteration:  11%|█▏        | 131/1147 [00:24<03:00,  5.64it/s]Thu Jun  9 09:15:41 2022[1,0]<stdout>:
Iteration:  12%|█▏        | 132/1147 [00:24<02:59,  5.64it/s]Thu Jun  9 09:15:42 2022[1,0]<stdout>:
Iteration:  12%|█▏        | 133/1147 [00:24<02:59,  5.65it/s]Thu Jun  9 09:15:42 2022[1,0]<stdout>:
Iteration:  12%|█▏        | 134/1147 [00:24<02:59,  5.65it/s]Thu Jun  9 09:15:42 2022[1,0]<stdout>:
Iteration:  12%|█▏        | 135/1147 [00:24<02:59,  5.63it/s]Thu Jun  9 09:15:42 2022[1,0]<stdout>:
Iteration:  12%|█▏        | 136/1147 [00:25<03:00,  5.60it/s]Thu Jun  9 09:15:42 2022[1,0]<stdout>:
Iteration:  12%|█▏        | 137/1147 [00:25<03:01,  5.57it/s]Thu Jun  9 09:15:42 2022[1,0]<stdout>:
Iteration:  12%|█▏        | 138/1147 [00:25<03:02,  5.54it/s]Thu Jun  9 09:15:43 2022[1,0]<stdout>:
Iteration:  12%|█▏        | 139/1147 [00:25<03:01,  5.55it/s]Thu Jun  9 09:15:43 2022[1,0]<stdout>:
Iteration:  12%|█▏        | 140/1147 [00:25<03:01,  5.56it/s]Thu Jun  9 09:15:43 2022[1,0]<stdout>:
Iteration:  12%|█▏        | 141/1147 [00:25<03:00,  5.59it/s]Thu Jun  9 09:15:43 2022[1,0]<stdout>:
Iteration:  12%|█▏        | 142/1147 [00:26<02:59,  5.61it/s]Thu Jun  9 09:15:43 2022[1,0]<stdout>:
Iteration:  12%|█▏        | 143/1147 [00:26<02:58,  5.61it/s]Thu Jun  9 09:15:44 2022[1,0]<stdout>:
Iteration:  13%|█▎        | 144/1147 [00:26<02:58,  5.61it/s]Thu Jun  9 09:15:44 2022[1,0]<stdout>:
Iteration:  13%|█▎        | 145/1147 [00:26<02:58,  5.63it/s]Thu Jun  9 09:15:44 2022[1,0]<stdout>:
Iteration:  13%|█▎        | 146/1147 [00:26<02:57,  5.64it/s]Thu Jun  9 09:15:44 2022[1,0]<stdout>:
Iteration:  13%|█▎        | 147/1147 [00:27<02:57,  5.64it/s]Thu Jun  9 09:15:44 2022[1,0]<stdout>:
Iteration:  13%|█▎        | 148/1147 [00:27<02:57,  5.63it/s]Thu Jun  9 09:15:44 2022[1,0]<stdout>:
Iteration:  13%|█▎        | 149/1147 [00:27<02:57,  5.62it/s]Thu Jun  9 09:15:45 2022[1,0]<stdout>:
Iteration:  13%|█▎        | 150/1147 [00:27<02:57,  5.63it/s]Thu Jun  9 09:15:45 2022[1,0]<stdout>:
Iteration:  13%|█▎        | 151/1147 [00:27<02:56,  5.63it/s]Thu Jun  9 09:15:45 2022[1,0]<stdout>:
Iteration:  13%|█▎        | 152/1147 [00:27<02:56,  5.65it/s]Thu Jun  9 09:15:45 2022[1,0]<stdout>:
Iteration:  13%|█▎        | 153/1147 [00:28<02:56,  5.64it/s]Thu Jun  9 09:15:45 2022[1,0]<stdout>:
Iteration:  13%|█▎        | 154/1147 [00:28<02:56,  5.62it/s]Thu Jun  9 09:15:46 2022[1,0]<stdout>:
Iteration:  14%|█▎        | 155/1147 [00:28<02:57,  5.60it/s]Thu Jun  9 09:15:46 2022[1,0]<stdout>:
Iteration:  14%|█▎        | 156/1147 [00:28<02:57,  5.58it/s]Thu Jun  9 09:15:46 2022[1,0]<stdout>:
Iteration:  14%|█▎        | 157/1147 [00:28<02:57,  5.57it/s]Thu Jun  9 09:15:46 2022[1,0]<stdout>:
Iteration:  14%|█▍        | 158/1147 [00:28<02:56,  5.59it/s]Thu Jun  9 09:15:46 2022[1,0]<stdout>:
Iteration:  14%|█▍        | 159/1147 [00:29<02:56,  5.61it/s]Thu Jun  9 09:15:46 2022[1,0]<stdout>:
Iteration:  14%|█▍        | 160/1147 [00:29<02:55,  5.63it/s]Thu Jun  9 09:15:47 2022[1,0]<stdout>:
Iteration:  14%|█▍        | 161/1147 [00:29<02:55,  5.63it/s]Thu Jun  9 09:15:47 2022[1,0]<stdout>:
Iteration:  14%|█▍        | 162/1147 [00:29<02:54,  5.63it/s]Thu Jun  9 09:15:47 2022[1,0]<stdout>:
Iteration:  14%|█▍        | 163/1147 [00:29<02:54,  5.62it/s]Thu Jun  9 09:15:47 2022[1,0]<stdout>:
Iteration:  14%|█▍        | 164/1147 [00:30<02:55,  5.61it/s]Thu Jun  9 09:15:47 2022[1,0]<stdout>:
Iteration:  14%|█▍        | 165/1147 [00:30<02:54,  5.62it/s]Thu Jun  9 09:15:47 2022[1,0]<stdout>:
Iteration:  14%|█▍        | 166/1147 [00:30<02:54,  5.62it/s]Thu Jun  9 09:15:48 2022[1,0]<stdout>:DLL 2022-06-09 09:15:48.673882 - Training Epoch: 0 Training Iteration: 23  average_loss : 8.269176136363637  step_loss : 8.3046875  learning_rate : 0.0028982753492378874 
Thu Jun  9 09:15:48 2022[1,0]<stdout>:
Iteration:  15%|█▍        | 167/1147 [00:31<05:26,  3.00it/s]Thu Jun  9 09:15:48 2022[1,0]<stdout>:
Iteration:  15%|█▍        | 168/1147 [00:31<04:40,  3.49it/s]Thu Jun  9 09:15:49 2022[1,0]<stdout>:
Iteration:  15%|█▍        | 169/1147 [00:31<04:08,  3.94it/s]Thu Jun  9 09:15:49 2022[1,0]<stdout>:
Iteration:  15%|█▍        | 170/1147 [00:31<03:46,  4.32it/s]Thu Jun  9 09:15:49 2022[1,0]<stdout>:
Iteration:  15%|█▍        | 171/1147 [00:31<03:30,  4.64it/s]Thu Jun  9 09:15:49 2022[1,0]<stdout>:
Iteration:  15%|█▍        | 172/1147 [00:31<03:18,  4.90it/s]Thu Jun  9 09:15:49 2022[1,0]<stdout>:
Iteration:  15%|█▌        | 173/1147 [00:32<03:11,  5.10it/s]Thu Jun  9 09:15:49 2022[1,0]<stdout>:
Iteration:  15%|█▌        | 174/1147 [00:32<03:05,  5.24it/s]Thu Jun  9 09:15:50 2022[1,0]<stdout>:
Iteration:  15%|█▌        | 175/1147 [00:32<03:01,  5.35it/s]Thu Jun  9 09:15:50 2022[1,0]<stdout>:
Iteration:  15%|█▌        | 176/1147 [00:32<02:58,  5.45it/s]Thu Jun  9 09:15:50 2022[1,0]<stdout>:
Iteration:  15%|█▌        | 177/1147 [00:32<02:55,  5.51it/s]Thu Jun  9 09:15:50 2022[1,0]<stdout>:
Iteration:  16%|█▌        | 178/1147 [00:33<02:54,  5.55it/s]Thu Jun  9 09:15:50 2022[1,0]<stdout>:
Iteration:  16%|█▌        | 179/1147 [00:33<02:53,  5.58it/s]Thu Jun  9 09:15:50 2022[1,0]<stdout>:
Iteration:  16%|█▌        | 180/1147 [00:33<02:53,  5.59it/s]Thu Jun  9 09:15:51 2022[1,0]<stdout>:
Iteration:  16%|█▌        | 181/1147 [00:33<02:52,  5.59it/s]Thu Jun  9 09:15:51 2022[1,0]<stdout>:
Iteration:  16%|█▌        | 182/1147 [00:33<02:52,  5.60it/s]Thu Jun  9 09:15:51 2022[1,0]<stdout>:
Iteration:  16%|█▌        | 183/1147 [00:33<02:52,  5.60it/s]Thu Jun  9 09:15:51 2022[1,0]<stdout>:
Iteration:  16%|█▌        | 184/1147 [00:34<02:51,  5.62it/s]Thu Jun  9 09:15:51 2022[1,0]<stdout>:
Iteration:  16%|█▌        | 185/1147 [00:34<02:51,  5.63it/s]Thu Jun  9 09:15:52 2022[1,0]<stdout>:
Iteration:  16%|█▌        | 186/1147 [00:34<02:51,  5.62it/s]Thu Jun  9 09:15:52 2022[1,0]<stdout>:
Iteration:  16%|█▋        | 187/1147 [00:34<02:51,  5.60it/s]Thu Jun  9 09:15:52 2022[1,0]<stdout>:
Iteration:  16%|█▋        | 188/1147 [00:34<02:51,  5.58it/s]Thu Jun  9 09:15:52 2022[1,0]<stdout>:
Iteration:  16%|█▋        | 189/1147 [00:35<02:51,  5.58it/s]Thu Jun  9 09:15:52 2022[1,0]<stdout>:
Iteration:  17%|█▋        | 190/1147 [00:35<02:50,  5.60it/s]Thu Jun  9 09:15:52 2022[1,0]<stdout>:
Iteration:  17%|█▋        | 191/1147 [00:35<02:50,  5.62it/s]Thu Jun  9 09:15:53 2022[1,0]<stdout>:
Iteration:  17%|█▋        | 192/1147 [00:35<02:49,  5.63it/s]Thu Jun  9 09:15:53 2022[1,0]<stdout>:
Iteration:  17%|█▋        | 193/1147 [00:35<02:49,  5.63it/s]Thu Jun  9 09:15:53 2022[1,0]<stdout>:
Iteration:  17%|█▋        | 194/1147 [00:35<02:49,  5.64it/s]Thu Jun  9 09:15:53 2022[1,0]<stdout>:
Iteration:  17%|█▋        | 195/1147 [00:36<02:48,  5.64it/s]Thu Jun  9 09:15:53 2022[1,0]<stdout>:
Iteration:  17%|█▋        | 196/1147 [00:36<02:48,  5.65it/s]Thu Jun  9 09:15:54 2022[1,0]<stdout>:
Iteration:  17%|█▋        | 197/1147 [00:36<02:48,  5.65it/s]Thu Jun  9 09:15:54 2022[1,0]<stdout>:
Iteration:  17%|█▋        | 198/1147 [00:36<02:48,  5.64it/s]Thu Jun  9 09:15:54 2022[1,0]<stdout>:
Iteration:  17%|█▋        | 199/1147 [00:36<02:48,  5.62it/s]Thu Jun  9 09:15:54 2022[1,0]<stdout>:
Iteration:  17%|█▋        | 200/1147 [00:36<02:48,  5.61it/s]Thu Jun  9 09:15:54 2022[1,0]<stdout>:
Iteration:  18%|█▊        | 201/1147 [00:37<02:48,  5.60it/s]Thu Jun  9 09:15:54 2022[1,0]<stdout>:
Iteration:  18%|█▊        | 202/1147 [00:37<02:48,  5.60it/s]Thu Jun  9 09:15:55 2022[1,0]<stdout>:
Iteration:  18%|█▊        | 203/1147 [00:37<02:48,  5.61it/s]Thu Jun  9 09:15:55 2022[1,0]<stdout>:
Iteration:  18%|█▊        | 204/1147 [00:37<02:48,  5.61it/s]Thu Jun  9 09:15:55 2022[1,0]<stdout>:
Iteration:  18%|█▊        | 205/1147 [00:37<02:48,  5.60it/s]Thu Jun  9 09:15:55 2022[1,0]<stdout>:
Iteration:  18%|█▊        | 206/1147 [00:38<02:47,  5.60it/s]Thu Jun  9 09:15:55 2022[1,0]<stdout>:
Iteration:  18%|█▊        | 207/1147 [00:38<02:47,  5.61it/s]Thu Jun  9 09:15:55 2022[1,0]<stdout>:
Iteration:  18%|█▊        | 208/1147 [00:38<02:47,  5.61it/s]Thu Jun  9 09:15:56 2022[1,0]<stdout>:
Iteration:  18%|█▊        | 209/1147 [00:38<02:46,  5.63it/s]Thu Jun  9 09:15:56 2022[1,0]<stdout>:
Iteration:  18%|█▊        | 210/1147 [00:38<02:46,  5.64it/s]Thu Jun  9 09:15:56 2022[1,0]<stdout>:
Iteration:  18%|█▊        | 211/1147 [00:38<02:45,  5.64it/s]Thu Jun  9 09:15:56 2022[1,0]<stdout>:
Iteration:  18%|█▊        | 212/1147 [00:39<02:45,  5.64it/s]Thu Jun  9 09:15:56 2022[1,0]<stdout>:
Iteration:  19%|█▊        | 213/1147 [00:39<02:45,  5.65it/s]Thu Jun  9 09:15:57 2022[1,0]<stdout>:
Iteration:  19%|█▊        | 214/1147 [00:39<02:45,  5.65it/s]Thu Jun  9 09:15:57 2022[1,0]<stdout>:
Iteration:  19%|█▊        | 215/1147 [00:39<02:45,  5.64it/s]Thu Jun  9 09:15:57 2022[1,0]<stdout>:
Iteration:  19%|█▉        | 216/1147 [00:39<02:45,  5.64it/s]Thu Jun  9 09:15:57 2022[1,0]<stdout>:
Iteration:  19%|█▉        | 217/1147 [00:39<02:44,  5.65it/s]Thu Jun  9 09:15:57 2022[1,0]<stdout>:
Iteration:  19%|█▉        | 218/1147 [00:40<02:44,  5.65it/s]Thu Jun  9 09:15:57 2022[1,0]<stdout>:
Iteration:  19%|█▉        | 219/1147 [00:40<02:44,  5.65it/s]Thu Jun  9 09:15:58 2022[1,0]<stdout>:
Iteration:  19%|█▉        | 220/1147 [00:40<02:44,  5.65it/s]Thu Jun  9 09:15:58 2022[1,0]<stdout>:
Iteration:  19%|█▉        | 221/1147 [00:40<02:44,  5.64it/s]Thu Jun  9 09:15:58 2022[1,0]<stdout>:
Iteration:  19%|█▉        | 222/1147 [00:40<02:44,  5.63it/s]Thu Jun  9 09:15:58 2022[1,0]<stdout>:
Iteration:  19%|█▉        | 223/1147 [00:41<02:44,  5.61it/s]Thu Jun  9 09:15:58 2022[1,0]<stdout>:
Iteration:  20%|█▉        | 224/1147 [00:41<02:44,  5.60it/s]Thu Jun  9 09:15:58 2022[1,0]<stdout>:
Iteration:  20%|█▉        | 225/1147 [00:41<02:45,  5.58it/s]Thu Jun  9 09:15:59 2022[1,0]<stdout>:
Iteration:  20%|█▉        | 226/1147 [00:41<02:44,  5.59it/s]Thu Jun  9 09:15:59 2022[1,0]<stdout>:
Iteration:  20%|█▉        | 227/1147 [00:41<02:44,  5.61it/s]Thu Jun  9 09:15:59 2022[1,0]<stdout>:
Iteration:  20%|█▉        | 228/1147 [00:41<02:43,  5.62it/s]Thu Jun  9 09:15:59 2022[1,0]<stdout>:
Iteration:  20%|█▉        | 229/1147 [00:42<02:42,  5.63it/s]Thu Jun  9 09:15:59 2022[1,0]<stdout>:
Iteration:  20%|██        | 230/1147 [00:42<02:42,  5.63it/s]Thu Jun  9 09:16:00 2022[1,0]<stdout>:
Iteration:  20%|██        | 231/1147 [00:42<02:42,  5.63it/s]Thu Jun  9 09:16:00 2022[1,0]<stdout>:
Iteration:  20%|██        | 232/1147 [00:42<02:42,  5.64it/s]Thu Jun  9 09:16:00 2022[1,0]<stdout>:
Iteration:  20%|██        | 233/1147 [00:42<02:41,  5.64it/s]Thu Jun  9 09:16:00 2022[1,0]<stdout>:
Iteration:  20%|██        | 234/1147 [00:43<02:41,  5.65it/s]Thu Jun  9 09:16:00 2022[1,0]<stdout>:
Iteration:  20%|██        | 235/1147 [00:43<02:41,  5.65it/s]Thu Jun  9 09:16:00 2022[1,0]<stdout>:
Iteration:  21%|██        | 236/1147 [00:43<02:41,  5.64it/s]Thu Jun  9 09:16:01 2022[1,0]<stdout>:
Iteration:  21%|██        | 237/1147 [00:43<02:42,  5.62it/s]Thu Jun  9 09:16:01 2022[1,0]<stdout>:
Iteration:  21%|██        | 238/1147 [00:43<02:42,  5.59it/s]Thu Jun  9 09:16:01 2022[1,0]<stdout>:
Iteration:  21%|██        | 239/1147 [00:43<02:43,  5.57it/s]Thu Jun  9 09:16:01 2022[1,0]<stdout>:
Iteration:  21%|██        | 240/1147 [00:44<02:43,  5.56it/s]Thu Jun  9 09:16:01 2022[1,0]<stdout>:
Iteration:  21%|██        | 241/1147 [00:44<02:43,  5.55it/s]Thu Jun  9 09:16:02 2022[1,0]<stdout>:
Iteration:  21%|██        | 242/1147 [00:44<02:42,  5.57it/s]Thu Jun  9 09:16:02 2022[1,0]<stdout>:
Iteration:  21%|██        | 243/1147 [00:44<02:41,  5.60it/s]Thu Jun  9 09:16:02 2022[1,0]<stdout>:
Iteration:  21%|██▏       | 244/1147 [00:44<02:40,  5.62it/s]Thu Jun  9 09:16:02 2022[1,0]<stdout>:
Iteration:  21%|██▏       | 245/1147 [00:44<02:40,  5.63it/s]Thu Jun  9 09:16:02 2022[1,0]<stdout>:
Iteration:  21%|██▏       | 246/1147 [00:45<02:40,  5.63it/s]Thu Jun  9 09:16:02 2022[1,0]<stdout>:
Iteration:  22%|██▏       | 247/1147 [00:45<02:40,  5.62it/s]Thu Jun  9 09:16:03 2022[1,0]<stdout>:
Iteration:  22%|██▏       | 248/1147 [00:45<02:39,  5.63it/s]Thu Jun  9 09:16:03 2022[1,0]<stdout>:
Iteration:  22%|██▏       | 249/1147 [00:45<02:39,  5.64it/s]Thu Jun  9 09:16:03 2022[1,0]<stdout>:
Iteration:  22%|██▏       | 250/1147 [00:45<02:38,  5.65it/s]Thu Jun  9 09:16:03 2022[1,0]<stdout>:
Iteration:  22%|██▏       | 251/1147 [00:46<02:38,  5.65it/s]Thu Jun  9 09:16:03 2022[1,0]<stdout>:
Iteration:  22%|██▏       | 252/1147 [00:46<02:38,  5.64it/s]Thu Jun  9 09:16:03 2022[1,0]<stdout>:
Iteration:  22%|██▏       | 253/1147 [00:46<02:39,  5.62it/s]Thu Jun  9 09:16:04 2022[1,0]<stdout>:
Iteration:  22%|██▏       | 254/1147 [00:46<02:39,  5.59it/s]Thu Jun  9 09:16:04 2022[1,0]<stdout>:DLL 2022-06-09 09:16:04.831715 - Training Epoch: 0 Training Iteration: 24  average_loss : 8.235973011363637  step_loss : 8.1640625  learning_rate : 0.002683281572999747 
Thu Jun  9 09:16:04 2022[1,0]<stdout>:
Iteration:  22%|██▏       | 255/1147 [00:47<04:54,  3.03it/s]Thu Jun  9 09:16:05 2022[1,0]<stdout>:
Iteration:  22%|██▏       | 256/1147 [00:47<04:12,  3.52it/s]Thu Jun  9 09:16:05 2022[1,0]<stdout>:
Iteration:  22%|██▏       | 257/1147 [00:47<03:44,  3.97it/s]Thu Jun  9 09:16:05 2022[1,0]<stdout>:
Iteration:  22%|██▏       | 258/1147 [00:47<03:23,  4.36it/s]Thu Jun  9 09:16:05 2022[1,0]<stdout>:
Iteration:  23%|██▎       | 259/1147 [00:47<03:10,  4.67it/s]Thu Jun  9 09:16:05 2022[1,0]<stdout>:
Iteration:  23%|██▎       | 260/1147 [00:48<03:00,  4.92it/s]Thu Jun  9 09:16:05 2022[1,0]<stdout>:
Iteration:  23%|██▎       | 261/1147 [00:48<02:52,  5.13it/s]Thu Jun  9 09:16:06 2022[1,0]<stdout>:
Iteration:  23%|██▎       | 262/1147 [00:48<02:47,  5.28it/s]Thu Jun  9 09:16:06 2022[1,0]<stdout>:
Iteration:  23%|██▎       | 263/1147 [00:48<02:44,  5.39it/s]Thu Jun  9 09:16:06 2022[1,0]<stdout>:
Iteration:  23%|██▎       | 264/1147 [00:48<02:41,  5.46it/s]Thu Jun  9 09:16:06 2022[1,0]<stdout>:
Iteration:  23%|██▎       | 265/1147 [00:49<02:39,  5.52it/s]Thu Jun  9 09:16:06 2022[1,0]<stdout>:
Iteration:  23%|██▎       | 266/1147 [00:49<02:38,  5.57it/s]Thu Jun  9 09:16:06 2022[1,0]<stdout>:
Iteration:  23%|██▎       | 267/1147 [00:49<02:37,  5.59it/s]Thu Jun  9 09:16:07 2022[1,0]<stdout>:
Iteration:  23%|██▎       | 268/1147 [00:49<02:37,  5.60it/s]Thu Jun  9 09:16:07 2022[1,0]<stdout>:
Iteration:  23%|██▎       | 269/1147 [00:49<02:36,  5.60it/s]Thu Jun  9 09:16:07 2022[1,0]<stdout>:
Iteration:  24%|██▎       | 270/1147 [00:49<02:36,  5.60it/s]Thu Jun  9 09:16:07 2022[1,0]<stdout>:
Iteration:  24%|██▎       | 271/1147 [00:50<02:35,  5.62it/s]Thu Jun  9 09:16:07 2022[1,0]<stdout>:
Iteration:  24%|██▎       | 272/1147 [00:50<02:35,  5.62it/s]Thu Jun  9 09:16:08 2022[1,0]<stdout>:
Iteration:  24%|██▍       | 273/1147 [00:50<02:36,  5.60it/s]Thu Jun  9 09:16:08 2022[1,0]<stdout>:
Iteration:  24%|██▍       | 274/1147 [00:50<02:36,  5.59it/s]Thu Jun  9 09:16:08 2022[1,0]<stdout>:
Iteration:  24%|██▍       | 275/1147 [00:50<02:36,  5.58it/s]Thu Jun  9 09:16:08 2022[1,0]<stdout>:
Iteration:  24%|██▍       | 276/1147 [00:50<02:36,  5.58it/s]Thu Jun  9 09:16:08 2022[1,0]<stdout>:
Iteration:  24%|██▍       | 277/1147 [00:51<02:35,  5.60it/s]Thu Jun  9 09:16:08 2022[1,0]<stdout>:
Iteration:  24%|██▍       | 278/1147 [00:51<02:34,  5.63it/s]Thu Jun  9 09:16:09 2022[1,0]<stdout>:
Iteration:  24%|██▍       | 279/1147 [00:51<02:33,  5.64it/s]Thu Jun  9 09:16:09 2022[1,0]<stdout>:
Iteration:  24%|██▍       | 280/1147 [00:51<02:33,  5.64it/s]Thu Jun  9 09:16:09 2022[1,0]<stdout>:
Iteration:  24%|██▍       | 281/1147 [00:51<02:33,  5.63it/s]Thu Jun  9 09:16:09 2022[1,0]<stdout>:
Iteration:  25%|██▍       | 282/1147 [00:52<02:33,  5.63it/s]Thu Jun  9 09:16:09 2022[1,0]<stdout>:
Iteration:  25%|██▍       | 283/1147 [00:52<02:32,  5.65it/s]Thu Jun  9 09:16:09 2022[1,0]<stdout>:
Iteration:  25%|██▍       | 284/1147 [00:52<02:32,  5.65it/s]Thu Jun  9 09:16:10 2022[1,0]<stdout>:
Iteration:  25%|██▍       | 285/1147 [00:52<02:32,  5.64it/s]Thu Jun  9 09:16:10 2022[1,0]<stdout>:
Iteration:  25%|██▍       | 286/1147 [00:52<02:33,  5.62it/s]Thu Jun  9 09:16:10 2022[1,0]<stdout>:
Iteration:  25%|██▌       | 287/1147 [00:52<02:33,  5.59it/s]Thu Jun  9 09:16:10 2022[1,0]<stdout>:
Iteration:  25%|██▌       | 288/1147 [00:53<02:34,  5.57it/s]Thu Jun  9 09:16:10 2022[1,0]<stdout>:
Iteration:  25%|██▌       | 289/1147 [00:53<02:34,  5.55it/s]Thu Jun  9 09:16:11 2022[1,0]<stdout>:
Iteration:  25%|██▌       | 290/1147 [00:53<02:34,  5.55it/s]Thu Jun  9 09:16:11 2022[1,0]<stdout>:
Iteration:  25%|██▌       | 291/1147 [00:53<02:34,  5.55it/s]Thu Jun  9 09:16:11 2022[1,0]<stdout>:
Iteration:  25%|██▌       | 292/1147 [00:53<02:33,  5.57it/s]Thu Jun  9 09:16:11 2022[1,0]<stdout>:
Iteration:  26%|██▌       | 293/1147 [00:54<02:32,  5.60it/s]Thu Jun  9 09:16:11 2022[1,0]<stdout>:
Iteration:  26%|██▌       | 294/1147 [00:54<02:32,  5.61it/s]Thu Jun  9 09:16:11 2022[1,0]<stdout>:
Iteration:  26%|██▌       | 295/1147 [00:54<02:31,  5.61it/s]Thu Jun  9 09:16:12 2022[1,0]<stdout>:
Iteration:  26%|██▌       | 296/1147 [00:54<02:31,  5.62it/s]Thu Jun  9 09:16:12 2022[1,0]<stdout>:
Iteration:  26%|██▌       | 297/1147 [00:54<02:31,  5.62it/s]Thu Jun  9 09:16:12 2022[1,0]<stdout>:
Iteration:  26%|██▌       | 298/1147 [00:54<02:30,  5.64it/s]Thu Jun  9 09:16:12 2022[1,0]<stdout>:
Iteration:  26%|██▌       | 299/1147 [00:55<02:30,  5.65it/s]Thu Jun  9 09:16:12 2022[1,0]<stdout>:
Iteration:  26%|██▌       | 300/1147 [00:55<02:29,  5.65it/s]Thu Jun  9 09:16:13 2022[1,0]<stdout>:
Iteration:  26%|██▌       | 301/1147 [00:55<02:29,  5.65it/s]Thu Jun  9 09:16:13 2022[1,0]<stdout>:
Iteration:  26%|██▋       | 302/1147 [00:55<02:30,  5.63it/s]Thu Jun  9 09:16:13 2022[1,0]<stdout>:
Iteration:  26%|██▋       | 303/1147 [00:55<02:30,  5.62it/s]Thu Jun  9 09:16:13 2022[1,0]<stdout>:
Iteration:  27%|██▋       | 304/1147 [00:55<02:29,  5.63it/s]Thu Jun  9 09:16:13 2022[1,0]<stdout>:
Iteration:  27%|██▋       | 305/1147 [00:56<02:29,  5.63it/s]Thu Jun  9 09:16:13 2022[1,0]<stdout>:
Iteration:  27%|██▋       | 306/1147 [00:56<02:29,  5.62it/s]Thu Jun  9 09:16:14 2022[1,0]<stdout>:
Iteration:  27%|██▋       | 307/1147 [00:56<02:29,  5.60it/s]Thu Jun  9 09:16:14 2022[1,0]<stdout>:
Iteration:  27%|██▋       | 308/1147 [00:56<02:30,  5.59it/s]Thu Jun  9 09:16:14 2022[1,0]<stdout>:
Iteration:  27%|██▋       | 309/1147 [00:56<02:30,  5.58it/s]Thu Jun  9 09:16:14 2022[1,0]<stdout>:
Iteration:  27%|██▋       | 310/1147 [00:57<02:29,  5.60it/s]Thu Jun  9 09:16:14 2022[1,0]<stdout>:
Iteration:  27%|██▋       | 311/1147 [00:57<02:28,  5.62it/s]Thu Jun  9 09:16:14 2022[1,0]<stdout>:
Iteration:  27%|██▋       | 312/1147 [00:57<02:28,  5.63it/s]Thu Jun  9 09:16:15 2022[1,0]<stdout>:
Iteration:  27%|██▋       | 313/1147 [00:57<02:28,  5.63it/s]Thu Jun  9 09:16:15 2022[1,0]<stdout>:
Iteration:  27%|██▋       | 314/1147 [00:57<02:27,  5.63it/s]Thu Jun  9 09:16:15 2022[1,0]<stdout>:
Iteration:  27%|██▋       | 315/1147 [00:57<02:27,  5.65it/s]Thu Jun  9 09:16:15 2022[1,0]<stdout>:
Iteration:  28%|██▊       | 316/1147 [00:58<02:26,  5.66it/s]Thu Jun  9 09:16:15 2022[1,0]<stdout>:
Iteration:  28%|██▊       | 317/1147 [00:58<02:26,  5.66it/s]Thu Jun  9 09:16:16 2022[1,0]<stdout>:
Iteration:  28%|██▊       | 318/1147 [00:58<02:26,  5.65it/s]Thu Jun  9 09:16:16 2022[1,0]<stdout>:
Iteration:  28%|██▊       | 319/1147 [00:58<02:27,  5.63it/s]Thu Jun  9 09:16:16 2022[1,0]<stdout>:
Iteration:  28%|██▊       | 320/1147 [00:58<02:27,  5.61it/s]Thu Jun  9 09:16:16 2022[1,0]<stdout>:
Iteration:  28%|██▊       | 321/1147 [00:58<02:27,  5.61it/s]Thu Jun  9 09:16:16 2022[1,0]<stdout>:
Iteration:  28%|██▊       | 322/1147 [00:59<02:26,  5.64it/s]Thu Jun  9 09:16:16 2022[1,0]<stdout>:
Iteration:  28%|██▊       | 323/1147 [00:59<02:26,  5.63it/s]Thu Jun  9 09:16:17 2022[1,0]<stdout>:
Iteration:  28%|██▊       | 324/1147 [00:59<02:26,  5.62it/s]Thu Jun  9 09:16:17 2022[1,0]<stdout>:
Iteration:  28%|██▊       | 325/1147 [00:59<02:26,  5.60it/s]Thu Jun  9 09:16:17 2022[1,0]<stdout>:
Iteration:  28%|██▊       | 326/1147 [00:59<02:26,  5.59it/s]Thu Jun  9 09:16:17 2022[1,0]<stdout>:
Iteration:  29%|██▊       | 327/1147 [01:00<02:26,  5.60it/s]Thu Jun  9 09:16:17 2022[1,0]<stdout>:
Iteration:  29%|██▊       | 328/1147 [01:00<02:26,  5.60it/s]Thu Jun  9 09:16:17 2022[1,0]<stdout>:
Iteration:  29%|██▊       | 329/1147 [01:00<02:25,  5.62it/s]Thu Jun  9 09:16:18 2022[1,0]<stdout>:
Iteration:  29%|██▉       | 330/1147 [01:00<02:24,  5.64it/s]Thu Jun  9 09:16:18 2022[1,0]<stdout>:
Iteration:  29%|██▉       | 331/1147 [01:00<02:24,  5.64it/s]Thu Jun  9 09:16:18 2022[1,0]<stdout>:
Iteration:  29%|██▉       | 332/1147 [01:00<02:24,  5.63it/s]Thu Jun  9 09:16:18 2022[1,0]<stdout>:
Iteration:  29%|██▉       | 333/1147 [01:01<02:24,  5.64it/s]Thu Jun  9 09:16:18 2022[1,0]<stdout>:
Iteration:  29%|██▉       | 334/1147 [01:01<02:23,  5.65it/s]Thu Jun  9 09:16:19 2022[1,0]<stdout>:
Iteration:  29%|██▉       | 335/1147 [01:01<02:23,  5.65it/s]Thu Jun  9 09:16:19 2022[1,0]<stdout>:
Iteration:  29%|██▉       | 336/1147 [01:01<02:23,  5.65it/s]Thu Jun  9 09:16:19 2022[1,0]<stdout>:
Iteration:  29%|██▉       | 337/1147 [01:01<02:23,  5.63it/s]Thu Jun  9 09:16:19 2022[1,0]<stdout>:
Iteration:  29%|██▉       | 338/1147 [01:02<02:23,  5.63it/s]Thu Jun  9 09:16:19 2022[1,0]<stdout>:
Iteration:  30%|██▉       | 339/1147 [01:02<02:23,  5.63it/s]Thu Jun  9 09:16:19 2022[1,0]<stdout>:
Iteration:  30%|██▉       | 340/1147 [01:02<02:23,  5.63it/s]Thu Jun  9 09:16:20 2022[1,0]<stdout>:
Iteration:  30%|██▉       | 341/1147 [01:02<02:23,  5.62it/s]Thu Jun  9 09:16:20 2022[1,0]<stdout>:
Iteration:  30%|██▉       | 342/1147 [01:02<02:23,  5.61it/s]Thu Jun  9 09:16:21 2022[1,0]<stdout>:DLL 2022-06-09 09:16:21.021487 - Training Epoch: 0 Training Iteration: 25  average_loss : 8.208629261363637  step_loss : 8.203125  learning_rate : 0.002449489742783178 
Thu Jun  9 09:16:21 2022[1,0]<stdout>:
Iteration:  30%|██▉       | 343/1147 [01:03<04:33,  2.93it/s]Thu Jun  9 09:16:21 2022[1,0]<stdout>:
Iteration:  30%|██▉       | 344/1147 [01:03<03:53,  3.43it/s]Thu Jun  9 09:16:21 2022[1,0]<stdout>:
Iteration:  30%|███       | 345/1147 [01:03<03:26,  3.89it/s]Thu Jun  9 09:16:21 2022[1,0]<stdout>:
Iteration:  30%|███       | 346/1147 [01:03<03:06,  4.29it/s]Thu Jun  9 09:16:21 2022[1,0]<stdout>:
Iteration:  30%|███       | 347/1147 [01:04<02:52,  4.63it/s]Thu Jun  9 09:16:21 2022[1,0]<stdout>:
Iteration:  30%|███       | 348/1147 [01:04<02:43,  4.90it/s]Thu Jun  9 09:16:22 2022[1,0]<stdout>:
Iteration:  30%|███       | 349/1147 [01:04<02:36,  5.10it/s]Thu Jun  9 09:16:22 2022[1,0]<stdout>:
Iteration:  31%|███       | 350/1147 [01:04<02:32,  5.24it/s]Thu Jun  9 09:16:22 2022[1,0]<stdout>:
Iteration:  31%|███       | 351/1147 [01:04<02:29,  5.34it/s]Thu Jun  9 09:16:22 2022[1,0]<stdout>:
Iteration:  31%|███       | 352/1147 [01:05<02:26,  5.41it/s]Thu Jun  9 09:16:22 2022[1,0]<stdout>:
Iteration:  31%|███       | 353/1147 [01:05<02:25,  5.46it/s]Thu Jun  9 09:16:22 2022[1,0]<stdout>:
Iteration:  31%|███       | 354/1147 [01:05<02:23,  5.51it/s]Thu Jun  9 09:16:23 2022[1,0]<stdout>:
Iteration:  31%|███       | 355/1147 [01:05<02:23,  5.54it/s]Thu Jun  9 09:16:23 2022[1,0]<stdout>:
Iteration:  31%|███       | 356/1147 [01:05<02:22,  5.55it/s]Thu Jun  9 09:16:23 2022[1,0]<stdout>:
Iteration:  31%|███       | 357/1147 [01:05<02:21,  5.57it/s]Thu Jun  9 09:16:23 2022[1,0]<stdout>:
Iteration:  31%|███       | 358/1147 [01:06<02:21,  5.59it/s]Thu Jun  9 09:16:23 2022[1,0]<stdout>:
Iteration:  31%|███▏      | 359/1147 [01:06<02:20,  5.61it/s]Thu Jun  9 09:16:24 2022[1,0]<stdout>:
Iteration:  31%|███▏      | 360/1147 [01:06<02:19,  5.63it/s]Thu Jun  9 09:16:24 2022[1,0]<stdout>:
Iteration:  31%|███▏      | 361/1147 [01:06<02:19,  5.64it/s]Thu Jun  9 09:16:24 2022[1,0]<stdout>:
Iteration:  32%|███▏      | 362/1147 [01:06<02:19,  5.63it/s]Thu Jun  9 09:16:24 2022[1,0]<stdout>:
Iteration:  32%|███▏      | 363/1147 [01:06<02:19,  5.63it/s]Thu Jun  9 09:16:24 2022[1,0]<stdout>:
Iteration:  32%|███▏      | 364/1147 [01:07<02:18,  5.64it/s]Thu Jun  9 09:16:24 2022[1,0]<stdout>:
Iteration:  32%|███▏      | 365/1147 [01:07<02:18,  5.65it/s]Thu Jun  9 09:16:25 2022[1,0]<stdout>:
Iteration:  32%|███▏      | 366/1147 [01:07<02:18,  5.65it/s]Thu Jun  9 09:16:25 2022[1,0]<stdout>:
Iteration:  32%|███▏      | 367/1147 [01:07<02:18,  5.64it/s]Thu Jun  9 09:16:25 2022[1,0]<stdout>:
Iteration:  32%|███▏      | 368/1147 [01:07<02:18,  5.62it/s]Thu Jun  9 09:16:25 2022[1,0]<stdout>:
Iteration:  32%|███▏      | 369/1147 [01:08<02:19,  5.59it/s]Thu Jun  9 09:16:25 2022[1,0]<stdout>:
Iteration:  32%|███▏      | 370/1147 [01:08<02:19,  5.57it/s]Thu Jun  9 09:16:26 2022[1,0]<stdout>:
Iteration:  32%|███▏      | 371/1147 [01:08<02:19,  5.56it/s]Thu Jun  9 09:16:26 2022[1,0]<stdout>:
Iteration:  32%|███▏      | 372/1147 [01:08<02:19,  5.56it/s]Thu Jun  9 09:16:26 2022[1,0]<stdout>:
Iteration:  33%|███▎      | 373/1147 [01:08<02:18,  5.58it/s]Thu Jun  9 09:16:26 2022[1,0]<stdout>:
Iteration:  33%|███▎      | 374/1147 [01:08<02:17,  5.61it/s]Thu Jun  9 09:16:26 2022[1,0]<stdout>:
Iteration:  33%|███▎      | 375/1147 [01:09<02:17,  5.63it/s]Thu Jun  9 09:16:26 2022[1,0]<stdout>:
Iteration:  33%|███▎      | 376/1147 [01:09<02:16,  5.63it/s]Thu Jun  9 09:16:27 2022[1,0]<stdout>:
Iteration:  33%|███▎      | 377/1147 [01:09<02:16,  5.63it/s]Thu Jun  9 09:16:27 2022[1,0]<stdout>:
Iteration:  33%|███▎      | 378/1147 [01:09<02:16,  5.63it/s]Thu Jun  9 09:16:27 2022[1,0]<stdout>:
Iteration:  33%|███▎      | 379/1147 [01:09<02:16,  5.64it/s]Thu Jun  9 09:16:27 2022[1,0]<stdout>:
Iteration:  33%|███▎      | 380/1147 [01:10<02:15,  5.65it/s]Thu Jun  9 09:16:27 2022[1,0]<stdout>:
Iteration:  33%|███▎      | 381/1147 [01:10<02:15,  5.64it/s]Thu Jun  9 09:16:27 2022[1,0]<stdout>:
Iteration:  33%|███▎      | 382/1147 [01:10<02:15,  5.65it/s]Thu Jun  9 09:16:28 2022[1,0]<stdout>:
Iteration:  33%|███▎      | 383/1147 [01:10<02:15,  5.66it/s]Thu Jun  9 09:16:28 2022[1,0]<stdout>:
Iteration:  33%|███▎      | 384/1147 [01:10<02:14,  5.65it/s]Thu Jun  9 09:16:28 2022[1,0]<stdout>:
Iteration:  34%|███▎      | 385/1147 [01:10<02:15,  5.64it/s]Thu Jun  9 09:16:28 2022[1,0]<stdout>:
Iteration:  34%|███▎      | 386/1147 [01:11<02:15,  5.61it/s]Thu Jun  9 09:16:28 2022[1,0]<stdout>:
Iteration:  34%|███▎      | 387/1147 [01:11<02:16,  5.58it/s]Thu Jun  9 09:16:29 2022[1,0]<stdout>:
Iteration:  34%|███▍      | 388/1147 [01:11<02:16,  5.57it/s]Thu Jun  9 09:16:29 2022[1,0]<stdout>:
Iteration:  34%|███▍      | 389/1147 [01:11<02:15,  5.58it/s]Thu Jun  9 09:16:29 2022[1,0]<stdout>:
Iteration:  34%|███▍      | 390/1147 [01:11<02:15,  5.59it/s]Thu Jun  9 09:16:29 2022[1,0]<stdout>:
Iteration:  34%|███▍      | 391/1147 [01:11<02:14,  5.61it/s]Thu Jun  9 09:16:29 2022[1,0]<stdout>:
Iteration:  34%|███▍      | 392/1147 [01:12<02:14,  5.62it/s]Thu Jun  9 09:16:29 2022[1,0]<stdout>:
Iteration:  34%|███▍      | 393/1147 [01:12<02:14,  5.62it/s]Thu Jun  9 09:16:30 2022[1,0]<stdout>:
Iteration:  34%|███▍      | 394/1147 [01:12<02:13,  5.62it/s]Thu Jun  9 09:16:30 2022[1,0]<stdout>:
Iteration:  34%|███▍      | 395/1147 [01:12<02:13,  5.63it/s]Thu Jun  9 09:16:30 2022[1,0]<stdout>:
Iteration:  35%|███▍      | 396/1147 [01:12<02:13,  5.64it/s]Thu Jun  9 09:16:30 2022[1,0]<stdout>:
Iteration:  35%|███▍      | 397/1147 [01:13<02:12,  5.65it/s]Thu Jun  9 09:16:30 2022[1,0]<stdout>:
Iteration:  35%|███▍      | 398/1147 [01:13<02:12,  5.64it/s]Thu Jun  9 09:16:30 2022[1,0]<stdout>:
Iteration:  35%|███▍      | 399/1147 [01:13<02:12,  5.63it/s]Thu Jun  9 09:16:31 2022[1,0]<stdout>:
Iteration:  35%|███▍      | 400/1147 [01:13<02:12,  5.62it/s]Thu Jun  9 09:16:31 2022[1,0]<stdout>:
Iteration:  35%|███▍      | 401/1147 [01:13<02:12,  5.61it/s]Thu Jun  9 09:16:31 2022[1,0]<stdout>:
Iteration:  35%|███▌      | 402/1147 [01:13<02:12,  5.63it/s]Thu Jun  9 09:16:31 2022[1,0]<stdout>:
Iteration:  35%|███▌      | 403/1147 [01:14<02:12,  5.62it/s]Thu Jun  9 09:16:31 2022[1,0]<stdout>:
Iteration:  35%|███▌      | 404/1147 [01:14<02:12,  5.61it/s]Thu Jun  9 09:16:32 2022[1,0]<stdout>:
Iteration:  35%|███▌      | 405/1147 [01:14<02:12,  5.60it/s]Thu Jun  9 09:16:32 2022[1,0]<stdout>:
Iteration:  35%|███▌      | 406/1147 [01:14<02:12,  5.59it/s]Thu Jun  9 09:16:32 2022[1,0]<stdout>:
Iteration:  35%|███▌      | 407/1147 [01:14<02:12,  5.59it/s]Thu Jun  9 09:16:32 2022[1,0]<stdout>:
Iteration:  36%|███▌      | 408/1147 [01:15<02:11,  5.61it/s]Thu Jun  9 09:16:32 2022[1,0]<stdout>:
Iteration:  36%|███▌      | 409/1147 [01:15<02:11,  5.63it/s]Thu Jun  9 09:16:32 2022[1,0]<stdout>:
Iteration:  36%|███▌      | 410/1147 [01:15<02:10,  5.64it/s]Thu Jun  9 09:16:33 2022[1,0]<stdout>:
Iteration:  36%|███▌      | 411/1147 [01:15<02:10,  5.64it/s]Thu Jun  9 09:16:33 2022[1,0]<stdout>:
Iteration:  36%|███▌      | 412/1147 [01:15<02:10,  5.63it/s]Thu Jun  9 09:16:33 2022[1,0]<stdout>:
Iteration:  36%|███▌      | 413/1147 [01:15<02:10,  5.64it/s]Thu Jun  9 09:16:33 2022[1,0]<stdout>:
Iteration:  36%|███▌      | 414/1147 [01:16<02:09,  5.66it/s]Thu Jun  9 09:16:33 2022[1,0]<stdout>:
Iteration:  36%|███▌      | 415/1147 [01:16<02:09,  5.66it/s]Thu Jun  9 09:16:34 2022[1,0]<stdout>:
Iteration:  36%|███▋      | 416/1147 [01:16<02:09,  5.65it/s]Thu Jun  9 09:16:34 2022[1,0]<stdout>:
Iteration:  36%|███▋      | 417/1147 [01:16<02:09,  5.64it/s]Thu Jun  9 09:16:34 2022[1,0]<stdout>:
Iteration:  36%|███▋      | 418/1147 [01:16<02:09,  5.62it/s]Thu Jun  9 09:16:34 2022[1,0]<stdout>:
Iteration:  37%|███▋      | 419/1147 [01:16<02:09,  5.61it/s]Thu Jun  9 09:16:34 2022[1,0]<stdout>:
Iteration:  37%|███▋      | 420/1147 [01:17<02:09,  5.60it/s]Thu Jun  9 09:16:34 2022[1,0]<stdout>:
Iteration:  37%|███▋      | 421/1147 [01:17<02:09,  5.60it/s]Thu Jun  9 09:16:35 2022[1,0]<stdout>:
Iteration:  37%|███▋      | 422/1147 [01:17<02:09,  5.60it/s]Thu Jun  9 09:16:35 2022[1,0]<stdout>:
Iteration:  37%|███▋      | 423/1147 [01:17<02:09,  5.60it/s]Thu Jun  9 09:16:35 2022[1,0]<stdout>:
Iteration:  37%|███▋      | 424/1147 [01:17<02:08,  5.61it/s]Thu Jun  9 09:16:35 2022[1,0]<stdout>:
Iteration:  37%|███▋      | 425/1147 [01:18<02:08,  5.61it/s]Thu Jun  9 09:16:35 2022[1,0]<stdout>:
Iteration:  37%|███▋      | 426/1147 [01:18<02:08,  5.63it/s]Thu Jun  9 09:16:35 2022[1,0]<stdout>:
Iteration:  37%|███▋      | 427/1147 [01:18<02:07,  5.65it/s]Thu Jun  9 09:16:36 2022[1,0]<stdout>:
Iteration:  37%|███▋      | 428/1147 [01:18<02:07,  5.64it/s]Thu Jun  9 09:16:36 2022[1,0]<stdout>:
Iteration:  37%|███▋      | 429/1147 [01:18<02:07,  5.64it/s]Thu Jun  9 09:16:36 2022[1,0]<stdout>:
Iteration:  37%|███▋      | 430/1147 [01:18<02:07,  5.64it/s]Thu Jun  9 09:16:37 2022[1,0]<stdout>:DLL 2022-06-09 09:16:37.208844 - Training Epoch: 0 Training Iteration: 26  average_loss : 8.175071022727273  step_loss : 8.3046875  learning_rate : 0.0021908902300206644 
Thu Jun  9 09:16:37 2022[1,0]<stdout>:
Iteration:  38%|███▊      | 431/1147 [01:19<04:02,  2.95it/s]Thu Jun  9 09:16:37 2022[1,0]<stdout>:
Iteration:  38%|███▊      | 432/1147 [01:19<03:27,  3.45it/s]Thu Jun  9 09:16:37 2022[1,0]<stdout>:
Iteration:  38%|███▊      | 433/1147 [01:19<03:03,  3.90it/s]Thu Jun  9 09:16:37 2022[1,0]<stdout>:
Iteration:  38%|███▊      | 434/1147 [01:20<02:46,  4.28it/s]Thu Jun  9 09:16:37 2022[1,0]<stdout>:
Iteration:  38%|███▊      | 435/1147 [01:20<02:34,  4.60it/s]Thu Jun  9 09:16:38 2022[1,0]<stdout>:
Iteration:  38%|███▊      | 436/1147 [01:20<02:26,  4.86it/s]Thu Jun  9 09:16:38 2022[1,0]<stdout>:
Iteration:  38%|███▊      | 437/1147 [01:20<02:19,  5.07it/s]Thu Jun  9 09:16:38 2022[1,0]<stdout>:
Iteration:  38%|███▊      | 438/1147 [01:20<02:15,  5.23it/s]Thu Jun  9 09:16:38 2022[1,0]<stdout>:
Iteration:  38%|███▊      | 439/1147 [01:21<02:12,  5.33it/s]Thu Jun  9 09:16:38 2022[1,0]<stdout>:
Iteration:  38%|███▊      | 440/1147 [01:21<02:10,  5.43it/s]Thu Jun  9 09:16:38 2022[1,0]<stdout>:
Iteration:  38%|███▊      | 441/1147 [01:21<02:08,  5.50it/s]Thu Jun  9 09:16:39 2022[1,0]<stdout>:
Iteration:  39%|███▊      | 442/1147 [01:21<02:06,  5.55it/s]Thu Jun  9 09:16:39 2022[1,0]<stdout>:
Iteration:  39%|███▊      | 443/1147 [01:21<02:06,  5.58it/s]Thu Jun  9 09:16:39 2022[1,0]<stdout>:
Iteration:  39%|███▊      | 444/1147 [01:21<02:05,  5.60it/s]Thu Jun  9 09:16:39 2022[1,0]<stdout>:
Iteration:  39%|███▉      | 445/1147 [01:22<02:04,  5.62it/s]Thu Jun  9 09:16:39 2022[1,0]<stdout>:
Iteration:  39%|███▉      | 446/1147 [01:22<02:04,  5.64it/s]Thu Jun  9 09:16:40 2022[1,0]<stdout>:
Iteration:  39%|███▉      | 447/1147 [01:22<02:04,  5.64it/s]Thu Jun  9 09:16:40 2022[1,0]<stdout>:
Iteration:  39%|███▉      | 448/1147 [01:22<02:03,  5.65it/s]Thu Jun  9 09:16:40 2022[1,0]<stdout>:
Iteration:  39%|███▉      | 449/1147 [01:22<02:03,  5.65it/s]Thu Jun  9 09:16:40 2022[1,0]<stdout>:
Iteration:  39%|███▉      | 450/1147 [01:22<02:03,  5.65it/s]Thu Jun  9 09:16:40 2022[1,0]<stdout>:
Iteration:  39%|███▉      | 451/1147 [01:23<02:03,  5.64it/s]Thu Jun  9 09:16:40 2022[1,0]<stdout>:
Iteration:  39%|███▉      | 452/1147 [01:23<02:03,  5.62it/s]Thu Jun  9 09:16:41 2022[1,0]<stdout>:
Iteration:  39%|███▉      | 453/1147 [01:23<02:03,  5.61it/s]Thu Jun  9 09:16:41 2022[1,0]<stdout>:
Iteration:  40%|███▉      | 454/1147 [01:23<02:03,  5.60it/s]Thu Jun  9 09:16:41 2022[1,0]<stdout>:
Iteration:  40%|███▉      | 455/1147 [01:23<02:03,  5.60it/s]Thu Jun  9 09:16:41 2022[1,0]<stdout>:
Iteration:  40%|███▉      | 456/1147 [01:24<02:03,  5.59it/s]Thu Jun  9 09:16:41 2022[1,0]<stdout>:
Iteration:  40%|███▉      | 457/1147 [01:24<02:03,  5.59it/s]Thu Jun  9 09:16:42 2022[1,0]<stdout>:
Iteration:  40%|███▉      | 458/1147 [01:24<02:03,  5.60it/s]Thu Jun  9 09:16:42 2022[1,0]<stdout>:
Iteration:  40%|████      | 459/1147 [01:24<02:02,  5.60it/s]Thu Jun  9 09:16:42 2022[1,0]<stdout>:
Iteration:  40%|████      | 460/1147 [01:24<02:02,  5.60it/s]Thu Jun  9 09:16:42 2022[1,0]<stdout>:
Iteration:  40%|████      | 461/1147 [01:24<02:02,  5.62it/s]Thu Jun  9 09:16:42 2022[1,0]<stdout>:
Iteration:  40%|████      | 462/1147 [01:25<02:01,  5.64it/s]Thu Jun  9 09:16:42 2022[1,0]<stdout>:
Iteration:  40%|████      | 463/1147 [01:25<02:01,  5.64it/s]Thu Jun  9 09:16:43 2022[1,0]<stdout>:
Iteration:  40%|████      | 464/1147 [01:25<02:01,  5.63it/s]Thu Jun  9 09:16:43 2022[1,0]<stdout>:
Iteration:  41%|████      | 465/1147 [01:25<02:01,  5.63it/s]Thu Jun  9 09:16:43 2022[1,0]<stdout>:
Iteration:  41%|████      | 466/1147 [01:25<02:01,  5.63it/s]Thu Jun  9 09:16:43 2022[1,0]<stdout>:
Iteration:  41%|████      | 467/1147 [01:26<02:00,  5.63it/s]Thu Jun  9 09:16:43 2022[1,0]<stdout>:
Iteration:  41%|████      | 468/1147 [01:26<02:00,  5.63it/s]Thu Jun  9 09:16:43 2022[1,0]<stdout>:
Iteration:  41%|████      | 469/1147 [01:26<02:00,  5.61it/s]Thu Jun  9 09:16:44 2022[1,0]<stdout>:
Iteration:  41%|████      | 470/1147 [01:26<02:00,  5.60it/s]Thu Jun  9 09:16:44 2022[1,0]<stdout>:
Iteration:  41%|████      | 471/1147 [01:26<02:00,  5.61it/s]Thu Jun  9 09:16:44 2022[1,0]<stdout>:
Iteration:  41%|████      | 472/1147 [01:26<02:00,  5.60it/s]Thu Jun  9 09:16:44 2022[1,0]<stdout>:
Iteration:  41%|████      | 473/1147 [01:27<02:00,  5.58it/s]Thu Jun  9 09:16:44 2022[1,0]<stdout>:
Iteration:  41%|████▏     | 474/1147 [01:27<02:00,  5.58it/s]Thu Jun  9 09:16:45 2022[1,0]<stdout>:
Iteration:  41%|████▏     | 475/1147 [01:27<02:00,  5.59it/s]Thu Jun  9 09:16:45 2022[1,0]<stdout>:
Iteration:  41%|████▏     | 476/1147 [01:27<01:59,  5.61it/s]Thu Jun  9 09:16:45 2022[1,0]<stdout>:
Iteration:  42%|████▏     | 477/1147 [01:27<01:59,  5.62it/s]Thu Jun  9 09:16:45 2022[1,0]<stdout>:
Iteration:  42%|████▏     | 478/1147 [01:27<01:58,  5.63it/s]Thu Jun  9 09:16:45 2022[1,0]<stdout>:
Iteration:  42%|████▏     | 479/1147 [01:28<01:58,  5.64it/s]Thu Jun  9 09:16:45 2022[1,0]<stdout>:
Iteration:  42%|████▏     | 480/1147 [01:28<01:58,  5.65it/s]Thu Jun  9 09:16:46 2022[1,0]<stdout>:
Iteration:  42%|████▏     | 481/1147 [01:28<01:57,  5.65it/s]Thu Jun  9 09:16:46 2022[1,0]<stdout>:
Iteration:  42%|████▏     | 482/1147 [01:28<01:57,  5.64it/s]Thu Jun  9 09:16:46 2022[1,0]<stdout>:
Iteration:  42%|████▏     | 483/1147 [01:28<01:57,  5.64it/s]Thu Jun  9 09:16:46 2022[1,0]<stdout>:
Iteration:  42%|████▏     | 484/1147 [01:29<01:57,  5.65it/s]Thu Jun  9 09:16:46 2022[1,0]<stdout>:
Iteration:  42%|████▏     | 485/1147 [01:29<01:57,  5.66it/s]Thu Jun  9 09:16:46 2022[1,0]<stdout>:
Iteration:  42%|████▏     | 486/1147 [01:29<01:56,  5.65it/s]Thu Jun  9 09:16:47 2022[1,0]<stdout>:
Iteration:  42%|████▏     | 487/1147 [01:29<01:56,  5.64it/s]Thu Jun  9 09:16:47 2022[1,0]<stdout>:
Iteration:  43%|████▎     | 488/1147 [01:29<01:57,  5.63it/s]Thu Jun  9 09:16:47 2022[1,0]<stdout>:
Iteration:  43%|████▎     | 489/1147 [01:29<01:57,  5.61it/s]Thu Jun  9 09:16:47 2022[1,0]<stdout>:
Iteration:  43%|████▎     | 490/1147 [01:30<01:57,  5.61it/s]Thu Jun  9 09:16:47 2022[1,0]<stdout>:
Iteration:  43%|████▎     | 491/1147 [01:30<01:56,  5.63it/s]Thu Jun  9 09:16:48 2022[1,0]<stdout>:
Iteration:  43%|████▎     | 492/1147 [01:30<01:56,  5.63it/s]Thu Jun  9 09:16:48 2022[1,0]<stdout>:
Iteration:  43%|████▎     | 493/1147 [01:30<01:56,  5.61it/s]Thu Jun  9 09:16:48 2022[1,0]<stdout>:
Iteration:  43%|████▎     | 494/1147 [01:30<01:56,  5.59it/s]Thu Jun  9 09:16:48 2022[1,0]<stdout>:
Iteration:  43%|████▎     | 495/1147 [01:31<01:56,  5.58it/s]Thu Jun  9 09:16:48 2022[1,0]<stdout>:
Iteration:  43%|████▎     | 496/1147 [01:31<01:56,  5.60it/s]Thu Jun  9 09:16:48 2022[1,0]<stdout>:
Iteration:  43%|████▎     | 497/1147 [01:31<01:55,  5.62it/s]Thu Jun  9 09:16:49 2022[1,0]<stdout>:
Iteration:  43%|████▎     | 498/1147 [01:31<01:55,  5.63it/s]Thu Jun  9 09:16:49 2022[1,0]<stdout>:
Iteration:  44%|████▎     | 499/1147 [01:31<01:55,  5.63it/s]Thu Jun  9 09:16:49 2022[1,0]<stdout>:
Iteration:  44%|████▎     | 500/1147 [01:31<01:54,  5.63it/s]Thu Jun  9 09:16:49 2022[1,0]<stdout>:
Iteration:  44%|████▎     | 501/1147 [01:32<01:54,  5.65it/s]Thu Jun  9 09:16:49 2022[1,0]<stdout>:
Iteration:  44%|████▍     | 502/1147 [01:32<01:54,  5.66it/s]Thu Jun  9 09:16:50 2022[1,0]<stdout>:
Iteration:  44%|████▍     | 503/1147 [01:32<01:53,  5.65it/s]Thu Jun  9 09:16:50 2022[1,0]<stdout>:
Iteration:  44%|████▍     | 504/1147 [01:32<01:53,  5.64it/s]Thu Jun  9 09:16:50 2022[1,0]<stdout>:
Iteration:  44%|████▍     | 505/1147 [01:32<01:53,  5.64it/s]Thu Jun  9 09:16:50 2022[1,0]<stdout>:
Iteration:  44%|████▍     | 506/1147 [01:32<01:53,  5.65it/s]Thu Jun  9 09:16:50 2022[1,0]<stdout>:
Iteration:  44%|████▍     | 507/1147 [01:33<01:53,  5.65it/s]Thu Jun  9 09:16:50 2022[1,0]<stdout>:
Iteration:  44%|████▍     | 508/1147 [01:33<01:53,  5.65it/s]Thu Jun  9 09:16:51 2022[1,0]<stdout>:
Iteration:  44%|████▍     | 509/1147 [01:33<01:53,  5.63it/s]Thu Jun  9 09:16:51 2022[1,0]<stdout>:
Iteration:  44%|████▍     | 510/1147 [01:33<01:53,  5.61it/s]Thu Jun  9 09:16:51 2022[1,0]<stdout>:
Iteration:  45%|████▍     | 511/1147 [01:33<01:53,  5.60it/s]Thu Jun  9 09:16:51 2022[1,0]<stdout>:
Iteration:  45%|████▍     | 512/1147 [01:34<01:53,  5.60it/s]Thu Jun  9 09:16:51 2022[1,0]<stdout>:
Iteration:  45%|████▍     | 513/1147 [01:34<01:53,  5.60it/s]Thu Jun  9 09:16:51 2022[1,0]<stdout>:
Iteration:  45%|████▍     | 514/1147 [01:34<01:52,  5.62it/s]Thu Jun  9 09:16:52 2022[1,0]<stdout>:
Iteration:  45%|████▍     | 515/1147 [01:34<01:52,  5.63it/s]Thu Jun  9 09:16:52 2022[1,0]<stdout>:
Iteration:  45%|████▍     | 516/1147 [01:34<01:52,  5.63it/s]Thu Jun  9 09:16:52 2022[1,0]<stdout>:
Iteration:  45%|████▌     | 517/1147 [01:34<01:51,  5.63it/s]Thu Jun  9 09:16:52 2022[1,0]<stdout>:
Iteration:  45%|████▌     | 518/1147 [01:35<01:51,  5.64it/s]Thu Jun  9 09:16:53 2022[1,0]<stdout>:DLL 2022-06-09 09:16:53.379789 - Training Epoch: 0 Training Iteration: 27  average_loss : 8.161931818181818  step_loss : 8.171875  learning_rate : 0.0018973665961010274 
Thu Jun  9 09:16:53 2022[1,0]<stdout>:
Iteration:  45%|████▌     | 519/1147 [01:35<03:31,  2.97it/s]Thu Jun  9 09:16:53 2022[1,0]<stdout>:
Iteration:  45%|████▌     | 520/1147 [01:35<03:00,  3.48it/s]Thu Jun  9 09:16:53 2022[1,0]<stdout>:
Iteration:  45%|████▌     | 521/1147 [01:36<02:39,  3.93it/s]Thu Jun  9 09:16:53 2022[1,0]<stdout>:
Iteration:  46%|████▌     | 522/1147 [01:36<02:24,  4.32it/s]Thu Jun  9 09:16:54 2022[1,0]<stdout>:
Iteration:  46%|████▌     | 523/1147 [01:36<02:14,  4.64it/s]Thu Jun  9 09:16:54 2022[1,0]<stdout>:
Iteration:  46%|████▌     | 524/1147 [01:36<02:07,  4.89it/s]Thu Jun  9 09:16:54 2022[1,0]<stdout>:
Iteration:  46%|████▌     | 525/1147 [01:36<02:02,  5.08it/s]Thu Jun  9 09:16:54 2022[1,0]<stdout>:
Iteration:  46%|████▌     | 526/1147 [01:37<01:58,  5.22it/s]Thu Jun  9 09:16:54 2022[1,0]<stdout>:
Iteration:  46%|████▌     | 527/1147 [01:37<01:56,  5.33it/s]Thu Jun  9 09:16:54 2022[1,0]<stdout>:
Iteration:  46%|████▌     | 528/1147 [01:37<01:54,  5.42it/s]Thu Jun  9 09:16:55 2022[1,0]<stdout>:
Iteration:  46%|████▌     | 529/1147 [01:37<01:52,  5.48it/s]Thu Jun  9 09:16:55 2022[1,0]<stdout>:
Iteration:  46%|████▌     | 530/1147 [01:37<01:51,  5.53it/s]Thu Jun  9 09:16:55 2022[1,0]<stdout>:
Iteration:  46%|████▋     | 531/1147 [01:37<01:50,  5.56it/s]Thu Jun  9 09:16:55 2022[1,0]<stdout>:
Iteration:  46%|████▋     | 532/1147 [01:38<01:50,  5.59it/s]Thu Jun  9 09:16:55 2022[1,0]<stdout>:
Iteration:  46%|████▋     | 533/1147 [01:38<01:49,  5.62it/s]Thu Jun  9 09:16:56 2022[1,0]<stdout>:
Iteration:  47%|████▋     | 534/1147 [01:38<01:48,  5.63it/s]Thu Jun  9 09:16:56 2022[1,0]<stdout>:
Iteration:  47%|████▋     | 535/1147 [01:38<01:48,  5.64it/s]Thu Jun  9 09:16:56 2022[1,0]<stdout>:
Iteration:  47%|████▋     | 536/1147 [01:38<01:48,  5.63it/s]Thu Jun  9 09:16:56 2022[1,0]<stdout>:
Iteration:  47%|████▋     | 537/1147 [01:38<01:48,  5.63it/s]Thu Jun  9 09:16:56 2022[1,0]<stdout>:
Iteration:  47%|████▋     | 538/1147 [01:39<01:48,  5.64it/s]Thu Jun  9 09:16:56 2022[1,0]<stdout>:
Iteration:  47%|████▋     | 539/1147 [01:39<01:47,  5.65it/s]Thu Jun  9 09:16:57 2022[1,0]<stdout>:
Iteration:  47%|████▋     | 540/1147 [01:39<01:47,  5.65it/s]Thu Jun  9 09:16:57 2022[1,0]<stdout>:
Iteration:  47%|████▋     | 541/1147 [01:39<01:47,  5.63it/s]Thu Jun  9 09:16:57 2022[1,0]<stdout>:
Iteration:  47%|████▋     | 542/1147 [01:39<01:47,  5.61it/s]Thu Jun  9 09:16:57 2022[1,0]<stdout>:
Iteration:  47%|████▋     | 543/1147 [01:40<01:47,  5.60it/s]Thu Jun  9 09:16:57 2022[1,0]<stdout>:
Iteration:  47%|████▋     | 544/1147 [01:40<01:47,  5.60it/s]Thu Jun  9 09:16:57 2022[1,0]<stdout>:
Iteration:  48%|████▊     | 545/1147 [01:40<01:47,  5.61it/s]Thu Jun  9 09:16:58 2022[1,0]<stdout>:
Iteration:  48%|████▊     | 546/1147 [01:40<01:47,  5.62it/s]Thu Jun  9 09:16:58 2022[1,0]<stdout>:
Iteration:  48%|████▊     | 547/1147 [01:40<01:46,  5.62it/s]Thu Jun  9 09:16:58 2022[1,0]<stdout>:
Iteration:  48%|████▊     | 548/1147 [01:40<01:46,  5.62it/s]Thu Jun  9 09:16:58 2022[1,0]<stdout>:
Iteration:  48%|████▊     | 549/1147 [01:41<01:46,  5.63it/s]Thu Jun  9 09:16:58 2022[1,0]<stdout>:
Iteration:  48%|████▊     | 550/1147 [01:41<01:45,  5.64it/s]Thu Jun  9 09:16:59 2022[1,0]<stdout>:
Iteration:  48%|████▊     | 551/1147 [01:41<01:45,  5.65it/s]Thu Jun  9 09:16:59 2022[1,0]<stdout>:
Iteration:  48%|████▊     | 552/1147 [01:41<01:45,  5.65it/s]Thu Jun  9 09:16:59 2022[1,0]<stdout>:
Iteration:  48%|████▊     | 553/1147 [01:41<01:45,  5.64it/s]Thu Jun  9 09:16:59 2022[1,0]<stdout>:
Iteration:  48%|████▊     | 554/1147 [01:42<01:44,  5.65it/s]Thu Jun  9 09:16:59 2022[1,0]<stdout>:
Iteration:  48%|████▊     | 555/1147 [01:42<01:44,  5.66it/s]Thu Jun  9 09:16:59 2022[1,0]<stdout>:
Iteration:  48%|████▊     | 556/1147 [01:42<01:44,  5.66it/s]Thu Jun  9 09:17:00 2022[1,0]<stdout>:
Iteration:  49%|████▊     | 557/1147 [01:42<01:44,  5.65it/s]Thu Jun  9 09:17:00 2022[1,0]<stdout>:
Iteration:  49%|████▊     | 558/1147 [01:42<01:44,  5.62it/s]Thu Jun  9 09:17:00 2022[1,0]<stdout>:
Iteration:  49%|████▊     | 559/1147 [01:42<01:45,  5.59it/s]Thu Jun  9 09:17:00 2022[1,0]<stdout>:
Iteration:  49%|████▉     | 560/1147 [01:43<01:45,  5.57it/s]Thu Jun  9 09:17:00 2022[1,0]<stdout>:
Iteration:  49%|████▉     | 561/1147 [01:43<01:45,  5.57it/s]Thu Jun  9 09:17:01 2022[1,0]<stdout>:
Iteration:  49%|████▉     | 562/1147 [01:43<01:45,  5.56it/s]Thu Jun  9 09:17:01 2022[1,0]<stdout>:
Iteration:  49%|████▉     | 563/1147 [01:43<01:44,  5.58it/s]Thu Jun  9 09:17:01 2022[1,0]<stdout>:
Iteration:  49%|████▉     | 564/1147 [01:43<01:43,  5.61it/s]Thu Jun  9 09:17:01 2022[1,0]<stdout>:
Iteration:  49%|████▉     | 565/1147 [01:43<01:43,  5.62it/s]Thu Jun  9 09:17:01 2022[1,0]<stdout>:
Iteration:  49%|████▉     | 566/1147 [01:44<01:43,  5.62it/s]Thu Jun  9 09:17:01 2022[1,0]<stdout>:
Iteration:  49%|████▉     | 567/1147 [01:44<01:43,  5.62it/s]Thu Jun  9 09:17:02 2022[1,0]<stdout>:
Iteration:  50%|████▉     | 568/1147 [01:44<01:43,  5.62it/s]Thu Jun  9 09:17:02 2022[1,0]<stdout>:
Iteration:  50%|████▉     | 569/1147 [01:44<01:42,  5.62it/s]Thu Jun  9 09:17:02 2022[1,0]<stdout>:
Iteration:  50%|████▉     | 570/1147 [01:44<01:42,  5.63it/s]Thu Jun  9 09:17:02 2022[1,0]<stdout>:
Iteration:  50%|████▉     | 571/1147 [01:45<01:42,  5.64it/s]Thu Jun  9 09:17:02 2022[1,0]<stdout>:
Iteration:  50%|████▉     | 572/1147 [01:45<01:41,  5.64it/s]Thu Jun  9 09:17:02 2022[1,0]<stdout>:
Iteration:  50%|████▉     | 573/1147 [01:45<01:41,  5.64it/s]Thu Jun  9 09:17:03 2022[1,0]<stdout>:
Iteration:  50%|█████     | 574/1147 [01:45<01:41,  5.64it/s]Thu Jun  9 09:17:03 2022[1,0]<stdout>:
Iteration:  50%|█████     | 575/1147 [01:45<01:41,  5.64it/s]Thu Jun  9 09:17:03 2022[1,0]<stdout>:
Iteration:  50%|█████     | 576/1147 [01:45<01:41,  5.63it/s]Thu Jun  9 09:17:03 2022[1,0]<stdout>:
Iteration:  50%|█████     | 577/1147 [01:46<01:41,  5.61it/s]Thu Jun  9 09:17:03 2022[1,0]<stdout>:
Iteration:  50%|█████     | 578/1147 [01:46<01:41,  5.60it/s]Thu Jun  9 09:17:04 2022[1,0]<stdout>:
Iteration:  50%|█████     | 579/1147 [01:46<01:41,  5.60it/s]Thu Jun  9 09:17:04 2022[1,0]<stdout>:
Iteration:  51%|█████     | 580/1147 [01:46<01:40,  5.62it/s]Thu Jun  9 09:17:04 2022[1,0]<stdout>:
Iteration:  51%|█████     | 581/1147 [01:46<01:40,  5.64it/s]Thu Jun  9 09:17:04 2022[1,0]<stdout>:
Iteration:  51%|█████     | 582/1147 [01:46<01:40,  5.63it/s]Thu Jun  9 09:17:04 2022[1,0]<stdout>:
Iteration:  51%|█████     | 583/1147 [01:47<01:40,  5.63it/s]Thu Jun  9 09:17:04 2022[1,0]<stdout>:
Iteration:  51%|█████     | 584/1147 [01:47<01:40,  5.63it/s]Thu Jun  9 09:17:05 2022[1,0]<stdout>:
Iteration:  51%|█████     | 585/1147 [01:47<01:39,  5.64it/s]Thu Jun  9 09:17:05 2022[1,0]<stdout>:
Iteration:  51%|█████     | 586/1147 [01:47<01:39,  5.65it/s]Thu Jun  9 09:17:05 2022[1,0]<stdout>:
Iteration:  51%|█████     | 587/1147 [01:47<01:38,  5.66it/s]Thu Jun  9 09:17:05 2022[1,0]<stdout>:
Iteration:  51%|█████▏    | 588/1147 [01:48<01:38,  5.66it/s]Thu Jun  9 09:17:05 2022[1,0]<stdout>:
Iteration:  51%|█████▏    | 589/1147 [01:48<01:38,  5.66it/s]Thu Jun  9 09:17:05 2022[1,0]<stdout>:
Iteration:  51%|█████▏    | 590/1147 [01:48<01:38,  5.66it/s]Thu Jun  9 09:17:06 2022[1,0]<stdout>:
Iteration:  52%|█████▏    | 591/1147 [01:48<01:38,  5.66it/s]Thu Jun  9 09:17:06 2022[1,0]<stdout>:
Iteration:  52%|█████▏    | 592/1147 [01:48<01:38,  5.65it/s]Thu Jun  9 09:17:06 2022[1,0]<stdout>:
Iteration:  52%|█████▏    | 593/1147 [01:48<01:38,  5.63it/s]Thu Jun  9 09:17:06 2022[1,0]<stdout>:
Iteration:  52%|█████▏    | 594/1147 [01:49<01:38,  5.61it/s]Thu Jun  9 09:17:06 2022[1,0]<stdout>:
Iteration:  52%|█████▏    | 595/1147 [01:49<01:38,  5.60it/s]Thu Jun  9 09:17:07 2022[1,0]<stdout>:
Iteration:  52%|█████▏    | 596/1147 [01:49<01:38,  5.59it/s]Thu Jun  9 09:17:07 2022[1,0]<stdout>:
Iteration:  52%|█████▏    | 597/1147 [01:49<01:38,  5.60it/s]Thu Jun  9 09:17:07 2022[1,0]<stdout>:
Iteration:  52%|█████▏    | 598/1147 [01:49<01:37,  5.60it/s]Thu Jun  9 09:17:07 2022[1,0]<stdout>:
Iteration:  52%|█████▏    | 599/1147 [01:50<01:37,  5.61it/s]Thu Jun  9 09:17:07 2022[1,0]<stdout>:
Iteration:  52%|█████▏    | 600/1147 [01:50<01:37,  5.62it/s]Thu Jun  9 09:17:07 2022[1,0]<stdout>:
Iteration:  52%|█████▏    | 601/1147 [01:50<01:36,  5.63it/s]Thu Jun  9 09:17:08 2022[1,0]<stdout>:
Iteration:  52%|█████▏    | 602/1147 [01:50<01:36,  5.65it/s]Thu Jun  9 09:17:08 2022[1,0]<stdout>:
Iteration:  53%|█████▎    | 603/1147 [01:50<01:36,  5.66it/s]Thu Jun  9 09:17:08 2022[1,0]<stdout>:
Iteration:  53%|█████▎    | 604/1147 [01:50<01:35,  5.66it/s]Thu Jun  9 09:17:08 2022[1,0]<stdout>:
Iteration:  53%|█████▎    | 605/1147 [01:51<01:35,  5.65it/s]Thu Jun  9 09:17:08 2022[1,0]<stdout>:
Iteration:  53%|█████▎    | 606/1147 [01:51<01:35,  5.67it/s]Thu Jun  9 09:17:09 2022[1,0]<stdout>:DLL 2022-06-09 09:17:09.538147 - Training Epoch: 0 Training Iteration: 28  average_loss : 8.126154119318182  step_loss : 8.203125  learning_rate : 0.0015491933384829666 
Thu Jun  9 09:17:09 2022[1,0]<stdout>:
Iteration:  53%|█████▎    | 607/1147 [01:51<03:00,  2.99it/s]Thu Jun  9 09:17:09 2022[1,0]<stdout>:
Iteration:  53%|█████▎    | 608/1147 [01:52<02:34,  3.49it/s]Thu Jun  9 09:17:09 2022[1,0]<stdout>:
Iteration:  53%|█████▎    | 609/1147 [01:52<02:16,  3.95it/s]Thu Jun  9 09:17:10 2022[1,0]<stdout>:
Iteration:  53%|█████▎    | 610/1147 [01:52<02:03,  4.34it/s]Thu Jun  9 09:17:10 2022[1,0]<stdout>:
Iteration:  53%|█████▎    | 611/1147 [01:52<01:55,  4.64it/s]Thu Jun  9 09:17:10 2022[1,0]<stdout>:
Iteration:  53%|█████▎    | 612/1147 [01:52<01:49,  4.89it/s]Thu Jun  9 09:17:10 2022[1,0]<stdout>:
Iteration:  53%|█████▎    | 613/1147 [01:53<01:44,  5.09it/s]Thu Jun  9 09:17:10 2022[1,0]<stdout>:
Iteration:  54%|█████▎    | 614/1147 [01:53<01:41,  5.25it/s]Thu Jun  9 09:17:10 2022[1,0]<stdout>:
Iteration:  54%|█████▎    | 615/1147 [01:53<01:39,  5.37it/s]Thu Jun  9 09:17:11 2022[1,0]<stdout>:
Iteration:  54%|█████▎    | 616/1147 [01:53<01:37,  5.45it/s]Thu Jun  9 09:17:11 2022[1,0]<stdout>:
Iteration:  54%|█████▍    | 617/1147 [01:53<01:36,  5.50it/s]Thu Jun  9 09:17:11 2022[1,0]<stdout>:
Iteration:  54%|█████▍    | 618/1147 [01:53<01:35,  5.55it/s]Thu Jun  9 09:17:11 2022[1,0]<stdout>:
Iteration:  54%|█████▍    | 619/1147 [01:54<01:34,  5.58it/s]Thu Jun  9 09:17:11 2022[1,0]<stdout>:
Iteration:  54%|█████▍    | 620/1147 [01:54<01:34,  5.60it/s]Thu Jun  9 09:17:12 2022[1,0]<stdout>:
Iteration:  54%|█████▍    | 621/1147 [01:54<01:33,  5.61it/s]Thu Jun  9 09:17:12 2022[1,0]<stdout>:
Iteration:  54%|█████▍    | 622/1147 [01:54<01:33,  5.62it/s]Thu Jun  9 09:17:12 2022[1,0]<stdout>:
Iteration:  54%|█████▍    | 623/1147 [01:54<01:33,  5.62it/s]Thu Jun  9 09:17:12 2022[1,0]<stdout>:
Iteration:  54%|█████▍    | 624/1147 [01:54<01:32,  5.63it/s]Thu Jun  9 09:17:12 2022[1,0]<stdout>:
Iteration:  54%|█████▍    | 625/1147 [01:55<01:32,  5.65it/s]Thu Jun  9 09:17:12 2022[1,0]<stdout>:
Iteration:  55%|█████▍    | 626/1147 [01:55<01:32,  5.64it/s]Thu Jun  9 09:17:13 2022[1,0]<stdout>:
Iteration:  55%|█████▍    | 627/1147 [01:55<01:32,  5.61it/s]Thu Jun  9 09:17:13 2022[1,0]<stdout>:
Iteration:  55%|█████▍    | 628/1147 [01:55<01:32,  5.58it/s]Thu Jun  9 09:17:13 2022[1,0]<stdout>:
Iteration:  55%|█████▍    | 629/1147 [01:55<01:32,  5.58it/s]Thu Jun  9 09:17:13 2022[1,0]<stdout>:
Iteration:  55%|█████▍    | 630/1147 [01:56<01:32,  5.58it/s]Thu Jun  9 09:17:13 2022[1,0]<stdout>:
Iteration:  55%|█████▌    | 631/1147 [01:56<01:32,  5.60it/s]Thu Jun  9 09:17:13 2022[1,0]<stdout>:
Iteration:  55%|█████▌    | 632/1147 [01:56<01:31,  5.62it/s]Thu Jun  9 09:17:14 2022[1,0]<stdout>:
Iteration:  55%|█████▌    | 633/1147 [01:56<01:31,  5.64it/s]Thu Jun  9 09:17:14 2022[1,0]<stdout>:
Iteration:  55%|█████▌    | 634/1147 [01:56<01:30,  5.65it/s]Thu Jun  9 09:17:14 2022[1,0]<stdout>:
Iteration:  55%|█████▌    | 635/1147 [01:56<01:30,  5.64it/s]Thu Jun  9 09:17:14 2022[1,0]<stdout>:
Iteration:  55%|█████▌    | 636/1147 [01:57<01:30,  5.65it/s]Thu Jun  9 09:17:14 2022[1,0]<stdout>:
Iteration:  56%|█████▌    | 637/1147 [01:57<01:30,  5.66it/s]Thu Jun  9 09:17:15 2022[1,0]<stdout>:
Iteration:  56%|█████▌    | 638/1147 [01:57<01:30,  5.65it/s]Thu Jun  9 09:17:15 2022[1,0]<stdout>:
Iteration:  56%|█████▌    | 639/1147 [01:57<01:29,  5.65it/s]Thu Jun  9 09:17:15 2022[1,0]<stdout>:
Iteration:  56%|█████▌    | 640/1147 [01:57<01:30,  5.63it/s]Thu Jun  9 09:17:15 2022[1,0]<stdout>:
Iteration:  56%|█████▌    | 641/1147 [01:57<01:30,  5.62it/s]Thu Jun  9 09:17:15 2022[1,0]<stdout>:
Iteration:  56%|█████▌    | 642/1147 [01:58<01:29,  5.63it/s]Thu Jun  9 09:17:15 2022[1,0]<stdout>:
Iteration:  56%|█████▌    | 643/1147 [01:58<01:29,  5.64it/s]Thu Jun  9 09:17:16 2022[1,0]<stdout>:
Iteration:  56%|█████▌    | 644/1147 [01:58<01:29,  5.62it/s]Thu Jun  9 09:17:16 2022[1,0]<stdout>:
Iteration:  56%|█████▌    | 645/1147 [01:58<01:29,  5.60it/s]Thu Jun  9 09:17:16 2022[1,0]<stdout>:
Iteration:  56%|█████▋    | 646/1147 [01:58<01:29,  5.59it/s]Thu Jun  9 09:17:16 2022[1,0]<stdout>:
Iteration:  56%|█████▋    | 647/1147 [01:59<01:29,  5.58it/s]Thu Jun  9 09:17:16 2022[1,0]<stdout>:
Iteration:  56%|█████▋    | 648/1147 [01:59<01:29,  5.59it/s]Thu Jun  9 09:17:16 2022[1,0]<stdout>:
Iteration:  57%|█████▋    | 649/1147 [01:59<01:28,  5.62it/s]Thu Jun  9 09:17:17 2022[1,0]<stdout>:
Iteration:  57%|█████▋    | 650/1147 [01:59<01:28,  5.64it/s]Thu Jun  9 09:17:17 2022[1,0]<stdout>:
Iteration:  57%|█████▋    | 651/1147 [01:59<01:27,  5.65it/s]Thu Jun  9 09:17:17 2022[1,0]<stdout>:
Iteration:  57%|█████▋    | 652/1147 [01:59<01:27,  5.64it/s]Thu Jun  9 09:17:17 2022[1,0]<stdout>:
Iteration:  57%|█████▋    | 653/1147 [02:00<01:27,  5.64it/s]Thu Jun  9 09:17:17 2022[1,0]<stdout>:
Iteration:  57%|█████▋    | 654/1147 [02:00<01:27,  5.64it/s]Thu Jun  9 09:17:18 2022[1,0]<stdout>:
Iteration:  57%|█████▋    | 655/1147 [02:00<01:27,  5.65it/s]Thu Jun  9 09:17:18 2022[1,0]<stdout>:
Iteration:  57%|█████▋    | 656/1147 [02:00<01:26,  5.66it/s]Thu Jun  9 09:17:18 2022[1,0]<stdout>:
Iteration:  57%|█████▋    | 657/1147 [02:00<01:26,  5.66it/s]Thu Jun  9 09:17:18 2022[1,0]<stdout>:
Iteration:  57%|█████▋    | 658/1147 [02:01<01:26,  5.64it/s]Thu Jun  9 09:17:18 2022[1,0]<stdout>:
Iteration:  57%|█████▋    | 659/1147 [02:01<01:26,  5.61it/s]Thu Jun  9 09:17:18 2022[1,0]<stdout>:
Iteration:  58%|█████▊    | 660/1147 [02:01<01:27,  5.57it/s]Thu Jun  9 09:17:19 2022[1,0]<stdout>:
Iteration:  58%|█████▊    | 661/1147 [02:01<01:27,  5.56it/s]Thu Jun  9 09:17:19 2022[1,0]<stdout>:
Iteration:  58%|█████▊    | 662/1147 [02:01<01:27,  5.56it/s]Thu Jun  9 09:17:19 2022[1,0]<stdout>:
Iteration:  58%|█████▊    | 663/1147 [02:01<01:26,  5.57it/s]Thu Jun  9 09:17:19 2022[1,0]<stdout>:
Iteration:  58%|█████▊    | 664/1147 [02:02<01:26,  5.60it/s]Thu Jun  9 09:17:19 2022[1,0]<stdout>:
Iteration:  58%|█████▊    | 665/1147 [02:02<01:25,  5.62it/s]Thu Jun  9 09:17:20 2022[1,0]<stdout>:
Iteration:  58%|█████▊    | 666/1147 [02:02<01:25,  5.62it/s]Thu Jun  9 09:17:20 2022[1,0]<stdout>:
Iteration:  58%|█████▊    | 667/1147 [02:02<01:25,  5.62it/s]Thu Jun  9 09:17:20 2022[1,0]<stdout>:
Iteration:  58%|█████▊    | 668/1147 [02:02<01:25,  5.63it/s]Thu Jun  9 09:17:20 2022[1,0]<stdout>:
Iteration:  58%|█████▊    | 669/1147 [02:02<01:24,  5.64it/s]Thu Jun  9 09:17:20 2022[1,0]<stdout>:
Iteration:  58%|█████▊    | 670/1147 [02:03<01:24,  5.66it/s]Thu Jun  9 09:17:20 2022[1,0]<stdout>:
Iteration:  59%|█████▊    | 671/1147 [02:03<01:24,  5.65it/s]Thu Jun  9 09:17:21 2022[1,0]<stdout>:
Iteration:  59%|█████▊    | 672/1147 [02:03<01:24,  5.64it/s]Thu Jun  9 09:17:21 2022[1,0]<stdout>:
Iteration:  59%|█████▊    | 673/1147 [02:03<01:24,  5.62it/s]Thu Jun  9 09:17:21 2022[1,0]<stdout>:
Iteration:  59%|█████▉    | 674/1147 [02:03<01:24,  5.60it/s]Thu Jun  9 09:17:21 2022[1,0]<stdout>:
Iteration:  59%|█████▉    | 675/1147 [02:04<01:24,  5.59it/s]Thu Jun  9 09:17:21 2022[1,0]<stdout>:
Iteration:  59%|█████▉    | 676/1147 [02:04<01:24,  5.57it/s]Thu Jun  9 09:17:21 2022[1,0]<stdout>:
Iteration:  59%|█████▉    | 677/1147 [02:04<01:24,  5.57it/s]Thu Jun  9 09:17:22 2022[1,0]<stdout>:
Iteration:  59%|█████▉    | 678/1147 [02:04<01:24,  5.58it/s]Thu Jun  9 09:17:22 2022[1,0]<stdout>:
Iteration:  59%|█████▉    | 679/1147 [02:04<01:23,  5.59it/s]Thu Jun  9 09:17:22 2022[1,0]<stdout>:
Iteration:  59%|█████▉    | 680/1147 [02:04<01:23,  5.61it/s]Thu Jun  9 09:17:22 2022[1,0]<stdout>:
Iteration:  59%|█████▉    | 681/1147 [02:05<01:22,  5.62it/s]Thu Jun  9 09:17:22 2022[1,0]<stdout>:
Iteration:  59%|█████▉    | 682/1147 [02:05<01:22,  5.62it/s]Thu Jun  9 09:17:23 2022[1,0]<stdout>:
Iteration:  60%|█████▉    | 683/1147 [02:05<01:22,  5.63it/s]Thu Jun  9 09:17:23 2022[1,0]<stdout>:
Iteration:  60%|█████▉    | 684/1147 [02:05<01:22,  5.64it/s]Thu Jun  9 09:17:23 2022[1,0]<stdout>:
Iteration:  60%|█████▉    | 685/1147 [02:05<01:21,  5.65it/s]Thu Jun  9 09:17:23 2022[1,0]<stdout>:
Iteration:  60%|█████▉    | 686/1147 [02:06<01:21,  5.65it/s]Thu Jun  9 09:17:23 2022[1,0]<stdout>:
Iteration:  60%|█████▉    | 687/1147 [02:06<01:21,  5.65it/s]Thu Jun  9 09:17:23 2022[1,0]<stdout>:
Iteration:  60%|█████▉    | 688/1147 [02:06<01:21,  5.66it/s]Thu Jun  9 09:17:24 2022[1,0]<stdout>:
Iteration:  60%|██████    | 689/1147 [02:06<01:20,  5.66it/s]Thu Jun  9 09:17:24 2022[1,0]<stdout>:
Iteration:  60%|██████    | 690/1147 [02:06<01:20,  5.65it/s]Thu Jun  9 09:17:24 2022[1,0]<stdout>:
Iteration:  60%|██████    | 691/1147 [02:06<01:20,  5.65it/s]Thu Jun  9 09:17:24 2022[1,0]<stdout>:
Iteration:  60%|██████    | 692/1147 [02:07<01:20,  5.65it/s]Thu Jun  9 09:17:24 2022[1,0]<stdout>:
Iteration:  60%|██████    | 693/1147 [02:07<01:20,  5.65it/s]Thu Jun  9 09:17:24 2022[1,0]<stdout>:
Iteration:  61%|██████    | 694/1147 [02:07<01:20,  5.64it/s]Thu Jun  9 09:17:25 2022[1,0]<stdout>:DLL 2022-06-09 09:17:25.708439 - Training Epoch: 0 Training Iteration: 29  average_loss : 8.119540127840908  step_loss : 8.1875  learning_rate : 0.0010954451150103322 
Thu Jun  9 09:17:25 2022[1,0]<stdout>:
Iteration:  61%|██████    | 695/1147 [02:08<02:32,  2.96it/s]Thu Jun  9 09:17:25 2022[1,0]<stdout>:
Iteration:  61%|██████    | 696/1147 [02:08<02:10,  3.46it/s]Thu Jun  9 09:17:26 2022[1,0]<stdout>:
Iteration:  61%|██████    | 697/1147 [02:08<01:54,  3.92it/s]Thu Jun  9 09:17:26 2022[1,0]<stdout>:
Iteration:  61%|██████    | 698/1147 [02:08<01:44,  4.31it/s]Thu Jun  9 09:17:26 2022[1,0]<stdout>:
Iteration:  61%|██████    | 699/1147 [02:08<01:36,  4.64it/s]Thu Jun  9 09:17:26 2022[1,0]<stdout>:
Iteration:  61%|██████    | 700/1147 [02:09<01:30,  4.91it/s]Thu Jun  9 09:17:26 2022[1,0]<stdout>:
Iteration:  61%|██████    | 701/1147 [02:09<01:27,  5.12it/s]Thu Jun  9 09:17:26 2022[1,0]<stdout>:
Iteration:  61%|██████    | 702/1147 [02:09<01:24,  5.27it/s]Thu Jun  9 09:17:27 2022[1,0]<stdout>:
Iteration:  61%|██████▏   | 703/1147 [02:09<01:22,  5.38it/s]Thu Jun  9 09:17:27 2022[1,0]<stdout>:
Iteration:  61%|██████▏   | 704/1147 [02:09<01:21,  5.45it/s]Thu Jun  9 09:17:27 2022[1,0]<stdout>:
Iteration:  61%|██████▏   | 705/1147 [02:09<01:20,  5.51it/s]Thu Jun  9 09:17:27 2022[1,0]<stdout>:
Iteration:  62%|██████▏   | 706/1147 [02:10<01:19,  5.55it/s]Thu Jun  9 09:17:27 2022[1,0]<stdout>:
Iteration:  62%|██████▏   | 707/1147 [02:10<01:18,  5.57it/s]Thu Jun  9 09:17:28 2022[1,0]<stdout>:
Iteration:  62%|██████▏   | 708/1147 [02:10<01:18,  5.57it/s]Thu Jun  9 09:17:28 2022[1,0]<stdout>:
Iteration:  62%|██████▏   | 709/1147 [02:10<01:18,  5.55it/s]Thu Jun  9 09:17:28 2022[1,0]<stdout>:
Iteration:  62%|██████▏   | 710/1147 [02:10<01:18,  5.54it/s]Thu Jun  9 09:17:28 2022[1,0]<stdout>:
Iteration:  62%|██████▏   | 711/1147 [02:10<01:18,  5.54it/s]Thu Jun  9 09:17:28 2022[1,0]<stdout>:
Iteration:  62%|██████▏   | 712/1147 [02:11<01:18,  5.55it/s]Thu Jun  9 09:17:28 2022[1,0]<stdout>:
Iteration:  62%|██████▏   | 713/1147 [02:11<01:17,  5.58it/s]Thu Jun  9 09:17:29 2022[1,0]<stdout>:
Iteration:  62%|██████▏   | 714/1147 [02:11<01:17,  5.61it/s]Thu Jun  9 09:17:29 2022[1,0]<stdout>:
Iteration:  62%|██████▏   | 715/1147 [02:11<01:16,  5.63it/s]Thu Jun  9 09:17:29 2022[1,0]<stdout>:
Iteration:  62%|██████▏   | 716/1147 [02:11<01:16,  5.63it/s]Thu Jun  9 09:17:29 2022[1,0]<stdout>:
Iteration:  63%|██████▎   | 717/1147 [02:12<01:16,  5.63it/s]Thu Jun  9 09:17:29 2022[1,0]<stdout>:
Iteration:  63%|██████▎   | 718/1147 [02:12<01:16,  5.63it/s]Thu Jun  9 09:17:29 2022[1,0]<stdout>:
Iteration:  63%|██████▎   | 719/1147 [02:12<01:15,  5.64it/s]Thu Jun  9 09:17:30 2022[1,0]<stdout>:
Iteration:  63%|██████▎   | 720/1147 [02:12<01:15,  5.65it/s]Thu Jun  9 09:17:30 2022[1,0]<stdout>:
Iteration:  63%|██████▎   | 721/1147 [02:12<01:15,  5.66it/s]Thu Jun  9 09:17:30 2022[1,0]<stdout>:
Iteration:  63%|██████▎   | 722/1147 [02:12<01:15,  5.66it/s]Thu Jun  9 09:17:30 2022[1,0]<stdout>:
Iteration:  63%|██████▎   | 723/1147 [02:13<01:15,  5.64it/s]Thu Jun  9 09:17:30 2022[1,0]<stdout>:
Iteration:  63%|██████▎   | 724/1147 [02:13<01:15,  5.61it/s]Thu Jun  9 09:17:31 2022[1,0]<stdout>:
Iteration:  63%|██████▎   | 725/1147 [02:13<01:15,  5.58it/s]Thu Jun  9 09:17:31 2022[1,0]<stdout>:
Iteration:  63%|██████▎   | 726/1147 [02:13<01:15,  5.57it/s]Thu Jun  9 09:17:31 2022[1,0]<stdout>:
Iteration:  63%|██████▎   | 727/1147 [02:13<01:15,  5.57it/s]Thu Jun  9 09:17:31 2022[1,0]<stdout>:
Iteration:  63%|██████▎   | 728/1147 [02:14<01:15,  5.57it/s]Thu Jun  9 09:17:31 2022[1,0]<stdout>:
Iteration:  64%|██████▎   | 729/1147 [02:14<01:14,  5.61it/s]Thu Jun  9 09:17:31 2022[1,0]<stdout>:
Iteration:  64%|██████▎   | 730/1147 [02:14<01:14,  5.62it/s]Thu Jun  9 09:17:32 2022[1,0]<stdout>:
Iteration:  64%|██████▎   | 731/1147 [02:14<01:14,  5.62it/s]Thu Jun  9 09:17:32 2022[1,0]<stdout>:
Iteration:  64%|██████▍   | 732/1147 [02:14<01:13,  5.62it/s]Thu Jun  9 09:17:32 2022[1,0]<stdout>:
Iteration:  64%|██████▍   | 733/1147 [02:14<01:13,  5.63it/s]Thu Jun  9 09:17:32 2022[1,0]<stdout>:
Iteration:  64%|██████▍   | 734/1147 [02:15<01:13,  5.65it/s]Thu Jun  9 09:17:32 2022[1,0]<stdout>:
Iteration:  64%|██████▍   | 735/1147 [02:15<01:12,  5.65it/s]Thu Jun  9 09:17:32 2022[1,0]<stdout>:
Iteration:  64%|██████▍   | 736/1147 [02:15<01:12,  5.64it/s]Thu Jun  9 09:17:33 2022[1,0]<stdout>:
Iteration:  64%|██████▍   | 737/1147 [02:15<01:12,  5.64it/s]Thu Jun  9 09:17:33 2022[1,0]<stdout>:
Iteration:  64%|██████▍   | 738/1147 [02:15<01:12,  5.63it/s]Thu Jun  9 09:17:33 2022[1,0]<stdout>:
Iteration:  64%|██████▍   | 739/1147 [02:15<01:12,  5.64it/s]Thu Jun  9 09:17:33 2022[1,0]<stdout>:
Iteration:  65%|██████▍   | 740/1147 [02:16<01:12,  5.65it/s]Thu Jun  9 09:17:33 2022[1,0]<stdout>:
Iteration:  65%|██████▍   | 741/1147 [02:16<01:11,  5.64it/s]Thu Jun  9 09:17:34 2022[1,0]<stdout>:
Iteration:  65%|██████▍   | 742/1147 [02:16<01:12,  5.62it/s]Thu Jun  9 09:17:34 2022[1,0]<stdout>:
Iteration:  65%|██████▍   | 743/1147 [02:16<01:12,  5.60it/s]Thu Jun  9 09:17:34 2022[1,0]<stdout>:
Iteration:  65%|██████▍   | 744/1147 [02:16<01:12,  5.59it/s]Thu Jun  9 09:17:34 2022[1,0]<stdout>:
Iteration:  65%|██████▍   | 745/1147 [02:17<01:12,  5.58it/s]Thu Jun  9 09:17:34 2022[1,0]<stdout>:
Iteration:  65%|██████▌   | 746/1147 [02:17<01:11,  5.59it/s]Thu Jun  9 09:17:34 2022[1,0]<stdout>:
Iteration:  65%|██████▌   | 747/1147 [02:17<01:11,  5.62it/s]Thu Jun  9 09:17:35 2022[1,0]<stdout>:
Iteration:  65%|██████▌   | 748/1147 [02:17<01:10,  5.64it/s]Thu Jun  9 09:17:35 2022[1,0]<stdout>:
Iteration:  65%|██████▌   | 749/1147 [02:17<01:10,  5.65it/s]Thu Jun  9 09:17:35 2022[1,0]<stdout>:
Iteration:  65%|██████▌   | 750/1147 [02:17<01:10,  5.65it/s]Thu Jun  9 09:17:35 2022[1,0]<stdout>:
Iteration:  65%|██████▌   | 751/1147 [02:18<01:10,  5.65it/s]Thu Jun  9 09:17:35 2022[1,0]<stdout>:
Iteration:  66%|██████▌   | 752/1147 [02:18<01:09,  5.66it/s]Thu Jun  9 09:17:36 2022[1,0]<stdout>:
Iteration:  66%|██████▌   | 753/1147 [02:18<01:09,  5.66it/s]Thu Jun  9 09:17:36 2022[1,0]<stdout>:
Iteration:  66%|██████▌   | 754/1147 [02:18<01:09,  5.65it/s]Thu Jun  9 09:17:36 2022[1,0]<stdout>:
Iteration:  66%|██████▌   | 755/1147 [02:18<01:09,  5.66it/s]Thu Jun  9 09:17:36 2022[1,0]<stdout>:
Iteration:  66%|██████▌   | 756/1147 [02:18<01:08,  5.67it/s]Thu Jun  9 09:17:36 2022[1,0]<stdout>:
Iteration:  66%|██████▌   | 757/1147 [02:19<01:08,  5.67it/s]Thu Jun  9 09:17:36 2022[1,0]<stdout>:
Iteration:  66%|██████▌   | 758/1147 [02:19<01:08,  5.65it/s]Thu Jun  9 09:17:37 2022[1,0]<stdout>:
Iteration:  66%|██████▌   | 759/1147 [02:19<01:08,  5.63it/s]Thu Jun  9 09:17:37 2022[1,0]<stdout>:
Iteration:  66%|██████▋   | 760/1147 [02:19<01:08,  5.62it/s]Thu Jun  9 09:17:37 2022[1,0]<stdout>:
Iteration:  66%|██████▋   | 761/1147 [02:19<01:08,  5.61it/s]Thu Jun  9 09:17:37 2022[1,0]<stdout>:
Iteration:  66%|██████▋   | 762/1147 [02:20<01:08,  5.61it/s]Thu Jun  9 09:17:37 2022[1,0]<stdout>:
Iteration:  67%|██████▋   | 763/1147 [02:20<01:08,  5.61it/s]Thu Jun  9 09:17:37 2022[1,0]<stdout>:
Iteration:  67%|██████▋   | 764/1147 [02:20<01:08,  5.60it/s]Thu Jun  9 09:17:38 2022[1,0]<stdout>:
Iteration:  67%|██████▋   | 765/1147 [02:20<01:08,  5.61it/s]Thu Jun  9 09:17:38 2022[1,0]<stdout>:
Iteration:  67%|██████▋   | 766/1147 [02:20<01:07,  5.62it/s]Thu Jun  9 09:17:38 2022[1,0]<stdout>:
Iteration:  67%|██████▋   | 767/1147 [02:20<01:07,  5.64it/s]Thu Jun  9 09:17:38 2022[1,0]<stdout>:
Iteration:  67%|██████▋   | 768/1147 [02:21<01:07,  5.65it/s]Thu Jun  9 09:17:38 2022[1,0]<stdout>:
Iteration:  67%|██████▋   | 769/1147 [02:21<01:06,  5.65it/s]Thu Jun  9 09:17:39 2022[1,0]<stdout>:
Iteration:  67%|██████▋   | 770/1147 [02:21<01:06,  5.64it/s]Thu Jun  9 09:17:39 2022[1,0]<stdout>:
Iteration:  67%|██████▋   | 771/1147 [02:21<01:06,  5.64it/s]Thu Jun  9 09:17:39 2022[1,0]<stdout>:
Iteration:  67%|██████▋   | 772/1147 [02:21<01:06,  5.64it/s]Thu Jun  9 09:17:39 2022[1,0]<stdout>:
Iteration:  67%|██████▋   | 773/1147 [02:21<01:06,  5.65it/s]Thu Jun  9 09:17:39 2022[1,0]<stdout>:
Iteration:  67%|██████▋   | 774/1147 [02:22<01:05,  5.66it/s]Thu Jun  9 09:17:39 2022[1,0]<stdout>:
Iteration:  68%|██████▊   | 775/1147 [02:22<01:05,  5.65it/s]Thu Jun  9 09:17:40 2022[1,0]<stdout>:
Iteration:  68%|██████▊   | 776/1147 [02:22<01:05,  5.63it/s]Thu Jun  9 09:17:40 2022[1,0]<stdout>:
Iteration:  68%|██████▊   | 777/1147 [02:22<01:06,  5.61it/s]Thu Jun  9 09:17:40 2022[1,0]<stdout>:
Iteration:  68%|██████▊   | 778/1147 [02:22<01:06,  5.58it/s]Thu Jun  9 09:17:40 2022[1,0]<stdout>:
Iteration:  68%|██████▊   | 779/1147 [02:23<01:05,  5.59it/s]Thu Jun  9 09:17:40 2022[1,0]<stdout>:
Iteration:  68%|██████▊   | 780/1147 [02:23<01:05,  5.60it/s]Thu Jun  9 09:17:40 2022[1,0]<stdout>:
Iteration:  68%|██████▊   | 781/1147 [02:23<01:05,  5.61it/s]Thu Jun  9 09:17:41 2022[1,0]<stdout>:
Iteration:  68%|██████▊   | 782/1147 [02:23<01:05,  5.61it/s]Thu Jun  9 09:17:41 2022[1,0]<stdout>:DLL 2022-06-09 09:17:41.883050 - Training Epoch: 0 Training Iteration: 30  final_loss : 8.117547035217285 
Thu Jun  9 09:17:41 2022[1,0]<stdout>:DLL 2022-06-09 09:17:41.883193 - PARAMETER checkpoint_step : 30 
Thu Jun  9 09:17:45 2022[1,0]<stdout>:
Iteration:  68%|██████▊   | 782/1147 [02:27<01:08,  5.30it/s]
Thu Jun  9 09:17:45 2022[1,0]<stdout>:DLL 2022-06-09 09:17:45.123388 -  e2e_train_time : 582.1656620502472  training_sequences_per_second : 16610.595729661483  final_loss : 8.117547035217285  raw_train_time : 569.621954202652 Thu Jun  9 09:17:45 2022[1,0]<stdout>:
