Sat Dec 19 21:20:33 2020[1,0]<stderr>:WARNING:tensorflow:It seems that global step (tf.train.get_global_step) has not been increased. Current value (could be stable): 0 vs previous value: 0. You could increase the global step by passing tf.train.get_global_step() to Optimizer.apply_gradients or Optimizer.minimize.
Sat Dec 19 21:20:33 2020[1,0]<stderr>:W1219 21:20:33.197355 140110352480064 basic_session_run_hooks.py:724] It seems that global step (tf.train.get_global_step) has not been increased. Current value (could be stable): 0 vs previous value: 0. You could increase the global step by passing tf.train.get_global_step() to Optimizer.apply_gradients or Optimizer.minimize.
Sat Dec 19 21:20:58 2020[1,0]<stdout>:Skipping time record for  0  due to checkpoint-saving/warmup overhead
Sat Dec 19 21:20:58 2020[1,0]<stdout>:DLL 2020-12-19 21:20:58.714560 - Iteration: 1  throughput_train : 1512.431 seq/s mlm_loss : 10.4442  nsp_loss : 0.7460  total_loss : 11.1903  avg_loss_step : 11.2100  learning_rate : 0.0  loss_scaler : 4294967296
Sat Dec 19 21:21:18 2020[1,0]<stdout>:Skipping time record for  0  due to checkpoint-saving/warmup overhead
Sat Dec 19 21:21:18 2020[1,0]<stdout>:DLL 2020-12-19 21:21:18.798406 - Iteration: 1  throughput_train : 13008.857 seq/s mlm_loss : 10.4583  nsp_loss : 0.7956  total_loss : 11.2539  avg_loss_step : 11.2194  learning_rate : 0.0  loss_scaler : 2147483648
Sat Dec 19 21:21:38 2020[1,0]<stdout>:Skipping time record for  0  due to checkpoint-saving/warmup overhead
Sat Dec 19 21:21:38 2020[1,0]<stdout>:DLL 2020-12-19 21:21:38.725101 - Iteration: 1  throughput_train : 13111.272 seq/s mlm_loss : 10.4403  nsp_loss : 0.7654  total_loss : 11.2057  avg_loss_step : 11.2110  learning_rate : 0.0  loss_scaler : 1073741824
Sat Dec 19 21:21:58 2020[1,0]<stdout>:Skipping time record for  0  due to checkpoint-saving/warmup overhead
Sat Dec 19 21:21:58 2020[1,0]<stdout>:DLL 2020-12-19 21:21:58.922150 - Iteration: 1  throughput_train : 12935.633 seq/s mlm_loss : 10.4307  nsp_loss : 0.7210  total_loss : 11.1517  avg_loss_step : 11.2154  learning_rate : 0.0  loss_scaler : 536870912
Sat Dec 19 21:22:19 2020[1,0]<stdout>:Skipping time record for  0  due to checkpoint-saving/warmup overhead
Sat Dec 19 21:22:19 2020[1,0]<stdout>:DLL 2020-12-19 21:22:19.104434 - Iteration: 1  throughput_train : 12945.044 seq/s mlm_loss : 10.4332  nsp_loss : 0.7543  total_loss : 11.1874  avg_loss_step : 11.2191  learning_rate : 0.0  loss_scaler : 268435456
Sat Dec 19 21:22:39 2020[1,0]<stdout>:Skipping time record for  0  due to checkpoint-saving/warmup overhead
Sat Dec 19 21:22:39 2020[1,0]<stdout>:DLL 2020-12-19 21:22:39.287582 - Iteration: 1  throughput_train : 12944.555 seq/s mlm_loss : 10.4163  nsp_loss : 0.7893  total_loss : 11.2056  avg_loss_step : 11.2254  learning_rate : 0.0  loss_scaler : 134217728
Sat Dec 19 21:22:59 2020[1,0]<stdout>:Skipping time record for  0  due to checkpoint-saving/warmup overhead
Sat Dec 19 21:22:59 2020[1,0]<stdout>:DLL 2020-12-19 21:22:59.483795 - Iteration: 1  throughput_train : 12936.218 seq/s mlm_loss : 10.4609  nsp_loss : 0.7615  total_loss : 11.2224  avg_loss_step : 11.2140  learning_rate : 0.0  loss_scaler : 67108864
Sat Dec 19 21:23:19 2020[1,0]<stdout>:Skipping time record for  0  due to checkpoint-saving/warmup overhead
Sat Dec 19 21:23:19 2020[1,0]<stdout>:DLL 2020-12-19 21:23:19.754148 - Iteration: 1  throughput_train : 12888.988 seq/s mlm_loss : 10.4564  nsp_loss : 0.7789  total_loss : 11.2353  avg_loss_step : 11.2129  learning_rate : 0.0  loss_scaler : 33554432
Sat Dec 19 21:23:39 2020[1,0]<stdout>:Skipping time record for  0  due to checkpoint-saving/warmup overhead
Sat Dec 19 21:23:39 2020[1,0]<stdout>:DLL 2020-12-19 21:23:39.956239 - Iteration: 1  throughput_train : 12932.392 seq/s mlm_loss : 10.4302  nsp_loss : 0.7943  total_loss : 11.2245  avg_loss_step : 11.2172  learning_rate : 0.0  loss_scaler : 16777216
Sat Dec 19 21:24:00 2020[1,0]<stdout>:Skipping time record for  0  due to checkpoint-saving/warmup overhead
Sat Dec 19 21:24:00 2020[1,0]<stdout>:DLL 2020-12-19 21:24:00.186866 - Iteration: 1  throughput_train : 12914.242 seq/s mlm_loss : 10.4484  nsp_loss : 0.7491  total_loss : 11.1975  avg_loss_step : 11.2182  learning_rate : 0.0  loss_scaler : 8388608
Sat Dec 19 21:24:20 2020[1,0]<stdout>:Skipping time record for  0  due to checkpoint-saving/warmup overhead
Sat Dec 19 21:24:20 2020[1,0]<stdout>:DLL 2020-12-19 21:24:20.506332 - Iteration: 1  throughput_train : 12857.599 seq/s mlm_loss : 10.4576  nsp_loss : 0.7324  total_loss : 11.1900  avg_loss_step : 11.2222  learning_rate : 0.0  loss_scaler : 4194304
Sat Dec 19 21:24:40 2020[1,0]<stdout>:Skipping time record for  0  due to checkpoint-saving/warmup overhead
Sat Dec 19 21:24:40 2020[1,0]<stdout>:DLL 2020-12-19 21:24:40.732870 - Iteration: 1  throughput_train : 12916.872 seq/s mlm_loss : 10.4632  nsp_loss : 0.8075  total_loss : 11.2707  avg_loss_step : 11.2164  learning_rate : 0.0  loss_scaler : 2097152
Sat Dec 19 21:25:00 2020[1,0]<stdout>:Skipping time record for  0  due to checkpoint-saving/warmup overhead
Sat Dec 19 21:25:00 2020[1,0]<stdout>:DLL 2020-12-19 21:25:00.939793 - Iteration: 1  throughput_train : 12929.403 seq/s mlm_loss : 10.4564  nsp_loss : 0.7924  total_loss : 11.2489  avg_loss_step : 11.2149  learning_rate : 0.0  loss_scaler : 1048576
Sat Dec 19 21:25:59 2020[1,0]<stdout>:Skipping time record for  1  due to checkpoint-saving/warmup overhead
Sat Dec 19 21:25:59 2020[1,0]<stdout>:DLL 2020-12-19 21:25:59.980489 - Iteration: 2  throughput_train : 4423.562 seq/s mlm_loss : 10.4341  nsp_loss : 0.8149  total_loss : 11.2490  avg_loss_step : 11.2093  learning_rate : 0.0  loss_scaler : 524288
Sat Dec 19 21:26:21 2020[1,0]<stdout>:Skipping time record for  2  due to checkpoint-saving/warmup overhead
Sat Dec 19 21:26:21 2020[1,0]<stdout>:DLL 2020-12-19 21:26:21.333019 - Iteration: 3  throughput_train : 12235.496 seq/s mlm_loss : 10.4650  nsp_loss : 0.7489  total_loss : 11.2139  avg_loss_step : 11.2152  learning_rate : 1.2e-05  loss_scaler : 524288
Sat Dec 19 21:26:41 2020[1,0]<stdout>:Skipping time record for  3  due to checkpoint-saving/warmup overhead
Sat Dec 19 21:26:41 2020[1,0]<stdout>:DLL 2020-12-19 21:26:41.673080 - Iteration: 4  throughput_train : 12844.833 seq/s mlm_loss : 10.4673  nsp_loss : 0.7601  total_loss : 11.2274  avg_loss_step : 11.2124  learning_rate : 2.4e-05  loss_scaler : 524288
Sat Dec 19 21:27:02 2020[1,0]<stdout>:Skipping time record for  4  due to checkpoint-saving/warmup overhead
Sat Dec 19 21:27:02 2020[1,0]<stdout>:DLL 2020-12-19 21:27:02.092254 - Iteration: 5  throughput_train : 12794.968 seq/s mlm_loss : 10.4342  nsp_loss : 0.7297  total_loss : 11.1639  avg_loss_step : 11.1949  learning_rate : 3.6e-05  loss_scaler : 524288
Sat Dec 19 21:27:22 2020[1,0]<stdout>:Skipping time record for  5  due to checkpoint-saving/warmup overhead
Sat Dec 19 21:27:22 2020[1,0]<stdout>:DLL 2020-12-19 21:27:22.623718 - Iteration: 6  throughput_train : 12724.908 seq/s mlm_loss : 10.4422  nsp_loss : 0.7292  total_loss : 11.1713  avg_loss_step : 11.1741  learning_rate : 4.8e-05  loss_scaler : 524288
Sat Dec 19 21:27:43 2020[1,0]<stdout>:DLL 2020-12-19 21:27:43.110632 - Iteration: 7  throughput_train : 12752.459 seq/s mlm_loss : 10.4039  nsp_loss : 0.7268  total_loss : 11.1307  avg_loss_step : 11.1476  learning_rate : 6.0000002e-05  loss_scaler : 524288
Sat Dec 19 21:28:03 2020[1,0]<stdout>:DLL 2020-12-19 21:28:03.542573 - Iteration: 8  throughput_train : 12786.949 seq/s mlm_loss : 10.3800  nsp_loss : 0.7407  total_loss : 11.1206  avg_loss_step : 11.1210  learning_rate : 7.2e-05  loss_scaler : 524288
Sat Dec 19 21:28:24 2020[1,0]<stdout>:DLL 2020-12-19 21:28:24.001989 - Iteration: 9  throughput_train : 12769.743 seq/s mlm_loss : 10.3851  nsp_loss : 0.7047  total_loss : 11.0898  avg_loss_step : 11.0926  learning_rate : 8.4e-05  loss_scaler : 524288
Sat Dec 19 21:28:44 2020[1,0]<stdout>:DLL 2020-12-19 21:28:44.452924 - Iteration: 10  throughput_train : 12774.882 seq/s mlm_loss : 10.3783  nsp_loss : 0.6798  total_loss : 11.0581  avg_loss_step : 11.0599  learning_rate : 9.6e-05  loss_scaler : 524288
Sat Dec 19 21:29:04 2020[1,0]<stdout>:DLL 2020-12-19 21:29:04.936634 - Iteration: 11  throughput_train : 12754.558 seq/s mlm_loss : 10.3393  nsp_loss : 0.6670  total_loss : 11.0063  avg_loss_step : 11.0318  learning_rate : 0.00010800001  loss_scaler : 524288
Sat Dec 19 21:29:25 2020[1,0]<stdout>:DLL 2020-12-19 21:29:25.407794 - Iteration: 12  throughput_train : 12762.550 seq/s mlm_loss : 10.2954  nsp_loss : 0.6749  total_loss : 10.9703  avg_loss_step : 11.0000  learning_rate : 0.000120000004  loss_scaler : 524288
Sat Dec 19 21:29:45 2020[1,0]<stdout>:DLL 2020-12-19 21:29:45.878488 - Iteration: 13  throughput_train : 12762.715 seq/s mlm_loss : 10.2812  nsp_loss : 0.7030  total_loss : 10.9842  avg_loss_step : 10.9662  learning_rate : 0.000132  loss_scaler : 524288
Sat Dec 19 21:30:06 2020[1,0]<stdout>:DLL 2020-12-19 21:30:06.354261 - Iteration: 14  throughput_train : 12759.364 seq/s mlm_loss : 10.2690  nsp_loss : 0.7379  total_loss : 11.0069  avg_loss_step : 10.9305  learning_rate : 0.000144  loss_scaler : 524288
Sat Dec 19 21:30:26 2020[1,0]<stdout>:DLL 2020-12-19 21:30:26.744015 - Iteration: 15  throughput_train : 12813.338 seq/s mlm_loss : 10.2141  nsp_loss : 0.5705  total_loss : 10.7846  avg_loss_step : 10.8804  learning_rate : 0.00015600001  loss_scaler : 524288
Sat Dec 19 21:30:47 2020[1,0]<stdout>:DLL 2020-12-19 21:30:47.127999 - Iteration: 16  throughput_train : 12817.031 seq/s mlm_loss : 10.1544  nsp_loss : 0.7014  total_loss : 10.8558  avg_loss_step : 10.8433  learning_rate : 0.000168  loss_scaler : 524288
Sat Dec 19 21:31:07 2020[1,0]<stdout>:DLL 2020-12-19 21:31:07.607405 - Iteration: 17  throughput_train : 12757.281 seq/s mlm_loss : 10.1483  nsp_loss : 0.7783  total_loss : 10.9266  avg_loss_step : 10.8158  learning_rate : 0.00018  loss_scaler : 524288
Sat Dec 19 21:31:28 2020[1,0]<stdout>:DLL 2020-12-19 21:31:28.079368 - Iteration: 18  throughput_train : 12761.806 seq/s mlm_loss : 10.0299  nsp_loss : 0.6743  total_loss : 10.7042  avg_loss_step : 10.7658  learning_rate : 0.000192  loss_scaler : 524288
Sat Dec 19 21:31:48 2020[1,0]<stdout>:DLL 2020-12-19 21:31:48.502505 - Iteration: 19  throughput_train : 12792.340 seq/s mlm_loss : 10.0106  nsp_loss : 0.6581  total_loss : 10.6686  avg_loss_step : 10.7017  learning_rate : 0.00020400001  loss_scaler : 524288
Sat Dec 19 21:32:08 2020[1,0]<stdout>:DLL 2020-12-19 21:32:08.975749 - Iteration: 20  throughput_train : 12761.162 seq/s mlm_loss : 9.9685  nsp_loss : 0.6699  total_loss : 10.6384  avg_loss_step : 10.6509  learning_rate : 0.00021600001  loss_scaler : 524288
Sat Dec 19 21:32:29 2020[1,0]<stdout>:DLL 2020-12-19 21:32:29.398815 - Iteration: 21  throughput_train : 12792.393 seq/s mlm_loss : 9.9105  nsp_loss : 0.6995  total_loss : 10.6100  avg_loss_step : 10.5993  learning_rate : 0.000228  loss_scaler : 524288
Sat Dec 19 21:32:49 2020[1,0]<stdout>:DLL 2020-12-19 21:32:49.856204 - Iteration: 22  throughput_train : 12770.946 seq/s mlm_loss : 9.8965  nsp_loss : 0.6681  total_loss : 10.5647  avg_loss_step : 10.5549  learning_rate : 0.00024000001  loss_scaler : 524288
Sat Dec 19 21:33:10 2020[1,0]<stdout>:DLL 2020-12-19 21:33:10.339365 - Iteration: 23  throughput_train : 12754.918 seq/s mlm_loss : 9.8547  nsp_loss : 0.6929  total_loss : 10.5476  avg_loss_step : 10.5154  learning_rate : 0.000252  loss_scaler : 524288
Sat Dec 19 21:33:30 2020[1,0]<stdout>:DLL 2020-12-19 21:33:30.768137 - Iteration: 24  throughput_train : 12788.871 seq/s mlm_loss : 9.8353  nsp_loss : 0.6959  total_loss : 10.5313  avg_loss_step : 10.4985  learning_rate : 0.000264  loss_scaler : 524288
Sat Dec 19 21:33:51 2020[1,0]<stdout>:DLL 2020-12-19 21:33:51.418481 - Iteration: 25  throughput_train : 12651.505 seq/s mlm_loss : 9.6943  nsp_loss : 0.7047  total_loss : 10.3990  avg_loss_step : 10.4650  learning_rate : 0.000276  loss_scaler : 524288
Sat Dec 19 21:34:11 2020[1,0]<stdout>:DLL 2020-12-19 21:34:11.837540 - Iteration: 26  throughput_train : 12794.980 seq/s mlm_loss : 9.6717  nsp_loss : 0.6901  total_loss : 10.3618  avg_loss_step : 10.4153  learning_rate : 0.000288  loss_scaler : 524288
Sat Dec 19 21:34:32 2020[1,0]<stdout>:DLL 2020-12-19 21:34:32.305124 - Iteration: 27  throughput_train : 12764.502 seq/s mlm_loss : 9.6877  nsp_loss : 0.6891  total_loss : 10.3768  avg_loss_step : 10.3803  learning_rate : 0.0003  loss_scaler : 524288
Sat Dec 19 21:34:52 2020[1,0]<stdout>:DLL 2020-12-19 21:34:52.805692 - Iteration: 28  throughput_train : 12775.824 seq/s mlm_loss : 9.6833  nsp_loss : 0.6876  total_loss : 10.3710  avg_loss_step : 10.3480  learning_rate : 0.00031200002  loss_scaler : 524288
Sat Dec 19 21:34:52 2020[1,0]<stderr>:INFO:tensorflow:Saving checkpoints for 27 into /results/tf_bert_pretraining_lamb_base_fp16_gbs165280_gbs2262144_201219211655/phase_1/model.ckpt.