+ batch_size=96
+ num_gpus=1
+ precision=fp16
++ expr 67584 / 96 / 1
+ gradient_accumulation_steps=704
++ expr 67584 / 1
+ train_batch_size=67584
+ train_steps=20
++ python get_mpi_rank.py
python: can't open file 'get_mpi_rank.py': [Errno 2] No such file or directory
+ export NODE_RANK=
+ NODE_RANK=
+ rm -rf results/checkpoints
+ bash scripts/run_pretraining.sh 67584 6e-3 fp16 1 0.2843 20 200 false true true 704
Container nvidia build =  29224839
/workspace/bert/data/pretrain/phase1/unbinned/parquet/
Logs written to /workspace/bert/results/bert_lamb_pretraining.pyt_bert_pretraining_phase1_fp16_gbs67584.230728141916.log
+ '[' -z /workspace/bert/results/bert_lamb_pretraining.pyt_bert_pretraining_phase1_fp16_gbs67584.230728141916.log ']'
+ tee /workspace/bert/results/bert_lamb_pretraining.pyt_bert_pretraining_phase1_fp16_gbs67584.230728141916.log
+ python3 -m torch.distributed.launch --nproc_per_node=1 /workspace/bert/run_pretraining.py --input_dir=/workspace/bert/data/pretrain/phase1/unbinned/parquet/ --output_dir=/workspace/bert/results/checkpoints --config_file=bert_config_base.json --vocab_file=vocab/vocab --train_batch_size=67584 --max_seq_length=128 --max_predictions_per_seq=20 --max_steps=20 --warmup_proportion=0.2843 --num_steps_per_checkpoint=200 --learning_rate=6e-3 --seed=12439 --fp16 --gradient_accumulation_steps=704 --allreduce_post_accumulation --allreduce_post_accumulation_fp16 --do_train --json-summary /workspace/bert/results/dllogger.json --disable_progress_bar --num_workers=4
device: cuda:0 n_gpu: 1, distributed training: True, 16-bits training: True
DLL 2023-07-28 14:19:19.472426 - PARAMETER Config : ["Namespace(allreduce_post_accumulation=True, allreduce_post_accumulation_fp16=True, amp=False, checkpoint_activations=False, config_file='bert_config_base.json', cuda_graphs=False, disable_jit_fusions=False, disable_progress_bar=True, do_train=True, fp16=True, gradient_accumulation_steps=704, init_checkpoint=None, init_loss_scale=1048576, input_dir='/workspace/bert/data/pretrain/phase1/unbinned/parquet/', json_summary='/workspace/bert/results/dllogger.json', learning_rate=0.006, local_rank=0, log_freq=1.0, loss_scale=0.0, max_predictions_per_seq=20, max_seq_length=128, max_steps=20.0, n_gpu=1, no_dense_sequence_output=False, num_steps_per_checkpoint=200, num_train_epochs=3.0, num_workers=4, output_dir='/workspace/bert/results/checkpoints', phase1_end_step=7038, phase2=False, profile=False, profile_start=0, resume_from_checkpoint=False, resume_phase2=False, resume_step=-1, seed=12439, skip_checkpoint=False, steps_this_run=20.0, train_batch_size=96, use_env=False, vocab_file='vocab/vocab', warmup_proportion=0.2843)"] 
/opt/conda/lib/python3.8/site-packages/torch/jit/_recursive.py:234: UserWarning: 'bias' was found in ScriptModule constants,  but it is a non-constant parameter. Consider removing it.
  warnings.warn("'{}' was found in ScriptModule constants, "
LDDL - 2023-07-28 14:19:25,223 - datasets.py:152:__init__ - node-0 - WARNING : lost 39/4172583=0.0009346728393419616% samples in total
get_bert_pretrain_data_loader took 0.09535256028175354 s!
DLL 2023-07-28 14:19:25.224327 - PARAMETER SEED : 12439 
DLL 2023-07-28 14:19:25.224420 - PARAMETER train_start : True 
DLL 2023-07-28 14:19:25.224455 - PARAMETER batch_size_per_gpu : 96 
DLL 2023-07-28 14:19:25.224484 - PARAMETER learning_rate : 0.006 
LDDL - 2023-07-28 14:19:25,413 - datasets.py:267:__iter__ - node-0 - WARNING : epoch = 0
DLL 2023-07-28 14:21:24.402209 - Training Epoch: 0 Training Iteration: 0  average_loss : 11.182217684659092  learning_rate : 0.0010552234016358852  skipped_steps : 1 
DLL 2023-07-28 14:21:24.402580 - PARAMETER loss_scale : 524288.0 
DLL 2023-07-28 14:21:24.402950 - PARAMETER checkpoint_step : 0 
DLL 2023-07-28 14:23:09.889653 - Training Epoch: 0 Training Iteration: 1  average_loss : 11.182217684659092  learning_rate : 0.0010552234016358852  skipped_steps : 1 
DLL 2023-07-28 14:23:09.891845 - PARAMETER loss_scale : 262144.0 
DLL 2023-07-28 14:24:53.019381 - Training Epoch: 0 Training Iteration: 1  average_loss : 11.181374289772727  learning_rate : 0.0010552234016358852  skipped_steps : 2 
DLL 2023-07-28 14:24:53.021271 - PARAMETER loss_scale : 131072.0 
DLL 2023-07-28 14:26:36.094035 - Training Epoch: 0 Training Iteration: 1  average_loss : 11.1807861328125  learning_rate : 0.0010552234016358852  skipped_steps : 3 
DLL 2023-07-28 14:26:36.096440 - PARAMETER loss_scale : 65536.0 
DLL 2023-07-28 14:28:19.142127 - Training Epoch: 0 Training Iteration: 1  average_loss : 11.180797230113637  learning_rate : 0.0010552234016358852  skipped_steps : 4 
DLL 2023-07-28 14:28:19.144436 - PARAMETER loss_scale : 32768.0 
DLL 2023-07-28 14:30:04.939159 - Training Epoch: 0 Training Iteration: 0  average_loss : 11.181218927556818  learning_rate : 0.0010552234016358852  skipped_steps : 6 
DLL 2023-07-28 14:30:04.939423 - PARAMETER loss_scale : 16384.0 
DLL 2023-07-28 14:30:04.939776 - PARAMETER checkpoint_step : 0 
DLL 2023-07-28 14:31:56.297230 - Training Epoch: 0 Training Iteration: 0  average_loss : 11.181884765625  learning_rate : 0.0010552234016358852  skipped_steps : 7 
DLL 2023-07-28 14:31:56.297479 - PARAMETER loss_scale : 8192.0 
DLL 2023-07-28 14:31:56.297762 - PARAMETER checkpoint_step : 0 
DLL 2023-07-28 14:33:47.579573 - Training Epoch: 0 Training Iteration: 0  average_loss : 11.180897105823863  learning_rate : 0.0010552234016358852  skipped_steps : 8 
DLL 2023-07-28 14:33:47.579921 - PARAMETER loss_scale : 4096.0 
DLL 2023-07-28 14:33:47.580294 - PARAMETER checkpoint_step : 0 
DLL 2023-07-28 14:35:38.870368 - Training Epoch: 0 Training Iteration: 0  average_loss : 11.181596235795455  learning_rate : 0.0010552234016358852  skipped_steps : 9 
DLL 2023-07-28 14:35:38.870627 - PARAMETER loss_scale : 2048.0 
DLL 2023-07-28 14:35:38.870881 - PARAMETER checkpoint_step : 0 
DLL 2023-07-28 14:37:30.255893 - Training Epoch: 0 Training Iteration: 0  average_loss : 11.182750355113637  learning_rate : 0.0010552234016358852  skipped_steps : 10 
DLL 2023-07-28 14:37:30.256144 - PARAMETER loss_scale : 1024.0 
DLL 2023-07-28 14:37:30.256440 - PARAMETER checkpoint_step : 0 
DLL 2023-07-28 14:39:21.442179 - Training Epoch: 0 Training Iteration: 0  average_loss : 11.181685014204545  learning_rate : 0.0010552234016358852  skipped_steps : 11 
DLL 2023-07-28 14:39:21.442551 - PARAMETER loss_scale : 512.0 
DLL 2023-07-28 14:39:21.442839 - PARAMETER checkpoint_step : 0 
DLL 2023-07-28 14:41:12.671247 - Training Epoch: 0 Training Iteration: 1  average_loss : 11.181685014204545  learning_rate : 0.0010552234016358852  skipped_steps : 11 
DLL 2023-07-28 14:41:12.675831 - PARAMETER loss_scale : 512.0 
DLL 2023-07-28 14:42:58.235479 - Training Epoch: 0 Training Iteration: 1  average_loss : 11.1824951171875  learning_rate : 0.0021104468032717705  skipped_steps : 12 
DLL 2023-07-28 14:42:58.235719 - PARAMETER loss_scale : 256.0 
DLL 2023-07-28 14:44:43.707116 - Training Epoch: 0 Training Iteration: 1  average_loss : 11.178022904829545  learning_rate : 0.0021104468032717705  skipped_steps : 13 
DLL 2023-07-28 14:44:43.707625 - PARAMETER loss_scale : 128.0 
DLL 2023-07-28 14:46:29.062886 - Training Epoch: 0 Training Iteration: 2  average_loss : 11.178022904829545  learning_rate : 0.0021104468032717705  skipped_steps : 13 
DLL 2023-07-28 14:46:29.067357 - PARAMETER loss_scale : 128.0 
DLL 2023-07-28 14:48:14.333637 - Training Epoch: 0 Training Iteration: 3  average_loss : 11.181829279119318  learning_rate : 0.0021104468032717705  skipped_steps : 13 
DLL 2023-07-28 14:49:59.601236 - Training Epoch: 0 Training Iteration: 4  average_loss : 10.640192205255682  learning_rate : 0.0031656702049076557  skipped_steps : 13 
DLL 2023-07-28 14:51:44.673441 - Training Epoch: 0 Training Iteration: 5  average_loss : 10.293856534090908  learning_rate : 0.004220893606543541  skipped_steps : 13 
DLL 2023-07-28 14:53:29.607034 - Training Epoch: 0 Training Iteration: 6  average_loss : 10.018954190340908  learning_rate : 0.005276117008179426  skipped_steps : 13 
DLL 2023-07-28 14:55:14.532526 - Training Epoch: 0 Training Iteration: 7  average_loss : 9.609097567471592  learning_rate : 0.004837354179471731  skipped_steps : 13 
DLL 2023-07-28 14:56:59.306204 - Training Epoch: 0 Training Iteration: 8  average_loss : 9.461936257102273  learning_rate : 0.004647579975426197  skipped_steps : 13 
DLL 2023-07-28 14:58:43.972859 - Training Epoch: 0 Training Iteration: 9  average_loss : 9.349165482954545  learning_rate : 0.004449719097465277  skipped_steps : 13 
DLL 2023-07-28 15:00:28.572509 - Training Epoch: 0 Training Iteration: 10  average_loss : 9.231068004261363  learning_rate : 0.0042426404543221  skipped_steps : 13 
DLL 2023-07-28 15:02:13.112491 - Training Epoch: 0 Training Iteration: 11  average_loss : 9.111783114346592  learning_rate : 0.004024922382086515  skipped_steps : 13 
DLL 2023-07-28 15:03:57.395921 - Training Epoch: 0 Training Iteration: 12  average_loss : 9.014437588778408  learning_rate : 0.0037947327364236116  skipped_steps : 13 
DLL 2023-07-28 15:05:41.771698 - Training Epoch: 0 Training Iteration: 13  average_loss : 8.946122602982955  learning_rate : 0.003549647983163595  skipped_steps : 13 
DLL 2023-07-28 15:07:26.025023 - Training Epoch: 0 Training Iteration: 14  average_loss : 8.860174005681818  learning_rate : 0.0032863353844732046  skipped_steps : 13 
DLL 2023-07-28 15:09:10.305030 - Training Epoch: 0 Training Iteration: 15  average_loss : 8.783669211647727  learning_rate : 0.003000000026077032  skipped_steps : 13 
DLL 2023-07-28 15:10:54.528375 - Training Epoch: 0 Training Iteration: 16  average_loss : 8.7288818359375  learning_rate : 0.0026832816656678915  skipped_steps : 13 
DLL 2023-07-28 15:12:38.689900 - Training Epoch: 0 Training Iteration: 17  average_loss : 8.675459428267045  learning_rate : 0.0023237899877130985  skipped_steps : 13 
DLL 2023-07-28 15:14:22.751102 - Training Epoch: 0 Training Iteration: 18  average_loss : 8.622081409801137  learning_rate : 0.0018973668338730931  skipped_steps : 13 
DLL 2023-07-28 15:16:06.780912 - Training Epoch: 0 Training Iteration: 19  average_loss : 8.587446732954545  learning_rate : 0.0013416408328339458  skipped_steps : 13 
DLL 2023-07-28 15:17:50.783778 - Training Epoch: 0 Training Iteration: 20  final_loss : 8.55712890625 None
DLL 2023-07-28 15:17:50.784016 - PARAMETER checkpoint_step : 20 
DLL 2023-07-28 15:17:52.988757 -  e2e_train_time : 3513.528074026108 s training_sequences_per_second : 639.1604066135353 sequences/s final_loss : 8.55712890625 None raw_train_time : 3488.7768030166626 s
/opt/conda/lib/python3.8/site-packages/torch/distributed/launch.py:178: FutureWarning: The module torch.distributed.launch is deprecated
and will be removed in future. Use torchrun.
Note that --use_env is set by default in torchrun.
If your script expects `--local_rank` argument to be set, please
change it to read from `os.environ['LOCAL_RANK']` instead. See 
https://pytorch.org/docs/stable/distributed.html#launch-utility for 
further instructions

  warnings.warn(
+ set +x
finished pretraining
