+ batch_size=96
+ num_gpus=8
+ precision=fp32
++ expr 67584 / 96 / 8
+ gradient_accumulation_steps=88
++ expr 67584 / 8
+ train_batch_size=8448
+ train_steps=20
++ python get_mpi_rank.py
python: can't open file 'get_mpi_rank.py': [Errno 2] No such file or directory
+ export NODE_RANK=
+ NODE_RANK=
+ rm -rf results/checkpoints
+ bash scripts/run_pretraining.sh 8448 6e-3 fp32 8 0.2843 20 200 false true true 88
Container nvidia build =  29224839
/workspace/bert/data/pretrain/phase1/unbinned/parquet/
Logs written to /workspace/bert/results/bert_lamb_pretraining.pyt_bert_pretraining_phase1_fp32_gbs67584.221125101020.log
+ '[' -z /workspace/bert/results/bert_lamb_pretraining.pyt_bert_pretraining_phase1_fp32_gbs67584.221125101020.log ']'
+ tee /workspace/bert/results/bert_lamb_pretraining.pyt_bert_pretraining_phase1_fp32_gbs67584.221125101020.log
+ python3 -m torch.distributed.launch --nproc_per_node=8 /workspace/bert/run_pretraining.py --input_dir=/workspace/bert/data/pretrain/phase1/unbinned/parquet/ --output_dir=/workspace/bert/results/checkpoints --config_file=bert_config_base.json --vocab_file=vocab/vocab --train_batch_size=8448 --max_seq_length=128 --max_predictions_per_seq=20 --max_steps=20 --warmup_proportion=0.2843 --num_steps_per_checkpoint=200 --learning_rate=6e-3 --seed=12439 --gradient_accumulation_steps=88 --allreduce_post_accumulation --allreduce_post_accumulation_fp16 --do_train --json-summary /workspace/bert/results/dllogger.json --disable_progress_bar --num_workers=4
/opt/conda/lib/python3.8/site-packages/torch/distributed/launch.py:178: FutureWarning: The module torch.distributed.launch is deprecated
and will be removed in future. Use torchrun.
Note that --use_env is set by default in torchrun.
If your script expects `--local_rank` argument to be set, please
change it to read from `os.environ['LOCAL_RANK']` instead. See 
https://pytorch.org/docs/stable/distributed.html#launch-utility for 
further instructions

  warnings.warn(
WARNING:torch.distributed.run:
*****************************************
Setting OMP_NUM_THREADS environment variable for each process to be 1 in default, to avoid your system being overloaded, please further tune the variable for optimal performance in your application as needed. 
*****************************************
device: cuda:2 n_gpu: 1, distributed training: True, 16-bits training: Falsedevice: cuda:1 n_gpu: 1, distributed training: True, 16-bits training: Falsedevice: cuda:3 n_gpu: 1, distributed training: True, 16-bits training: False


device: cuda:7 n_gpu: 1, distributed training: True, 16-bits training: False
device: cuda:0 n_gpu: 1, distributed training: True, 16-bits training: False
DLL 2022-11-25 10:10:24.045733 - PARAMETER Config : ["Namespace(allreduce_post_accumulation=True, allreduce_post_accumulation_fp16=True, amp=False, checkpoint_activations=False, config_file='bert_config_base.json', cuda_graphs=False, disable_jit_fusions=False, disable_progress_bar=True, do_train=True, fp16=False, gradient_accumulation_steps=88, init_checkpoint=None, init_loss_scale=1048576, input_dir='/workspace/bert/data/pretrain/phase1/unbinned/parquet/', json_summary='/workspace/bert/results/dllogger.json', learning_rate=0.006, local_rank=0, log_freq=1.0, loss_scale=0.0, max_predictions_per_seq=20, max_seq_length=128, max_steps=20.0, n_gpu=1, no_dense_sequence_output=False, num_steps_per_checkpoint=200, num_train_epochs=3.0, num_workers=4, output_dir='/workspace/bert/results/checkpoints', phase1_end_step=7038, phase2=False, profile=False, profile_start=0, resume_from_checkpoint=False, resume_phase2=False, resume_step=-1, seed=12439, skip_checkpoint=False, steps_this_run=20.0, train_batch_size=96, use_env=False, vocab_file='vocab/vocab', warmup_proportion=0.2843)"] 
device: cuda:4 n_gpu: 1, distributed training: True, 16-bits training: False
device: cuda:5 n_gpu: 1, distributed training: True, 16-bits training: False
device: cuda:6 n_gpu: 1, distributed training: True, 16-bits training: False
/opt/conda/lib/python3.8/site-packages/torch/jit/_recursive.py:234: UserWarning: 'bias' was found in ScriptModule constants,  but it is a non-constant parameter. Consider removing it.
  warnings.warn("'{}' was found in ScriptModule constants, "
/opt/conda/lib/python3.8/site-packages/torch/jit/_recursive.py:234: UserWarning: 'bias' was found in ScriptModule constants,  but it is a non-constant parameter. Consider removing it.
  warnings.warn("'{}' was found in ScriptModule constants, "
/opt/conda/lib/python3.8/site-packages/torch/jit/_recursive.py:234: UserWarning: 'bias' was found in ScriptModule constants,  but it is a non-constant parameter. Consider removing it.
  warnings.warn("'{}' was found in ScriptModule constants, "
/opt/conda/lib/python3.8/site-packages/torch/jit/_recursive.py:234: UserWarning: 'bias' was found in ScriptModule constants,  but it is a non-constant parameter. Consider removing it.
  warnings.warn("'{}' was found in ScriptModule constants, "
/opt/conda/lib/python3.8/site-packages/torch/jit/_recursive.py:234: UserWarning: 'bias' was found in ScriptModule constants,  but it is a non-constant parameter. Consider removing it.
  warnings.warn("'{}' was found in ScriptModule constants, "
/opt/conda/lib/python3.8/site-packages/torch/jit/_recursive.py:234: UserWarning: 'bias' was found in ScriptModule constants,  but it is a non-constant parameter. Consider removing it.
  warnings.warn("'{}' was found in ScriptModule constants, "
/opt/conda/lib/python3.8/site-packages/torch/jit/_recursive.py:234: UserWarning: 'bias' was found in ScriptModule constants,  but it is a non-constant parameter. Consider removing it.
  warnings.warn("'{}' was found in ScriptModule constants, "
/opt/conda/lib/python3.8/site-packages/torch/jit/_recursive.py:234: UserWarning: 'bias' was found in ScriptModule constants,  but it is a non-constant parameter. Consider removing it.
  warnings.warn("'{}' was found in ScriptModule constants, "
LDDL - 2022-11-25 10:10:32,106 - datasets.py:152:__init__ - node-0 - WARNING : lost 39/4172583=0.0009346728393419616% samples in total
get_bert_pretrain_data_loader took 0.19755512475967407 s!
DLL 2022-11-25 10:10:32.107331 - PARAMETER SEED : 12439 
DLL 2022-11-25 10:10:32.107427 - PARAMETER train_start : True 
DLL 2022-11-25 10:10:32.107465 - PARAMETER batch_size_per_gpu : 96 
DLL 2022-11-25 10:10:32.107493 - PARAMETER learning_rate : 0.006 
LDDL - 2022-11-25 10:10:32,486 - datasets.py:267:__iter__ - node-0 - WARNING : epoch = 0
DLL 2022-11-25 10:11:39.070785 - Training Epoch: 0 Training Iteration: 1  average_loss : 0.0  learning_rate : 0.0  skipped_steps : 0 
DLL 2022-11-25 10:12:33.143909 - Training Epoch: 0 Training Iteration: 2  average_loss : 11.184912941672586  learning_rate : 0.0010552234016358852  skipped_steps : 0 
DLL 2022-11-25 10:13:27.562464 - Training Epoch: 0 Training Iteration: 3  average_loss : 11.167889681729404  learning_rate : 0.0021104468032717705  skipped_steps : 0 
DLL 2022-11-25 10:14:22.238350 - Training Epoch: 0 Training Iteration: 4  average_loss : 10.659874655983664  learning_rate : 0.0031656702049076557  skipped_steps : 0 
DLL 2022-11-25 10:15:17.018411 - Training Epoch: 0 Training Iteration: 5  average_loss : 10.295801336115057  learning_rate : 0.004220893606543541  skipped_steps : 0 
DLL 2022-11-25 10:16:11.856487 - Training Epoch: 0 Training Iteration: 6  average_loss : 10.031684875488281  learning_rate : 0.005276117008179426  skipped_steps : 0 
DLL 2022-11-25 10:17:06.697893 - Training Epoch: 0 Training Iteration: 7  average_loss : 9.833133350719105  learning_rate : 0.00501995999366045  skipped_steps : 0 
DLL 2022-11-25 10:18:01.605155 - Training Epoch: 0 Training Iteration: 8  average_loss : 9.60762578790838  learning_rate : 0.004837354179471731  skipped_steps : 0 
DLL 2022-11-25 10:18:56.499382 - Training Epoch: 0 Training Iteration: 9  average_loss : 9.46028692072088  learning_rate : 0.004647579975426197  skipped_steps : 0 
DLL 2022-11-25 10:19:51.456067 - Training Epoch: 0 Training Iteration: 10  average_loss : 9.338855396617543  learning_rate : 0.004449719097465277  skipped_steps : 0 
DLL 2022-11-25 10:20:46.318785 - Training Epoch: 0 Training Iteration: 11  average_loss : 9.22694882479581  learning_rate : 0.0042426404543221  skipped_steps : 0 
DLL 2022-11-25 10:21:41.216652 - Training Epoch: 0 Training Iteration: 12  average_loss : 9.105868252840908  learning_rate : 0.004024922382086515  skipped_steps : 0 
DLL 2022-11-25 10:22:36.065992 - Training Epoch: 0 Training Iteration: 13  average_loss : 9.021779840642756  learning_rate : 0.0037947327364236116  skipped_steps : 0 
DLL 2022-11-25 10:23:30.990835 - Training Epoch: 0 Training Iteration: 14  average_loss : 8.93770321932706  learning_rate : 0.003549647983163595  skipped_steps : 0 
DLL 2022-11-25 10:24:25.897467 - Training Epoch: 0 Training Iteration: 15  average_loss : 8.851286454634232  learning_rate : 0.0032863353844732046  skipped_steps : 0 
DLL 2022-11-25 10:25:20.757411 - Training Epoch: 0 Training Iteration: 16  average_loss : 8.795822837136008  learning_rate : 0.003000000026077032  skipped_steps : 0 
DLL 2022-11-25 10:26:15.662876 - Training Epoch: 0 Training Iteration: 17  average_loss : 8.727293534712357  learning_rate : 0.0026832816656678915  skipped_steps : 0 
DLL 2022-11-25 10:27:10.513989 - Training Epoch: 0 Training Iteration: 18  average_loss : 8.674259532581676  learning_rate : 0.0023237899877130985  skipped_steps : 0 
DLL 2022-11-25 10:28:05.392775 - Training Epoch: 0 Training Iteration: 19  average_loss : 8.631939974698154  learning_rate : 0.0018973668338730931  skipped_steps : 0 
DLL 2022-11-25 10:29:01.926168 - Training Epoch: 0 Training Iteration: 20  final_loss : 8.560519218444824 None
DLL 2022-11-25 10:29:01.926558 - PARAMETER checkpoint_step : 20 
DLL 2022-11-25 10:29:04.535455 -  e2e_train_time : 1120.5504019260406 s training_sequences_per_second : 1233.1504042876359 sequences/s final_loss : 8.560519218444824 None raw_train_time : 1093.6281538009644 s
+ set +x
finished pretraining
