------------Environment Information-------------
platform: Linux-4.14.0_1-0-0-32-x86_64-with-debian-stretch-sid
Python: 3.7.0 (default, May 26 2019, 06:13:42) [GCC 5.4.0 20160609]
Paddle compiled with cuda: True
NVCC: Cuda compilation tools, release 10.1, V10.1.105
cudnn: 7.6
GPUs used: 1
CUDA_VISIBLE_DEVICES: None
GPU: ['GPU 0: Tesla V100-SXM2-32GB']
GCC: gcc (Ubuntu 5.4.0-6ubuntu1~16.04.11) 5.4.0 20160609
PaddlePaddle: 0.0.0
OpenCV: 4.4.0
------------------------------------------------
2021-05-31 15:41:17 [INFO]	
---------------Config Information---------------
batch_size: 8
iters: 100
learning_rate:
  decay:
    end_lr: 0.0
    power: 0.9
    type: poly
  value: 0.01
loss:
  coef:
  - 1
  types:
  - ignore_index: 255
    type: CrossEntropyLoss
model:
  backbone:
    pretrained: https://bj.bcebos.com/paddleseg/dygraph/hrnet_w18_ssld.tar.gz
    type: HRNet_W18
  backbone_indices:
  - -1
  bias: false
  num_classes: 19
  type: FCN
optimizer:
  type: sgd
  weight_decay: 0.0005
train_dataset:
  dataset_root: data/cityscapes
  mode: train
  transforms:
  - max_scale_factor: 2.0
    min_scale_factor: 0.5
    scale_step_size: 0.25
    type: ResizeStepScaling
  - crop_size:
    - 1024
    - 512
    type: RandomPaddingCrop
  - type: RandomHorizontalFlip
  - type: RandomDistort
  - type: Normalize
  type: Cityscapes
val_dataset:
  dataset_root: data/cityscapes
  mode: val
  transforms:
  - type: Normalize
  type: Cityscapes
------------------------------------------------
W0531 15:41:17.064213  4241 device_context.cc:430] Please NOTE: device: 0, GPU Compute Capability: 7.0, Driver API Version: 11.0, Runtime API Version: 10.1
W0531 15:41:17.064249  4241 device_context.cc:448] device: 0, cuDNN Version: 7.6.
2021-05-31 15:41:21 [INFO]	Loading pretrained model from https://bj.bcebos.com/paddleseg/dygraph/hrnet_w18_ssld.tar.gz
Connecting to https://bj.bcebos.com/paddleseg/dygraph/hrnet_w18_ssld.tar.gz
Downloading hrnet_w18_ssld.tar.gz

[                                                  ] 0.00%
[                                                  ] 0.47%
[                                                  ] 1.15%
[=                                                 ] 2.12%
[=                                                 ] 3.59%
[==                                                ] 5.72%
[====                                              ] 8.74%
[======                                            ] 13.15%
[=========                                         ] 19.68%
[==============                                    ] 29.24%
[=====================                             ] 42.62%
[============================                      ] 57.47%
[====================================              ] 72.73%
[============================================      ] 88.68%
[==================================================] 100.00%
Uncompress hrnet_w18_ssld.tar.gz

[                                                  ] 0.00%
[=========================                         ] 50.00%
[==================================================] 100.00%
2021-05-31 15:41:27 [INFO]	There are 1525/1525 variables loaded into HRNet.
/usr/local/python378-gcc540/lib/python3.7/site-packages/paddle/nn/layer/norm.py:641: UserWarning: When training, we now always track global mean and variance.
  "When training, we now always track global mean and variance.")
/root/paddlejob/workspace/env_run/PaddleSeg/paddleseg/models/losses/cross_entropy_loss.py:60: DeprecationWarning: [93m
Warning:
API "paddle.nn.functional.loss.softmax_with_cross_entropy" is deprecated since 2.0.0, and will be removed in future versions. Please use "paddle.nn.functional.cross_entropy" instead.
reason: Please notice that behavior of "paddle.nn.functional.softmax_with_cross_entropy" and "paddle.nn.functional.cross_entropy" is different. [0m
  logit, label, ignore_index=self.ignore_index, axis=axis)
2021-05-31 15:41:35 [INFO]	[TRAIN] epoch: 1, iter: 10/100, loss: 2.1675, lr: 0.009186, batch_cost: 0.7704, reader_cost: 0.24730, ips: 10.3845 samples/sec | ETA 00:01:09
2021-05-31 15:41:39 [INFO]	[TRAIN] epoch: 1, iter: 20/100, loss: 1.2292, lr: 0.008272, batch_cost: 0.4431, reader_cost: 0.00187, ips: 18.0550 samples/sec | ETA 00:00:35
2021-05-31 15:41:43 [INFO]	[TRAIN] epoch: 1, iter: 30/100, loss: 0.7812, lr: 0.007347, batch_cost: 0.4442, reader_cost: 0.00307, ips: 18.0100 samples/sec | ETA 00:00:31
2021-05-31 15:41:48 [INFO]	[TRAIN] epoch: 1, iter: 40/100, loss: 0.8891, lr: 0.006409, batch_cost: 0.4425, reader_cost: 0.00145, ips: 18.0779 samples/sec | ETA 00:00:26
2021-05-31 15:41:52 [INFO]	[TRAIN] epoch: 1, iter: 50/100, loss: 0.9027, lr: 0.005455, batch_cost: 0.4425, reader_cost: 0.00128, ips: 18.0781 samples/sec | ETA 00:00:22
2021-05-31 15:41:57 [INFO]	[TRAIN] epoch: 1, iter: 60/100, loss: 0.7469, lr: 0.004482, batch_cost: 0.4421, reader_cost: 0.00044, ips: 18.0945 samples/sec | ETA 00:00:17
2021-05-31 15:42:01 [INFO]	[TRAIN] epoch: 1, iter: 70/100, loss: 0.7663, lr: 0.003485, batch_cost: 0.4425, reader_cost: 0.00216, ips: 18.0798 samples/sec | ETA 00:00:13
2021-05-31 15:42:06 [INFO]	[TRAIN] epoch: 1, iter: 80/100, loss: 0.5988, lr: 0.002455, batch_cost: 0.4403, reader_cost: 0.00048, ips: 18.1686 samples/sec | ETA 00:00:08
2021-05-31 15:42:10 [INFO]	[TRAIN] epoch: 1, iter: 90/100, loss: 0.4788, lr: 0.001372, batch_cost: 0.4397, reader_cost: 0.00047, ips: 18.1923 samples/sec | ETA 00:00:04
2021-05-31 15:42:14 [INFO]	[TRAIN] epoch: 1, iter: 100/100, loss: 0.6710, lr: 0.000158, batch_cost: 0.4394, reader_cost: 0.00018, ips: 18.2068 samples/sec | ETA 00:00:00
<class 'paddle.nn.layer.conv.Conv2D'>'s flops has been counted
<class 'paddle.nn.layer.norm.BatchNorm2D'>'s flops has been counted
Total Flops: -1736046592     Total Params: 9675306
