+ batch_size=96
+ num_gpus=1
+ precision=fp32
++ expr 67584 / 96 / 1
+ num_accumulation_steps_phase1=704
+ train_steps=200
+ bert_model=base
+ bash scripts/run_pretraining_lamb.sh 96 64 8 7.5e-4 5e-4 fp32 true 1 2000 200 200 200 704 512 base
Container nvidia build =  13409399
Saving checkpoints to /results/tf_bert_pretraining_lamb_base_fp32_gbs167584_gbs232768_230103024823
Logs written to /results/tf_bert_pretraining_lamb_base_fp32_gbs167584_gbs232768_230103024823/tf_bert_pretraining_lamb_base_fp32_gbs167584_gbs232768.230103024823.log
Container nvidia build =  13409399
XLA activated
2023-01-03 02:48:24.407165: I tensorflow/stream_executor/platform/default/dso_loader.cc:48] Successfully opened dynamic library libcudart.so.11.0
WARNING:tensorflow:Deprecation warnings have been disabled. Set TF_ENABLE_DEPRECATION_WARNINGS=1 to re-enable them.
WARNING:tensorflow:From /usr/local/lib/python3.6/dist-packages/horovod-0.19.1-py3.6-linux-x86_64.egg/horovod/tensorflow/__init__.py:152: The name tf.global_variables is deprecated. Please use tf.compat.v1.global_variables instead.

WARNING:tensorflow:From /usr/local/lib/python3.6/dist-packages/horovod-0.19.1-py3.6-linux-x86_64.egg/horovod/tensorflow/__init__.py:178: The name tf.get_default_graph is deprecated. Please use tf.compat.v1.get_default_graph instead.

WARNING:tensorflow:
The TensorFlow contrib module will not be included in TensorFlow 2.0.
For more information, please see:
  * https://github.com/tensorflow/community/blob/master/rfcs/20180907-contrib-sunset.md
  * https://github.com/tensorflow/addons
  * https://github.com/tensorflow/io (for I/O related ops)
If you depend on functionality not listed there, please file an issue.

W0103 02:48:27.123314 139669792659264 lazy_loader.py:50] 
The TensorFlow contrib module will not be included in TensorFlow 2.0.
For more information, please see:
  * https://github.com/tensorflow/community/blob/master/rfcs/20180907-contrib-sunset.md
  * https://github.com/tensorflow/addons
  * https://github.com/tensorflow/io (for I/O related ops)
If you depend on functionality not listed there, please file an issue.

INFO:tensorflow:Using config: {'_model_dir': '/results/tf_bert_pretraining_lamb_base_fp32_gbs167584_gbs232768_230103024823/phase_1', '_tf_random_seed': None, '_save_summary_steps': 200, '_save_checkpoints_steps': 200, '_save_checkpoints_secs': None, '_session_config': graph_options {
  optimizer_options {
    global_jit_level: ON_1
  }
  rewrite_options {
    memory_optimization: NO_MEM_OPT
  }
}
, '_keep_checkpoint_max': 5, '_keep_checkpoint_every_n_hours': 10000, '_log_step_count_steps': 10000, '_train_distribute': None, '_device_fn': None, '_protocol': None, '_eval_distribute': None, '_experimental_distribute': None, '_experimental_max_worker_delay_secs': None, '_session_creation_timeout_secs': 7200, '_service': None, '_cluster_spec': <tensorflow.python.training.server_lib.ClusterSpec object at 0x7f05002e5128>, '_task_type': 'worker', '_task_id': 0, '_global_id_in_cluster': 0, '_master': '', '_evaluation_master': '', '_is_chief': True, '_num_ps_replicas': 0, '_num_worker_replicas': 1}
I0103 02:48:28.073551 139669792659264 estimator.py:212] Using config: {'_model_dir': '/results/tf_bert_pretraining_lamb_base_fp32_gbs167584_gbs232768_230103024823/phase_1', '_tf_random_seed': None, '_save_summary_steps': 200, '_save_checkpoints_steps': 200, '_save_checkpoints_secs': None, '_session_config': graph_options {
  optimizer_options {
    global_jit_level: ON_1
  }
  rewrite_options {
    memory_optimization: NO_MEM_OPT
  }
}
, '_keep_checkpoint_max': 5, '_keep_checkpoint_every_n_hours': 10000, '_log_step_count_steps': 10000, '_train_distribute': None, '_device_fn': None, '_protocol': None, '_eval_distribute': None, '_experimental_distribute': None, '_experimental_max_worker_delay_secs': None, '_session_creation_timeout_secs': 7200, '_service': None, '_cluster_spec': <tensorflow.python.training.server_lib.ClusterSpec object at 0x7f05002e5128>, '_task_type': 'worker', '_task_id': 0, '_global_id_in_cluster': 0, '_master': '', '_evaluation_master': '', '_is_chief': True, '_num_ps_replicas': 0, '_num_worker_replicas': 1}
WARNING:tensorflow:Estimator's model_fn (<function model_fn_builder.<locals>.model_fn at 0x7f0500349268>) includes params argument, but params are not passed to Estimator.
W0103 02:48:28.074620 139669792659264 model_fn.py:630] Estimator's model_fn (<function model_fn_builder.<locals>.model_fn at 0x7f0500349268>) includes params argument, but params are not passed to Estimator.
INFO:tensorflow:***** Running training *****
I0103 02:48:28.075354 139669792659264 run_pretraining.py:628] ***** Running training *****
INFO:tensorflow:  Batch size = 96
I0103 02:48:28.075473 139669792659264 run_pretraining.py:629]   Batch size = 96
WARNING:tensorflow:From /usr/local/lib/python3.6/dist-packages/tensorflow_core/python/autograph/converters/directives.py:119: The name tf.parse_single_example is deprecated. Please use tf.io.parse_single_example instead.

W0103 02:48:28.196189 139669792659264 module_wrapper.py:139] From /usr/local/lib/python3.6/dist-packages/tensorflow_core/python/autograph/converters/directives.py:119: The name tf.parse_single_example is deprecated. Please use tf.io.parse_single_example instead.

INFO:tensorflow:Calling model_fn.
I0103 02:48:28.293912 139669792659264 estimator.py:1148] Calling model_fn.
INFO:tensorflow:*** Features ***
I0103 02:48:28.294031 139669792659264 run_pretraining.py:260] *** Features ***
INFO:tensorflow:  name = input_ids, shape = (96, 128)
I0103 02:48:28.294113 139669792659264 run_pretraining.py:262]   name = input_ids, shape = (96, 128)
INFO:tensorflow:  name = input_mask, shape = (96, 128)
I0103 02:48:28.294177 139669792659264 run_pretraining.py:262]   name = input_mask, shape = (96, 128)
INFO:tensorflow:  name = masked_lm_ids, shape = (96, 20)
I0103 02:48:28.294234 139669792659264 run_pretraining.py:262]   name = masked_lm_ids, shape = (96, 20)
INFO:tensorflow:  name = masked_lm_positions, shape = (96, 20)
I0103 02:48:28.294288 139669792659264 run_pretraining.py:262]   name = masked_lm_positions, shape = (96, 20)
INFO:tensorflow:  name = masked_lm_weights, shape = (96, 20)
I0103 02:48:28.294343 139669792659264 run_pretraining.py:262]   name = masked_lm_weights, shape = (96, 20)
INFO:tensorflow:  name = next_sentence_labels, shape = (96, 1)
I0103 02:48:28.294396 139669792659264 run_pretraining.py:262]   name = next_sentence_labels, shape = (96, 1)
INFO:tensorflow:  name = segment_ids, shape = (96, 128)
I0103 02:48:28.294449 139669792659264 run_pretraining.py:262]   name = segment_ids, shape = (96, 128)
WARNING:tensorflow:From /workspace/bert/modeling.py:176: The name tf.variable_scope is deprecated. Please use tf.compat.v1.variable_scope instead.

W0103 02:48:28.294596 139669792659264 module_wrapper.py:139] From /workspace/bert/modeling.py:176: The name tf.variable_scope is deprecated. Please use tf.compat.v1.variable_scope instead.

WARNING:tensorflow:From /workspace/bert/modeling.py:427: The name tf.get_variable is deprecated. Please use tf.compat.v1.get_variable instead.

W0103 02:48:28.295483 139669792659264 module_wrapper.py:139] From /workspace/bert/modeling.py:427: The name tf.get_variable is deprecated. Please use tf.compat.v1.get_variable instead.

WARNING:tensorflow:From /workspace/bert/run_pretraining.py:298: The name tf.trainable_variables is deprecated. Please use tf.compat.v1.trainable_variables instead.

W0103 02:48:29.640691 139669792659264 module_wrapper.py:139] From /workspace/bert/run_pretraining.py:298: The name tf.trainable_variables is deprecated. Please use tf.compat.v1.trainable_variables instead.

WARNING:tensorflow:From /workspace/bert/optimization.py:142: The name tf.global_norm is deprecated. Please use tf.linalg.global_norm instead.

W0103 02:48:32.234606 139669792659264 module_wrapper.py:139] From /workspace/bert/optimization.py:142: The name tf.global_norm is deprecated. Please use tf.linalg.global_norm instead.

INFO:tensorflow:Done calling model_fn.
I0103 02:48:38.828895 139669792659264 estimator.py:1150] Done calling model_fn.
INFO:tensorflow:Create CheckpointSaverHook.
I0103 02:48:38.829923 139669792659264 basic_session_run_hooks.py:541] Create CheckpointSaverHook.
INFO:tensorflow:Graph was finalized.
I0103 02:48:42.302849 139669792659264 monitored_session.py:240] Graph was finalized.
2023-01-03 02:48:42.348182: I tensorflow/core/platform/profile_utils/cpu_utils.cc:94] CPU Frequency: 2400000000 Hz
2023-01-03 02:48:42.363159: I tensorflow/compiler/xla/service/service.cc:168] XLA service 0x11a31780 initialized for platform Host (this does not guarantee that XLA will be used). Devices:
2023-01-03 02:48:42.363200: I tensorflow/compiler/xla/service/service.cc:176]   StreamExecutor device (0): Host, Default Version
2023-01-03 02:48:42.368533: I tensorflow/stream_executor/platform/default/dso_loader.cc:48] Successfully opened dynamic library libcuda.so.1
2023-01-03 02:48:46.668248: I tensorflow/compiler/xla/service/service.cc:168] XLA service 0x127fab20 initialized for platform CUDA (this does not guarantee that XLA will be used). Devices:
2023-01-03 02:48:46.668296: I tensorflow/compiler/xla/service/service.cc:176]   StreamExecutor device (0): NVIDIA A100-SXM4-40GB, Compute Capability 8.0
2023-01-03 02:48:46.668307: I tensorflow/compiler/xla/service/service.cc:176]   StreamExecutor device (1): NVIDIA A100-SXM4-40GB, Compute Capability 8.0
2023-01-03 02:48:46.668317: I tensorflow/compiler/xla/service/service.cc:176]   StreamExecutor device (2): NVIDIA A100-SXM4-40GB, Compute Capability 8.0
2023-01-03 02:48:46.668325: I tensorflow/compiler/xla/service/service.cc:176]   StreamExecutor device (3): NVIDIA A100-SXM4-40GB, Compute Capability 8.0
2023-01-03 02:48:46.668333: I tensorflow/compiler/xla/service/service.cc:176]   StreamExecutor device (4): NVIDIA A100-SXM4-40GB, Compute Capability 8.0
2023-01-03 02:48:46.668342: I tensorflow/compiler/xla/service/service.cc:176]   StreamExecutor device (5): NVIDIA A100-SXM4-40GB, Compute Capability 8.0
2023-01-03 02:48:46.668350: I tensorflow/compiler/xla/service/service.cc:176]   StreamExecutor device (6): NVIDIA A100-SXM4-40GB, Compute Capability 8.0
2023-01-03 02:48:46.668358: I tensorflow/compiler/xla/service/service.cc:176]   StreamExecutor device (7): NVIDIA A100-SXM4-40GB, Compute Capability 8.0
2023-01-03 02:48:46.693265: I tensorflow/core/common_runtime/gpu/gpu_device.cc:1639] Found device 0 with properties: 
name: NVIDIA A100-SXM4-40GB major: 8 minor: 0 memoryClockRate(GHz): 1.41
pciBusID: 0000:17:00.0
2023-01-03 02:48:46.694707: I tensorflow/core/common_runtime/gpu/gpu_device.cc:1639] Found device 1 with properties: 
name: NVIDIA A100-SXM4-40GB major: 8 minor: 0 memoryClockRate(GHz): 1.41
pciBusID: 0000:1a:00.0
2023-01-03 02:48:46.696053: I tensorflow/core/common_runtime/gpu/gpu_device.cc:1639] Found device 2 with properties: 
name: NVIDIA A100-SXM4-40GB major: 8 minor: 0 memoryClockRate(GHz): 1.41
pciBusID: 0000:6b:00.0
2023-01-03 02:48:46.697376: I tensorflow/core/common_runtime/gpu/gpu_device.cc:1639] Found device 3 with properties: 
name: NVIDIA A100-SXM4-40GB major: 8 minor: 0 memoryClockRate(GHz): 1.41
pciBusID: 0000:6f:00.0
2023-01-03 02:48:46.698619: I tensorflow/core/common_runtime/gpu/gpu_device.cc:1639] Found device 4 with properties: 
name: NVIDIA A100-SXM4-40GB major: 8 minor: 0 memoryClockRate(GHz): 1.41
pciBusID: 0000:a9:00.0
2023-01-03 02:48:46.699853: I tensorflow/core/common_runtime/gpu/gpu_device.cc:1639] Found device 5 with properties: 
name: NVIDIA A100-SXM4-40GB major: 8 minor: 0 memoryClockRate(GHz): 1.41
pciBusID: 0000:ad:00.0
2023-01-03 02:48:46.701191: I tensorflow/core/common_runtime/gpu/gpu_device.cc:1639] Found device 6 with properties: 
name: NVIDIA A100-SXM4-40GB major: 8 minor: 0 memoryClockRate(GHz): 1.41
pciBusID: 0000:db:00.0
2023-01-03 02:48:46.702518: I tensorflow/core/common_runtime/gpu/gpu_device.cc:1639] Found device 7 with properties: 
name: NVIDIA A100-SXM4-40GB major: 8 minor: 0 memoryClockRate(GHz): 1.41
pciBusID: 0000:de:00.0
2023-01-03 02:48:46.702571: I tensorflow/stream_executor/platform/default/dso_loader.cc:48] Successfully opened dynamic library libcudart.so.11.0
2023-01-03 02:48:46.712329: I tensorflow/stream_executor/platform/default/dso_loader.cc:48] Successfully opened dynamic library libcublas.so.11
2023-01-03 02:48:46.719183: I tensorflow/stream_executor/platform/default/dso_loader.cc:48] Successfully opened dynamic library libcufft.so.10
2023-01-03 02:48:46.721193: I tensorflow/stream_executor/platform/default/dso_loader.cc:48] Successfully opened dynamic library libcurand.so.10
2023-01-03 02:48:46.730043: I tensorflow/stream_executor/platform/default/dso_loader.cc:48] Successfully opened dynamic library libcusolver.so.10
2023-01-03 02:48:46.732281: I tensorflow/stream_executor/platform/default/dso_loader.cc:48] Successfully opened dynamic library libcusparse.so.11
2023-01-03 02:48:46.732623: I tensorflow/stream_executor/platform/default/dso_loader.cc:48] Successfully opened dynamic library libcudnn.so.8
2023-01-03 02:48:46.752538: I tensorflow/core/common_runtime/gpu/gpu_device.cc:1767] Adding visible gpu devices: 0, 1, 2, 3, 4, 5, 6, 7
2023-01-03 02:48:46.752999: I tensorflow/stream_executor/platform/default/dso_loader.cc:48] Successfully opened dynamic library libcudart.so.11.0
2023-01-03 02:48:49.825715: I tensorflow/core/common_runtime/gpu/gpu_device.cc:1180] Device interconnect StreamExecutor with strength 1 edge matrix:
2023-01-03 02:48:49.825756: I tensorflow/core/common_runtime/gpu/gpu_device.cc:1186]      0 1 2 3 4 5 6 7 
2023-01-03 02:48:49.825766: I tensorflow/core/common_runtime/gpu/gpu_device.cc:1199] 0:   N Y Y Y Y Y Y Y 
2023-01-03 02:48:49.825770: I tensorflow/core/common_runtime/gpu/gpu_device.cc:1199] 1:   Y N Y Y Y Y Y Y 
2023-01-03 02:48:49.825773: I tensorflow/core/common_runtime/gpu/gpu_device.cc:1199] 2:   Y Y N Y Y Y Y Y 
2023-01-03 02:48:49.825776: I tensorflow/core/common_runtime/gpu/gpu_device.cc:1199] 3:   Y Y Y N Y Y Y Y 
2023-01-03 02:48:49.825780: I tensorflow/core/common_runtime/gpu/gpu_device.cc:1199] 4:   Y Y Y Y N Y Y Y 
2023-01-03 02:48:49.825783: I tensorflow/core/common_runtime/gpu/gpu_device.cc:1199] 5:   Y Y Y Y Y N Y Y 
2023-01-03 02:48:49.825787: I tensorflow/core/common_runtime/gpu/gpu_device.cc:1199] 6:   Y Y Y Y Y Y N Y 
2023-01-03 02:48:49.825790: I tensorflow/core/common_runtime/gpu/gpu_device.cc:1199] 7:   Y Y Y Y Y Y Y N 
2023-01-03 02:48:49.839122: I tensorflow/core/common_runtime/gpu/gpu_device.cc:1325] Created TensorFlow device (/job:localhost/replica:0/task:0/device:GPU:0 with 37471 MB memory) -> physical GPU (device: 0, name: NVIDIA A100-SXM4-40GB, pci bus id: 0000:17:00.0, compute capability: 8.0)
2023-01-03 02:48:49.840761: I tensorflow/core/common_runtime/gpu/gpu_device.cc:1325] Created TensorFlow device (/job:localhost/replica:0/task:0/device:GPU:1 with 37471 MB memory) -> physical GPU (device: 1, name: NVIDIA A100-SXM4-40GB, pci bus id: 0000:1a:00.0, compute capability: 8.0)
2023-01-03 02:48:49.842286: I tensorflow/core/common_runtime/gpu/gpu_device.cc:1325] Created TensorFlow device (/job:localhost/replica:0/task:0/device:GPU:2 with 37471 MB memory) -> physical GPU (device: 2, name: NVIDIA A100-SXM4-40GB, pci bus id: 0000:6b:00.0, compute capability: 8.0)
2023-01-03 02:48:49.843821: I tensorflow/core/common_runtime/gpu/gpu_device.cc:1325] Created TensorFlow device (/job:localhost/replica:0/task:0/device:GPU:3 with 37471 MB memory) -> physical GPU (device: 3, name: NVIDIA A100-SXM4-40GB, pci bus id: 0000:6f:00.0, compute capability: 8.0)
2023-01-03 02:48:49.845297: I tensorflow/core/common_runtime/gpu/gpu_device.cc:1325] Created TensorFlow device (/job:localhost/replica:0/task:0/device:GPU:4 with 37471 MB memory) -> physical GPU (device: 4, name: NVIDIA A100-SXM4-40GB, pci bus id: 0000:a9:00.0, compute capability: 8.0)
2023-01-03 02:48:49.846707: I tensorflow/core/common_runtime/gpu/gpu_device.cc:1325] Created TensorFlow device (/job:localhost/replica:0/task:0/device:GPU:5 with 37471 MB memory) -> physical GPU (device: 5, name: NVIDIA A100-SXM4-40GB, pci bus id: 0000:ad:00.0, compute capability: 8.0)
2023-01-03 02:48:49.848205: I tensorflow/core/common_runtime/gpu/gpu_device.cc:1325] Created TensorFlow device (/job:localhost/replica:0/task:0/device:GPU:6 with 37471 MB memory) -> physical GPU (device: 6, name: NVIDIA A100-SXM4-40GB, pci bus id: 0000:db:00.0, compute capability: 8.0)
2023-01-03 02:48:49.849686: I tensorflow/core/common_runtime/gpu/gpu_device.cc:1325] Created TensorFlow device (/job:localhost/replica:0/task:0/device:GPU:7 with 37471 MB memory) -> physical GPU (device: 7, name: NVIDIA A100-SXM4-40GB, pci bus id: 0000:de:00.0, compute capability: 8.0)
2023-01-03 02:48:55.248094: W tensorflow/compiler/jit/mark_for_compilation_pass.cc:1648] (One-time warning): Not using XLA:CPU for cluster because envvar TF_XLA_FLAGS=--tf_xla_cpu_global_jit was not set.  If you want XLA:CPU, either set that envvar, or use experimental_jit_scope to enable XLA:CPU.  To confirm that XLA is active, pass --vmodule=xla_compilation_cache=1 (as a proper command-line flag, not via TF_XLA_FLAGS) or set the envvar XLA_FLAGS=--xla_hlo_profile.
INFO:tensorflow:Running local_init_op.
I0103 02:48:59.487322 139669792659264 session_manager.py:500] Running local_init_op.
INFO:tensorflow:Done running local_init_op.
I0103 02:48:59.931390 139669792659264 session_manager.py:502] Done running local_init_op.
INFO:tensorflow:Saving checkpoints for 0 into /results/tf_bert_pretraining_lamb_base_fp32_gbs167584_gbs232768_230103024823/phase_1/model.ckpt.
I0103 02:49:08.773642 139669792659264 basic_session_run_hooks.py:606] Saving checkpoints for 0 into /results/tf_bert_pretraining_lamb_base_fp32_gbs167584_gbs232768_230103024823/phase_1/model.ckpt.
WARNING:tensorflow:From /workspace/bert/run_pretraining.py:147: The name tf.train.get_global_step is deprecated. Please use tf.compat.v1.train.get_global_step instead.

W0103 02:49:14.526195 139669792659264 module_wrapper.py:139] From /workspace/bert/run_pretraining.py:147: The name tf.train.get_global_step is deprecated. Please use tf.compat.v1.train.get_global_step instead.

2023-01-03 02:49:33.444395: I tensorflow/stream_executor/platform/default/dso_loader.cc:48] Successfully opened dynamic library libcudnn.so.8
2023-01-03 02:49:34.524063: I tensorflow/stream_executor/platform/default/dso_loader.cc:48] Successfully opened dynamic library libcublas.so.11
2023-01-03 02:49:50.955023: W tensorflow/compiler/xla/service/gpu/llvm_gpu_backend/gpu_backend_lib.cc:93] Unknown compute capability (8, 0) .Defaulting to telling LLVM that we're compiling for sm_75
2023-01-03 02:49:57.567301: I tensorflow/compiler/jit/xla_compilation_cache.cc:243] Compiled cluster using XLA!  This line is logged at most once for the lifetime of the process.
2023-01-03 02:49:58.307388: W tensorflow/compiler/xla/service/gpu/llvm_gpu_backend/gpu_backend_lib.cc:93] Unknown compute capability (8, 0) .Defaulting to telling LLVM that we're compiling for sm_75
INFO:tensorflow:loss = 11.214142, step = 0
I0103 02:50:03.193239 139669792659264 basic_session_run_hooks.py:262] loss = 11.214142, step = 0
2023-01-03 02:50:31.087864: W tensorflow/compiler/xla/service/gpu/llvm_gpu_backend/gpu_backend_lib.cc:93] Unknown compute capability (8, 0) .Defaulting to telling LLVM that we're compiling for sm_75
2023-01-03 02:50:38.429576: W tensorflow/compiler/xla/service/gpu/llvm_gpu_backend/gpu_backend_lib.cc:93] Unknown compute capability (8, 0) .Defaulting to telling LLVM that we're compiling for sm_75
WARNING:tensorflow:It seems that global step (tf.train.get_global_step) has not been increased. Current value (could be stable): 0 vs previous value: 0. You could increase the global step by passing tf.train.get_global_step() to Optimizer.apply_gradients or Optimizer.minimize.
W0103 02:50:43.339377 139669792659264 basic_session_run_hooks.py:724] It seems that global step (tf.train.get_global_step) has not been increased. Current value (could be stable): 0 vs previous value: 0. You could increase the global step by passing tf.train.get_global_step() to Optimizer.apply_gradients or Optimizer.minimize.
WARNING:tensorflow:It seems that global step (tf.train.get_global_step) has not been increased. Current value (could be stable): 0 vs previous value: 0. You could increase the global step by passing tf.train.get_global_step() to Optimizer.apply_gradients or Optimizer.minimize.
W0103 02:50:43.520218 139669792659264 basic_session_run_hooks.py:724] It seems that global step (tf.train.get_global_step) has not been increased. Current value (could be stable): 0 vs previous value: 0. You could increase the global step by passing tf.train.get_global_step() to Optimizer.apply_gradients or Optimizer.minimize.
WARNING:tensorflow:It seems that global step (tf.train.get_global_step) has not been increased. Current value (could be stable): 0 vs previous value: 0. You could increase the global step by passing tf.train.get_global_step() to Optimizer.apply_gradients or Optimizer.minimize.
W0103 02:50:43.670173 139669792659264 basic_session_run_hooks.py:724] It seems that global step (tf.train.get_global_step) has not been increased. Current value (could be stable): 0 vs previous value: 0. You could increase the global step by passing tf.train.get_global_step() to Optimizer.apply_gradients or Optimizer.minimize.
WARNING:tensorflow:It seems that global step (tf.train.get_global_step) has not been increased. Current value (could be stable): 0 vs previous value: 0. You could increase the global step by passing tf.train.get_global_step() to Optimizer.apply_gradients or Optimizer.minimize.
W0103 02:50:43.815376 139669792659264 basic_session_run_hooks.py:724] It seems that global step (tf.train.get_global_step) has not been increased. Current value (could be stable): 0 vs previous value: 0. You could increase the global step by passing tf.train.get_global_step() to Optimizer.apply_gradients or Optimizer.minimize.
WARNING:tensorflow:It seems that global step (tf.train.get_global_step) has not been increased. Current value (could be stable): 0 vs previous value: 0. You could increase the global step by passing tf.train.get_global_step() to Optimizer.apply_gradients or Optimizer.minimize.
W0103 02:50:43.967008 139669792659264 basic_session_run_hooks.py:724] It seems that global step (tf.train.get_global_step) has not been increased. Current value (could be stable): 0 vs previous value: 0. You could increase the global step by passing tf.train.get_global_step() to Optimizer.apply_gradients or Optimizer.minimize.
2023-01-03 02:52:25.654821: W tensorflow/compiler/xla/service/gpu/llvm_gpu_backend/gpu_backend_lib.cc:93] Unknown compute capability (8, 0) .Defaulting to telling LLVM that we're compiling for sm_75
2023-01-03 03:15:02.670008: W tensorflow/compiler/xla/service/gpu/llvm_gpu_backend/gpu_backend_lib.cc:93] Unknown compute capability (8, 0) .Defaulting to telling LLVM that we're compiling for sm_75
2023-01-03 03:15:09.831868: W tensorflow/compiler/xla/service/gpu/llvm_gpu_backend/gpu_backend_lib.cc:93] Unknown compute capability (8, 0) .Defaulting to telling LLVM that we're compiling for sm_75
INFO:tensorflow:loss = 11.208168, step = 14 (1511.442 sec)
I0103 03:15:14.634856 139669792659264 basic_session_run_hooks.py:260] loss = 11.208168, step = 14 (1511.442 sec)
INFO:tensorflow:loss = 11.123012, step = 28 (1388.915 sec)
I0103 03:38:23.549882 139669792659264 basic_session_run_hooks.py:260] loss = 11.123012, step = 28 (1388.915 sec)
decayed_learning_rate_at_crossover_point = 7.500000e-04, adjusted_init_lr = 7.500000e-04
Initializing LAMB Optimizer
Skipping time record for  1  due to checkpoint-saving/warmup overhead
DLL 2023-01-03 02:52:46.651478 - Iteration: 2  throughput_train : 319.605 sequences/s mlm_loss : 10.4615  nsp_loss : 0.7881  total_loss : 11.2496  avg_loss_step : 11.2266  learning_rate : 0.0 
Skipping time record for  2  due to checkpoint-saving/warmup overhead
DLL 2023-01-03 02:54:25.730469 - Iteration: 3  throughput_train : 682.956 sequences/s mlm_loss : 10.4287  nsp_loss : 0.7540  total_loss : 11.1827  avg_loss_step : 11.2284  learning_rate : 3.75e-07 
Skipping time record for  3  due to checkpoint-saving/warmup overhead
DLL 2023-01-03 02:56:04.746471 - Iteration: 4  throughput_train : 683.383 sequences/s mlm_loss : 10.4621  nsp_loss : 0.7587  total_loss : 11.2208  avg_loss_step : 11.2292  learning_rate : 7.5e-07 
Skipping time record for  4  due to checkpoint-saving/warmup overhead
DLL 2023-01-03 02:57:43.874142 - Iteration: 5  throughput_train : 682.656 sequences/s mlm_loss : 10.4381  nsp_loss : 0.7592  total_loss : 11.1973  avg_loss_step : 11.2252  learning_rate : 1.125e-06 
Skipping time record for  5  due to checkpoint-saving/warmup overhead
DLL 2023-01-03 02:59:22.886178 - Iteration: 6  throughput_train : 683.445 sequences/s mlm_loss : 10.4438  nsp_loss : 0.7804  total_loss : 11.2242  avg_loss_step : 11.2263  learning_rate : 1.5e-06 
DLL 2023-01-03 03:01:01.970155 - Iteration: 7  throughput_train : 682.917 sequences/s mlm_loss : 10.4572  nsp_loss : 0.7152  total_loss : 11.1724  avg_loss_step : 11.2242  learning_rate : 1.8750001e-06 
DLL 2023-01-03 03:02:40.641467 - Iteration: 8  throughput_train : 685.835 sequences/s mlm_loss : 10.4598  nsp_loss : 0.7990  total_loss : 11.2588  avg_loss_step : 11.2234  learning_rate : 2.25e-06 
DLL 2023-01-03 03:04:18.968817 - Iteration: 9  throughput_train : 688.189 sequences/s mlm_loss : 10.4498  nsp_loss : 0.7646  total_loss : 11.2144  avg_loss_step : 11.2213  learning_rate : 2.625e-06 
DLL 2023-01-03 03:05:57.648711 - Iteration: 10  throughput_train : 685.710 sequences/s mlm_loss : 10.4514  nsp_loss : 0.7108  total_loss : 11.1622  avg_loss_step : 11.2184  learning_rate : 3e-06 
DLL 2023-01-03 03:07:36.571726 - Iteration: 11  throughput_train : 684.045 sequences/s mlm_loss : 10.4840  nsp_loss : 0.7634  total_loss : 11.2474  avg_loss_step : 11.2192  learning_rate : 3.3750002e-06 
DLL 2023-01-03 03:09:14.675977 - Iteration: 12  throughput_train : 689.735 sequences/s mlm_loss : 10.4484  nsp_loss : 0.7540  total_loss : 11.2024  avg_loss_step : 11.2155  learning_rate : 3.7500001e-06 
DLL 2023-01-03 03:10:52.041647 - Iteration: 13  throughput_train : 694.964 sequences/s mlm_loss : 10.4331  nsp_loss : 0.7210  total_loss : 11.1541  avg_loss_step : 11.2137  learning_rate : 4.125e-06 
DLL 2023-01-03 03:12:29.406347 - Iteration: 14  throughput_train : 694.993 sequences/s mlm_loss : 10.4547  nsp_loss : 0.7505  total_loss : 11.2052  avg_loss_step : 11.2105  learning_rate : 4.5e-06 
DLL 2023-01-03 03:14:06.743333 - Iteration: 15  throughput_train : 695.168 sequences/s mlm_loss : 10.4330  nsp_loss : 0.7744  total_loss : 11.2074  avg_loss_step : 11.2085  learning_rate : 4.8750003e-06 
DLL 2023-01-03 03:16:31.990509 - Iteration: 16  throughput_train : 465.697 sequences/s mlm_loss : 10.4436  nsp_loss : 0.7693  total_loss : 11.2128  avg_loss_step : 11.2062  learning_rate : 5.25e-06 
DLL 2023-01-03 03:18:09.656869 - Iteration: 17  throughput_train : 692.859 sequences/s mlm_loss : 10.4457  nsp_loss : 0.7969  total_loss : 11.2426  avg_loss_step : 11.2046  learning_rate : 5.625e-06 
DLL 2023-01-03 03:19:47.320242 - Iteration: 18  throughput_train : 692.851 sequences/s mlm_loss : 10.4438  nsp_loss : 0.7544  total_loss : 11.1982  avg_loss_step : 11.2020  learning_rate : 6e-06 
DLL 2023-01-03 03:21:25.263339 - Iteration: 19  throughput_train : 690.893 sequences/s mlm_loss : 10.4318  nsp_loss : 0.7344  total_loss : 11.1662  avg_loss_step : 11.1988  learning_rate : 6.3750003e-06 
DLL 2023-01-03 03:23:02.859322 - Iteration: 20  throughput_train : 693.349 sequences/s mlm_loss : 10.4481  nsp_loss : 0.7510  total_loss : 11.1991  avg_loss_step : 11.1962  learning_rate : 6.7500005e-06 
DLL 2023-01-03 03:24:40.487161 - Iteration: 21  throughput_train : 693.123 sequences/s mlm_loss : 10.4393  nsp_loss : 0.7893  total_loss : 11.2285  avg_loss_step : 11.1907  learning_rate : 7.125e-06 
DLL 2023-01-03 03:26:18.172976 - Iteration: 22  throughput_train : 692.725 sequences/s mlm_loss : 10.4314  nsp_loss : 0.7247  total_loss : 11.1561  avg_loss_step : 11.1868  learning_rate : 7.5000003e-06 
DLL 2023-01-03 03:27:55.782374 - Iteration: 23  throughput_train : 693.277 sequences/s mlm_loss : 10.4487  nsp_loss : 0.7123  total_loss : 11.1610  avg_loss_step : 11.1817  learning_rate : 7.875e-06 
DLL 2023-01-03 03:29:33.715010 - Iteration: 24  throughput_train : 690.983 sequences/s mlm_loss : 10.4301  nsp_loss : 0.7154  total_loss : 11.1455  avg_loss_step : 11.1797  learning_rate : 8.25e-06 
DLL 2023-01-03 03:31:11.776815 - Iteration: 25  throughput_train : 690.063 sequences/s mlm_loss : 10.4135  nsp_loss : 0.7399  total_loss : 11.1534  avg_loss_step : 11.1746  learning_rate : 8.625e-06 
DLL 2023-01-03 03:32:49.525627 - Iteration: 26  throughput_train : 692.307 sequences/s mlm_loss : 10.4292  nsp_loss : 0.7362  total_loss : 11.1654  avg_loss_step : 11.1704  learning_rate : 9e-06 
DLL 2023-01-03 03:34:27.856375 - Iteration: 27  throughput_train : 688.253 sequences/s mlm_loss : 10.4231  nsp_loss : 0.7253  total_loss : 11.1484  avg_loss_step : 11.1657  learning_rate : 9.375e-06 
DLL 2023-01-03 03:36:05.763303 - Iteration: 28  throughput_train : 691.201 sequences/s mlm_loss : 10.4230  nsp_loss : 0.7521  total_loss : 11.1751  avg_loss_step : 11.1614  learning_rate : 9.750001e-06 
DLL 2023-01-03 03:37:43.453355 - Iteration: 29  throughput_train : 692.712 sequences/s mlm_loss : 10.4401  nsp_loss : 0.7375  total_loss : 11.1775  avg_loss_step : 11.1569  learning_rate : 1.0125001e-05 
DLL 2023-01-03 03:39:21.093484 - Iteration: 30  throughput_train : 693.076 sequences/s mlm_loss : 10.4186  nsp_loss : 0.7453  total_loss : 11.1639  avg_loss_step : 11.1523  learning_rate : 1.05e-05 
DLL 2023-01-03 03:40:59.343700 - Iteration: 31  throughput_train : 688.827 sequences/s mlm_loss : 10.4075  nsp_loss : 0.7288  total_loss : 11.1364  avg_loss_step : 11.1477  learning_rate : 1.0875e-05 
DLL 2023-01-03 03:42:36.922515 - Iteration: 32  throughput_train : 693.474 sequences/s mlm_loss : 10.4428  nsp_loss : 0.7359  total_loss : 11.1787  avg_loss_step : 11.1418  learning_rate : 1.125e-05 
DLL 2023-01-03 03:44:14.431041 - Iteration: 33  throughput_train : 693.943 sequences/s mlm_loss : 10.4462  nsp_loss : 0.7036  total_loss : 11.1498  avg_loss_step : 11.1372  learning_rate : 1.1625e-05 
DLL 2023-01-03 03:45:51.975255 - Iteration: 34  throughput_train : 693.713 sequences/s mlm_loss : 10.4149  nsp_loss : 0.7310  total_loss : 11.1458  avg_loss_step : 11.1326  learning_rate : 1.2e-05 
DLL 2023-01-03 03:47:29.496504 - Iteration: 35  throughput_train : 693.885 sequences/s mlm_loss : 10.4010  nsp_loss : 0.7010  total_loss : 11.1020  avg_loss_step : 11.1274  learning_rate : 1.2375001e-05 
DLL 2023-01-03 03:49:06.924332 - Iteration: 36  throughput_train : 694.521 sequences/s mlm_loss : 10.4145  nsp_loss : 0.7031  total_loss : 11.1176  avg_loss_step : 11.1203  learning_rate : 1.2750001e-05 
DLL 2023-01-03 03:50:44.334502 - Iteration: 37  throughput_train : 694.656 sequences/s mlm_loss : 10.3933  nsp_loss : 0.7128  total_loss : 11.1061  avg_loss_step : 11.1160  learning_rate : 1.3125001e-05 
DLL 2023-01-03 03:52:21.776508 - Iteration: 38  throughput_train : 694.417 sequences/s mlm_loss : 10.3860  nsp_loss : 0.6967  total_loss : 11.0827  avg_loss_step : 11.1108  learning_rate : 1.3500001e-05 
DLL 2023-01-03 03:53:59.265421 - Iteration: 39  throughput_train : 694.089 sequences/s mlm_loss : 10.4043  nsp_loss : 0.7019  total_loss : 11.1062  avg_loss_step : 11.1053  learning_rate : 1.3875e-05 
DLL 2023-01-03 03:55:36.728726 - Iteration: 40  throughput_train : 694.265 sequences/s mlm_loss : 10.3981  nsp_loss : 0.7185  total_loss : 11.1165  avg_loss_step : 11.0997  learning_rate : 1.425e-05 INFO:tensorflow:loss = 11.082272, step = 42 (1385.354 sec)
I0103 04:01:28.903261 139669792659264 basic_session_run_hooks.py:260] loss = 11.082272, step = 42 (1385.354 sec)
INFO:tensorflow:loss = 10.949875, step = 56 (1383.696 sec)
I0103 04:24:32.599094 139669792659264 basic_session_run_hooks.py:260] loss = 10.949875, step = 56 (1383.696 sec)
INFO:tensorflow:loss = 10.88132, step = 71 (1383.819 sec)
I0103 04:47:36.417944 139669792659264 basic_session_run_hooks.py:260] loss = 10.88132, step = 71 (1383.819 sec)

DLL 2023-01-03 03:57:14.175215 - Iteration: 41  throughput_train : 694.389 sequences/s mlm_loss : 10.3988  nsp_loss : 0.7075  total_loss : 11.1063  avg_loss_step : 11.0947  learning_rate : 1.4625e-05 
DLL 2023-01-03 03:58:51.686609 - Iteration: 42  throughput_train : 693.945 sequences/s mlm_loss : 10.3781  nsp_loss : 0.7064  total_loss : 11.0846  avg_loss_step : 11.0900  learning_rate : 1.50000005e-05 
DLL 2023-01-03 04:00:29.088708 - Iteration: 43  throughput_train : 694.695 sequences/s mlm_loss : 10.3699  nsp_loss : 0.7017  total_loss : 11.0716  avg_loss_step : 11.0842  learning_rate : 1.5375e-05 
DLL 2023-01-03 04:02:06.382720 - Iteration: 44  throughput_train : 695.484 sequences/s mlm_loss : 10.3982  nsp_loss : 0.6858  total_loss : 11.0840  avg_loss_step : 11.0779  learning_rate : 1.575e-05 
DLL 2023-01-03 04:03:43.772348 - Iteration: 45  throughput_train : 694.793 sequences/s mlm_loss : 10.3752  nsp_loss : 0.6994  total_loss : 11.0746  avg_loss_step : 11.0727  learning_rate : 1.6125001e-05 
DLL 2023-01-03 04:05:21.147048 - Iteration: 46  throughput_train : 694.899 sequences/s mlm_loss : 10.3773  nsp_loss : 0.7044  total_loss : 11.0817  avg_loss_step : 11.0667  learning_rate : 1.65e-05 
DLL 2023-01-03 04:06:58.560723 - Iteration: 47  throughput_train : 694.613 sequences/s mlm_loss : 10.3807  nsp_loss : 0.6999  total_loss : 11.0806  avg_loss_step : 11.0608  learning_rate : 1.6875001e-05 
DLL 2023-01-03 04:08:36.102699 - Iteration: 48  throughput_train : 693.711 sequences/s mlm_loss : 10.3608  nsp_loss : 0.6913  total_loss : 11.0520  avg_loss_step : 11.0566  learning_rate : 1.725e-05 
DLL 2023-01-03 04:10:13.566375 - Iteration: 49  throughput_train : 694.274 sequences/s mlm_loss : 10.3965  nsp_loss : 0.6944  total_loss : 11.0909  avg_loss_step : 11.0510  learning_rate : 1.7625001e-05 
DLL 2023-01-03 04:11:50.945543 - Iteration: 50  throughput_train : 694.865 sequences/s mlm_loss : 10.3471  nsp_loss : 0.6939  total_loss : 11.0410  avg_loss_step : 11.0453  learning_rate : 1.8e-05 
DLL 2023-01-03 04:13:28.425814 - Iteration: 51  throughput_train : 694.142 sequences/s mlm_loss : 10.3498  nsp_loss : 0.6765  total_loss : 11.0263  avg_loss_step : 11.0394  learning_rate : 1.8375e-05 
DLL 2023-01-03 04:15:05.706509 - Iteration: 52  throughput_train : 695.568 sequences/s mlm_loss : 10.3387  nsp_loss : 0.6651  total_loss : 11.0039  avg_loss_step : 11.0317  learning_rate : 1.875e-05 
DLL 2023-01-03 04:16:43.123791 - Iteration: 53  throughput_train : 694.600 sequences/s mlm_loss : 10.3415  nsp_loss : 0.6987  total_loss : 11.0402  avg_loss_step : 11.0283  learning_rate : 1.9125e-05 
DLL 2023-01-03 04:18:20.517928 - Iteration: 54  throughput_train : 694.764 sequences/s mlm_loss : 10.3500  nsp_loss : 0.6960  total_loss : 11.0460  avg_loss_step : 11.0221  learning_rate : 1.9500001e-05 
DLL 2023-01-03 04:19:57.969928 - Iteration: 55  throughput_train : 694.337 sequences/s mlm_loss : 10.3491  nsp_loss : 0.6907  total_loss : 11.0399  avg_loss_step : 11.0175  learning_rate : 1.9875e-05 
DLL 2023-01-03 04:21:35.418969 - Iteration: 56  throughput_train : 694.367 sequences/s mlm_loss : 10.3293  nsp_loss : 0.6706  total_loss : 11.0000  avg_loss_step : 11.0105  learning_rate : 2.0250001e-05 
DLL 2023-01-03 04:23:12.815896 - Iteration: 57  throughput_train : 694.738 sequences/s mlm_loss : 10.3246  nsp_loss : 0.6765  total_loss : 11.0011  avg_loss_step : 11.0042  learning_rate : 2.0625e-05 
DLL 2023-01-03 04:24:50.184423 - Iteration: 58  throughput_train : 694.946 sequences/s mlm_loss : 10.3132  nsp_loss : 0.6909  total_loss : 11.0041  avg_loss_step : 10.9986  learning_rate : 2.1e-05 
DLL 2023-01-03 04:26:27.766057 - Iteration: 59  throughput_train : 693.428 sequences/s mlm_loss : 10.3110  nsp_loss : 0.6789  total_loss : 10.9899  avg_loss_step : 10.9925  learning_rate : 2.1375e-05 
DLL 2023-01-03 04:28:05.197376 - Iteration: 60  throughput_train : 694.490 sequences/s mlm_loss : 10.2884  nsp_loss : 0.7018  total_loss : 10.9902  avg_loss_step : 10.9868  learning_rate : 2.175e-05 
DLL 2023-01-03 04:29:42.599785 - Iteration: 61  throughput_train : 694.716 sequences/s mlm_loss : 10.2813  nsp_loss : 0.6887  total_loss : 10.9700  avg_loss_step : 10.9801  learning_rate : 2.2125001e-05 
DLL 2023-01-03 04:31:19.973052 - Iteration: 62  throughput_train : 694.915 sequences/s mlm_loss : 10.2616  nsp_loss : 0.6603  total_loss : 10.9220  avg_loss_step : 10.9743  learning_rate : 2.25e-05 
DLL 2023-01-03 04:32:57.373353 - Iteration: 63  throughput_train : 694.716 sequences/s mlm_loss : 10.2883  nsp_loss : 0.6876  total_loss : 10.9758  avg_loss_step : 10.9651  learning_rate : 2.2875001e-05 
DLL 2023-01-03 04:34:34.693058 - Iteration: 64  throughput_train : 695.283 sequences/s mlm_loss : 10.2783  nsp_loss : 0.6715  total_loss : 10.9499  avg_loss_step : 10.9613  learning_rate : 2.325e-05 
DLL 2023-01-03 04:36:12.072203 - Iteration: 65  throughput_train : 694.860 sequences/s mlm_loss : 10.2638  nsp_loss : 0.6620  total_loss : 10.9258  avg_loss_step : 10.9548  learning_rate : 2.3625002e-05 
DLL 2023-01-03 04:37:49.489289 - Iteration: 66  throughput_train : 694.615 sequences/s mlm_loss : 10.2651  nsp_loss : 0.6882  total_loss : 10.9533  avg_loss_step : 10.9473  learning_rate : 2.4e-05 
DLL 2023-01-03 04:39:26.936987 - Iteration: 67  throughput_train : 694.374 sequences/s mlm_loss : 10.2731  nsp_loss : 0.6717  total_loss : 10.9448  avg_loss_step : 10.9403  learning_rate : 2.4375e-05 
DLL 2023-01-03 04:41:04.315932 - Iteration: 68  throughput_train : 694.878 sequences/s mlm_loss : 10.2477  nsp_loss : 0.7141  total_loss : 10.9617  avg_loss_step : 10.9356  learning_rate : 2.4750001e-05 
DLL 2023-01-03 04:42:41.788209 - Iteration: 69  throughput_train : 694.215 sequences/s mlm_loss : 10.2544  nsp_loss : 0.6805  total_loss : 10.9349  avg_loss_step : 10.9278  learning_rate : 2.5125e-05 
DLL 2023-01-03 04:44:19.219337 - Iteration: 70  throughput_train : 694.499 sequences/s mlm_loss : 10.2292  nsp_loss : 0.7160  total_loss : 10.9452  avg_loss_step : 10.9205  learning_rate : 2.5500001e-05 
DLL 2023-01-03 04:45:56.637375 - Iteration: 71  throughput_train : 694.583 sequences/s mlm_loss : 10.2387  nsp_loss : 0.6637  total_loss : 10.9024  avg_loss_step : 10.9123  learning_rate : 2.5875e-05 
DLL 2023-01-03 04:47:34.051629 - Iteration: 72  throughput_train : 694.614 sequences/s mlm_loss : 10.2187  nsp_loss : 0.6911  total_loss : 10.9098  avg_loss_step : 10.9055  learning_rate : 2.6250002e-05 
DLL 2023-01-03 04:49:11.505538 - Iteration: 73  throughput_train : 694.351 sequences/s mlm_loss : 10.2166  nsp_loss : 0.6935  total_loss : 10.9100  avg_loss_step : 10.8978  learning_rate : 2.6625e-05 
DLL 2023-01-03 04:50:49.011996 - Iteration: 74  throughput_train : 693.972 sequences/s mlm_loss : 10.2075  nsp_loss : 0.6983  total_loss : 10.9058  avg_loss_step : 10.8922  learning_rate : 2.7000002e-05 
DLL 2023-01-03 04:52:26.510229 - Iteration: 75  throughput_train : 694.023 sequences/s mlm_loss : 10.2223  nsp_loss : 0.6579  total_loss : 10.8801  avg_loss_step : 10.8852  learning_rate : 2.7375001e-05 
DLL 2023-01-03 04:54:03.826557 - Iteration: 76  throughput_train : 695.316 sequences/s mlm_loss : 10.1948  nsp_loss : 0.6885  total_loss : 10.8832  avg_loss_step : 10.8757  learning_rate : 2.775e-05 
DLL 2023-01-03 04:55:41.183587 - Iteration: 77  throughput_train : 695.022 sequences/s mlm_loss : 10.1930  nsp_loss : 0.6847  total_loss : 10.8777  avg_loss_step : 10.8707  learning_rate : 2.8125001e-05 
DLL 2023-01-03 04:57:18.698149 - Iteration: 78  throughput_train : 693.914 sequences/s mlm_loss : 10.1764  nsp_loss : 0.6960  total_loss : 10.8724  avg_loss_step : 10.8616  learning_rate : 2.85e-05 
DLL 2023-01-03 04:58:56.159779 - Iteration: 79  throughput_train : 694.297 sequences/s mlm_loss : 10.1740  nsp_loss : 0.7093  total_loss : 10.8833  avg_loss_step : 10.8545  learning_rate : 2.8875002e-05 
DLL 2023-01-03 05:00:33.589975 - Iteration: 80  throughput_train : 694.521 sequences/s mlm_loss : 10.1939  nsp_loss : 0.6750  total_loss : 10.8689  avg_loss_step : 10.8469  learning_rate : 2.925e-05 
DLL 2023-01-03 05:02:10.999218 - Iteration: 81  throughput_train : 694.650 sequences/s mlm_loss : 10.1741  nsp_loss : 0.6772  total_loss : 10.8512  avg_loss_step : 10.8387  learning_rate : 2.9625002e-05 INFO:tensorflow:loss = 10.801811, step = 85 (1383.694 sec)
I0103 05:10:40.111912 139669792659264 basic_session_run_hooks.py:260] loss = 10.801811, step = 85 (1383.694 sec)
INFO:tensorflow:loss = 10.67531, step = 99 (1383.439 sec)
I0103 05:33:43.550614 139669792659264 basic_session_run_hooks.py:260] loss = 10.67531, step = 99 (1383.439 sec)
INFO:tensorflow:loss = 10.518994, step = 113 (1383.486 sec)
I0103 05:56:47.036198 139669792659264 basic_session_run_hooks.py:260] loss = 10.518994, step = 113 (1383.486 sec)

DLL 2023-01-03 05:03:48.349286 - Iteration: 82  throughput_train : 695.070 sequences/s mlm_loss : 10.1430  nsp_loss : 0.6980  total_loss : 10.8411  avg_loss_step : 10.8311  learning_rate : 3.0000001e-05 
DLL 2023-01-03 05:05:25.717479 - Iteration: 83  throughput_train : 694.933 sequences/s mlm_loss : 10.1495  nsp_loss : 0.6965  total_loss : 10.8460  avg_loss_step : 10.8221  learning_rate : 3.0375e-05 
DLL 2023-01-03 05:07:03.049984 - Iteration: 84  throughput_train : 695.199 sequences/s mlm_loss : 10.1053  nsp_loss : 0.6671  total_loss : 10.7723  avg_loss_step : 10.8142  learning_rate : 3.075e-05 
DLL 2023-01-03 05:08:40.432455 - Iteration: 85  throughput_train : 694.842 sequences/s mlm_loss : 10.1152  nsp_loss : 0.6756  total_loss : 10.7908  avg_loss_step : 10.8051  learning_rate : 3.1125e-05 
DLL 2023-01-03 05:10:17.780545 - Iteration: 86  throughput_train : 695.085 sequences/s mlm_loss : 10.1237  nsp_loss : 0.6733  total_loss : 10.7969  avg_loss_step : 10.7976  learning_rate : 3.15e-05 
DLL 2023-01-03 05:11:55.249517 - Iteration: 87  throughput_train : 694.228 sequences/s mlm_loss : 10.0891  nsp_loss : 0.6614  total_loss : 10.7505  avg_loss_step : 10.7914  learning_rate : 3.1875003e-05 
DLL 2023-01-03 05:13:32.789267 - Iteration: 88  throughput_train : 693.720 sequences/s mlm_loss : 10.0938  nsp_loss : 0.6725  total_loss : 10.7663  avg_loss_step : 10.7831  learning_rate : 3.2250002e-05 
DLL 2023-01-03 05:15:10.063320 - Iteration: 89  throughput_train : 695.618 sequences/s mlm_loss : 10.0777  nsp_loss : 0.6634  total_loss : 10.7411  avg_loss_step : 10.7734  learning_rate : 3.2625e-05 
DLL 2023-01-03 05:16:47.420973 - Iteration: 90  throughput_train : 695.018 sequences/s mlm_loss : 10.0607  nsp_loss : 0.6657  total_loss : 10.7264  avg_loss_step : 10.7656  learning_rate : 3.3e-05 
DLL 2023-01-03 05:18:24.865345 - Iteration: 91  throughput_train : 694.408 sequences/s mlm_loss : 10.0396  nsp_loss : 0.7070  total_loss : 10.7466  avg_loss_step : 10.7562  learning_rate : 3.3375e-05 
DLL 2023-01-03 05:20:02.294145 - Iteration: 92  throughput_train : 694.501 sequences/s mlm_loss : 10.0701  nsp_loss : 0.6784  total_loss : 10.7485  avg_loss_step : 10.7484  learning_rate : 3.3750002e-05 
DLL 2023-01-03 05:21:39.676100 - Iteration: 93  throughput_train : 694.846 sequences/s mlm_loss : 10.0424  nsp_loss : 0.6815  total_loss : 10.7240  avg_loss_step : 10.7389  learning_rate : 3.4125e-05 
DLL 2023-01-03 05:23:16.930856 - Iteration: 94  throughput_train : 695.747 sequences/s mlm_loss : 10.0506  nsp_loss : 0.6582  total_loss : 10.7089  avg_loss_step : 10.7327  learning_rate : 3.45e-05 
DLL 2023-01-03 05:24:54.306274 - Iteration: 95  throughput_train : 694.885 sequences/s mlm_loss : 10.0887  nsp_loss : 0.6830  total_loss : 10.7717  avg_loss_step : 10.7234  learning_rate : 3.4875e-05 
DLL 2023-01-03 05:26:31.634900 - Iteration: 96  throughput_train : 695.234 sequences/s mlm_loss : 10.0534  nsp_loss : 0.6949  total_loss : 10.7483  avg_loss_step : 10.7139  learning_rate : 3.5250003e-05 
DLL 2023-01-03 05:28:09.121790 - Iteration: 97  throughput_train : 694.105 sequences/s mlm_loss : 10.0351  nsp_loss : 0.6851  total_loss : 10.7202  avg_loss_step : 10.7065  learning_rate : 3.5625002e-05 
DLL 2023-01-03 05:29:46.578777 - Iteration: 98  throughput_train : 694.322 sequences/s mlm_loss : 10.0446  nsp_loss : 0.6800  total_loss : 10.7247  avg_loss_step : 10.6946  learning_rate : 3.6e-05 
DLL 2023-01-03 05:31:23.949582 - Iteration: 99  throughput_train : 694.920 sequences/s mlm_loss : 10.0045  nsp_loss : 0.7185  total_loss : 10.7231  avg_loss_step : 10.6866  learning_rate : 3.6375e-05 
DLL 2023-01-03 05:33:01.367828 - Iteration: 100  throughput_train : 694.576 sequences/s mlm_loss : 9.9884  nsp_loss : 0.6587  total_loss : 10.6471  avg_loss_step : 10.6807  learning_rate : 3.675e-05 
DLL 2023-01-03 05:34:38.774688 - Iteration: 101  throughput_train : 694.684 sequences/s mlm_loss : 9.9966  nsp_loss : 0.6782  total_loss : 10.6748  avg_loss_step : 10.6695  learning_rate : 3.7125003e-05 
DLL 2023-01-03 05:36:16.087238 - Iteration: 102  throughput_train : 695.333 sequences/s mlm_loss : 10.0020  nsp_loss : 0.6882  total_loss : 10.6902  avg_loss_step : 10.6584  learning_rate : 3.75e-05 
DLL 2023-01-03 05:37:53.555806 - Iteration: 103  throughput_train : 694.229 sequences/s mlm_loss : 9.9609  nsp_loss : 0.6894  total_loss : 10.6503  avg_loss_step : 10.6515  learning_rate : 3.7875e-05 
DLL 2023-01-03 05:39:30.921317 - Iteration: 104  throughput_train : 694.970 sequences/s mlm_loss : 9.9227  nsp_loss : 0.6830  total_loss : 10.6057  avg_loss_step : 10.6422  learning_rate : 3.825e-05 
DLL 2023-01-03 05:41:08.298853 - Iteration: 105  throughput_train : 694.875 sequences/s mlm_loss : 9.9403  nsp_loss : 0.7189  total_loss : 10.6592  avg_loss_step : 10.6326  learning_rate : 3.8625003e-05 
DLL 2023-01-03 05:42:45.688751 - Iteration: 106  throughput_train : 694.799 sequences/s mlm_loss : 9.9616  nsp_loss : 0.6777  total_loss : 10.6393  avg_loss_step : 10.6228  learning_rate : 3.9000002e-05 
DLL 2023-01-03 05:44:23.166483 - Iteration: 107  throughput_train : 694.157 sequences/s mlm_loss : 9.9649  nsp_loss : 0.6931  total_loss : 10.6580  avg_loss_step : 10.6150  learning_rate : 3.9375e-05 
DLL 2023-01-03 05:46:00.568354 - Iteration: 108  throughput_train : 694.701 sequences/s mlm_loss : 9.9085  nsp_loss : 0.6933  total_loss : 10.6017  avg_loss_step : 10.6085  learning_rate : 3.975e-05 
DLL 2023-01-03 05:47:37.912157 - Iteration: 109  throughput_train : 695.113 sequences/s mlm_loss : 9.9094  nsp_loss : 0.6779  total_loss : 10.5873  avg_loss_step : 10.5948  learning_rate : 4.0125e-05 
DLL 2023-01-03 05:49:15.278466 - Iteration: 110  throughput_train : 694.954 sequences/s mlm_loss : 9.9150  nsp_loss : 0.6799  total_loss : 10.5948  avg_loss_step : 10.5893  learning_rate : 4.0500003e-05 
DLL 2023-01-03 05:50:52.729153 - Iteration: 111  throughput_train : 694.350 sequences/s mlm_loss : 9.9111  nsp_loss : 0.6784  total_loss : 10.5896  avg_loss_step : 10.5779  learning_rate : 4.0875002e-05 
DLL 2023-01-03 05:52:30.166464 - Iteration: 112  throughput_train : 694.446 sequences/s mlm_loss : 9.9198  nsp_loss : 0.6764  total_loss : 10.5962  avg_loss_step : 10.5701  learning_rate : 4.125e-05 
DLL 2023-01-03 05:54:07.588077 - Iteration: 113  throughput_train : 694.554 sequences/s mlm_loss : 9.8875  nsp_loss : 0.6755  total_loss : 10.5630  avg_loss_step : 10.5622  learning_rate : 4.1625e-05 
DLL 2023-01-03 05:55:44.897604 - Iteration: 114  throughput_train : 695.356 sequences/s mlm_loss : 9.8565  nsp_loss : 0.6805  total_loss : 10.5370  avg_loss_step : 10.5519  learning_rate : 4.2e-05 
DLL 2023-01-03 05:57:22.330641 - Iteration: 115  throughput_train : 694.492 sequences/s mlm_loss : 9.8514  nsp_loss : 0.7234  total_loss : 10.5749  avg_loss_step : 10.5420  learning_rate : 4.2375003e-05 
DLL 2023-01-03 05:58:59.692021 - Iteration: 116  throughput_train : 694.986 sequences/s mlm_loss : 9.8513  nsp_loss : 0.6822  total_loss : 10.5335  avg_loss_step : 10.5347  learning_rate : 4.275e-05 
DLL 2023-01-03 06:00:37.158479 - Iteration: 117  throughput_train : 694.240 sequences/s mlm_loss : 9.8361  nsp_loss : 0.6941  total_loss : 10.5303  avg_loss_step : 10.5266  learning_rate : 4.3125e-05 
DLL 2023-01-03 06:02:14.498203 - Iteration: 118  throughput_train : 695.138 sequences/s mlm_loss : 9.8373  nsp_loss : 0.6935  total_loss : 10.5308  avg_loss_step : 10.5144  learning_rate : 4.35e-05 
DLL 2023-01-03 06:03:51.862102 - Iteration: 119  throughput_train : 694.984 sequences/s mlm_loss : 9.8024  nsp_loss : 0.6774  total_loss : 10.4798  avg_loss_step : 10.5087  learning_rate : 4.3875003e-05 
DLL 2023-01-03 06:05:29.303416 - Iteration: 120  throughput_train : 694.436 sequences/s mlm_loss : 9.8362  nsp_loss : 0.6871  total_loss : 10.5233  avg_loss_step : 10.4986  learning_rate : 4.4250002e-05 
DLL 2023-01-03 06:07:06.806055 - Iteration: 121  throughput_train : 693.988 sequences/s mlm_loss : 9.8723  nsp_loss : 0.7013  total_loss : 10.5735  avg_loss_step : 10.4904  learning_rate : 4.4625e-05 
DLL 2023-01-03 06:08:44.252328 - Iteration: 122  throughput_train : 694.385 sequences/s mlm_loss : 9.8078  nsp_loss : 0.6629  total_loss : 10.4707  avg_loss_step : 10.4808  learning_rate : 4.5e-05 INFO:tensorflow:loss = 10.383462, step = 127 (1383.346 sec)
I0103 06:19:50.382672 139669792659264 basic_session_run_hooks.py:260] loss = 10.383462, step = 127 (1383.346 sec)
INFO:tensorflow:loss = 10.358969, step = 142 (1383.494 sec)
I0103 06:42:53.876606 139669792659264 basic_session_run_hooks.py:260] loss = 10.358969, step = 142 (1383.494 sec)
INFO:tensorflow:loss = 10.191489, step = 156 (1384.011 sec)
I0103 07:05:57.887782 139669792659264 basic_session_run_hooks.py:260] loss = 10.191489, step = 156 (1384.011 sec)

DLL 2023-01-03 06:10:21.703760 - Iteration: 123  throughput_train : 694.351 sequences/s mlm_loss : 9.7826  nsp_loss : 0.6896  total_loss : 10.4722  avg_loss_step : 10.4754  learning_rate : 4.5375e-05 
DLL 2023-01-03 06:11:59.073056 - Iteration: 124  throughput_train : 694.940 sequences/s mlm_loss : 9.7281  nsp_loss : 0.6991  total_loss : 10.4272  avg_loss_step : 10.4635  learning_rate : 4.5750003e-05 
DLL 2023-01-03 06:13:36.336224 - Iteration: 125  throughput_train : 695.699 sequences/s mlm_loss : 9.8066  nsp_loss : 0.6686  total_loss : 10.4752  avg_loss_step : 10.4556  learning_rate : 4.6125002e-05 
DLL 2023-01-03 06:15:13.591295 - Iteration: 126  throughput_train : 695.744 sequences/s mlm_loss : 9.7521  nsp_loss : 0.6884  total_loss : 10.4405  avg_loss_step : 10.4489  learning_rate : 4.65e-05 
DLL 2023-01-03 06:16:50.998688 - Iteration: 127  throughput_train : 694.667 sequences/s mlm_loss : 9.7799  nsp_loss : 0.6817  total_loss : 10.4617  avg_loss_step : 10.4360  learning_rate : 4.6875e-05 
DLL 2023-01-03 06:18:28.351616 - Iteration: 128  throughput_train : 695.049 sequences/s mlm_loss : 9.7235  nsp_loss : 0.6885  total_loss : 10.4120  avg_loss_step : 10.4284  learning_rate : 4.7250003e-05 
DLL 2023-01-03 06:20:05.749596 - Iteration: 129  throughput_train : 694.738 sequences/s mlm_loss : 9.6977  nsp_loss : 0.6790  total_loss : 10.3767  avg_loss_step : 10.4189  learning_rate : 4.7625002e-05 
DLL 2023-01-03 06:21:43.111301 - Iteration: 130  throughput_train : 695.001 sequences/s mlm_loss : 9.7621  nsp_loss : 0.6795  total_loss : 10.4416  avg_loss_step : 10.4106  learning_rate : 4.8e-05 
DLL 2023-01-03 06:23:20.536352 - Iteration: 131  throughput_train : 694.537 sequences/s mlm_loss : 9.7864  nsp_loss : 0.6652  total_loss : 10.4517  avg_loss_step : 10.4024  learning_rate : 4.8375e-05 
DLL 2023-01-03 06:24:57.849467 - Iteration: 132  throughput_train : 695.336 sequences/s mlm_loss : 9.7032  nsp_loss : 0.7101  total_loss : 10.4134  avg_loss_step : 10.3947  learning_rate : 4.875e-05 
DLL 2023-01-03 06:26:35.329358 - Iteration: 133  throughput_train : 694.149 sequences/s mlm_loss : 9.6633  nsp_loss : 0.6952  total_loss : 10.3584  avg_loss_step : 10.3877  learning_rate : 4.9125003e-05 
DLL 2023-01-03 06:28:12.715845 - Iteration: 134  throughput_train : 694.804 sequences/s mlm_loss : 9.6495  nsp_loss : 0.6702  total_loss : 10.3197  avg_loss_step : 10.3810  learning_rate : 4.9500002e-05 
DLL 2023-01-03 06:29:50.078947 - Iteration: 135  throughput_train : 694.982 sequences/s mlm_loss : 9.7551  nsp_loss : 0.6740  total_loss : 10.4291  avg_loss_step : 10.3698  learning_rate : 4.9875e-05 
DLL 2023-01-03 06:31:27.481455 - Iteration: 136  throughput_train : 694.706 sequences/s mlm_loss : 9.7194  nsp_loss : 0.6774  total_loss : 10.3969  avg_loss_step : 10.3644  learning_rate : 5.025e-05 
DLL 2023-01-03 06:33:04.852661 - Iteration: 137  throughput_train : 694.913 sequences/s mlm_loss : 9.6531  nsp_loss : 0.6790  total_loss : 10.3321  avg_loss_step : 10.3531  learning_rate : 5.0625003e-05 
DLL 2023-01-03 06:34:42.231138 - Iteration: 138  throughput_train : 694.872 sequences/s mlm_loss : 9.6516  nsp_loss : 0.6806  total_loss : 10.3322  avg_loss_step : 10.3464  learning_rate : 5.1000003e-05 
DLL 2023-01-03 06:36:19.658131 - Iteration: 139  throughput_train : 694.516 sequences/s mlm_loss : 9.6422  nsp_loss : 0.6628  total_loss : 10.3050  avg_loss_step : 10.3419  learning_rate : 5.1375002e-05 
DLL 2023-01-03 06:37:57.039365 - Iteration: 140  throughput_train : 694.846 sequences/s mlm_loss : 9.6249  nsp_loss : 0.7046  total_loss : 10.3295  avg_loss_step : 10.3311  learning_rate : 5.175e-05 
DLL 2023-01-03 06:39:34.480233 - Iteration: 141  throughput_train : 694.432 sequences/s mlm_loss : 9.6341  nsp_loss : 0.6740  total_loss : 10.3081  avg_loss_step : 10.3241  learning_rate : 5.2125e-05 
DLL 2023-01-03 06:41:11.858289 - Iteration: 142  throughput_train : 694.873 sequences/s mlm_loss : 9.6977  nsp_loss : 0.6637  total_loss : 10.3614  avg_loss_step : 10.3160  learning_rate : 5.2500003e-05 
DLL 2023-01-03 06:42:49.319044 - Iteration: 143  throughput_train : 694.296 sequences/s mlm_loss : 9.7471  nsp_loss : 0.6638  total_loss : 10.4109  avg_loss_step : 10.3098  learning_rate : 5.2875002e-05 
DLL 2023-01-03 06:44:26.778313 - Iteration: 144  throughput_train : 694.320 sequences/s mlm_loss : 9.6114  nsp_loss : 0.6822  total_loss : 10.2936  avg_loss_step : 10.3004  learning_rate : 5.325e-05 
DLL 2023-01-03 06:46:04.080760 - Iteration: 145  throughput_train : 695.410 sequences/s mlm_loss : 9.5914  nsp_loss : 0.6871  total_loss : 10.2785  avg_loss_step : 10.2955  learning_rate : 5.3625e-05 
DLL 2023-01-03 06:47:41.522666 - Iteration: 146  throughput_train : 694.425 sequences/s mlm_loss : 9.5799  nsp_loss : 0.6905  total_loss : 10.2704  avg_loss_step : 10.2869  learning_rate : 5.4000004e-05 
DLL 2023-01-03 06:49:18.929554 - Iteration: 147  throughput_train : 694.673 sequences/s mlm_loss : 9.5851  nsp_loss : 0.6622  total_loss : 10.2473  avg_loss_step : 10.2786  learning_rate : 5.4375003e-05 
DLL 2023-01-03 06:50:56.289681 - Iteration: 148  throughput_train : 695.004 sequences/s mlm_loss : 9.6007  nsp_loss : 0.7071  total_loss : 10.3078  avg_loss_step : 10.2728  learning_rate : 5.4750002e-05 
DLL 2023-01-03 06:52:33.715064 - Iteration: 149  throughput_train : 694.532 sequences/s mlm_loss : 9.5851  nsp_loss : 0.6855  total_loss : 10.2706  avg_loss_step : 10.2652  learning_rate : 5.5125e-05 
DLL 2023-01-03 06:54:11.103574 - Iteration: 150  throughput_train : 694.785 sequences/s mlm_loss : 9.6571  nsp_loss : 0.6821  total_loss : 10.3392  avg_loss_step : 10.2573  learning_rate : 5.55e-05 
DLL 2023-01-03 06:55:48.532339 - Iteration: 151  throughput_train : 694.501 sequences/s mlm_loss : 9.5727  nsp_loss : 0.6973  total_loss : 10.2700  avg_loss_step : 10.2477  learning_rate : 5.5875003e-05 
DLL 2023-01-03 06:57:25.954600 - Iteration: 152  throughput_train : 694.580 sequences/s mlm_loss : 9.5473  nsp_loss : 0.6658  total_loss : 10.2131  avg_loss_step : 10.2452  learning_rate : 5.6250003e-05 
DLL 2023-01-03 06:59:03.352614 - Iteration: 153  throughput_train : 694.728 sequences/s mlm_loss : 9.5027  nsp_loss : 0.6591  total_loss : 10.1618  avg_loss_step : 10.2356  learning_rate : 5.6625002e-05 
DLL 2023-01-03 07:00:40.789134 - Iteration: 154  throughput_train : 694.455 sequences/s mlm_loss : 9.5395  nsp_loss : 0.6505  total_loss : 10.1900  avg_loss_step : 10.2309  learning_rate : 5.7e-05 
DLL 2023-01-03 07:02:18.175161 - Iteration: 155  throughput_train : 694.812 sequences/s mlm_loss : 9.5302  nsp_loss : 0.6932  total_loss : 10.2234  avg_loss_step : 10.2206  learning_rate : 5.7375e-05 
DLL 2023-01-03 07:03:55.945508 - Iteration: 156  throughput_train : 692.075 sequences/s mlm_loss : 9.5359  nsp_loss : 0.6845  total_loss : 10.2204  avg_loss_step : 10.2156  learning_rate : 5.7750003e-05 
DLL 2023-01-03 07:05:33.421617 - Iteration: 157  throughput_train : 694.167 sequences/s mlm_loss : 9.6063  nsp_loss : 0.6707  total_loss : 10.2770  avg_loss_step : 10.2072  learning_rate : 5.8125002e-05 
DLL 2023-01-03 07:07:10.749669 - Iteration: 158  throughput_train : 695.244 sequences/s mlm_loss : 9.4842  nsp_loss : 0.6824  total_loss : 10.1665  avg_loss_step : 10.2024  learning_rate : 5.85e-05 
DLL 2023-01-03 07:08:48.182654 - Iteration: 159  throughput_train : 694.481 sequences/s mlm_loss : 9.4577  nsp_loss : 0.6649  total_loss : 10.1226  avg_loss_step : 10.1961  learning_rate : 5.8875e-05 
DLL 2023-01-03 07:10:25.541022 - Iteration: 160  throughput_train : 695.011 sequences/s mlm_loss : 9.5510  nsp_loss : 0.6681  total_loss : 10.2191  avg_loss_step : 10.1947  learning_rate : 5.9250004e-05 
DLL 2023-01-03 07:12:02.951656 - Iteration: 161  throughput_train : 694.634 sequences/s mlm_loss : 9.4713  nsp_loss : 0.6893  total_loss : 10.1605  avg_loss_step : 10.1824  learning_rate : 5.9625003e-05 
DLL 2023-01-03 07:13:40.369216 - Iteration: 162  throughput_train : 694.604 sequences/s mlm_loss : 9.4522  nsp_loss : 0.6823  total_loss : 10.1345  avg_loss_step : 10.1787  learning_rate : 6.0000002e-05 
DLL 2023-01-03 07:15:17.800598 - Iteration: 163  throughput_train : 694.499 sequences/s mlm_loss : 9.5180  nsp_loss : 0.6605  total_loss : 10.1785  avg_loss_step : 10.1725  learning_rate : 6.0375e-05 INFO:tensorflow:loss = 10.163136, step = 170 (1383.657 sec)
I0103 07:29:01.544569 139669792659264 basic_session_run_hooks.py:260] loss = 10.163136, step = 170 (1383.657 sec)
INFO:tensorflow:Saving checkpoints for 180 into /results/tf_bert_pretraining_lamb_base_fp32_gbs167584_gbs232768_230103024823/phase_1/model.ckpt.
I0103 07:44:31.540787 139669792659264 basic_session_run_hooks.py:606] Saving checkpoints for 180 into /results/tf_bert_pretraining_lamb_base_fp32_gbs167584_gbs232768_230103024823/phase_1/model.ckpt.
INFO:tensorflow:Loss for final step: 10.087254.
I0103 07:44:35.571589 139669792659264 estimator.py:371] Loss for final step: 10.087254.
INFO:tensorflow:-----------------------------
I0103 07:44:35.573700 139669792659264 run_pretraining.py:647] -----------------------------
INFO:tensorflow:Total Training Time = 17767.50 for Sentences = 12165120
I0103 07:44:35.573770 139669792659264 run_pretraining.py:649] Total Training Time = 17767.50 for Sentences = 12165120
INFO:tensorflow:Total Training Time W/O Overhead = 17087.52 for Sentences = 11827200
I0103 07:44:35.573845 139669792659264 run_pretraining.py:651] Total Training Time W/O Overhead = 17087.52 for Sentences = 11827200
INFO:tensorflow:Throughput Average (sentences/sec) with overhead = 684.68
I0103 07:44:35.573892 139669792659264 run_pretraining.py:652] Throughput Average (sentences/sec) with overhead = 684.68
INFO:tensorflow:Throughput Average (sentences/sec) = 692.15
I0103 07:44:35.573950 139669792659264 run_pretraining.py:653] Throughput Average (sentences/sec) = 692.15
INFO:tensorflow:-----------------------------
I0103 07:44:35.574165 139669792659264 run_pretraining.py:657] -----------------------------
INFO:tensorflow:***** Running evaluation *****
I0103 07:44:35.574226 139669792659264 run_pretraining.py:660] ***** Running evaluation *****
INFO:tensorflow:  Batch size = 8
I0103 07:44:35.574274 139669792659264 run_pretraining.py:661]   Batch size = 8
INFO:tensorflow:Calling model_fn.
I0103 07:44:35.650640 139669792659264 estimator.py:1148] Calling model_fn.
INFO:tensorflow:*** Features ***
I0103 07:44:35.651019 139669792659264 run_pretraining.py:260] *** Features ***
INFO:tensorflow:  name = input_ids, shape = (?, 128)
I0103 07:44:35.651303 139669792659264 run_pretraining.py:262]   name = input_ids, shape = (?, 128)
INFO:tensorflow:  name = input_mask, shape = (?, 128)
I0103 07:44:35.651514 139669792659264 run_pretraining.py:262]   name = input_mask, shape = (?, 128)
INFO:tensorflow:  name = masked_lm_ids, shape = (?, 20)
I0103 07:44:35.651702 139669792659264 run_pretraining.py:262]   name = masked_lm_ids, shape = (?, 20)
INFO:tensorflow:  name = masked_lm_positions, shape = (?, 20)
I0103 07:44:35.651880 139669792659264 run_pretraining.py:262]   name = masked_lm_positions, shape = (?, 20)
INFO:tensorflow:  name = masked_lm_weights, shape = (?, 20)
I0103 07:44:35.652132 139669792659264 run_pretraining.py:262]   name = masked_lm_weights, shape = (?, 20)
INFO:tensorflow:  name = next_sentence_labels, shape = (?, 1)
I0103 07:44:35.652308 139669792659264 run_pretraining.py:262]   name = next_sentence_labels, shape = (?, 1)
INFO:tensorflow:  name = segment_ids, shape = (?, 128)
I0103 07:44:35.652475 139669792659264 run_pretraining.py:262]   name = segment_ids, shape = (?, 128)
WARNING:tensorflow:From /workspace/bert/run_pretraining.py:340: The name tf.metrics.accuracy is deprecated. Please use tf.compat.v1.metrics.accuracy instead.

W0103 07:44:37.006661 139669792659264 module_wrapper.py:139] From /workspace/bert/run_pretraining.py:340: The name tf.metrics.accuracy is deprecated. Please use tf.compat.v1.metrics.accuracy instead.

WARNING:tensorflow:From /workspace/bert/run_pretraining.py:344: The name tf.metrics.mean is deprecated. Please use tf.compat.v1.metrics.mean instead.

W0103 07:44:37.043755 139669792659264 module_wrapper.py:139] From /workspace/bert/run_pretraining.py:344: The name tf.metrics.mean is deprecated. Please use tf.compat.v1.metrics.mean instead.

INFO:tensorflow:Done calling model_fn.
I0103 07:44:37.098714 139669792659264 estimator.py:1150] Done calling model_fn.
INFO:tensorflow:Starting evaluation at 2023-01-03T07:44:37Z
I0103 07:44:37.111761 139669792659264 evaluation.py:255] Starting evaluation at 2023-01-03T07:44:37Z
INFO:tensorflow:Graph was finalized.
I0103 07:44:37.444658 139669792659264 monitored_session.py:240] Graph was finalized.
2023-01-03 07:44:37.447720: I tensorflow/core/common_runtime/gpu/gpu_device.cc:1639] Found device 0 with properties: 
name: NVIDIA A100-SXM4-40GB major: 8 minor: 0 memoryClockRate(GHz): 1.41
pciBusID: 0000:17:00.0
2023-01-03 07:44:37.449153: I tensorflow/core/common_runtime/gpu/gpu_device.cc:1639] Found device 1 with properties: 
name: NVIDIA A100-SXM4-40GB major: 8 minor: 0 memoryClockRate(GHz): 1.41
pciBusID: 0000:1a:00.0
2023-01-03 07:44:37.450461: I tensorflow/core/common_runtime/gpu/gpu_device.cc:1639] Found device 2 with properties: 
name: NVIDIA A100-SXM4-40GB major: 8 minor: 0 memoryClockRate(GHz): 1.41
pciBusID: 0000:6b:00.0
2023-01-03 07:44:37.451788: I tensorflow/core/common_runtime/gpu/gpu_device.cc:1639] Found device 3 with properties: 
name: NVIDIA A100-SXM4-40GB major: 8 minor: 0 memoryClockRate(GHz): 1.41
pciBusID: 0000:6f:00.0
2023-01-03 07:44:37.453092: I tensorflow/core/common_runtime/gpu/gpu_device.cc:1639] Found device 4 with properties: 
name: NVIDIA A100-SXM4-40GB major: 8 minor: 0 memoryClockRate(GHz): 1.41
pciBusID: 0000:a9:00.0
2023-01-03 07:44:37.454362: I tensorflow/core/common_runtime/gpu/gpu_device.cc:1639] Found device 5 with properties: 
name: NVIDIA A100-SXM4-40GB major: 8 minor: 0 memoryClockRate(GHz): 1.41
pciBusID: 0000:ad:00.0
2023-01-03 07:44:37.455706: I tensorflow/core/common_runtime/gpu/gpu_device.cc:1639] Found device 6 with properties: 
name: NVIDIA A100-SXM4-40GB major: 8 minor: 0 memoryClockRate(GHz): 1.41
pciBusID: 0000:db:00.0
2023-01-03 07:44:37.457024: I tensorflow/core/common_runtime/gpu/gpu_device.cc:1639] Found device 7 with properties: 
name: NVIDIA A100-SXM4-40GB major: 8 minor: 0 memoryClockRate(GHz): 1.41
pciBusID: 0000:de:00.0
2023-01-03 07:44:37.457075: I tensorflow/stream_executor/platform/default/dso_loader.cc:48] Successfully opened dynamic library libcudart.so.11.0
2023-01-03 07:44:37.457175: I tensorflow/stream_executor/platform/default/dso_loader.cc:48] Successfully opened dynamic library libcublas.so.11
2023-01-03 07:44:37.457195: I tensorflow/stream_executor/platform/default/dso_loader.cc:48] Successfully opened dynamic library libcufft.so.10
2023-01-03 07:44:37.457211: I tensorflow/stream_executor/platform/default/dso_loader.cc:48] Successfully opened dynamic library libcurand.so.10
2023-01-03 07:44:37.457226: I tensorflow/stream_executor/platform/default/dso_loader.cc:48] Successfully opened dynamic library libcusolver.so.10
2023-01-03 07:44:37.457242: I tensorflow/stream_executor/platform/default/dso_loader.cc:48] Successfully opened dynamic library libcusparse.so.11
2023-01-03 07:44:37.457255: I tensorflow/stream_executor/platform/default/dso_loader.cc:48] Successfully opened dynamic library libcudnn.so.8
2023-01-03 07:44:37.476254: I tensorflow/core/common_runtime/gpu/gpu_device.cc:1767] Adding visible gpu devices: 0, 1, 2, 3, 4, 5, 6, 7
2023-01-03 07:44:37.476432: I tensorflow/core/common_runtime/gpu/gpu_device.cc:1180] Device interconnect StreamExecutor with strength 1 edge matrix:
2023-01-03 07:44:37.476441: I tensorflow/core/common_runtime/gpu/gpu_device.cc:1186]      0 1 2 3 4 5 6 7 
2023-01-03 07:44:37.476447: I tensorflow/core/common_runtime/gpu/gpu_device.cc:1199] 0:   N Y Y Y Y Y Y Y 
2023-01-03 07:44:37.476450: I tensorflow/core/common_runtime/gpu/gpu_device.cc:1199] 1:   Y N Y Y Y Y Y Y 
2023-01-03 07:44:37.476454: I tensorflow/core/common_runtime/gpu/gpu_device.cc:1199] 2:   Y Y N Y Y Y Y Y 
2023-01-03 07:44:37.476458: I tensorflow/core/common_runtime/gpu/gpu_device.cc:1199] 3:   Y Y Y N Y Y Y Y 
2023-01-03 07:44:37.476461: I tensorflow/core/common_runtime/gpu/gpu_device.cc:1199] 4:   Y Y Y Y N Y Y Y 
2023-01-03 07:44:37.476465: I tensorflow/core/common_runtime/gpu/gpu_device.cc:1199] 5:   Y Y Y Y Y N Y Y 
2023-01-03 07:44:37.476468: I tensorflow/core/common_runtime/gpu/gpu_device.cc:1199] 6:   Y Y Y Y Y Y N Y 
2023-01-03 07:44:37.476471: I tensorflow/core/common_runtime/gpu/gpu_device.cc:1199] 7:   Y Y Y Y Y Y Y N 
2023-01-03 07:44:37.487412: I tensorflow/core/common_runtime/gpu/gpu_device.cc:1325] Created TensorFlow device (/job:localhost/replica:0/task:0/device:GPU:0 with 37471 MB memory) -> physical GPU (device: 0, name: NVIDIA A100-SXM4-40GB, pci bus id: 0000:17:00.0, compute capability: 8.0)
2023-01-03 07:44:37.488655: I tensorflow/core/common_runtime/gpu/gpu_device.cc:1325] Created TensorFlow device (/job:localhost/replica:0/task:0/device:GPU:1 with 37471 MB memory) -> physical GPU (device: 1, name: NVIDIA A100-SXM4-40GB, pci bus id: 0000:1a:00.0, compute capability: 8.0)
2023-01-03 07:44:37.489853: I tensorflow/core/common_runtime/gpu/gpu_device.cc:1325] Created TensorFlow device (/job:localhost/replica:0/task:0/device:GPU:2 with 37471 MB memory) -> physical GPU (device: 2, name: NVIDIA A100-SXM4-40GB, pci bus id: 0000:6b:00.0, compute capability: 8.0)
2023-01-03 07:44:37.491078: I tensorflow/core/common_runtime/gpu/gpu_device.cc:1325] Created TensorFlow device (/job:localhost/replica:0/task:0/device:GPU:3 with 37471 MB memory) -> physical GPU (device: 3, name: NVIDIA A100-SXM4-40GB, pci bus id: 0000:6f:00.0, compute capability: 8.0)
2023-01-03 07:44:37.492266: I tensorflow/core/common_runtime/gpu/gpu_device.cc:1325] Created TensorFlow device (/job:localhost/replica:0/task:0/device:GPU:4 with 37471 MB memory) -> physical GPU (device: 4, name: NVIDIA A100-SXM4-40GB, pci bus id: 0000:a9:00.0, compute capability: 8.0)
2023-01-03 07:44:37.493417: I tensorflow/core/common_runtime/gpu/gpu_device.cc:1325] Created TensorFlow device (/job:localhost/replica:0/task:0/device:GPU:5 with 37471 MB memory) -> physical GPU (device: 5, name: NVIDIA A100-SXM4-40GB, pci bus id: 0000:ad:00.0, compute capability: 8.0)
2023-01-03 07:44:37.494646: I tensorflow/core/common_runtime/gpu/gpu_device.cc:1325] Created TensorFlow device (/job:localhost/replica:0/task:0/device:GPU:6 with 37471 MB memory) -> physical GPU (device: 6, name: NVIDIA A100-SXM4-40GB, pci bus id: 0000:db:00.0, compute capability: 8.0)
2023-01-03 07:44:37.495872: I tensorflow/core/common_runtime/gpu/gpu_device.cc:1325] Created TensorFlow device (/job:localhost/replica:0/task:0/device:GPU:7 with 37471 MB memory) -> physical GPU (device: 7, name: NVIDIA A100-SXM4-40GB, pci bus id: 0000:de:00.0, compute capability: 8.0)
INFO:tensorflow:Restoring parameters from /results/tf_bert_pretraining_lamb_base_fp32_gbs167584_gbs232768_230103024823/phase_1/model.ckpt-180
I0103 07:44:37.497166 139669792659264 saver.py:1284] Restoring parameters from /results/tf_bert_pretraining_lamb_base_fp32_gbs167584_gbs232768_230103024823/phase_1/model.ckpt-180
INFO:tensorflow:Running local_init_op.
I0103 07:44:38.506108 139669792659264 session_manager.py:500] Running local_init_op.
INFO:tensorflow:Done running local_init_op.
I0103 07:44:38.573593 139669792659264 session_manager.py:502] Done running local_init_op.
2023-01-03 07:44:41.226541: W tensorflow/compiler/xla/service/gpu/llvm_gpu_backend/gpu_backend_lib.cc:93] Unknown compute capability (8, 0) .Defaulting to telling LLVM that we're compiling for sm_75
2023-01-03 07:44:44.362064: W tensorflow/compiler/xla/service/gpu/llvm_gpu_backend/gpu_backend_lib.cc:93] Unknown compute capability (8, 0) .Defaulting to telling LLVM that we're compiling for sm_75
2023-01-03 07:44:44.362289: W tensorflow/compiler/xla/service/gpu/llvm_gpu_backend/gpu_backend_lib.cc:93] Unknown compute capability (8, 0) .Defaulting to telling LLVM that we're compiling for sm_75
INFO:tensorflow:Evaluation [10/100]
I0103 07:44:44.788740 139669792659264 evaluation.py:167] Evaluation [10/100]
INFO:tensorflow:Evaluation [20/100]
I0103 07:44:44.911472 139669792659264 evaluation.py:167] Evaluation [20/100]
INFO:tensorflow:Evaluation [30/100]
I0103 07:44:45.025791 139669792659264 evaluation.py:167] Evaluation [30/100]
INFO:tensorflow:Evaluation [40/100]
I0103 07:44:45.143186 139669792659264 evaluation.py:167] Evaluation [40/100]
INFO:tensorflow:Evaluation [50/100]
I0103 07:44:45.255452 139669792659264 evaluation.py:167] Evaluation [50/100]
INFO:tensorflow:Evaluation [60/100]
I0103 07:44:45.363486 139669792659264 evaluation.py:167] Evaluation [60/100]
INFO:tensorflow:Evaluation [70/100]
I0103 07:44:45.471787 139669792659264 evaluation.py:167] Evaluation [70/100]
INFO:tensorflow:Evaluation [80/100]
I0103 07:44:45.581300 139669792659264 evaluation.py:167] Evaluation [80/100]
INFO:tensorflow:Evaluation [90/100]
I0103 07:44:45.690363 139669792659264 evaluation.py:167] Evaluation [90/100]
INFO:tensorflow:Evaluation [100/100]
I0103 07:44:45.802791 139669792659264 evaluation.py:167] Evaluation [100/100]
2023-01-03 07:44:45.978317: W tensorflow/compiler/xla/service/gpu/llvm_gpu_backend/gpu_backend_lib.cc:93] Unknown compute capability (8, 0) .Defaulting to telling LLVM that we're compiling for sm_75
INFO:tensorflow:Finished evaluation at 2023-01-03-07:44:46
I0103 07:44:46.380581 139669792659264 evaluation.py:275] Finished evaluation at 2023-01-03-07:44:46
INFO:tensorflow:Saving dict for global step 180: global_step = 180, loss = 10.000413, masked_lm_accuracy = 0.060431346, masked_lm_loss = 9.315513, next_sentence_accuracy = 0.55625, next_sentence_loss = 0.68549544
I0103 07:44:46.381255 139669792659264 estimator.py:2049] Saving dict for global step 180: global_step = 180, loss = 10.000413, masked_lm_accuracy = 0.060431346, masked_lm_loss = 9.315513, next_sentence_accuracy = 0.55625, next_sentence_loss = 0.68549544
INFO:tensorflow:Saving 'checkpoint_path' summary for global step 180: /results/tf_bert_pretraining_lamb_base_fp32_gbs167584_gbs232768_230103024823/phase_1/model.ckpt-180
I0103 07:44:46.738031 139669792659264 estimator.py:2109] Saving 'checkpoint_path' summary for global step 180: /results/tf_bert_pretraining_lamb_base_fp32_gbs167584_gbs232768_230103024823/phase_1/model.ckpt-180
INFO:tensorflow:-----------------------------
I0103 07:44:46.738935 139669792659264 run_pretraining.py:689] -----------------------------
INFO:tensorflow:Total Inference Time = 11.16 for Sentences = 800
I0103 07:44:46.739049 139669792659264 run_pretraining.py:691] Total Inference Time = 11.16 for Sentences = 800
INFO:tensorflow:Total Inference Time W/O Overhead = 1.12 for Sentences = 792
I0103 07:44:46.739111 139669792659264 run_pretraining.py:693] Total Inference Time W/O Overhead = 1.12 for Sentences = 792
INFO:tensorflow:Summary Inference Statistics on EVAL set
I0103 07:44:46.739159 139669792659264 run_pretraining.py:694] Summary Inference Statistics on EVAL set
INFO:tensorflow:Batch size = 8
I0103 07:44:46.739207 139669792659264 run_pretraining.py:695] Batch size = 8
INFO:tensorflow:Sequence Length = 128
I0103 07:44:46.739289 139669792659264 run_pretraining.py:696] Sequence Length = 128
INFO:tensorflow:Precision = fp32
I0103 07:44:46.739341 139669792659264 run_pretraining.py:697] Precision = fp32
INFO:tensorflow:Throughput Average (sentences/sec) = 708.92
I0103 07:44:46.739388 139669792659264 run_pretraining.py:698] Throughput Average (sentences/sec) = 708.92
INFO:tensorflow:-----------------------------
I0103 07:44:46.739569 139669792659264 run_pretraining.py:700] -----------------------------
INFO:tensorflow:***** Eval results *****
I0103 07:44:46.739674 139669792659264 run_pretraining.py:704] ***** Eval results *****
INFO:tensorflow:  global_step = 180
I0103 07:44:46.739732 139669792659264 run_pretraining.py:706]   global_step = 180
INFO:tensorflow:  loss = 10.000413
I0103 07:44:46.739874 139669792659264 run_pretraining.py:706]   loss = 10.000413
INFO:tensorflow:  masked_lm_accuracy = 0.060431346
I0103 07:44:46.739930 139669792659264 run_pretraining.py:706]   masked_lm_accuracy = 0.060431346
INFO:tensorflow:  masked_lm_loss = 9.315513
I0103 07:44:46.739989 139669792659264 run_pretraining.py:706]   masked_lm_loss = 9.315513
INFO:tensorflow:  next_sentence_accuracy = 0.55625
I0103 07:44:46.740036 139669792659264 run_pretraining.py:706]   next_sentence_accuracy = 0.55625
INFO:tensorflow:  next_sentence_loss = 0.68549544
I0103 07:44:46.740083 139669792659264 run_pretraining.py:706]   next_sentence_loss = 0.68549544

DLL 2023-01-03 07:16:55.206588 - Iteration: 164  throughput_train : 694.687 sequences/s mlm_loss : 9.5087  nsp_loss : 0.6605  total_loss : 10.1691  avg_loss_step : 10.1637  learning_rate : 6.075e-05 
DLL 2023-01-03 07:18:32.666893 - Iteration: 165  throughput_train : 694.315 sequences/s mlm_loss : 9.4956  nsp_loss : 0.6845  total_loss : 10.1801  avg_loss_step : 10.1603  learning_rate : 6.1125e-05 
DLL 2023-01-03 07:20:10.032764 - Iteration: 166  throughput_train : 694.962 sequences/s mlm_loss : 9.5405  nsp_loss : 0.6728  total_loss : 10.2133  avg_loss_step : 10.1509  learning_rate : 6.15e-05 
DLL 2023-01-03 07:21:47.535331 - Iteration: 167  throughput_train : 694.005 sequences/s mlm_loss : 9.4010  nsp_loss : 0.7128  total_loss : 10.1137  avg_loss_step : 10.1477  learning_rate : 6.1875005e-05 
DLL 2023-01-03 07:23:25.063167 - Iteration: 168  throughput_train : 693.821 sequences/s mlm_loss : 9.4831  nsp_loss : 0.6860  total_loss : 10.1691  avg_loss_step : 10.1373  learning_rate : 6.225e-05 
DLL 2023-01-03 07:25:02.424015 - Iteration: 169  throughput_train : 694.997 sequences/s mlm_loss : 9.4100  nsp_loss : 0.6922  total_loss : 10.1021  avg_loss_step : 10.1340  learning_rate : 6.2625004e-05 
DLL 2023-01-03 07:26:39.777000 - Iteration: 170  throughput_train : 695.056 sequences/s mlm_loss : 9.3669  nsp_loss : 0.6562  total_loss : 10.0231  avg_loss_step : 10.1255  learning_rate : 6.3e-05 
DLL 2023-01-03 07:28:17.109391 - Iteration: 171  throughput_train : 695.196 sequences/s mlm_loss : 9.4283  nsp_loss : 0.6680  total_loss : 10.0962  avg_loss_step : 10.1202  learning_rate : 6.3375e-05 
DLL 2023-01-03 07:29:54.543355 - Iteration: 172  throughput_train : 694.494 sequences/s mlm_loss : 9.4014  nsp_loss : 0.6925  total_loss : 10.0939  avg_loss_step : 10.1174  learning_rate : 6.3750005e-05 
DLL 2023-01-03 07:31:31.960836 - Iteration: 173  throughput_train : 694.594 sequences/s mlm_loss : 9.5147  nsp_loss : 0.6787  total_loss : 10.1934  avg_loss_step : 10.1081  learning_rate : 6.4125e-05 
DLL 2023-01-03 07:33:09.370817 - Iteration: 174  throughput_train : 694.671 sequences/s mlm_loss : 9.3928  nsp_loss : 0.6603  total_loss : 10.0530  avg_loss_step : 10.1019  learning_rate : 6.4500004e-05 
DLL 2023-01-03 07:34:46.840575 - Iteration: 175  throughput_train : 694.221 sequences/s mlm_loss : 9.3396  nsp_loss : 0.6917  total_loss : 10.0313  avg_loss_step : 10.0982  learning_rate : 6.4875e-05 
DLL 2023-01-03 07:36:24.225465 - Iteration: 176  throughput_train : 694.819 sequences/s mlm_loss : 9.4529  nsp_loss : 0.6895  total_loss : 10.1424  avg_loss_step : 10.0920  learning_rate : 6.525e-05 
DLL 2023-01-03 07:38:01.572183 - Iteration: 177  throughput_train : 695.093 sequences/s mlm_loss : 9.4309  nsp_loss : 0.7000  total_loss : 10.1309  avg_loss_step : 10.0851  learning_rate : 6.5625005e-05 
DLL 2023-01-03 07:39:38.987433 - Iteration: 178  throughput_train : 694.608 sequences/s mlm_loss : 9.5108  nsp_loss : 0.6765  total_loss : 10.1873  avg_loss_step : 10.0798  learning_rate : 6.6e-05 
DLL 2023-01-03 07:41:16.296440 - Iteration: 179  throughput_train : 695.359 sequences/s mlm_loss : 9.4645  nsp_loss : 0.6834  total_loss : 10.1480  avg_loss_step : 10.0774  learning_rate : 6.6375e-05 
DLL 2023-01-03 07:42:53.757001 - Iteration: 180  throughput_train : 694.290 sequences/s mlm_loss : 9.4500  nsp_loss : 0.6612  total_loss : 10.1112  avg_loss_step : 10.0729  learning_rate : 6.675e-05 
DLL 2023-01-03 07:44:31.539199 - Iteration: 181  throughput_train : 694.894 sequences/s mlm_loss : 9.4040  nsp_loss : 0.6833  total_loss : 10.0873  avg_loss_step : 10.0634  learning_rate : 6.7125e-05 
DLL 2023-01-03 07:44:35.574010 -  throughput_train : 692.154 sequences/s
DLL 2023-01-03 07:44:35.574116 -  total_loss : 10.0634 
DLL 2023-01-03 07:44:46.739446 -  throughput_val : 708.915361165204 
