------------Environment Information-------------
platform: Linux-4.14.0_1-0-0-32-x86_64-with-Ubuntu-18.04-bionic
Python: 3.7.10 (default, Feb 20 2021, 21:17:23) [GCC 7.5.0]
Paddle compiled with cuda: True
NVCC: Build cuda_11.0_bu.TC445_37.28845127_0
cudnn: 8.0
GPUs used: 32
CUDA_VISIBLE_DEVICES: 0,1,2,3,4,5,6,7
GPU: ['GPU 0: Tesla V100-SXM2-32GB', 'GPU 1: Tesla V100-SXM2-32GB', 'GPU 2: Tesla V100-SXM2-32GB', 'GPU 3: Tesla V100-SXM2-32GB', 'GPU 4: Tesla V100-SXM2-32GB', 'GPU 5: Tesla V100-SXM2-32GB', 'GPU 6: Tesla V100-SXM2-32GB', 'GPU 7: Tesla V100-SXM2-32GB']
GCC: gcc (GCC) 8.2.0
PaddlePaddle: 0.0.0
OpenCV: 4.0.0
------------------------------------------------
2021-05-31 16:21:58 [INFO]	
---------------Config Information---------------
batch_size: 4
iters: 20
learning_rate:
  decay:
    end_lr: 0.0
    power: 0.9
    type: poly
  value: 0.01
loss:
  coef:
  - 1
  types:
  - ignore_index: 255
    type: CrossEntropyLoss
model:
  aspp_ratios:
  - 1
  - 12
  - 24
  - 36
  backbone:
    multi_grid:
    - 1
    - 2
    - 4
    output_stride: 8
    pretrained: https://bj.bcebos.com/paddleseg/dygraph/resnet50_vd_ssld_v2.tar.gz
    type: ResNet50_vd
  backbone_indices:
  - 0
  - 3
  num_classes: 19
  type: DeepLabV3P
optimizer:
  type: sgd
  weight_decay: 4.0e-05
train_dataset:
  dataset_root: data/cityscapes
  mode: train
  transforms:
  - max_scale_factor: 2.0
    min_scale_factor: 0.5
    scale_step_size: 0.25
    type: ResizeStepScaling
  - crop_size:
    - 1024
    - 512
    type: RandomPaddingCrop
  - type: RandomHorizontalFlip
  - type: RandomDistort
  - type: Normalize
  type: Cityscapes
val_dataset:
  dataset_root: data/cityscapes
  mode: val
  transforms:
  - type: Normalize
  type: Cityscapes
------------------------------------------------
W0531 16:21:58.183398  4642 device_context.cc:430] Please NOTE: device: 0, GPU Compute Capability: 7.0, Driver API Version: 11.0, Runtime API Version: 11.0
W0531 16:21:58.183432  4642 device_context.cc:448] device: 0, cuDNN Version: 8.0.
2021-05-31 16:22:02 [INFO]	Loading pretrained model from https://bj.bcebos.com/paddleseg/dygraph/resnet50_vd_ssld_v2.tar.gz
2021-05-31 16:22:08 [INFO]	There are 275/275 variables loaded into ResNet_vd.
2021-05-31 16:22:26 [INFO]	[TRAIN] epoch: 1, iter: 1/20, loss: 3.0662, lr: 0.010000, batch_cost: 16.3567, reader_cost: 3.28905, ips: 0.2445 samples/sec | ETA 00:05:10
2021-05-31 16:22:26 [INFO]	[TRAIN] epoch: 1, iter: 2/20, loss: 2.8725, lr: 0.009549, batch_cost: 0.3868, reader_cost: 0.00013, ips: 10.3423 samples/sec | ETA 00:00:06
2021-05-31 16:22:27 [INFO]	[TRAIN] epoch: 1, iter: 3/20, loss: 2.4082, lr: 0.009095, batch_cost: 0.3995, reader_cost: 0.00020, ips: 10.0134 samples/sec | ETA 00:00:06
2021-05-31 16:22:27 [INFO]	[TRAIN] epoch: 1, iter: 4/20, loss: 2.0002, lr: 0.008639, batch_cost: 0.4078, reader_cost: 0.00014, ips: 9.8080 samples/sec | ETA 00:00:06
2021-05-31 16:22:27 [INFO]	[TRAIN] epoch: 1, iter: 5/20, loss: 1.7699, lr: 0.008181, batch_cost: 0.4578, reader_cost: 0.00014, ips: 8.7380 samples/sec | ETA 00:00:06
2021-05-31 16:22:28 [INFO]	[TRAIN] epoch: 1, iter: 6/20, loss: 1.5491, lr: 0.007719, batch_cost: 0.4005, reader_cost: 0.00015, ips: 9.9875 samples/sec | ETA 00:00:05
2021-05-31 16:22:28 [INFO]	[TRAIN] epoch: 1, iter: 7/20, loss: 1.3964, lr: 0.007254, batch_cost: 0.4385, reader_cost: 0.00014, ips: 9.1227 samples/sec | ETA 00:00:05
2021-05-31 16:22:29 [INFO]	[TRAIN] epoch: 1, iter: 8/20, loss: 1.1159, lr: 0.006786, batch_cost: 0.4127, reader_cost: 0.00017, ips: 9.6914 samples/sec | ETA 00:00:04
2021-05-31 16:22:29 [INFO]	[TRAIN] epoch: 1, iter: 9/20, loss: 1.3831, lr: 0.006314, batch_cost: 0.3470, reader_cost: 0.00009, ips: 11.5267 samples/sec | ETA 00:00:03
2021-05-31 16:22:29 [INFO]	[TRAIN] epoch: 1, iter: 10/20, loss: 1.6442, lr: 0.005839, batch_cost: 0.3510, reader_cost: 0.00007, ips: 11.3953 samples/sec | ETA 00:00:03
2021-05-31 16:22:30 [INFO]	[TRAIN] epoch: 1, iter: 11/20, loss: 1.9091, lr: 0.005359, batch_cost: 0.3501, reader_cost: 0.00008, ips: 11.4244 samples/sec | ETA 00:00:03
2021-05-31 16:22:30 [INFO]	[TRAIN] epoch: 1, iter: 12/20, loss: 1.6152, lr: 0.004874, batch_cost: 0.3460, reader_cost: 0.00009, ips: 11.5601 samples/sec | ETA 00:00:02
2021-05-31 16:22:30 [INFO]	[TRAIN] epoch: 1, iter: 13/20, loss: 1.4924, lr: 0.004384, batch_cost: 0.3453, reader_cost: 0.00009, ips: 11.5840 samples/sec | ETA 00:00:02
2021-05-31 16:22:31 [INFO]	[TRAIN] epoch: 1, iter: 14/20, loss: 1.5411, lr: 0.003887, batch_cost: 0.3557, reader_cost: 0.00007, ips: 11.2444 samples/sec | ETA 00:00:02
2021-05-31 16:22:31 [INFO]	[TRAIN] epoch: 1, iter: 15/20, loss: 1.2928, lr: 0.003384, batch_cost: 0.3482, reader_cost: 0.00206, ips: 11.4886 samples/sec | ETA 00:00:01
2021-05-31 16:22:31 [INFO]	[TRAIN] epoch: 1, iter: 16/20, loss: 1.2040, lr: 0.002872, batch_cost: 0.3465, reader_cost: 0.00008, ips: 11.5442 samples/sec | ETA 00:00:01
2021-05-31 16:22:32 [INFO]	[TRAIN] epoch: 1, iter: 17/20, loss: 1.1317, lr: 0.002349, batch_cost: 0.3408, reader_cost: 0.00112, ips: 11.7354 samples/sec | ETA 00:00:01
2021-05-31 16:22:32 [INFO]	[TRAIN] epoch: 1, iter: 18/20, loss: 1.0402, lr: 0.001813, batch_cost: 0.3446, reader_cost: 0.00096, ips: 11.6093 samples/sec | ETA 00:00:00
2021-05-31 16:22:32 [INFO]	[TRAIN] epoch: 1, iter: 19/20, loss: 0.9917, lr: 0.001259, batch_cost: 0.3427, reader_cost: 0.00008, ips: 11.6730 samples/sec | ETA 00:00:00
2021-05-31 16:22:33 [INFO]	[TRAIN] epoch: 1, iter: 20/20, loss: 1.4078, lr: 0.000675, batch_cost: 0.3448, reader_cost: 0.00008, ips: 11.6006 samples/sec | ETA 00:00:00
<class 'paddle.nn.layer.pooling.AvgPool2D'>'s flops has been counted
<class 'paddle.nn.layer.conv.Conv2D'>'s flops has been counted
Customize Function has been applied to <class 'paddle.nn.layer.norm.SyncBatchNorm'>
<class 'paddle.nn.layer.activation.ReLU'>'s flops has been counted
Cannot find suitable count function for <class 'paddle.nn.layer.pooling.MaxPool2D'>. Treat it as zero FLOPs.
Cannot find suitable count function for <class 'paddleseg.models.layers.activation.Activation'>. Treat it as zero FLOPs.
<class 'paddle.nn.layer.pooling.AdaptiveAvgPool2D'>'s flops has been counted
<class 'paddle.nn.layer.common.Dropout'>'s flops has been counted
/usr/local/lib/python3.7/dist-packages/paddle/tensor/creation.py:135: DeprecationWarning: `np.object` is a deprecated alias for the builtin `object`. To silence this warning, use `object` by itself. Doing this will not modify any behavior and is safe. 
Deprecated in NumPy 1.20; for more details and guidance: https://numpy.org/devdocs/release/1.20.0-notes.html#deprecations
  if data.dtype == np.object:
Total Flops: 645499392     Total Params: 26794243
