-----------  Configuration Arguments -----------
gpus: 0,1,2,3,4,5,6,7
heter_worker_num: None
heter_workers: 
http_port: None
ips: 127.0.0.1
log_dir: log
nproc_per_node: None
server_num: None
servers: 
training_script: ./benchmark/bert/run_pretrain.py
training_script_args: ['--model_type', 'bert', '--model_name_or_path', 'bert-base-uncased', '--max_predictions_per_seq', '20', '--batch_size', '64', '--use_amp', 'True', '--learning_rate', '1e-4', '--weight_decay', '1e-2', '--adam_epsilon', '1e-6', '--warmup_steps', '10000', '--input_dir', '/root/paddlejob/workspace/env_run/data/', '--output_dir', './tmp2/', '--logging_steps', '20', '--save_steps', '20000', '--max_steps', '500']
worker_num: None
workers: 
------------------------------------------------
launch train in GPU mode
/root/paddlejob/workspace/env_run/models/PaddleNLP/paddlenlp/seq2vec/encoder.py:683: DeprecationWarning: invalid escape sequence \s
  """
/root/paddlejob/workspace/env_run/models/PaddleNLP/paddlenlp/seq2vec/encoder.py:740: DeprecationWarning: invalid escape sequence \s
  """
[32m[2020-12-17 00:30:20,019] [    INFO][0m - Downloading bert-base-uncased-vocab.txt from https://paddle-hapi.bj.bcebos.com/models/bert/bert-base-uncased-vocab.txt[0m

  0%|          | 0/227 [00:00<?, ?it/s]
100%|██████████| 227/227 [00:00<00:00, 7155.63it/s]
/usr/local/python378-gcc540/lib/python3.7/site-packages/paddle/fluid/layers/math_op_patch.py:298: UserWarning: /root/paddlejob/workspace/env_run/models/PaddleNLP/paddlenlp/transformers/bert/modeling.py:58
The behavior of expression A - B has been unified with elementwise_sub(X, Y, axis=-1) from Paddle 2.0. If your code works well in the older versions but crashes in this version, try to use elementwise_sub(X, Y, axis=0) instead of A - B. This transitional warning will be dropped in the future.
  op_type, op_type, EXPRESSION_MAP[method_name]))
/usr/local/python378-gcc540/lib/python3.7/site-packages/paddle/fluid/layers/math_op_patch.py:298: UserWarning: /root/paddlejob/workspace/env_run/models/PaddleNLP/paddlenlp/transformers/bert/modeling.py:67
The behavior of expression A + B has been unified with elementwise_add(X, Y, axis=-1) from Paddle 2.0. If your code works well in the older versions but crashes in this version, try to use elementwise_add(X, Y, axis=0) instead of A + B. This transitional warning will be dropped in the future.
  op_type, op_type, EXPRESSION_MAP[method_name]))
/usr/local/python378-gcc540/lib/python3.7/site-packages/paddle/fluid/layers/math_op_patch.py:298: UserWarning: /usr/local/python378-gcc540/lib/python3.7/site-packages/paddle/nn/layer/transformer.py:378
The behavior of expression A + B has been unified with elementwise_add(X, Y, axis=-1) from Paddle 2.0. If your code works well in the older versions but crashes in this version, try to use elementwise_add(X, Y, axis=0) instead of A + B. This transitional warning will be dropped in the future.
  op_type, op_type, EXPRESSION_MAP[method_name]))
/usr/local/python378-gcc540/lib/python3.7/site-packages/paddle/fluid/layers/math_op_patch.py:298: UserWarning: /usr/local/python378-gcc540/lib/python3.7/site-packages/paddle/nn/layer/transformer.py:527
The behavior of expression A + B has been unified with elementwise_add(X, Y, axis=-1) from Paddle 2.0. If your code works well in the older versions but crashes in this version, try to use elementwise_add(X, Y, axis=0) instead of A + B. This transitional warning will be dropped in the future.
  op_type, op_type, EXPRESSION_MAP[method_name]))
/usr/local/python378-gcc540/lib/python3.7/site-packages/paddle/fluid/layers/math_op_patch.py:298: UserWarning: /usr/local/python378-gcc540/lib/python3.7/site-packages/paddle/nn/layer/transformer.py:535
The behavior of expression A + B has been unified with elementwise_add(X, Y, axis=-1) from Paddle 2.0. If your code works well in the older versions but crashes in this version, try to use elementwise_add(X, Y, axis=0) instead of A + B. This transitional warning will be dropped in the future.
  op_type, op_type, EXPRESSION_MAP[method_name]))
/usr/local/python378-gcc540/lib/python3.7/site-packages/paddle/fluid/layers/math_op_patch.py:298: UserWarning: /root/paddlejob/workspace/env_run/models/PaddleNLP/paddlenlp/transformers/bert/modeling.py:501
The behavior of expression A / B has been unified with elementwise_div(X, Y, axis=-1) from Paddle 2.0. If your code works well in the older versions but crashes in this version, try to use elementwise_div(X, Y, axis=0) instead of A / B. This transitional warning will be dropped in the future.
  op_type, op_type, EXPRESSION_MAP[method_name]))
/usr/local/python378-gcc540/lib/python3.7/site-packages/paddle/distributed/fleet/base/fleet_base.py:617: UserWarning: It is recommended to use DistributedStrategy in fleet.init(). The strategy here is only for compatibility. If the strategy in fleet.distributed_optimizer() is not None, then it will overwrite the DistributedStrategy in fleet.init(), which will take effect in distributed training.
  "It is recommended to use DistributedStrategy "
server not ready, wait 3 sec to retry...
not ready endpoints:['job-0bb5fda2f150a744-trainer-0.a5139f34-68ad-5528-8bb7-a906d3bfbf7b:37536', 'job-0bb5fda2f150a744-trainer-0.a5139f34-68ad-5528-8bb7-a906d3bfbf7b:37537', 'job-0bb5fda2f150a744-trainer-0.a5139f34-68ad-5528-8bb7-a906d3bfbf7b:37538', 'job-0bb5fda2f150a744-trainer-0.a5139f34-68ad-5528-8bb7-a906d3bfbf7b:37539', 'job-0bb5fda2f150a744-trainer-0.a5139f34-68ad-5528-8bb7-a906d3bfbf7b:37540', 'job-0bb5fda2f150a744-trainer-0.a5139f34-68ad-5528-8bb7-a906d3bfbf7b:37541', 'job-0bb5fda2f150a744-trainer-0.a5139f34-68ad-5528-8bb7-a906d3bfbf7b:37542']
W1217 00:30:32.540331  1596 device_context.cc:326] Please NOTE: device: 0, GPU Compute Capability: 7.0, Driver API Version: 11.0, Runtime API Version: 10.1
W1217 00:30:32.545204  1596 device_context.cc:336] device: 0, cuDNN Version: 7.6.
global step 20, epoch: 0, batch: 19, loss: 11.236493, speed: 2.46 step/s, ips :157.43 sequences/s
global step 40, epoch: 0, batch: 39, loss: 11.086412, speed: 8.70 step/s, ips :556.92 sequences/s
global step 60, epoch: 0, batch: 59, loss: 10.953438, speed: 8.70 step/s, ips :556.70 sequences/s
global step 80, epoch: 0, batch: 79, loss: 10.755663, speed: 8.69 step/s, ips :556.30 sequences/s
global step 100, epoch: 0, batch: 99, loss: 10.581285, speed: 8.69 step/s, ips :556.34 sequences/s
global step 120, epoch: 0, batch: 119, loss: 10.422492, speed: 8.69 step/s, ips :556.08 sequences/s
global step 140, epoch: 0, batch: 139, loss: 10.305189, speed: 8.70 step/s, ips :556.69 sequences/s
global step 160, epoch: 0, batch: 159, loss: 10.151074, speed: 8.68 step/s, ips :555.60 sequences/s
global step 180, epoch: 0, batch: 179, loss: 10.036999, speed: 8.69 step/s, ips :556.15 sequences/s
global step 200, epoch: 0, batch: 199, loss: 9.836192, speed: 8.69 step/s, ips :556.10 sequences/s
global step 220, epoch: 0, batch: 219, loss: 10.017656, speed: 8.68 step/s, ips :555.66 sequences/s
global step 240, epoch: 0, batch: 239, loss: 9.800681, speed: 8.68 step/s, ips :555.75 sequences/s
global step 260, epoch: 0, batch: 259, loss: 9.754772, speed: 8.67 step/s, ips :555.15 sequences/s
global step 280, epoch: 0, batch: 279, loss: 9.758996, speed: 8.68 step/s, ips :555.37 sequences/s
global step 300, epoch: 0, batch: 299, loss: 9.674834, speed: 8.67 step/s, ips :554.93 sequences/s
global step 320, epoch: 0, batch: 9, loss: 9.520232, speed: 8.37 step/s, ips :535.67 sequences/s
global step 340, epoch: 0, batch: 29, loss: 9.551417, speed: 8.67 step/s, ips :555.13 sequences/s
global step 360, epoch: 0, batch: 49, loss: 9.514560, speed: 8.67 step/s, ips :554.85 sequences/s
global step 380, epoch: 0, batch: 69, loss: 9.534949, speed: 8.68 step/s, ips :555.29 sequences/s
global step 400, epoch: 0, batch: 89, loss: 9.412458, speed: 8.67 step/s, ips :554.95 sequences/s
global step 420, epoch: 0, batch: 109, loss: 9.421320, speed: 8.67 step/s, ips :554.59 sequences/s
global step 440, epoch: 0, batch: 129, loss: 9.483581, speed: 8.67 step/s, ips :554.97 sequences/s
global step 460, epoch: 0, batch: 149, loss: 9.348736, speed: 8.66 step/s, ips :554.39 sequences/s
global step 480, epoch: 0, batch: 169, loss: 9.231568, speed: 8.66 step/s, ips :554.38 sequences/s
global step 500, epoch: 0, batch: 189, loss: 9.271814, speed: 8.67 step/s, ips :554.90 sequences/s
