[32m[2020-12-16 15:48:05,044] [    INFO][0m - Found /root/.paddlenlp/models/bert-base-uncased/bert-base-uncased-vocab.txt[0m
W1216 15:48:06.683435   365 device_context.cc:320] Please NOTE: device: 0, GPU Compute Capability: 7.0, Driver API Version: 11.0, Runtime API Version: 10.1
W1216 15:48:06.689757   365 device_context.cc:330] device: 0, cuDNN Version: 7.6.
/workspace/models/env3.7/lib/python3.7/site-packages/paddle/fluid/layers/math_op_patch.py:298: UserWarning: /workspace/models/PaddleNLP/paddlenlp/transformers/bert/modeling.py:58
The behavior of expression A - B has been unified with elementwise_sub(X, Y, axis=-1) from Paddle 2.0. If your code works well in the older versions but crashes in this version, try to use elementwise_sub(X, Y, axis=0) instead of A - B. This transitional warning will be dropped in the future.
  op_type, op_type, EXPRESSION_MAP[method_name]))
/workspace/models/env3.7/lib/python3.7/site-packages/paddle/fluid/layers/math_op_patch.py:298: UserWarning: /workspace/models/PaddleNLP/paddlenlp/transformers/bert/modeling.py:67
The behavior of expression A + B has been unified with elementwise_add(X, Y, axis=-1) from Paddle 2.0. If your code works well in the older versions but crashes in this version, try to use elementwise_add(X, Y, axis=0) instead of A + B. This transitional warning will be dropped in the future.
  op_type, op_type, EXPRESSION_MAP[method_name]))
/workspace/models/env3.7/lib/python3.7/site-packages/paddle/fluid/layers/math_op_patch.py:298: UserWarning: /workspace/models/env3.7/lib/python3.7/site-packages/paddle/nn/layer/transformer.py:378
The behavior of expression A + B has been unified with elementwise_add(X, Y, axis=-1) from Paddle 2.0. If your code works well in the older versions but crashes in this version, try to use elementwise_add(X, Y, axis=0) instead of A + B. This transitional warning will be dropped in the future.
  op_type, op_type, EXPRESSION_MAP[method_name]))
/workspace/models/env3.7/lib/python3.7/site-packages/paddle/fluid/layers/math_op_patch.py:298: UserWarning: /workspace/models/env3.7/lib/python3.7/site-packages/paddle/nn/layer/transformer.py:527
The behavior of expression A + B has been unified with elementwise_add(X, Y, axis=-1) from Paddle 2.0. If your code works well in the older versions but crashes in this version, try to use elementwise_add(X, Y, axis=0) instead of A + B. This transitional warning will be dropped in the future.
  op_type, op_type, EXPRESSION_MAP[method_name]))
/workspace/models/env3.7/lib/python3.7/site-packages/paddle/fluid/layers/math_op_patch.py:298: UserWarning: /workspace/models/env3.7/lib/python3.7/site-packages/paddle/nn/layer/transformer.py:535
The behavior of expression A + B has been unified with elementwise_add(X, Y, axis=-1) from Paddle 2.0. If your code works well in the older versions but crashes in this version, try to use elementwise_add(X, Y, axis=0) instead of A + B. This transitional warning will be dropped in the future.
  op_type, op_type, EXPRESSION_MAP[method_name]))
/workspace/models/env3.7/lib/python3.7/site-packages/paddle/fluid/layers/math_op_patch.py:298: UserWarning: /workspace/models/PaddleNLP/paddlenlp/transformers/bert/modeling.py:501
The behavior of expression A / B has been unified with elementwise_div(X, Y, axis=-1) from Paddle 2.0. If your code works well in the older versions but crashes in this version, try to use elementwise_div(X, Y, axis=0) instead of A / B. This transitional warning will be dropped in the future.
  op_type, op_type, EXPRESSION_MAP[method_name]))
global step 20, epoch: 0, batch: 19, loss: 11.168139, speed: 1.74 step/s, ips: 83.40 sequences/s
global step 40, epoch: 0, batch: 39, loss: 11.090953, speed: 3.22 step/s, ips: 154.41 sequences/s
global step 60, epoch: 0, batch: 59, loss: 10.907110, speed: 3.21 step/s, ips: 154.22 sequences/s
global step 80, epoch: 0, batch: 79, loss: 10.767721, speed: 3.21 step/s, ips: 154.19 sequences/s
global step 100, epoch: 0, batch: 99, loss: 10.621604, speed: 3.22 step/s, ips: 154.38 sequences/s
global step 120, epoch: 0, batch: 119, loss: 10.373606, speed: 3.22 step/s, ips: 154.36 sequences/s
global step 140, epoch: 0, batch: 139, loss: 10.255993, speed: 3.22 step/s, ips: 154.41 sequences/s
global step 160, epoch: 0, batch: 159, loss: 10.133414, speed: 3.22 step/s, ips: 154.36 sequences/s
global step 180, epoch: 0, batch: 179, loss: 9.937988, speed: 3.22 step/s, ips: 154.33 sequences/s
global step 200, epoch: 0, batch: 199, loss: 10.060734, speed: 3.21 step/s, ips: 154.08 sequences/s
global step 220, epoch: 0, batch: 219, loss: 9.971307, speed: 3.21 step/s, ips: 153.97 sequences/s
global step 240, epoch: 0, batch: 239, loss: 9.954471, speed: 3.21 step/s, ips: 153.93 sequences/s
global step 260, epoch: 0, batch: 259, loss: 9.887867, speed: 3.20 step/s, ips: 153.57 sequences/s
global step 280, epoch: 0, batch: 279, loss: 9.697542, speed: 3.20 step/s, ips: 153.51 sequences/s
global step 300, epoch: 0, batch: 299, loss: 9.548625, speed: 3.20 step/s, ips: 153.46 sequences/s
global step 320, epoch: 0, batch: 319, loss: 9.595695, speed: 3.20 step/s, ips: 153.47 sequences/s
global step 340, epoch: 0, batch: 339, loss: 9.570955, speed: 3.19 step/s, ips: 153.33 sequences/s
global step 360, epoch: 0, batch: 359, loss: 9.574430, speed: 3.19 step/s, ips: 153.28 sequences/s
global step 380, epoch: 0, batch: 379, loss: 9.642057, speed: 3.19 step/s, ips: 153.00 sequences/s
global step 400, epoch: 0, batch: 399, loss: 9.581128, speed: 3.19 step/s, ips: 152.97 sequences/s
global step 420, epoch: 0, batch: 419, loss: 9.426626, speed: 3.19 step/s, ips: 152.88 sequences/s
global step 440, epoch: 0, batch: 439, loss: 9.438580, speed: 3.18 step/s, ips: 152.68 sequences/s
global step 460, epoch: 0, batch: 459, loss: 9.302057, speed: 3.18 step/s, ips: 152.75 sequences/s
global step 480, epoch: 0, batch: 479, loss: 9.152657, speed: 3.18 step/s, ips: 152.49 sequences/s
global step 500, epoch: 0, batch: 499, loss: 9.117762, speed: 3.18 step/s, ips: 152.62 sequences/s
