[32m[2020-12-16 15:38:45,993] [    INFO][0m - Found /root/.paddlenlp/models/bert-base-uncased/bert-base-uncased-vocab.txt[0m
W1216 15:38:50.423869    91 device_context.cc:320] Please NOTE: device: 0, GPU Compute Capability: 7.0, Driver API Version: 11.0, Runtime API Version: 10.1
W1216 15:38:50.430627    91 device_context.cc:330] device: 0, cuDNN Version: 7.6.
/workspace/models/env3.7/lib/python3.7/site-packages/paddle/fluid/layers/math_op_patch.py:298: UserWarning: /workspace/models/PaddleNLP/paddlenlp/transformers/bert/modeling.py:58
The behavior of expression A - B has been unified with elementwise_sub(X, Y, axis=-1) from Paddle 2.0. If your code works well in the older versions but crashes in this version, try to use elementwise_sub(X, Y, axis=0) instead of A - B. This transitional warning will be dropped in the future.
  op_type, op_type, EXPRESSION_MAP[method_name]))
/workspace/models/env3.7/lib/python3.7/site-packages/paddle/fluid/layers/math_op_patch.py:298: UserWarning: /workspace/models/PaddleNLP/paddlenlp/transformers/bert/modeling.py:67
The behavior of expression A + B has been unified with elementwise_add(X, Y, axis=-1) from Paddle 2.0. If your code works well in the older versions but crashes in this version, try to use elementwise_add(X, Y, axis=0) instead of A + B. This transitional warning will be dropped in the future.
  op_type, op_type, EXPRESSION_MAP[method_name]))
/workspace/models/env3.7/lib/python3.7/site-packages/paddle/fluid/layers/math_op_patch.py:298: UserWarning: /workspace/models/env3.7/lib/python3.7/site-packages/paddle/nn/layer/transformer.py:378
The behavior of expression A + B has been unified with elementwise_add(X, Y, axis=-1) from Paddle 2.0. If your code works well in the older versions but crashes in this version, try to use elementwise_add(X, Y, axis=0) instead of A + B. This transitional warning will be dropped in the future.
  op_type, op_type, EXPRESSION_MAP[method_name]))
/workspace/models/env3.7/lib/python3.7/site-packages/paddle/fluid/layers/math_op_patch.py:298: UserWarning: /workspace/models/env3.7/lib/python3.7/site-packages/paddle/nn/layer/transformer.py:527
The behavior of expression A + B has been unified with elementwise_add(X, Y, axis=-1) from Paddle 2.0. If your code works well in the older versions but crashes in this version, try to use elementwise_add(X, Y, axis=0) instead of A + B. This transitional warning will be dropped in the future.
  op_type, op_type, EXPRESSION_MAP[method_name]))
/workspace/models/env3.7/lib/python3.7/site-packages/paddle/fluid/layers/math_op_patch.py:298: UserWarning: /workspace/models/env3.7/lib/python3.7/site-packages/paddle/nn/layer/transformer.py:535
The behavior of expression A + B has been unified with elementwise_add(X, Y, axis=-1) from Paddle 2.0. If your code works well in the older versions but crashes in this version, try to use elementwise_add(X, Y, axis=0) instead of A + B. This transitional warning will be dropped in the future.
  op_type, op_type, EXPRESSION_MAP[method_name]))
/workspace/models/env3.7/lib/python3.7/site-packages/paddle/fluid/layers/math_op_patch.py:298: UserWarning: /workspace/models/PaddleNLP/paddlenlp/transformers/bert/modeling.py:501
The behavior of expression A / B has been unified with elementwise_div(X, Y, axis=-1) from Paddle 2.0. If your code works well in the older versions but crashes in this version, try to use elementwise_div(X, Y, axis=0) instead of A / B. This transitional warning will be dropped in the future.
  op_type, op_type, EXPRESSION_MAP[method_name]))
global step 20, epoch: 0, batch: 19, loss: 11.214671, speed: 2.58 step/s, ips: 165.34 sequences/s
global step 40, epoch: 0, batch: 39, loss: 11.076828, speed: 9.31 step/s, ips: 595.98 sequences/s
global step 60, epoch: 0, batch: 59, loss: 10.972231, speed: 9.31 step/s, ips: 595.88 sequences/s
global step 80, epoch: 0, batch: 79, loss: 10.711430, speed: 9.30 step/s, ips: 595.10 sequences/s
global step 100, epoch: 0, batch: 99, loss: 10.562550, speed: 9.29 step/s, ips: 594.70 sequences/s
global step 120, epoch: 0, batch: 119, loss: 10.432662, speed: 9.30 step/s, ips: 594.95 sequences/s
global step 140, epoch: 0, batch: 139, loss: 10.261357, speed: 9.28 step/s, ips: 594.13 sequences/s
global step 160, epoch: 0, batch: 159, loss: 10.102017, speed: 9.29 step/s, ips: 594.31 sequences/s
global step 180, epoch: 0, batch: 179, loss: 10.104441, speed: 9.30 step/s, ips: 595.47 sequences/s
global step 200, epoch: 0, batch: 199, loss: 10.015995, speed: 9.31 step/s, ips: 596.01 sequences/s
global step 220, epoch: 0, batch: 219, loss: 9.942405, speed: 9.29 step/s, ips: 594.41 sequences/s
global step 240, epoch: 0, batch: 239, loss: 9.795392, speed: 9.31 step/s, ips: 595.53 sequences/s
global step 260, epoch: 0, batch: 259, loss: 9.624086, speed: 9.30 step/s, ips: 595.43 sequences/s
global step 280, epoch: 0, batch: 279, loss: 9.878371, speed: 9.31 step/s, ips: 595.90 sequences/s
global step 300, epoch: 0, batch: 299, loss: 9.818467, speed: 9.31 step/s, ips: 595.97 sequences/s
global step 320, epoch: 0, batch: 319, loss: 9.613856, speed: 9.31 step/s, ips: 595.68 sequences/s
global step 340, epoch: 0, batch: 339, loss: 9.651595, speed: 9.32 step/s, ips: 596.52 sequences/s
global step 360, epoch: 0, batch: 359, loss: 9.459916, speed: 9.31 step/s, ips: 596.01 sequences/s
global step 380, epoch: 0, batch: 379, loss: 9.666445, speed: 9.32 step/s, ips: 596.57 sequences/s
global step 400, epoch: 0, batch: 399, loss: 9.443727, speed: 9.31 step/s, ips: 595.77 sequences/s
global step 420, epoch: 0, batch: 419, loss: 9.447931, speed: 9.30 step/s, ips: 595.24 sequences/s
global step 440, epoch: 0, batch: 439, loss: 9.450444, speed: 9.32 step/s, ips: 596.39 sequences/s
global step 460, epoch: 0, batch: 459, loss: 9.244454, speed: 9.30 step/s, ips: 595.36 sequences/s
global step 480, epoch: 0, batch: 479, loss: 9.266009, speed: 9.30 step/s, ips: 595.22 sequences/s
global step 500, epoch: 0, batch: 499, loss: 9.335067, speed: 9.30 step/s, ips: 595.02 sequences/s
