-----------  Configuration Arguments -----------
gpus: 0,1,2,3,4,5,6,7
heter_worker_num: None
heter_workers:
http_port: None
ips: 127.0.0.1
log_dir: log
nproc_per_node: None
server_num: None
servers:
training_script: ./benchmark/bert/run_pretrain.py
training_script_args: ['--model_type', 'bert', '--model_name_or_path', 'bert-base-uncased', '--max_predictions_per_seq', '20', '--batch_size', '32', '--use_amp', 'False', '--learning_rate', '1e-4', '--weight_decay', '1e-2', '--adam_epsilon', '1e-6', '--warmup_steps', '10000', '--input_dir', '/root/paddlejob/workspace/env_run/data/', '--output_dir', './tmp2/', '--logging_steps', '20', '--save_steps', '20000', '--max_steps', '500']
worker_num: None
workers:
------------------------------------------------
launch train in GPU mode
/root/paddlejob/workspace/env_run/models/PaddleNLP/paddlenlp/seq2vec/encoder.py:683: DeprecationWarning: invalid escape sequence \s
  """
/root/paddlejob/workspace/env_run/models/PaddleNLP/paddlenlp/seq2vec/encoder.py:740: DeprecationWarning: invalid escape sequence \s
  """
[32m[2020-12-18 18:52:06,305] [    INFO][0m - Downloading bert-base-uncased-vocab.txt from https://paddle-hapi.bj.bcebos.com/models/bert/bert-base-uncased-vocab.txt[0m

  0%|          | 0/227 [00:00<?, ?it/s]
100%|██████████| 227/227 [00:00<00:00, 6768.32it/s]
/usr/local/python378-gcc540/lib/python3.7/site-packages/paddle/fluid/layers/math_op_patch.py:298: UserWarning: /root/paddlejob/workspace/env_run/models/PaddleNLP/paddlenlp/transformers/bert/modeling.py:58
The behavior of expression A - B has been unified with elementwise_sub(X, Y, axis=-1) from Paddle 2.0. If your code works well in the older versions but crashes in this version, try to use elementwise_sub(X, Y, axis=0) instead of A - B. This transitional warning will be dropped in the future.
  op_type, op_type, EXPRESSION_MAP[method_name]))
/usr/local/python378-gcc540/lib/python3.7/site-packages/paddle/fluid/layers/math_op_patch.py:298: UserWarning: /root/paddlejob/workspace/env_run/models/PaddleNLP/paddlenlp/transformers/bert/modeling.py:67
The behavior of expression A + B has been unified with elementwise_add(X, Y, axis=-1) from Paddle 2.0. If your code works well in the older versions but crashes in this version, try to use elementwise_add(X, Y, axis=0) instead of A + B. This transitional warning will be dropped in the future.
  op_type, op_type, EXPRESSION_MAP[method_name]))
/usr/local/python378-gcc540/lib/python3.7/site-packages/paddle/fluid/layers/math_op_patch.py:298: UserWarning: /usr/local/python378-gcc540/lib/python3.7/site-packages/paddle/nn/layer/transformer.py:378
The behavior of expression A + B has been unified with elementwise_add(X, Y, axis=-1) from Paddle 2.0. If your code works well in the older versions but crashes in this version, try to use elementwise_add(X, Y, axis=0) instead of A + B. This transitional warning will be dropped in the future.
  op_type, op_type, EXPRESSION_MAP[method_name]))
/usr/local/python378-gcc540/lib/python3.7/site-packages/paddle/fluid/layers/math_op_patch.py:298: UserWarning: /usr/local/python378-gcc540/lib/python3.7/site-packages/paddle/nn/layer/transformer.py:527
The behavior of expression A + B has been unified with elementwise_add(X, Y, axis=-1) from Paddle 2.0. If your code works well in the older versions but crashes in this version, try to use elementwise_add(X, Y, axis=0) instead of A + B. This transitional warning will be dropped in the future.
  op_type, op_type, EXPRESSION_MAP[method_name]))
/usr/local/python378-gcc540/lib/python3.7/site-packages/paddle/fluid/layers/math_op_patch.py:298: UserWarning: /usr/local/python378-gcc540/lib/python3.7/site-packages/paddle/nn/layer/transformer.py:535
The behavior of expression A + B has been unified with elementwise_add(X, Y, axis=-1) from Paddle 2.0. If your code works well in the older versions but crashes in this version, try to use elementwise_add(X, Y, axis=0) instead of A + B. This transitional warning will be dropped in the future.
  op_type, op_type, EXPRESSION_MAP[method_name]))
/usr/local/python378-gcc540/lib/python3.7/site-packages/paddle/fluid/layers/math_op_patch.py:298: UserWarning: /root/paddlejob/workspace/env_run/models/PaddleNLP/paddlenlp/transformers/bert/modeling.py:501
The behavior of expression A / B has been unified with elementwise_div(X, Y, axis=-1) from Paddle 2.0. If your code works well in the older versions but crashes in this version, try to use elementwise_div(X, Y, axis=0) instead of A / B. This transitional warning will be dropped in the future.
  op_type, op_type, EXPRESSION_MAP[method_name]))
/usr/local/python378-gcc540/lib/python3.7/site-packages/paddle/distributed/fleet/base/fleet_base.py:617: UserWarning: It is recommended to use DistributedStrategy in fleet.init(). The strategy here is only for compatibility. If the strategy in fleet.distributed_optimizer() is not None, then it will overwrite the DistributedStrategy in fleet.init(), which will take effect in distributed training.
  "It is recommended to use DistributedStrategy "
server not ready, wait 3 sec to retry...
not ready endpoints:['job-0bb5fdc82b373380-trainer-0.a5139f34-68ad-5528-8bb7-a906d3bfbf7b:40607', 'job-0bb5fdc82b373380-trainer-0.a5139f34-68ad-5528-8bb7-a906d3bfbf7b:40608', 'job-0bb5fdc82b373380-trainer-0.a5139f34-68ad-5528-8bb7-a906d3bfbf7b:40609', 'job-0bb5fdc82b373380-trainer-0.a5139f34-68ad-5528-8bb7-a906d3bfbf7b:40610', 'job-0bb5fdc82b373380-trainer-0.a5139f34-68ad-5528-8bb7-a906d3bfbf7b:40611', 'job-0bb5fdc82b373380-trainer-0.a5139f34-68ad-5528-8bb7-a906d3bfbf7b:40612', 'job-0bb5fdc82b373380-trainer-0.a5139f34-68ad-5528-8bb7-a906d3bfbf7b:40613']
server not ready, wait 3 sec to retry...
not ready endpoints:['job-0bb5fdc82b373380-trainer-0.a5139f34-68ad-5528-8bb7-a906d3bfbf7b:40607', 'job-0bb5fdc82b373380-trainer-0.a5139f34-68ad-5528-8bb7-a906d3bfbf7b:40608', 'job-0bb5fdc82b373380-trainer-0.a5139f34-68ad-5528-8bb7-a906d3bfbf7b:40609', 'job-0bb5fdc82b373380-trainer-0.a5139f34-68ad-5528-8bb7-a906d3bfbf7b:40610', 'job-0bb5fdc82b373380-trainer-0.a5139f34-68ad-5528-8bb7-a906d3bfbf7b:40611', 'job-0bb5fdc82b373380-trainer-0.a5139f34-68ad-5528-8bb7-a906d3bfbf7b:40612', 'job-0bb5fdc82b373380-trainer-0.a5139f34-68ad-5528-8bb7-a906d3bfbf7b:40613']
W1218 18:52:15.373967  1609 device_context.cc:326] Please NOTE: device: 0, GPU Compute Capability: 7.0, Driver API Version: 11.0, Runtime API Version: 10.1
W1218 18:52:15.379170  1609 device_context.cc:336] device: 0, cuDNN Version: 7.6.
W1218 18:52:32.963583  1609 build_strategy.cc:116] Currently, fuse_broadcast_ops only works under Reduce mode.
W1218 18:52:33.110888  1609 fuse_all_reduce_op_pass.cc:75] Find all_reduce operators: 206. To make the speed faster, some all_reduce ops are fused during training, after fusion, the number of all_reduce ops is 19.
global step 20, epoch: 0, batch: 19, loss: 11.181790, speed: 1.37 step/s, ips :43.96 sequences/s
global step 40, epoch: 0, batch: 39, loss: 11.049204, speed: 3.25 step/s, ips :104.06 sequences/s
global step 60, epoch: 0, batch: 59, loss: 10.891809, speed: 3.43 step/s, ips :109.89 sequences/s
global step 80, epoch: 0, batch: 79, loss: 10.593342, speed: 3.16 step/s, ips :101.21 sequences/s
global step 100, epoch: 0, batch: 99, loss: 10.389199, speed: 3.58 step/s, ips :114.71 sequences/s
global step 120, epoch: 0, batch: 119, loss: 10.158376, speed: 3.54 step/s, ips :113.30 sequences/s
global step 140, epoch: 0, batch: 139, loss: 10.151932, speed: 3.58 step/s, ips :114.41 sequences/s
global step 160, epoch: 0, batch: 159, loss: 9.974057, speed: 2.95 step/s, ips :94.43 sequences/s
global step 180, epoch: 0, batch: 179, loss: 10.068160, speed: 3.63 step/s, ips :116.10 sequences/s
global step 200, epoch: 0, batch: 199, loss: 9.971391, speed: 3.11 step/s, ips :99.50 sequences/s
global step 220, epoch: 0, batch: 219, loss: 9.975717, speed: 3.84 step/s, ips :123.00 sequences/s
global step 240, epoch: 0, batch: 239, loss: 9.703105, speed: 3.21 step/s, ips :102.74 sequences/s
global step 260, epoch: 0, batch: 259, loss: 9.773092, speed: 2.90 step/s, ips :92.83 sequences/s
global step 280, epoch: 0, batch: 279, loss: 9.712748, speed: 2.95 step/s, ips :94.37 sequences/s
global step 300, epoch: 0, batch: 299, loss: 9.606738, speed: 3.12 step/s, ips :99.95 sequences/s
global step 320, epoch: 0, batch: 319, loss: 9.520335, speed: 3.55 step/s, ips :113.68 sequences/s
global step 340, epoch: 0, batch: 339, loss: 9.482895, speed: 3.22 step/s, ips :103.00 sequences/s
global step 360, epoch: 0, batch: 359, loss: 9.358547, speed: 3.41 step/s, ips :109.26 sequences/s
global step 380, epoch: 0, batch: 379, loss: 9.112775, speed: 3.38 step/s, ips :108.00 sequences/s
global step 400, epoch: 0, batch: 399, loss: 9.024406, speed: 3.12 step/s, ips :99.77 sequences/s
