-----------  Configuration Arguments -----------
gpus: 0,1,2,3,4,5,6,7
heter_worker_num: None
heter_workers:
http_port: None
ips: 127.0.0.1
log_dir: log
nproc_per_node: None
server_num: None
servers:
training_script: ./benchmark/bert/run_pretrain.py
training_script_args: ['--model_type', 'bert', '--model_name_or_path', 'bert-base-uncased', '--max_predictions_per_seq', '20', '--batch_size', '96', '--use_amp', 'True', '--learning_rate', '1e-4', '--weight_decay', '1e-2', '--adam_epsilon', '1e-6', '--warmup_steps', '10000', '--input_dir', '/root/paddlejob/workspace/env_run/data/', '--output_dir', './tmp2/', '--logging_steps', '20', '--save_steps', '20000', '--max_steps', '500']
worker_num: None
workers:
------------------------------------------------
launch train in GPU mode
/root/paddlejob/workspace/env_run/models/PaddleNLP/paddlenlp/seq2vec/encoder.py:683: DeprecationWarning: invalid escape sequence \s
  """
/root/paddlejob/workspace/env_run/models/PaddleNLP/paddlenlp/seq2vec/encoder.py:740: DeprecationWarning: invalid escape sequence \s
  """
[32m[2020-12-18 20:08:04,169] [    INFO][0m - Downloading bert-base-uncased-vocab.txt from https://paddle-hapi.bj.bcebos.com/models/bert/bert-base-uncased-vocab.txt[0m

  0%|          | 0/227 [00:00<?, ?it/s]
100%|██████████| 227/227 [00:00<00:00, 2289.64it/s]
/usr/local/python378-gcc540/lib/python3.7/site-packages/paddle/fluid/layers/math_op_patch.py:298: UserWarning: /root/paddlejob/workspace/env_run/models/PaddleNLP/paddlenlp/transformers/bert/modeling.py:58
The behavior of expression A - B has been unified with elementwise_sub(X, Y, axis=-1) from Paddle 2.0. If your code works well in the older versions but crashes in this version, try to use elementwise_sub(X, Y, axis=0) instead of A - B. This transitional warning will be dropped in the future.
  op_type, op_type, EXPRESSION_MAP[method_name]))
/usr/local/python378-gcc540/lib/python3.7/site-packages/paddle/fluid/layers/math_op_patch.py:298: UserWarning: /root/paddlejob/workspace/env_run/models/PaddleNLP/paddlenlp/transformers/bert/modeling.py:67
The behavior of expression A + B has been unified with elementwise_add(X, Y, axis=-1) from Paddle 2.0. If your code works well in the older versions but crashes in this version, try to use elementwise_add(X, Y, axis=0) instead of A + B. This transitional warning will be dropped in the future.
  op_type, op_type, EXPRESSION_MAP[method_name]))
/usr/local/python378-gcc540/lib/python3.7/site-packages/paddle/fluid/layers/math_op_patch.py:298: UserWarning: /usr/local/python378-gcc540/lib/python3.7/site-packages/paddle/nn/layer/transformer.py:378
The behavior of expression A + B has been unified with elementwise_add(X, Y, axis=-1) from Paddle 2.0. If your code works well in the older versions but crashes in this version, try to use elementwise_add(X, Y, axis=0) instead of A + B. This transitional warning will be dropped in the future.
  op_type, op_type, EXPRESSION_MAP[method_name]))
/usr/local/python378-gcc540/lib/python3.7/site-packages/paddle/fluid/layers/math_op_patch.py:298: UserWarning: /usr/local/python378-gcc540/lib/python3.7/site-packages/paddle/nn/layer/transformer.py:527
The behavior of expression A + B has been unified with elementwise_add(X, Y, axis=-1) from Paddle 2.0. If your code works well in the older versions but crashes in this version, try to use elementwise_add(X, Y, axis=0) instead of A + B. This transitional warning will be dropped in the future.
  op_type, op_type, EXPRESSION_MAP[method_name]))
/usr/local/python378-gcc540/lib/python3.7/site-packages/paddle/fluid/layers/math_op_patch.py:298: UserWarning: /usr/local/python378-gcc540/lib/python3.7/site-packages/paddle/nn/layer/transformer.py:535
The behavior of expression A + B has been unified with elementwise_add(X, Y, axis=-1) from Paddle 2.0. If your code works well in the older versions but crashes in this version, try to use elementwise_add(X, Y, axis=0) instead of A + B. This transitional warning will be dropped in the future.
  op_type, op_type, EXPRESSION_MAP[method_name]))
/usr/local/python378-gcc540/lib/python3.7/site-packages/paddle/fluid/layers/math_op_patch.py:298: UserWarning: /root/paddlejob/workspace/env_run/models/PaddleNLP/paddlenlp/transformers/bert/modeling.py:501
The behavior of expression A / B has been unified with elementwise_div(X, Y, axis=-1) from Paddle 2.0. If your code works well in the older versions but crashes in this version, try to use elementwise_div(X, Y, axis=0) instead of A / B. This transitional warning will be dropped in the future.
  op_type, op_type, EXPRESSION_MAP[method_name]))
/usr/local/python378-gcc540/lib/python3.7/site-packages/paddle/distributed/fleet/base/fleet_base.py:617: UserWarning: It is recommended to use DistributedStrategy in fleet.init(). The strategy here is only for compatibility. If the strategy in fleet.distributed_optimizer() is not None, then it will overwrite the DistributedStrategy in fleet.init(), which will take effect in distributed training.
  "It is recommended to use DistributedStrategy "
server not ready, wait 3 sec to retry...
not ready endpoints:['job-0bb5fdc976c79555-trainer-0.a5139f34-68ad-5528-8bb7-a906d3bfbf7b:40607', 'job-0bb5fdc976c79555-trainer-0.a5139f34-68ad-5528-8bb7-a906d3bfbf7b:40608', 'job-0bb5fdc976c79555-trainer-0.a5139f34-68ad-5528-8bb7-a906d3bfbf7b:40609', 'job-0bb5fdc976c79555-trainer-0.a5139f34-68ad-5528-8bb7-a906d3bfbf7b:40610', 'job-0bb5fdc976c79555-trainer-0.a5139f34-68ad-5528-8bb7-a906d3bfbf7b:40611', 'job-0bb5fdc976c79555-trainer-0.a5139f34-68ad-5528-8bb7-a906d3bfbf7b:40612', 'job-0bb5fdc976c79555-trainer-0.a5139f34-68ad-5528-8bb7-a906d3bfbf7b:40613']
server not ready, wait 3 sec to retry...
not ready endpoints:['job-0bb5fdc976c79555-trainer-0.a5139f34-68ad-5528-8bb7-a906d3bfbf7b:40607', 'job-0bb5fdc976c79555-trainer-0.a5139f34-68ad-5528-8bb7-a906d3bfbf7b:40608', 'job-0bb5fdc976c79555-trainer-0.a5139f34-68ad-5528-8bb7-a906d3bfbf7b:40609', 'job-0bb5fdc976c79555-trainer-0.a5139f34-68ad-5528-8bb7-a906d3bfbf7b:40610', 'job-0bb5fdc976c79555-trainer-0.a5139f34-68ad-5528-8bb7-a906d3bfbf7b:40611', 'job-0bb5fdc976c79555-trainer-0.a5139f34-68ad-5528-8bb7-a906d3bfbf7b:40612', 'job-0bb5fdc976c79555-trainer-0.a5139f34-68ad-5528-8bb7-a906d3bfbf7b:40613']
W1218 20:08:16.360921  1531 device_context.cc:326] Please NOTE: device: 0, GPU Compute Capability: 7.0, Driver API Version: 11.0, Runtime API Version: 10.1
W1218 20:08:16.367008  1531 device_context.cc:336] device: 0, cuDNN Version: 7.6.
W1218 20:08:33.583545  1531 build_strategy.cc:116] Currently, fuse_broadcast_ops only works under Reduce mode.
W1218 20:08:33.734078  1531 fuse_all_reduce_op_pass.cc:75] Find all_reduce operators: 206. To make the speed faster, some all_reduce ops are fused during training, after fusion, the number of all_reduce ops is 20.
tobal step: 20, epoch: 0, batch: 19, loss: 11.232489, avg_reader_cost: 0.02876 sec, avg_batch_cost: 0.31426 sec, avg_samples: 96.00000, ips: 305.47499 sequences/sec
tobal step: 40, epoch: 0, batch: 39, loss: 11.176929, avg_reader_cost: 0.00008 sec, avg_batch_cost: 0.15100 sec, avg_samples: 96.00000, ips: 635.77148 sequences/sec
tobal step: 60, epoch: 0, batch: 59, loss: 11.188490, avg_reader_cost: 0.00007 sec, avg_batch_cost: 0.15092 sec, avg_samples: 96.00000, ips: 636.08770 sequences/sec
tobal step: 80, epoch: 0, batch: 79, loss: 11.166743, avg_reader_cost: 0.00007 sec, avg_batch_cost: 0.15113 sec, avg_samples: 96.00000, ips: 635.22951 sequences/sec
tobal step: 100, epoch: 0, batch: 99, loss: 11.203227, avg_reader_cost: 0.00007 sec, avg_batch_cost: 0.26455 sec, avg_samples: 96.00000, ips: 362.87607 sequences/sec
tobal step: 120, epoch: 0, batch: 119, loss: 11.163107, avg_reader_cost: 0.00006 sec, avg_batch_cost: 0.15111 sec, avg_samples: 96.00000, ips: 635.28488 sequences/sec
tobal step: 140, epoch: 0, batch: 139, loss: 11.214075, avg_reader_cost: 0.00006 sec, avg_batch_cost: 0.15095 sec, avg_samples: 96.00000, ips: 635.98487 sequences/sec
tobal step: 160, epoch: 0, batch: 159, loss: 11.210126, avg_reader_cost: 0.00006 sec, avg_batch_cost: 0.15116 sec, avg_samples: 96.00000, ips: 635.08599 sequences/sec
tobal step: 180, epoch: 0, batch: 179, loss: 11.194061, avg_reader_cost: 0.00008 sec, avg_batch_cost: 0.26494 sec, avg_samples: 96.00000, ips: 362.35035 sequences/sec
tobal step: 200, epoch: 0, batch: 199, loss: 11.191438, avg_reader_cost: 0.00006 sec, avg_batch_cost: 0.15098 sec, avg_samples: 96.00000, ips: 635.82564 sequences/sec
tobal step: 220, epoch: 0, batch: 12, loss: 11.200100, avg_reader_cost: 0.00529 sec, avg_batch_cost: 0.09907 sec, avg_samples: 62.40000, ips: 629.83577 sequences/sec
tobal step: 240, epoch: 0, batch: 32, loss: 11.170959, avg_reader_cost: 0.00009 sec, avg_batch_cost: 0.15120 sec, avg_samples: 96.00000, ips: 634.92716 sequences/sec
tobal step: 260, epoch: 0, batch: 52, loss: 11.178096, avg_reader_cost: 0.00006 sec, avg_batch_cost: 0.15122 sec, avg_samples: 96.00000, ips: 634.85093 sequences/sec
tobal step: 280, epoch: 0, batch: 72, loss: 11.137249, avg_reader_cost: 0.00007 sec, avg_batch_cost: 0.26628 sec, avg_samples: 96.00000, ips: 360.52559 sequences/sec
tobal step: 300, epoch: 0, batch: 92, loss: 11.168887, avg_reader_cost: 0.00006 sec, avg_batch_cost: 0.15114 sec, avg_samples: 96.00000, ips: 635.17750 sequences/sec
tobal step: 320, epoch: 0, batch: 112, loss: 11.133799, avg_reader_cost: 0.00007 sec, avg_batch_cost: 0.15125 sec, avg_samples: 96.00000, ips: 634.71943 sequences/sec
tobal step: 340, epoch: 0, batch: 132, loss: 11.138881, avg_reader_cost: 0.00006 sec, avg_batch_cost: 0.15111 sec, avg_samples: 96.00000, ips: 635.28503 sequences/sec
tobal step: 360, epoch: 0, batch: 152, loss: 11.099255, avg_reader_cost: 0.00015 sec, avg_batch_cost: 0.26509 sec, avg_samples: 96.00000, ips: 362.14657 sequences/sec
tobal step: 380, epoch: 0, batch: 172, loss: 11.089298, avg_reader_cost: 0.00007 sec, avg_batch_cost: 0.15134 sec, avg_samples: 96.00000, ips: 634.31397 sequences/sec
tobal step: 400, epoch: 0, batch: 192, loss: 11.092024, avg_reader_cost: 0.00006 sec, avg_batch_cost: 0.15121 sec, avg_samples: 96.00000, ips: 634.88241 sequences/sec
tobal step: 420, epoch: 0, batch: 5, loss: 11.080805, avg_reader_cost: 0.00589 sec, avg_batch_cost: 0.04707 sec, avg_samples: 28.80000, ips: 611.91230 sequences/sec
tobal step: 440, epoch: 0, batch: 25, loss: 11.084270, avg_reader_cost: 0.00008 sec, avg_batch_cost: 0.27078 sec, avg_samples: 96.00000, ips: 354.52693 sequences/sec
tobal step: 460, epoch: 0, batch: 45, loss: 11.004984, avg_reader_cost: 0.00006 sec, avg_batch_cost: 0.14717 sec, avg_samples: 96.00000, ips: 652.31486 sequences/sec
tobal step: 480, epoch: 0, batch: 65, loss: 10.978817, avg_reader_cost: 0.00006 sec, avg_batch_cost: 0.15116 sec, avg_samples: 96.00000, ips: 635.09124 sequences/sec
tobal step: 500, epoch: 0, batch: 85, loss: 11.027838, avg_reader_cost: 0.00006 sec, avg_batch_cost: 0.15118 sec, avg_samples: 96.00000, ips: 635.00050 sequences/sec
