+ batch_size=96
+ num_gpus=1
+ precision=fp16
++ expr 67584 / 96 / 1
+ gradient_accumulation_steps=704
++ expr 67584 / 1
+ train_batch_size=67584
+ train_steps=20
++ python get_mpi_rank.py
python: can't open file 'get_mpi_rank.py': [Errno 2] No such file or directory
+ export NODE_RANK=
+ NODE_RANK=
+ rm -rf results/checkpoints
+ bash scripts/run_pretraining.sh 67584 6e-3 fp16 1 0.2843 20 200 false true true 704
Container nvidia build =  29224839
/workspace/bert/data/pretrain/phase1/unbinned/parquet/
Logs written to /workspace/bert/results/bert_lamb_pretraining.pyt_bert_pretraining_phase1_fp16_gbs67584.221231041959.log
+ '[' -z /workspace/bert/results/bert_lamb_pretraining.pyt_bert_pretraining_phase1_fp16_gbs67584.221231041959.log ']'
+ tee /workspace/bert/results/bert_lamb_pretraining.pyt_bert_pretraining_phase1_fp16_gbs67584.221231041959.log
+ python3 -m torch.distributed.launch --nproc_per_node=1 /workspace/bert/run_pretraining.py --input_dir=/workspace/bert/data/pretrain/phase1/unbinned/parquet/ --output_dir=/workspace/bert/results/checkpoints --config_file=bert_config_base.json --vocab_file=vocab/vocab --train_batch_size=67584 --max_seq_length=128 --max_predictions_per_seq=20 --max_steps=20 --warmup_proportion=0.2843 --num_steps_per_checkpoint=200 --learning_rate=6e-3 --seed=12439 --fp16 --gradient_accumulation_steps=704 --allreduce_post_accumulation --allreduce_post_accumulation_fp16 --do_train --json-summary /workspace/bert/results/dllogger.json --disable_progress_bar --num_workers=4
device: cuda:0 n_gpu: 1, distributed training: True, 16-bits training: True
DLL 2022-12-31 04:20:04.892354 - PARAMETER Config : ["Namespace(allreduce_post_accumulation=True, allreduce_post_accumulation_fp16=True, amp=False, checkpoint_activations=False, config_file='bert_config_base.json', cuda_graphs=False, disable_jit_fusions=False, disable_progress_bar=True, do_train=True, fp16=True, gradient_accumulation_steps=704, init_checkpoint=None, init_loss_scale=1048576, input_dir='/workspace/bert/data/pretrain/phase1/unbinned/parquet/', json_summary='/workspace/bert/results/dllogger.json', learning_rate=0.006, local_rank=0, log_freq=1.0, loss_scale=0.0, max_predictions_per_seq=20, max_seq_length=128, max_steps=20.0, n_gpu=1, no_dense_sequence_output=False, num_steps_per_checkpoint=200, num_train_epochs=3.0, num_workers=4, output_dir='/workspace/bert/results/checkpoints', phase1_end_step=7038, phase2=False, profile=False, profile_start=0, resume_from_checkpoint=False, resume_phase2=False, resume_step=-1, seed=12439, skip_checkpoint=False, steps_this_run=20.0, train_batch_size=96, use_env=False, vocab_file='vocab/vocab', warmup_proportion=0.2843)"] 
/opt/conda/lib/python3.8/site-packages/torch/jit/_recursive.py:234: UserWarning: 'bias' was found in ScriptModule constants,  but it is a non-constant parameter. Consider removing it.
  warnings.warn("'{}' was found in ScriptModule constants, "
LDDL - 2022-12-31 04:20:10,500 - datasets.py:152:__init__ - node-0 - WARNING : lost 39/4172583=0.0009346728393419616% samples in total
get_bert_pretrain_data_loader took 0.09262003563344479 s!
DLL 2022-12-31 04:20:10.500573 - PARAMETER SEED : 12439 
DLL 2022-12-31 04:20:10.500646 - PARAMETER train_start : True 
DLL 2022-12-31 04:20:10.500678 - PARAMETER batch_size_per_gpu : 96 
DLL 2022-12-31 04:20:10.500704 - PARAMETER learning_rate : 0.006 
LDDL - 2022-12-31 04:20:10,734 - datasets.py:267:__iter__ - node-0 - WARNING : epoch = 0
DLL 2022-12-31 04:21:12.733695 - Training Epoch: 0 Training Iteration: 0  average_loss : 11.182273171164773  learning_rate : 0.0010552234016358852  skipped_steps : 1 
DLL 2022-12-31 04:21:12.734447 - PARAMETER loss_scale : 524288.0 
DLL 2022-12-31 04:21:12.734931 - PARAMETER checkpoint_step : 0 
DLL 2022-12-31 04:21:58.710374 - Training Epoch: 0 Training Iteration: 0  average_loss : 11.181163441051137  learning_rate : 0.0010552234016358852  skipped_steps : 2 
DLL 2022-12-31 04:21:58.710811 - PARAMETER loss_scale : 262144.0 
DLL 2022-12-31 04:21:58.711391 - PARAMETER checkpoint_step : 0 
DLL 2022-12-31 04:22:45.254043 - Training Epoch: 0 Training Iteration: 0  average_loss : 11.181818181818182  learning_rate : 0.0010552234016358852  skipped_steps : 3 
DLL 2022-12-31 04:22:45.254792 - PARAMETER loss_scale : 131072.0 
DLL 2022-12-31 04:22:45.255379 - PARAMETER checkpoint_step : 0 
DLL 2022-12-31 04:23:31.831889 - Training Epoch: 0 Training Iteration: 0  average_loss : 11.180475408380682  learning_rate : 0.0010552234016358852  skipped_steps : 4 
DLL 2022-12-31 04:23:31.832352 - PARAMETER loss_scale : 65536.0 
DLL 2022-12-31 04:23:31.832786 - PARAMETER checkpoint_step : 0 
DLL 2022-12-31 04:24:18.415275 - Training Epoch: 0 Training Iteration: 0  average_loss : 11.182273171164773  learning_rate : 0.0010552234016358852  skipped_steps : 5 
DLL 2022-12-31 04:24:18.415698 - PARAMETER loss_scale : 32768.0 
DLL 2022-12-31 04:24:18.416203 - PARAMETER checkpoint_step : 0 
DLL 2022-12-31 04:25:05.705229 - Training Epoch: 0 Training Iteration: 0  average_loss : 11.181696111505682  learning_rate : 0.0010552234016358852  skipped_steps : 6 
DLL 2022-12-31 04:25:05.705658 - PARAMETER loss_scale : 16384.0 
DLL 2022-12-31 04:25:05.706090 - PARAMETER checkpoint_step : 0 
DLL 2022-12-31 04:25:52.921226 - Training Epoch: 0 Training Iteration: 0  average_loss : 11.181795987215908  learning_rate : 0.0010552234016358852  skipped_steps : 7 
DLL 2022-12-31 04:25:52.921821 - PARAMETER loss_scale : 8192.0 
DLL 2022-12-31 04:25:52.922456 - PARAMETER checkpoint_step : 0 
DLL 2022-12-31 04:26:39.878146 - Training Epoch: 0 Training Iteration: 0  average_loss : 11.181363192471592  learning_rate : 0.0010552234016358852  skipped_steps : 8 
DLL 2022-12-31 04:26:39.878845 - PARAMETER loss_scale : 4096.0 
DLL 2022-12-31 04:26:39.879451 - PARAMETER checkpoint_step : 0 
DLL 2022-12-31 04:27:26.663682 - Training Epoch: 0 Training Iteration: 0  average_loss : 11.181685014204545  learning_rate : 0.0010552234016358852  skipped_steps : 9 
DLL 2022-12-31 04:27:26.664341 - PARAMETER loss_scale : 2048.0 
DLL 2022-12-31 04:27:26.664850 - PARAMETER checkpoint_step : 0 
DLL 2022-12-31 04:28:13.482743 - Training Epoch: 0 Training Iteration: 0  average_loss : 11.182816938920455  learning_rate : 0.0010552234016358852  skipped_steps : 10 
DLL 2022-12-31 04:28:13.483770 - PARAMETER loss_scale : 1024.0 
DLL 2022-12-31 04:28:13.484427 - PARAMETER checkpoint_step : 0 
DLL 2022-12-31 04:29:00.240425 - Training Epoch: 0 Training Iteration: 0  average_loss : 11.180752840909092  learning_rate : 0.0010552234016358852  skipped_steps : 11 
DLL 2022-12-31 04:29:00.241040 - PARAMETER loss_scale : 512.0 
DLL 2022-12-31 04:29:00.241573 - PARAMETER checkpoint_step : 0 
DLL 2022-12-31 04:29:46.987508 - Training Epoch: 0 Training Iteration: 1  average_loss : 11.180752840909092  learning_rate : 0.0010552234016358852  skipped_steps : 11 
DLL 2022-12-31 04:29:46.988193 - PARAMETER loss_scale : 512.0 
DLL 2022-12-31 04:30:31.657724 - Training Epoch: 0 Training Iteration: 1  average_loss : 11.181008078835227  learning_rate : 0.0021104468032717705  skipped_steps : 12 
DLL 2022-12-31 04:30:31.658424 - PARAMETER loss_scale : 256.0 
DLL 2022-12-31 04:31:16.352700 - Training Epoch: 0 Training Iteration: 1  average_loss : 11.176180752840908  learning_rate : 0.0021104468032717705  skipped_steps : 13 
DLL 2022-12-31 04:31:16.352891 - PARAMETER loss_scale : 128.0 
DLL 2022-12-31 04:32:01.206446 - Training Epoch: 0 Training Iteration: 2  average_loss : 11.176180752840908  learning_rate : 0.0021104468032717705  skipped_steps : 13 
DLL 2022-12-31 04:32:01.207182 - PARAMETER loss_scale : 128.0 
DLL 2022-12-31 04:32:46.008444 - Training Epoch: 0 Training Iteration: 3  average_loss : 11.181074662642045  learning_rate : 0.0021104468032717705  skipped_steps : 13 
DLL 2022-12-31 04:33:30.725636 - Training Epoch: 0 Training Iteration: 4  average_loss : 10.639626242897727  learning_rate : 0.0031656702049076557  skipped_steps : 13 
DLL 2022-12-31 04:34:15.428819 - Training Epoch: 0 Training Iteration: 5  average_loss : 10.293923117897727  learning_rate : 0.004220893606543541  skipped_steps : 13 
DLL 2022-12-31 04:35:00.078185 - Training Epoch: 0 Training Iteration: 6  average_loss : 10.018377130681818  learning_rate : 0.005276117008179426  skipped_steps : 13 
DLL 2022-12-31 04:35:44.683556 - Training Epoch: 0 Training Iteration: 7  average_loss : 9.609153053977273  learning_rate : 0.004837354179471731  skipped_steps : 13 
DLL 2022-12-31 04:36:29.178198 - Training Epoch: 0 Training Iteration: 8  average_loss : 9.461403586647727  learning_rate : 0.004647579975426197  skipped_steps : 13 
DLL 2022-12-31 04:37:13.681784 - Training Epoch: 0 Training Iteration: 9  average_loss : 9.348821466619318  learning_rate : 0.004449719097465277  skipped_steps : 13 
DLL 2022-12-31 04:37:58.247236 - Training Epoch: 0 Training Iteration: 10  average_loss : 9.230613014914773  learning_rate : 0.0042426404543221  skipped_steps : 13 
DLL 2022-12-31 04:38:42.698711 - Training Epoch: 0 Training Iteration: 11  average_loss : 9.111649946732955  learning_rate : 0.004024922382086515  skipped_steps : 13 
DLL 2022-12-31 04:39:27.137030 - Training Epoch: 0 Training Iteration: 12  average_loss : 9.014515269886363  learning_rate : 0.0037947327364236116  skipped_steps : 13 
DLL 2022-12-31 04:40:11.612601 - Training Epoch: 0 Training Iteration: 13  average_loss : 8.945878462357955  learning_rate : 0.003549647983163595  skipped_steps : 13 
DLL 2022-12-31 04:40:56.057938 - Training Epoch: 0 Training Iteration: 14  average_loss : 8.859818892045455  learning_rate : 0.0032863353844732046  skipped_steps : 13 
DLL 2022-12-31 04:41:40.445182 - Training Epoch: 0 Training Iteration: 15  average_loss : 8.783680308948863  learning_rate : 0.003000000026077032  skipped_steps : 13 
DLL 2022-12-31 04:42:24.790507 - Training Epoch: 0 Training Iteration: 16  average_loss : 8.728781960227273  learning_rate : 0.0026832816656678915  skipped_steps : 13 
DLL 2022-12-31 04:43:09.173219 - Training Epoch: 0 Training Iteration: 17  average_loss : 8.674860174005682  learning_rate : 0.0023237899877130985  skipped_steps : 13 
DLL 2022-12-31 04:43:53.549491 - Training Epoch: 0 Training Iteration: 18  average_loss : 8.6220703125  learning_rate : 0.0018973668338730931  skipped_steps : 13 
DLL 2022-12-31 04:44:37.963930 - Training Epoch: 0 Training Iteration: 19  average_loss : 8.587258078835227  learning_rate : 0.0013416408328339458  skipped_steps : 13 
DLL 2022-12-31 04:45:22.373779 - Training Epoch: 0 Training Iteration: 20  final_loss : 8.557085037231445 None
DLL 2022-12-31 04:45:22.374243 - PARAMETER checkpoint_step : 20 
DLL 2022-12-31 04:45:24.123149 -  e2e_train_time : 1519.2730252742767 s training_sequences_per_second : 1492.289358681106 sequences/s final_loss : 8.557085037231445 None raw_train_time : 1494.2732031345367 s
/opt/conda/lib/python3.8/site-packages/torch/distributed/launch.py:178: FutureWarning: The module torch.distributed.launch is deprecated
and will be removed in future. Use torchrun.
Note that --use_env is set by default in torchrun.
If your script expects `--local_rank` argument to be set, please
change it to read from `os.environ['LOCAL_RANK']` instead. See 
https://pytorch.org/docs/stable/distributed.html#launch-utility for 
further instructions

  warnings.warn(
+ set +x
finished pretraining
