Mon May 31 02:56:24 2021[1,0]<stderr>:2021-05-31 02:56:24,339 - mmseg - INFO - Environment info:
Mon May 31 02:56:24 2021[1,0]<stderr>:------------------------------------------------------------
Mon May 31 02:56:24 2021[1,0]<stderr>:sys.platform: linux
Mon May 31 02:56:24 2021[1,0]<stderr>:Python: 3.6.10 |Anaconda, Inc.| (default, Mar 23 2020, 23:13:11) [GCC 7.3.0]
Mon May 31 02:56:24 2021[1,0]<stderr>:CUDA available: True
Mon May 31 02:56:24 2021[1,0]<stderr>:GPU 0,1,2,3,4,5,6,7: Tesla V100-SXM2-32GB
Mon May 31 02:56:24 2021[1,0]<stderr>:CUDA_HOME: /usr/local/cuda
Mon May 31 02:56:24 2021[1,0]<stderr>:NVCC: Build cuda_11.0_bu.TC445_37.28358933_0
Mon May 31 02:56:24 2021[1,0]<stderr>:GCC: gcc (Ubuntu 7.5.0-3ubuntu1~18.04) 7.5.0
Mon May 31 02:56:24 2021[1,0]<stderr>:PyTorch: 1.6.0a0+9907a3e
Mon May 31 02:56:24 2021[1,0]<stderr>:PyTorch compiling details: PyTorch built with:
Mon May 31 02:56:24 2021[1,0]<stderr>:  - GCC 7.5
Mon May 31 02:56:24 2021[1,0]<stderr>:  - C++ Version: 201402
Mon May 31 02:56:24 2021[1,0]<stderr>:  - Intel(R) Math Kernel Library Version 2019.0.1 Product Build 20180928 for Intel(R) 64 architecture applications
Mon May 31 02:56:24 2021[1,0]<stderr>:  - Intel(R) MKL-DNN v1.2.0 (Git Hash N/A)
Mon May 31 02:56:24 2021[1,0]<stderr>:  - OpenMP 201511 (a.k.a. OpenMP 4.5)
Mon May 31 02:56:24 2021[1,0]<stderr>:  - NNPACK is enabled
Mon May 31 02:56:24 2021[1,0]<stderr>:  - CPU capability usage: AVX2
Mon May 31 02:56:24 2021[1,0]<stderr>:  - CUDA Runtime 11.0
Mon May 31 02:56:24 2021[1,0]<stderr>:  - NVCC architecture flags: -gencode;arch=compute_52,code=sm_52;-gencode;arch=compute_60,code=sm_60;-gencode;arch=compute_61,code=sm_61;-gencode;arch=compute_70,code=sm_70;-gencode;arch=compute_75,code=sm_75;-gencode;arch=compute_80,code=sm_80;-gencode;arch=compute_80,code=compute_80
Mon May 31 02:56:24 2021[1,0]<stderr>:  - CuDNN 8.0.1
Mon May 31 02:56:24 2021[1,0]<stderr>:  - Magma 2.5.2
Mon May 31 02:56:24 2021[1,0]<stderr>:  - Build settings: BLAS=MKL, BUILD_TYPE=Release, CXX_FLAGS= -fvisibility-inlines-hidden -fopenmp -DNDEBUG -DUSE_FBGEMM -DUSE_QNNPACK -DUSE_PYTORCH_QNNPACK -DUSE_XNNPACK -DUSE_INTERNAL_THREADPOOL_IMPL -O2 -fPIC -Wno-narrowing -Wall -Wextra -Werror=return-type -Wno-missing-field-initializers -Wno-type-limits -Wno-array-bounds -Wno-unknown-pragmas -Wno-sign-compare -Wno-unused-parameter -Wno-unused-variable -Wno-unused-function -Wno-unused-result -Wno-unused-local-typedefs -Wno-strict-overflow -Wno-strict-aliasing -Wno-error=deprecated-declarations -Wno-stringop-overflow -Wno-error=pedantic -Wno-error=redundant-decls -Wno-error=old-style-cast -fdiagnostics-color=always -faligned-new -Wno-unused-but-set-variable -Wno-maybe-uninitialized -fno-math-errno -fno-trapping-math -Werror=format -Wno-stringop-overflow, FORCE_FALLBACK_CUDA_MPI=1, PERF_WITH_AVX=1, PERF_WITH_AVX2=1, PERF_WITH_AVX512=1, USE_CUDA=ON, USE_EXCEPTION_PTR=1, USE_GFLAGS=OFF, USE_GLOG=OFF, USE_MKL=ON, USE_MKLDNN=ON, USE_MPI=ON, USE_NCCL=ON, USE_NNPACK=ON, USE_OPENMP=ON, USE_STATIC_DISPATCH=OFF, 
Mon May 31 02:56:24 2021[1,0]<stderr>:
Mon May 31 02:56:24 2021[1,0]<stderr>:TorchVision: 0.7.0a0
Mon May 31 02:56:24 2021[1,0]<stderr>:OpenCV: 3.4.1
Mon May 31 02:56:24 2021[1,0]<stderr>:MMCV: 1.2.7
Mon May 31 02:56:24 2021[1,0]<stderr>:MMCV Compiler: GCC 7.5
Mon May 31 02:56:24 2021[1,0]<stderr>:MMCV CUDA Compiler: 11.0
Mon May 31 02:56:24 2021[1,0]<stderr>:MMSegmentation: 0.12.0+3e46c1b
Mon May 31 02:56:24 2021[1,0]<stderr>:------------------------------------------------------------
Mon May 31 02:56:24 2021[1,0]<stderr>:
Mon May 31 02:56:24 2021[1,0]<stderr>:2021-05-31 02:56:24,340 - mmseg - INFO - Distributed training: True
Mon May 31 02:56:24 2021[1,0]<stderr>:2021-05-31 02:56:24,776 - mmseg - INFO - Config:
Mon May 31 02:56:24 2021[1,0]<stderr>:norm_cfg = dict(type='SyncBN', requires_grad=True)
Mon May 31 02:56:24 2021[1,0]<stderr>:model = dict(
Mon May 31 02:56:24 2021[1,0]<stderr>:    type='EncoderDecoder',
Mon May 31 02:56:24 2021[1,0]<stderr>:    pretrained='open-mmlab://resnet50_v1c',
Mon May 31 02:56:24 2021[1,0]<stderr>:    backbone=dict(
Mon May 31 02:56:24 2021[1,0]<stderr>:        type='ResNetV1c',
Mon May 31 02:56:24 2021[1,0]<stderr>:        depth=50,
Mon May 31 02:56:24 2021[1,0]<stderr>:        num_stages=4,
Mon May 31 02:56:24 2021[1,0]<stderr>:        out_indices=(0, 1, 2, 3),
Mon May 31 02:56:24 2021[1,0]<stderr>:        dilations=(1, 1, 2, 4),
Mon May 31 02:56:24 2021[1,0]<stderr>:        strides=(1, 2, 1, 1),
Mon May 31 02:56:24 2021[1,0]<stderr>:        norm_cfg=dict(type='SyncBN', requires_grad=True),
Mon May 31 02:56:24 2021[1,0]<stderr>:        norm_eval=False,
Mon May 31 02:56:24 2021[1,0]<stderr>:        style='pytorch',
Mon May 31 02:56:24 2021[1,0]<stderr>:        contract_dilation=True),
Mon May 31 02:56:24 2021[1,0]<stderr>:    decode_head=dict(
Mon May 31 02:56:24 2021[1,0]<stderr>:        type='DepthwiseSeparableASPPHead',
Mon May 31 02:56:24 2021[1,0]<stderr>:        in_channels=2048,
Mon May 31 02:56:24 2021[1,0]<stderr>:        in_index=3,
Mon May 31 02:56:24 2021[1,0]<stderr>:        channels=512,
Mon May 31 02:56:24 2021[1,0]<stderr>:        dilations=(1, 12, 24, 36),
Mon May 31 02:56:24 2021[1,0]<stderr>:        c1_in_channels=256,
Mon May 31 02:56:24 2021[1,0]<stderr>:        c1_channels=48,
Mon May 31 02:56:24 2021[1,0]<stderr>:        dropout_ratio=0.1,
Mon May 31 02:56:24 2021[1,0]<stderr>:        num_classes=19,
Mon May 31 02:56:24 2021[1,0]<stderr>:        norm_cfg=dict(type='SyncBN', requires_grad=True),
Mon May 31 02:56:24 2021[1,0]<stderr>:        align_corners=False,
Mon May 31 02:56:24 2021[1,0]<stderr>:        loss_decode=dict(
Mon May 31 02:56:24 2021[1,0]<stderr>:            type='CrossEntropyLoss', use_sigmoid=False, loss_weight=1.0)),
Mon May 31 02:56:24 2021[1,0]<stderr>:    auxiliary_head=dict(
Mon May 31 02:56:24 2021[1,0]<stderr>:        type='FCNHead',
Mon May 31 02:56:24 2021[1,0]<stderr>:        in_channels=1024,
Mon May 31 02:56:24 2021[1,0]<stderr>:        in_index=2,
Mon May 31 02:56:24 2021[1,0]<stderr>:        channels=256,
Mon May 31 02:56:24 2021[1,0]<stderr>:        num_convs=1,
Mon May 31 02:56:24 2021[1,0]<stderr>:        concat_input=False,
Mon May 31 02:56:24 2021[1,0]<stderr>:        dropout_ratio=0.1,
Mon May 31 02:56:24 2021[1,0]<stderr>:        num_classes=19,
Mon May 31 02:56:24 2021[1,0]<stderr>:        norm_cfg=dict(type='SyncBN', requires_grad=True),
Mon May 31 02:56:24 2021[1,0]<stderr>:        align_corners=False,
Mon May 31 02:56:24 2021[1,0]<stderr>:        loss_decode=dict(
Mon May 31 02:56:24 2021[1,0]<stderr>:            type='CrossEntropyLoss', use_sigmoid=False, loss_weight=0.4)),
Mon May 31 02:56:24 2021[1,0]<stderr>:    train_cfg=dict(),
Mon May 31 02:56:24 2021[1,0]<stderr>:    test_cfg=dict(mode='whole'))
Mon May 31 02:56:24 2021[1,0]<stderr>:dataset_type = 'CityscapesDataset'
Mon May 31 02:56:24 2021[1,0]<stderr>:data_root = 'data/cityscapes/'
Mon May 31 02:56:24 2021[1,0]<stderr>:img_norm_cfg = dict(
Mon May 31 02:56:24 2021[1,0]<stderr>:    mean=[123.675, 116.28, 103.53], std=[58.395, 57.12, 57.375], to_rgb=True)
Mon May 31 02:56:24 2021[1,0]<stderr>:crop_size = (512, 1024)
Mon May 31 02:56:24 2021[1,0]<stderr>:train_pipeline = [
Mon May 31 02:56:24 2021[1,0]<stderr>:    dict(type='LoadImageFromFile'),
Mon May 31 02:56:24 2021[1,0]<stderr>:    dict(type='LoadAnnotations'),
Mon May 31 02:56:24 2021[1,0]<stderr>:    dict(type='Resize', img_scale=(2048, 1024), ratio_range=(0.5, 2.0)),
Mon May 31 02:56:24 2021[1,0]<stderr>:    dict(type='RandomCrop', crop_size=(512, 1024), cat_max_ratio=0.75),
Mon May 31 02:56:24 2021[1,0]<stderr>:    dict(type='RandomFlip', prob=0.5),
Mon May 31 02:56:24 2021[1,0]<stderr>:    dict(type='PhotoMetricDistortion'),
Mon May 31 02:56:24 2021[1,0]<stderr>:    dict(
Mon May 31 02:56:24 2021[1,0]<stderr>:        type='Normalize',
Mon May 31 02:56:24 2021[1,0]<stderr>:        mean=[123.675, 116.28, 103.53],
Mon May 31 02:56:24 2021[1,0]<stderr>:        std=[58.395, 57.12, 57.375],
Mon May 31 02:56:24 2021[1,0]<stderr>:        to_rgb=True),
Mon May 31 02:56:24 2021[1,0]<stderr>:    dict(type='Pad', size=(512, 1024), pad_val=0, seg_pad_val=255),
Mon May 31 02:56:24 2021[1,0]<stderr>:    dict(type='DefaultFormatBundle'),
Mon May 31 02:56:24 2021[1,0]<stderr>:    dict(type='Collect', keys=['img', 'gt_semantic_seg'])
Mon May 31 02:56:24 2021[1,0]<stderr>:]
Mon May 31 02:56:24 2021[1,0]<stderr>:test_pipeline = [
Mon May 31 02:56:24 2021[1,0]<stderr>:    dict(type='LoadImageFromFile'),
Mon May 31 02:56:24 2021[1,0]<stderr>:    dict(
Mon May 31 02:56:24 2021[1,0]<stderr>:        type='MultiScaleFlipAug',
Mon May 31 02:56:24 2021[1,0]<stderr>:        img_scale=(2048, 1024),
Mon May 31 02:56:24 2021[1,0]<stderr>:        flip=False,
Mon May 31 02:56:24 2021[1,0]<stderr>:        transforms=[
Mon May 31 02:56:24 2021[1,0]<stderr>:            dict(type='Resize', keep_ratio=True),
Mon May 31 02:56:24 2021[1,0]<stderr>:            dict(type='RandomFlip'),
Mon May 31 02:56:24 2021[1,0]<stderr>:            dict(
Mon May 31 02:56:24 2021[1,0]<stderr>:                type='Normalize',
Mon May 31 02:56:24 2021[1,0]<stderr>:                mean=[123.675, 116.28, 103.53],
Mon May 31 02:56:24 2021[1,0]<stderr>:                std=[58.395, 57.12, 57.375],
Mon May 31 02:56:24 2021[1,0]<stderr>:                to_rgb=True),
Mon May 31 02:56:24 2021[1,0]<stderr>:            dict(type='ImageToTensor', keys=['img']),
Mon May 31 02:56:24 2021[1,0]<stderr>:            dict(type='Collect', keys=['img'])
Mon May 31 02:56:24 2021[1,0]<stderr>:        ])
Mon May 31 02:56:24 2021[1,0]<stderr>:]
Mon May 31 02:56:24 2021[1,0]<stderr>:data = dict(
Mon May 31 02:56:24 2021[1,0]<stderr>:    samples_per_gpu=4,
Mon May 31 02:56:24 2021[1,0]<stderr>:    workers_per_gpu=8,
Mon May 31 02:56:24 2021[1,0]<stderr>:    train=dict(
Mon May 31 02:56:24 2021[1,0]<stderr>:        type='CityscapesDataset',
Mon May 31 02:56:24 2021[1,0]<stderr>:        data_root='data/cityscapes/',
Mon May 31 02:56:24 2021[1,0]<stderr>:        img_dir='leftImg8bit/train',
Mon May 31 02:56:24 2021[1,0]<stderr>:        ann_dir='gtFine/train',
Mon May 31 02:56:24 2021[1,0]<stderr>:        pipeline=[
Mon May 31 02:56:24 2021[1,0]<stderr>:            dict(type='LoadImageFromFile'),
Mon May 31 02:56:24 2021[1,0]<stderr>:            dict(type='LoadAnnotations'),
Mon May 31 02:56:24 2021[1,0]<stderr>:            dict(
Mon May 31 02:56:24 2021[1,0]<stderr>:                type='Resize', img_scale=(2048, 1024), ratio_range=(0.5, 2.0)),
Mon May 31 02:56:24 2021[1,0]<stderr>:            dict(type='RandomCrop', crop_size=(512, 1024), cat_max_ratio=0.75),
Mon May 31 02:56:24 2021[1,0]<stderr>:            dict(type='RandomFlip', prob=0.5),
Mon May 31 02:56:24 2021[1,0]<stderr>:            dict(type='PhotoMetricDistortion'),
Mon May 31 02:56:24 2021[1,0]<stderr>:            dict(
Mon May 31 02:56:24 2021[1,0]<stderr>:                type='Normalize',
Mon May 31 02:56:24 2021[1,0]<stderr>:                mean=[123.675, 116.28, 103.53],
Mon May 31 02:56:24 2021[1,0]<stderr>:                std=[58.395, 57.12, 57.375],
Mon May 31 02:56:24 2021[1,0]<stderr>:                to_rgb=True),
Mon May 31 02:56:24 2021[1,0]<stderr>:            dict(type='Pad', size=(512, 1024), pad_val=0, seg_pad_val=255),
Mon May 31 02:56:24 2021[1,0]<stderr>:            dict(type='DefaultFormatBundle'),
Mon May 31 02:56:24 2021[1,0]<stderr>:            dict(type='Collect', keys=['img', 'gt_semantic_seg'])
Mon May 31 02:56:24 2021[1,0]<stderr>:        ]),
Mon May 31 02:56:24 2021[1,0]<stderr>:    val=dict(
Mon May 31 02:56:24 2021[1,0]<stderr>:        type='CityscapesDataset',
Mon May 31 02:56:24 2021[1,0]<stderr>:        data_root='data/cityscapes/',
Mon May 31 02:56:24 2021[1,0]<stderr>:        img_dir='leftImg8bit/val',
Mon May 31 02:56:24 2021[1,0]<stMon May 31 02:56:24 2021[1,0]<stderr>:       transforms=[
Mon May 31 02:56:24 2021[1,0]<stderr>:                    dict(type='Resize', keep_ratio=True),
Mon May 31 02:56:24 2021[1,0]<stderr>:                    dict(type='RandomFlip'),
Mon May 31 02:56:24 2021[1,0]<stderr>:                    dict(
Mon May 31 02:56:24 2021[1,0]<stderr>:                        type='Normalize',
Mon May 31 02:56:24 2021[1,0]<stderr>:                        mean=[123.675, 116.28, 103.53],
Mon May 31 02:56:24 2021[1,0]<stderr>:                        std=[58.395, 57.12, 57.375],
Mon May 31 02:56:24 2021[1,0]<stderr>:                        to_rgb=True),
Mon May 31 02:56:24 2021[1,0]<stderr>:                    dict(type='ImageToTensor', keys=['img']),
Mon May 31 02:56:24 2021[1,0]<stderr>:                    dict(type='Collect', keys=['img'])
Mon May 31 02:56:24 2021[1,0]<stderr>:                ])
Mon May 31 02:56:24 2021[1,0]<stderr>:        ]),
Mon May 31 02:56:24 2021[1,0]<stderr>:    test=dict(
Mon May 31 02:56:24 2021[1,0]<stderr>:        type='CityscapesDataset',
Mon May 31 02:56:24 2021[1,0]<stderr>:        data_root='data/cityscapes/',
Mon May 31 02:56:24 2021[1,0]<stderr>:        img_dir='leftImg8bit/val',
Mon May 31 02:56:24 2021[1,0]<stderr>:        ann_dir='gtFine/val',
Mon May 31 02:56:24 2021[1,0]<stderr>:        pipeline=[
Mon May 31 02:56:24 2021[1,0]<stderr>:            dict(type='LoadImageFromFile'),
Mon May 31 02:56:24 2021[1,0]<stderr>:            dict(
Mon May 31 02:56:24 2021[1,0]<stderr>:                type='MultiScaleFlipAug',
Mon May 31 02:56:24 2021[1,0]<stderr>:                img_scale=(2048, 1024),
Mon May 31 02:56:24 2021[1,0]<stderr>:                flip=False,
Mon May 31 02:56:24 2021[1,0]<stderr>:                transforms=[
Mon May 31 02:56:24 2021[1,0]<stderr>:                    dict(type='Resize', keep_ratio=True),
Mon May 31 02:56:24 2021[1,0]<stderr>:                    dict(type='RandomFlip'),
Mon May 31 02:56:24 2021[1,0]<stderr>:                    dict(
Mon May 31 02:56:24 2021[1,0]<stderr>:                        type='Normalize',
Mon May 31 02:56:24 2021[1,0]<stderr>:                        mean=[123.675, 116.28, 103.53],
Mon May 31 02:56:24 2021[1,0]<stderr>:                        std=[58.395, 57.12, 57.375],
Mon May 31 02:56:24 2021[1,0]<stderr>:                        to_rgb=True),
Mon May 31 02:56:24 2021[1,0]<stderr>:                    dict(type='ImageToTensor', keys=['img']),
Mon May 31 02:56:24 2021[1,0]<stderr>:                    dict(type='Collect', keys=['img'])
Mon May 31 02:56:24 2021[1,0]<stderr>:                ])
Mon May 31 02:56:24 2021[1,0]<stderr>:        ]))
Mon May 31 02:56:24 2021[1,0]<stderr>:log_config = dict(
Mon May 31 02:56:24 2021[1,0]<stderr>:    interval=1, hooks=[dict(type='TextLoggerHook', by_epoch=False)])
Mon May 31 02:56:24 2021[1,0]<stderr>:dist_params = dict(backend='nccl')
Mon May 31 02:56:24 2021[1,0]<stderr>:log_level = 'INFO'
Mon May 31 02:56:24 2021[1,0]<stderr>:load_from = None
Mon May 31 02:56:24 2021[1,0]<stderr>:resume_from = None
Mon May 31 02:56:24 2021[1,0]<stderr>:workflow = [('train', 1)]
Mon May 31 02:56:24 2021[1,0]<stderr>:cudnn_benchmark = True
Mon May 31 02:56:24 2021[1,0]<stderr>:optimizer = dict(type='SGD', lr=0.01, momentum=0.9, weight_decay=0.0005)
Mon May 31 02:56:24 2021[1,0]<stderr>:optimizer_config = dict(type='Fp16OptimizerHook', loss_scale=512.0)
Mon May 31 02:56:24 2021[1,0]<stderr>:lr_config = dict(policy='poly', power=0.9, min_lr=0.0001, by_epoch=False)
Mon May 31 02:56:24 2021[1,0]<stderr>:runner = dict(type='IterBasedRunner', max_iters=20)
Mon May 31 02:56:24 2021[1,0]<stderr>:checkpoint_config = dict(by_epoch=False, interval=8000)
Mon May 31 02:56:24 2021[1,0]<stderr>:evaluation = dict(interval=8000, metric='mIoU')
Mon May 31 02:56:24 2021[1,0]<stderr>:work_dir = './work_dirs/deeplabv3plus_r50-d8_512x1024_80k_cityscapes'
Mon May 31 02:56:24 2021[1,0]<stderr>:gpu_ids = range(0, 1)
Mon May 31 02:56:24 2021[1,0]<stderr>:
Mon May 31 02:56:25 2021[1,1]<stderr>:Downloading: "https://download.openmmlab.com/pretrain/third_party/resnet50_v1c-2cccc1ad.pth" to /root/.cache/torch/checkpoints/resnet50_v1c-2cccc1ad.pth
Mon May 31 02:56:26 2021[1,3]<stderr>:Downloading: "https://download.openmmlab.com/pretrain/third_party/resnet50_v1c-2cccc1ad.pth" to /root/.cache/torch/checkpoints/resnet50_v1c-2cccc1ad.pth
Mon May 31 02:56:26 2021[1,2]<stderr>:Downloading: "https://download.openmmlab.com/pretrain/third_party/resnet50_v1c-2cccc1ad.pth" to /root/.cache/torch/checkpoints/resnet50_v1c-2cccc1ad.pth
Mon May 31 02:56:26 2021[1,0]<stderr>:2021-05-31 02:56:26,645 - mmseg - INFO - Use load_from_openmmlab loader
Mon May 31 02:56:26 2021[1,0]<stderr>:Downloading: "https://download.openmmlab.com/pretrain/third_party/resnet50_v1c-2cccc1ad.pth" to /root/.cache/torch/checkpoints/resnet50_v1c-2cccc1ad.pth
Mon May 31 02:56:27 2021[1,2]<stderr>:
  0%|          | 0.00/97.8M [00:00<?, ?B/s]Mon May 31 02:56:27 2021[1,0]<stderr>:
  0%|          | 0.00/97.8M [00:00<?, ?B/s]Mon May 31 02:56:27 2021[1,1]<stderr>:
  0%|          | 0.00/97.8M [00:00<?, ?B/s]Mon May 31 02:56:27 2021[1,3]<stderr>:
  0%|          | 0.00/97.8M [00:00<?, ?B/s]Mon May 31 02:56:28 2021[1,2]<stderr>:
  0%|          | 16.0k/97.8M [00:00<21:11, 80.7kB/s]Mon May 31 02:56:28 2021[1,0]<stderr>:
  0%|          | 16.0k/97.8M [00:00<20:19, 84.1kB/s]Mon May 31 02:56:28 2021[1,1]<stderr>:
  0%|          | 16.0k/97.8M [00:00<21:37, 79.1kB/s]Mon May 31 02:56:28 2021[1,3]<stderr>:
  0%|          | 16.0k/97.8M [00:00<23:29, 72.8kB/s]Mon May 31 02:56:28 2021[1,2]<stderr>:
  0%|          | 40.0k/97.8M [00:00<19:18, 88.5kB/s]Mon May 31 02:56:28 2021[1,0]<stderr>:
  0%|          | 40.0k/97.8M [00:00<18:33, 92.1kB/s]Mon May 31 02:56:28 2021[1,1]<stderr>:
  0%|          | 40.0k/97.8M [00:00<19:30, 87.6kB/s]Mon May 31 02:56:28 2021[1,3]<stderr>:
  0%|          | 40.0k/97.8M [00:00<20:56, 81.6kB/s]Mon May 31 02:56:28 2021[1,2]<stderr>:
  0%|          | 96.0k/97.8M [00:00<15:25, 111kB/s] Mon May 31 02:56:28 2021[1,0]<stderr>:
  0%|          | 96.0k/97.8M [00:00<14:50, 115kB/s] Mon May 31 02:56:28 2021[1,1]<stderr>:
  0%|          | 96.0k/97.8M [00:00<15:34, 110kB/s] Mon May 31 02:56:28 2021[1,3]<stderr>:
  0%|          | 96.0k/97.8M [00:00<16:39, 102kB/s] Mon May 31 02:56:28 2021[1,0]<stderr>:
  0%|          | 208k/97.8M [00:00<11:18, 151kB/s] Mon May 31 02:56:28 2021[1,2]<stderr>:
  0%|          | 208k/97.8M [00:00<11:44, 145kB/s] Mon May 31 02:56:28 2021[1,1]<stderr>:
  0%|          | 208k/97.8M [00:00<11:50, 144kB/s] Mon May 31 02:56:28 2021[1,3]<stderr>:
  0%|          | 208k/97.8M [00:00<12:39, 135kB/s] Mon May 31 02:56:29 2021[1,0]<stderr>:
  0%|          | 432k/97.8M [00:01<08:21, 204kB/s]Mon May 31 02:56:29 2021[1,2]<stderr>:
  0%|          | 432k/97.8M [00:01<08:40, 196kB/s]Mon May 31 02:56:29 2021[1,1]<stderr>:
  0%|          | 432k/97.8M [00:01<08:45, 195kB/s]Mon May 31 02:56:29 2021[1,3]<stderr>:
  0%|          | 432k/97.8M [00:01<09:20, 182kB/s]Mon May 31 02:56:29 2021[1,0]<stderr>:
  1%|          | 872k/97.8M [00:01<06:03, 280kB/s]Mon May 31 02:56:29 2021[1,2]<stderr>:
  1%|          | 872k/97.8M [00:01<06:17, 269kB/s]Mon May 31 02:56:29 2021[1,1]<stderr>:
  1%|          | 872k/97.8M [00:01<06:20, 267kB/s]Mon May 31 02:56:29 2021[1,3]<stderr>:
  1%|          | 872k/97.8M [00:01<06:45, 250kB/s]Mon May 31 02:56:29 2021[1,0]<stderr>:
  2%|▏         | 1.72M/97.8M [00:01<04:19, 389kB/s]Mon May 31 02:56:29 2021[1,2]<stderr>:
  2%|▏         | 1.72M/97.8M [00:01<04:28, 375kB/s]Mon May 31 02:56:29 2021[1,1]<stderr>:
  2%|▏         | 1.72M/97.8M [00:01<04:31, 372kB/s]Mon May 31 02:56:29 2021[1,3]<stderr>:
  2%|▏         | 1.72M/97.8M [00:01<04:49, 348kB/s]Mon May 31 02:56:29 2021[1,0]<stderr>:
  4%|▎         | 3.45M/97.8M [00:01<03:01, 545kB/s]Mon May 31 02:56:29 2021[1,2]<stderr>:
  4%|▎         | 3.45M/97.8M [00:01<03:08, 525kB/s]Mon May 31 02:56:29 2021[1,1]<stderr>:
  4%|▎         | 3.45M/97.8M [00:01<03:09, 521kB/s]Mon May 31 02:56:29 2021[1,3]<stderr>:
  3%|▎         | 3.01M/97.8M [00:01<03:24, 486kB/s]Mon May 31 02:56:29 2021[1,0]<stderr>:
  6%|▌         | 5.70M/97.8M [00:01<02:06, 763kB/s]Mon May 31 02:56:29 2021[1,2]<stderr>:
  6%|▌         | 5.85M/97.8M [00:01<02:10, 736kB/s]Mon May 31 02:56:29 2021[1,3]<stderr>:
  5%|▍         | 4.83M/97.8M [00:01<02:22, 686kB/s]Mon May 31 02:56:29 2021[1,1]<stderr>:
  6%|▌         | 5.92M/97.8M [00:01<02:11, 731kB/s]Mon May 31 02:56:29 2021[1,0]<stderr>:
  7%|▋         | 7.02M/97.8M [00:01<01:29, 1.06MB/s]Mon May 31 02:56:29 2021[1,2]<stderr>:
  8%|▊         | 7.98M/97.8M [00:02<01:30, 1.04MB/s]Mon May 31 02:56:30 2021[1,3]<stderr>:
  6%|▌         | 5.55M/97.8M [00:02<01:44, 928kB/s]Mon May 31 02:56:30 2021[1,0]<stderr>:
  8%|▊         | 7.82M/97.8M [00:02<01:05, 1.44MB/s]Mon May 31 02:56:30 2021[1,1]<stderr>:
  9%|▊         | 8.49M/97.8M [00:02<01:31, 1.02MB/s]Mon May 31 02:56:30 2021[1,3]<stderr>:
  7%|▋         | 6.53M/97.8M [00:02<01:14, 1.28MB/s]Mon May 31 02:56:30 2021[1,0]<stderr>:
  9%|▉         | 8.80M/97.8M [00:02<00:48, 1.93MB/s]Mon May 31 02:56:30 2021[1,2]<stderr>:
  9%|▉         | 9.03M/97.8M [00:02<01:07, 1.37MB/s]Mon May 31 02:56:30 2021[1,3]<stderr>:
  7%|▋         | 7.29M/97.8M [00:02<00:55, 1.70MB/s]Mon May 31 02:56:30 2021[1,0]<stderr>:
 10%|▉         | 9.64M/97.8M [00:02<00:36, 2.52MB/s]Mon May 31 02:56:30 2021[1,2]<stderr>:
 10%|█         | 9.93M/97.8M [00:02<00:51, 1.79MB/s]Mon May 31 02:56:30 2021[1,3]<stderr>:
  8%|▊         | 8.09M/97.8M [00:02<00:42, 2.24MB/s]Mon May 31 02:56:30 2021[1,1]<stderr>:
 11%|█         | 10.9M/97.8M [00:02<01:04, 1.40MB/s]Mon May 31 02:56:30 2021[1,0]<stderr>:
 11%|█         | 10.5M/97.8M [00:02<00:28, 3.22MB/s]Mon May 31 02:56:30 2021[1,3]<stderr>:
  9%|▉         | 8.96M/97.8M [00:02<00:32, 2.89MB/s]Mon May 31 02:56:30 2021[1,1]<stderr>:
 12%|█▏        | 11.8M/97.8M [00:02<00:47, 1.88MB/s]Mon May 31 02:56:30 2021[1,2]<stderr>:
 11%|█         | 10.7M/97.8M [00:02<00:39, 2.29MB/s]Mon May 31 02:56:30 2021[1,0]<stderr>:
 12%|█▏        | 11.4M/97.8M [00:02<00:22, 3.95MB/s]Mon May 31 02:56:30 2021[1,3]<stderr>:
 10%|▉         | 9.76M/97.8M [00:02<00:26, 3.54MB/s]Mon May 31 02:56:30 2021[1,0]<stderr>:
 12%|█▏        | 12.2M/97.8M [00:02<00:19, 4.65MB/s]Mon May 31 02:56:30 2021[1,2]<stderr>:
 12%|█▏        | 11.5M/97.8M [00:02<00:31, 2.85MB/s]Mon May 31 02:56:30 2021[1,1]<stderr>:
 13%|█▎        | 12.7M/97.8M [00:02<00:38, 2.34MB/s]Mon May 31 02:56:30 2021[1,3]<stderr>:
 11%|█         | 10.5M/97.8M [00:02<00:21, 4.26MB/s]Mon May 31 02:56:30 2021[1,0]<stderr>:
 13%|█▎        | 13.0M/97.8M [00:02<00:16, 5.32MB/s]Mon May 31 02:56:30 2021[1,2]<stderr>:
 12%|█▏        | 12.2M/97.8M [00:02<00:26, 3.44MB/s]Mon May 31 02:56:30 2021[1,3]<stderr>:
 12%|█▏        | 11.3M/97.8M [00:02<00:18, 4.96MB/s]Mon May 31 02:56:30 2021[1,1]<stderr>:
 14%|█▍        | 13.5M/97.8M [00:02<00:31, 2.85MB/s]Mon May 31 02:56:30 2021[1,0]<stderr>:
 14%|█▍        | 13.8M/97.8M [00:02<00:14, 5.88MB/s]Mon May 31 02:56:30 2021[1,2]<stderr>:
 13%|█▎        | 12.9M/97.8M [00:02<00:22, 4.04MB/s]Mon May 31 02:56:30 2021[1,3]<stderr>:
 12%|█▏        | 12.1M/97.8M [00:02<00:16, 5.59MB/s]Mon May 31 02:56:30 2021[1,1]<stderr>:
 14%|█▍        | 14.2M/97.8M [00:02<00:26, 3.35MB/s]Mon May 31 02:56:30 2021[1,0]<stderr>:
 15%|█▍        | 14.6M/97.8M [00:02<00:13, 6.31MB/s]Mon May 31 02:56:30 2021[1,2]<stderr>:
 14%|█▍        | 13.6M/97.8M [00:02<00:19, 4.64MB/s]Mon May 31 02:56:30 2021[1,3]<stderr>:
 13%|█▎        | 12.9M/97.8M [00:02<00:14, 6.18MB/s]Mon May 31 02:56:30 2021[1,2]<stderr>:
 15%|█▍        | 14.3M/97.8M [00:03<00:16, 5.21MB/s]Mon May 31 02:56:30 2021[1,0]<stderr>:
 16%|█▌        | 15.4M/97.8M [00:03<00:13, 6.60MB/s]Mon May 31 02:56:31 2021[1,1]<stderr>:
 15%|█▌        | 14.8M/97.8M [00:03<00:22, 3.84MB/s]Mon May 31 02:56:31 2021[1,3]<stderr>:
 14%|█▍        | 13.7M/97.8M [00:03<00:13, 6.70MB/s]Mon May 31 02:56:31 2021[1,2]<stderr>:
 15%|█▌        | 15.0M/97.8M [00:03<00:15, 5.75MB/s]Mon May 31 02:56:31 2021[1,0]<stderr>:
 16%|█▋        | 16.1M/97.8M [00:03<00:12, 6.81MB/s]Mon May 31 02:56:31 2021[1,1]<stderr>:
 16%|█▌        | 15.5M/97.8M [00:03<00:20, 4.29MB/s]Mon May 31 02:56:31 2021[1,3]<stderr>:
 15%|█▍        | 14.5M/97.8M [00:03<00:12, 7.09MB/s]Mon May 31 02:56:31 2021[1,2]<stderr>:
 16%|█▌        | 15.8M/97.8M [00:03<00:13, 6.20MB/s]Mon May 31 02:56:31 2021[1,0]<stderr>:
 17%|█▋        | 16.9M/97.8M [00:03<00:12, 6.87MB/s]Mon May 31 02:56:31 2021[1,1]<stderr>:
 16%|█▋        | 16.1M/97.8M [00:03<00:18, 4.69MB/s]Mon May 31 02:56:31 2021[1,3]<stderr>:
 16%|█▌        | 15.3M/97.8M [00:03<00:11, 7.46MB/s]Mon May 31 02:56:31 2021[1,2]<stderr>:
 17%|█▋        | 16.5M/97.8M [00:03<00:12, 6.60MB/s]Mon May 31 02:56:31 2021[1,0]<stderr>:
 18%|█▊        | 17.6M/97.8M [00:03<00:12, 6.85MB/s]Mon May 31 02:56:31 2021[1,1]<stderr>:
 17%|█▋        | 16.7M/97.8M [00:03<00:16, 5.01MB/s]Mon May 31 02:56:31 2021[1,3]<stderr>:
 16%|█▋        | 16.1M/97.8M [00:03<00:11, 7.71MB/s]Mon May 31 02:56:31 2021[1,2]<stderr>:
 18%|█▊        | 17.3M/97.8M [00:03<00:12, 6.95MB/s]Mon May 31 02:56:31 2021[1,1]<stderr>:
 18%|█▊        | 17.3M/97.8M [00:03<00:16, 5.27MB/s]Mon May 31 02:56:31 2021[1,0]<stderr>:
 19%|█▊        | 18.3M/97.8M [00:03<00:12, 6.75MB/s]Mon May 31 02:56:31 2021[1,3]<stderr>:
 17%|█▋        | 16.9M/97.8M [00:03<00:10, 7.95MB/s]Mon May 31 02:56:31 2021[1,2]<stderr>:
 18%|█▊        | 18.0M/97.8M [00:03<00:11, 7.21MB/s]Mon May 31 02:56:31 2021[1,1]<stderr>:
 18%|█▊        | 17.9M/97.8M [00:03<00:15, 5.46MB/s]Mon May 31 02:56:31 2021[1,0]<stderr>:
 19%|█▉        | 19.0M/97.8M [00:03<00:12, 6.69MB/s]Mon May 31 02:56:31 2021[1,3]<stderr>:
 18%|█▊        | 17.7M/97.8M [00:03<00:10, 8.09MB/s]Mon May 31 02:56:31 2021[1,2]<stderr>:
 19%|█▉        | 18.8M/97.8M [00:03<00:11, 7.46MB/s]Mon May 31 02:56:31 2021[1,1]<stderr>:
 19%|█▉        | 18.4M/97.8M [00:03<00:15, 5.55MB/s]Mon May 31 02:56:31 2021[1,0]<stderr>:
 20%|██        | 19.6M/97.8M [00:03<00:12, 6.62MB/s]Mon May 31 02:56:31 2021[1,3]<stderr>:
 19%|█▉        | 18.5M/97.8M [00:03<00:10, 8.24MB/s]Mon May 31 02:56:31 2021[1,2]<stderr>:
 20%|██        | 19.6M/97.8M [00:03<00:10, 7.65MB/s]Mon May 31 02:56:31 2021[1,1]<stderr>:
 19%|█▉        | 19.0M/97.8M [00:03<00:14, 5.62MB/s]Mon May 31 02:56:31 2021[1,3]<stderr>:
 20%|█▉        | 19.3M/97.8M [00:03<00:09, 8.33MB/s]Mon May 31 02:56:31 2021[1,0]<stderr>:
 21%|██        | 20.3M/97.8M [00:03<00:12, 6.50MB/s]Mon May 31 02:56:31 2021[1,2]<stderr>:
 21%|██        | 20.4M/97.8M [00:03<00:10, 7.84MB/s]Mon May 31 02:56:31 2021[1,1]<stderr>:
 20%|██        | 19.6M/97.8M [00:03<00:14, 5.66MB/s]Mon May 31 02:56:31 2021[1,3]<stderr>:
 21%|██        | 20.2M/97.8M [00:03<00:09, 8.40MB/s]Mon May 31 02:56:31 2021[1,0]<stderr>:
 21%|██▏       | 20.9M/97.8M [00:03<00:12, 6.36MB/s]Mon May 31 02:56:31 2021[1,2]<stderr>:
 22%|██▏       | 21.2M/97.8M [00:03<00:09, 8.06MB/s]Mon May 31 02:56:31 2021[1,1]<stderr>:
 21%|██        | 20.1M/97.8M [00:03<00:14, 5.64MB/s]Mon May 31 02:56:31 2021[1,3]<stderr>:
 21%|██▏       | 21.0M/97.8M [00:03<00:09, 8.47MB/s]Mon May 31 02:56:31 2021[1,0]<stderr>:
 22%|██▏       | 21.5M/97.8M [00:04<00:13, 6.15MB/s]Mon May 31 02:56:32 2021[1,2]<stderr>:
 23%|██▎       | 22.0M/97.8M [00:04<00:09, 8.18MB/s]Mon May 31 02:56:32 2021[1,1]<stderr>:
 21%|██        | 20.7M/97.8M [00:04<00:14, 5.65MB/s]Mon May 31 02:56:32 2021[1,3]<stderr>:
 22%|██▏       | 21.8M/97.8M [00:04<00:09, 8.55MB/s]Mon May 31 02:56:32 2021[1,0]<stderr>:
 23%|██▎       | 22.1M/97.8M [00:04<00:13, 6.01MB/s]Mon May 31 02:56:32 2021[1,2]<stderr>:
 23%|██▎       | 22.9M/97.8M [00:04<00:09, 8.39MB/s]Mon May 31 02:56:32 2021[1,3]<stderr>:
 23%|██▎       | 22.7M/97.8M [00:04<00:09, 8.60MB/s]Mon May 31 02:56:32 2021[1,1]<stderr>:
 22%|██▏       | 21.3M/97.8M [00:04<00:14, 5.61MB/s]Mon May 31 02:56:32 2021[1,2]<stderr>:
 24%|██▍       | 23.7M/97.8M [00:04<00:09, 8.50MB/s]Mon May 31 02:56:32 2021[1,0]<stderr>:
 23%|██▎       | 22.7M/97.8M [00:04<00:13, 5.84MB/s]Mon May 31 02:56:32 2021[1,3]<stderr>:
 24%|██▍       | 23.5M/97.8M [00:04<00:09, 8.64MB/s]Mon May 31 02:56:32 2021[1,1]<stderr>:
 22%|██▏       | 21.8M/97.8M [00:04<00:14, 5.65MB/s]Mon May 31 02:56:32 2021[1,2]<stderr>:
 25%|██▌       | 24.5M/97.8M [00:04<00:09, 8.50MB/s]Mon May 31 02:56:32 2021[1,0]<stderr>:
 24%|██▍       | 23.3M/97.8M [00:04<00:13, 5.62MB/s]Mon May 31 02:56:32 2021[1,3]<stderr>:
 25%|██▍       | 24.3M/97.8M [00:04<00:08, 8.61MB/s]Mon May 31 02:56:32 2021[1,1]<stderr>:
 23%|██▎       | 22.4M/97.8M [00:04<00:13, 5.68MB/s]Mon May 31 02:56:32 2021[1,2]<stderr>:
 26%|██▌       | 25.4M/97.8M [00:04<00:08, 8.67MB/s]Mon May 31 02:56:32 2021[1,0]<stderr>:
 24%|██▍       | 23.8M/97.8M [00:04<00:13, 5.54MB/s]Mon May 31 02:56:32 2021[1,3]<stderr>:
 26%|██▌       | 25.2M/97.8M [00:04<00:08, 8.58MB/s]Mon May 31 02:56:32 2021[1,1]<stderr>:
 23%|██▎       | 22.9M/97.8M [00:04<00:13, 5.72MB/s]Mon May 31 02:56:32 2021[1,2]<stderr>:
 27%|██▋       | 26.3M/97.8M [00:04<00:08, 8.79MB/s]Mon May 31 02:56:32 2021[1,0]<stderr>:
 25%|██▍       | 24.3M/97.8M [00:04<00:14, 5.49MB/s]Mon May 31 02:56:32 2021[1,3]<stderr>:
 27%|██▋       | 26.0M/97.8M [00:04<00:08, 8.62MB/s]Mon May 31 02:56:32 2021[1,1]<stderr>:
 24%|██▍       | 23.5M/97.8M [00:04<00:13, 5.81MB/s]Mon May 31 02:56:32 2021[1,2]<stderr>:
 28%|██▊       | 27.2M/97.8M [00:04<00:08, 8.97MB/s]Mon May 31 02:56:32 2021[1,0]<stderr>:
 25%|██▌       | 24.9M/97.8M [00:04<00:14, 5.42MB/s]Mon May 31 02:56:32 2021[1,3]<stderr>:
 27%|██▋       | 26.8M/97.8M [00:04<00:08, 8.63MB/s]Mon May 31 02:56:32 2021[1,1]<stderr>:
 25%|██▍       | 24.1M/97.8M [00:04<00:13, 5.77MB/s]Mon May 31 02:56:32 2021[1,2]<stderr>:
 29%|██▊       | 28.1M/97.8M [00:04<00:08, 9.06MB/s]Mon May 31 02:56:32 2021[1,0]<stderr>:
 26%|██▌       | 25.4M/97.8M [00:04<00:14, 5.39MB/s]Mon May 31 02:56:32 2021[1,3]<stderr>:
 28%|██▊       | 27.7M/97.8M [00:04<00:08, 8.64MB/s]Mon May 31 02:56:32 2021[1,1]<stderr>:
 25%|██▌       | 24.6M/97.8M [00:04<00:13, 5.77MB/s]Mon May 31 02:56:32 2021[1,2]<stderr>:
 30%|██▉       | 29.0M/97.8M [00:04<00:07, 9.17MB/s]Mon May 31 02:56:32 2021[1,0]<stderr>:
 26%|██▋       | 25.9M/97.8M [00:04<00:14, 5.30MB/s]Mon May 31 02:56:32 2021[1,3]<stderr>:
 29%|██▉       | 28.5M/97.8M [00:04<00:08, 8.63MB/s]Mon May 31 02:56:32 2021[1,1]<stderr>:
 26%|██▌       | 25.2M/97.8M [00:04<00:13, 5.75MB/s]Mon May 31 02:56:32 2021[1,2]<stderr>:
 31%|███       | 29.9M/97.8M [00:04<00:07, 9.21MB/s]Mon May 31 02:56:32 2021[1,0]<stderr>:
 27%|██▋       | 26.4M/97.8M [00:04<00:14, 5.28MB/s]Mon May 31 02:56:32 2021[1,3]<stderr>:
 30%|██▉       | 29.3M/97.8M [00:04<00:08, 8.59MB/s]Mon May 31 02:56:32 2021[1,1]<stderr>:
 26%|██▋       | 25.7M/97.8M [00:04<00:13, 5.79MB/s]Mon May 31 02:56:33 2021[1,2]<stderr>:
 31%|███▏      | 30.8M/97.8M [00:05<00:07, 9.31MB/s]Mon May 31 02:56:33 2021[1,0]<stderr>:
 28%|██▊       | 26.9M/97.8M [00:05<00:14, 5.18MB/s]Mon May 31 02:56:33 2021[1,3]<stderr>:
 31%|███       | 30.1M/97.8M [00:05<00:08, 8.56MB/s]Mon May 31 02:56:33 2021[1,1]<stderr>:
 27%|██▋       | 26.3M/97.8M [00:05<00:12, 5.79MB/s]Mon May 31 02:56:33 2021[1,2]<stderr>:
 32%|███▏      | 31.7M/97.8M [00:05<00:07, 9.46MB/s]Mon May 31 02:56:33 2021[1,0]<stderr>:
 28%|██▊       | 27.4M/97.8M [00:05<00:14, 5.03MB/s]Mon May 31 02:56:33 2021[1,3]<stderr>:
 32%|███▏      | 31.0M/97.8M [00:05<00:08, 8.52MB/s]Mon May 31 02:56:33 2021[1,1]<stderr>:
 27%|██▋       | 26.9M/97.8M [00:05<00:12, 5.81MB/s]Mon May 31 02:56:33 2021[1,2]<stderr>:
 33%|███▎      | 32.6M/97.8M [00:05<00:07, 9.55MB/s]Mon May 31 02:56:33 2021[1,3]<stderr>:
 32%|███▏      | 31.8M/97.8M [00:05<00:08, 8.24MB/s]Mon May 31 02:56:33 2021[1,1]<stderr>:
 28%|██▊       | 27.4M/97.8M [00:05<00:13, 5.64MB/s]Mon May 31 02:56:33 2021[1,0]<stderr>:
 29%|██▊       | 27.9M/97.8M [00:05<00:15, 4.74MB/s]Mon May 31 02:56:33 2021[1,2]<stderr>:
 34%|███▍      | 33.6M/97.8M [00:05<00:07, 9.48MB/s]Mon May 31 02:56:33 2021[1,3]<stderr>:
 33%|███▎      | 32.6M/97.8M [00:05<00:08, 8.38MB/s]Mon May 31 02:56:33 2021[1,1]<stderr>:
 29%|██▊       | 28.0M/97.8M [00:05<00:12, 5.68MB/s]Mon May 31 02:56:33 2021[1,0]<stderr>:
 29%|██▉       | 28.4M/97.8M [00:05<00:15, 4.65MB/s]Mon May 31 02:56:33 2021[1,2]<stderr>:
 35%|███▌      | 34.5M/97.8M [00:05<00:06, 9.66MB/s]Mon May 31 02:56:33 2021[1,3]<stderr>:
 34%|███▍      | 33.4M/97.8M [00:05<00:08, 8.43MB/s]Mon May 31 02:56:33 2021[1,1]<stderr>:
 29%|██▉       | 28.5M/97.8M [00:05<00:12, 5.74MB/s]Mon May 31 02:56:33 2021[1,0]<stderr>:
 29%|██▉       | 28.8M/97.8M [00:05<00:15, 4.56MB/s]Mon May 31 02:56:33 2021[1,2]<stderr>:
 36%|███▋      | 35.5M/97.8M [00:05<00:06, 9.75MB/s]Mon May 31 02:56:33 2021[1,3]<stderr>:
 35%|███▌      | 34.3M/97.8M [00:05<00:07, 8.60MB/s]Mon May 31 02:56:33 2021[1,1]<stderr>:
 30%|██▉       | 29.1M/97.8M [00:05<00:12, 5.76MB/s]Mon May 31 02:56:33 2021[1,2]<stderr>:
 37%|███▋      | 36.4M/97.8M [00:05<00:06, 9.84MB/s]Mon May 31 02:56:33 2021[1,0]<stderr>:
 30%|██▉       | 29.3M/97.8M [00:05<00:15, 4.50MB/s]Mon May 31 02:56:33 2021[1,3]<stderr>:
 36%|███▌      | 35.1M/97.8M [00:05<00:07, 8.60MB/s]Mon May 31 02:56:33 2021[1,1]<stderr>:
 30%|███       | 29.7M/97.8M [00:05<00:12, 5.81MB/s]Mon May 31 02:56:33 2021[1,2]<stderr>:
 38%|███▊      | 37.4M/97.8M [00:05<00:06, 9.89MB/s]Mon May 31 02:56:33 2021[1,0]<stderr>:
 30%|███       | 29.7M/97.8M [00:05<00:15, 4.47MB/s]Mon May 31 02:56:33 2021[1,3]<stderr>:
 37%|███▋      | 36.0M/97.8M [00:05<00:07, 8.70MB/s]Mon May 31 02:56:33 2021[1,1]<stderr>:
 31%|███       | 30.2M/97.8M [00:05<00:12, 5.82MB/s]Mon May 31 02:56:33 2021[1,2]<stderr>:
 39%|███▉      | 38.4M/97.8M [00:05<00:06, 9.96MB/s]Mon May 31 02:56:33 2021[1,0]<stderr>:
 31%|███       | 30.1M/97.8M [00:05<00:16, 4.39MB/s]Mon May 31 02:56:33 2021[1,3]<stderr>:
 38%|███▊      | 36.8M/97.8M [00:05<00:07, 8.70MB/s]Mon May 31 02:56:33 2021[1,1]<stderr>:
 32%|███▏      | 30.8M/97.8M [00:05<00:11, 5.90MB/s]Mon May 31 02:56:33 2021[1,2]<stderr>:
 40%|████      | 39.3M/97.8M [00:05<00:06, 9.93MB/s]Mon May 31 02:56:33 2021[1,0]<stderr>:
 31%|███       | 30.6M/97.8M [00:05<00:16, 4.35MB/s]Mon May 31 02:56:33 2021[1,3]<stderr>:
 38%|███▊      | 37.7M/97.8M [00:06<00:07, 8.74MB/s]Mon May 31 02:56:33 2021[1,1]<stderr>:
 32%|███▏      | 31.4M/97.8M [00:06<00:11, 5.94MB/s]Mon May 31 02:56:34 2021[1,2]<stderr>:
 41%|████      | 40.3M/97.8M [00:06<00:06, 9.94MB/s]Mon May 31 02:56:34 2021[1,0]<stderr>:
 32%|███▏      | 31.0M/97.8M [00:06<00:16, 4.30MB/s]Mon May 31 02:56:34 2021[1,3]<stderr>:
 39%|███▉      | 38.5M/97.8M [00:06<00:07, 8.74MB/s]Mon May 31 02:56:34 2021[1,1]<stderr>:
 33%|███▎      | 32.0M/97.8M [00:06<00:11, 6.00MB/s]Mon May 31 02:56:34 2021[1,2]<stderr>:
 42%|████▏     | 41.2M/97.8M [00:06<00:06, 9.88MB/s]Mon May 31 02:56:34 2021[1,0]<stderr>:
 32%|███▏      | 31.4M/97.8M [00:06<00:16, 4.28MB/s]Mon May 31 02:56:34 2021[1,3]<stderr>:
 40%|████      | 39.4M/97.8M [00:06<00:06, 8.80MB/s]Mon May 31 02:56:34 2021[1,1]<stderr>:
 33%|███▎      | 32.6M/97.8M [00:06<00:11, 6.02MB/s]Mon May 31 02:56:34 2021[1,2]<stderr>:
 43%|████▎     | 42.2M/97.8M [00:06<00:05, 9.89MB/s]Mon May 31 02:56:34 2021[1,0]<stderr>:
 33%|███▎      | 31.8M/97.8M [00:06<00:16, 4.24MB/s]Mon May 31 02:56:34 2021[1,3]<stderr>:
 41%|████      | 40.2M/97.8M [00:06<00:06, 8.83MB/s]Mon May 31 02:56:34 2021[1,1]<stderr>:
 34%|███▍      | 33.2M/97.8M [00:06<00:11, 6.06MB/s]Mon May 31 02:56:34 2021[1,2]<stderr>:
 44%|████▍     | 43.1M/97.8M [00:06<00:05, 9.87MB/s]Mon May 31 02:56:34 2021[1,0]<stderr>:
 33%|███▎      | 32.2M/97.8M [00:06<00:16, 4.23MB/s]Mon May 31 02:56:34 2021[1,3]<stderr>:
 42%|████▏     | 41.1M/97.8M [00:06<00:06, 8.86MB/s]Mon May 31 02:56:34 2021[1,1]<stderr>:
 35%|███▍      | 33.8M/97.8M [00:06<00:11, 6.04MB/s]Mon May 31 02:56:34 2021[1,2]<stderr>:
 45%|████▌     | 44.1M/97.8M [00:06<00:05, 9.91MB/s]Mon May 31 02:56:34 2021[1,0]<stderr>:
 33%|███▎      | 32.6M/97.8M [00:06<00:16, 4.23MB/s]Mon May 31 02:56:34 2021[1,3]<stderr>:
 43%|████▎     | 41.9M/97.8M [00:06<00:06, 8.89MB/s]Mon May 31 02:56:34 2021[1,1]<stderr>:
 35%|███▌      | 34.3M/97.8M [00:06<00:11, 6.01MB/s]Mon May 31 02:56:34 2021[1,2]<stderr>:
 46%|████▌     | 45.0M/97.8M [00:06<00:05, 9.91MB/s]Mon May 31 02:56:34 2021[1,0]<stderr>:
 34%|███▍      | 33.0M/97.8M [00:06<00:16, 4.19MB/s]Mon May 31 02:56:34 2021[1,3]<stderr>:
 44%|████▎     | 42.8M/97.8M [00:06<00:06, 8.68MB/s]Mon May 31 02:56:34 2021[1,1]<stderr>:
 36%|███▌      | 34.9M/97.8M [00:06<00:12, 5.22MB/s]Mon May 31 02:56:34 2021[1,2]<stderr>:
 47%|████▋     | 46.0M/97.8M [00:06<00:06, 8.69MB/s]Mon May 31 02:56:34 2021[1,0]<stderr>:
 34%|███▍      | 33.4M/97.8M [00:06<00:18, 3.63MB/s]Mon May 31 02:56:34 2021[1,3]<stderr>:
 45%|████▍     | 43.6M/97.8M [00:06<00:07, 7.77MB/s]Mon May 31 02:56:34 2021[1,1]<stderr>:
 36%|███▋      | 35.5M/97.8M [00:06<00:12, 5.38MB/s]Mon May 31 02:56:34 2021[1,2]<stderr>:
 48%|████▊     | 46.9M/97.8M [00:06<00:05, 8.92MB/s]Mon May 31 02:56:34 2021[1,0]<stderr>:
 35%|███▍      | 33.8M/97.8M [00:06<00:17, 3.75MB/s]Mon May 31 02:56:34 2021[1,3]<stderr>:
 45%|████▌     | 44.5M/97.8M [00:06<00:06, 8.03MB/s]Mon May 31 02:56:34 2021[1,1]<stderr>:
 37%|███▋      | 36.0M/97.8M [00:06<00:11, 5.50MB/s]Mon May 31 02:56:34 2021[1,2]<stderr>:
 49%|████▉     | 47.8M/97.8M [00:06<00:05, 9.11MB/s]Mon May 31 02:56:34 2021[1,0]<stderr>:
 35%|███▍      | 34.2M/97.8M [00:06<00:17, 3.85MB/s]Mon May 31 02:56:34 2021[1,3]<stderr>:
 46%|████▋     | 45.3M/97.8M [00:06<00:06, 8.16MB/s]Mon May 31 02:56:34 2021[1,1]<stderr>:
 37%|███▋      | 36.6M/97.8M [00:06<00:11, 5.51MB/s]Mon May 31 02:56:34 2021[1,2]<stderr>:
 50%|████▉     | 48.8M/97.8M [00:07<00:05, 9.33MB/s]Mon May 31 02:56:35 2021[1,0]<stderr>:
 35%|███▌      | 34.6M/97.8M [00:07<00:16, 3.93MB/s]Mon May 31 02:56:35 2021[1,3]<stderr>:
 47%|████▋     | 46.1M/97.8M [00:07<00:06, 8.27MB/s]Mon May 31 02:56:35 2021[1,1]<stderr>:
 38%|███▊      | 37.1M/97.8M [00:07<00:11, 5.52MB/s]Mon May 31 02:56:35 2021[1,2]<stderr>:
 51%|█████     | 49.7M/97.8M [00:07<00:05, 9.41MB/s]Mon May 31 02:56:35 2021[1,0]<stderr>:
 36%|███▌      | 35.0M/97.8M [00:07<00:16, 4.00MB/s]Mon May 31 02:56:35 2021[1,3]<stderr>:
 48%|████▊     | 46.9M/97.8M [00:07<00:06, 8.43MB/s]Mon May 31 02:56:35 2021[1,1]<stderr>:
 38%|███▊      | 37.6M/97.8M [00:07<00:11, 5.58MB/s]Mon May 31 02:56:35 2021[1,2]<stderr>:
 52%|█████▏    | 50.6M/97.8M [00:07<00:05, 9.48MB/s]Mon May 31 02:56:35 2021[1,0]<stderr>:
 36%|███▌      | 35.4M/97.8M [00:07<00:16, 4.00MB/s]Mon May 31 02:56:35 2021[1,3]<stderr>:
 49%|████▉     | 47.7M/97.8M [00:07<00:06, 8.44MB/s]Mon May 31 02:56:35 2021[1,1]<stderr>:
 39%|███▉      | 38.2M/97.8M [00:07<00:11, 5.61MB/s]Mon May 31 02:56:35 2021[1,2]<stderr>:
 53%|█████▎    | 51.6M/97.8M [00:07<00:05, 9.59MB/s]Mon May 31 02:56:35 2021[1,0]<stderr>:
 37%|███▋      | 35.8M/97.8M [00:07<00:16, 4.05MB/s]Mon May 31 02:56:35 2021[1,3]<stderr>:
 50%|████▉     | 48.6M/97.8M [00:07<00:06, 8.50MB/s]Mon May 31 02:56:35 2021[1,1]<stderr>:
 40%|███▉      | 38.8M/97.8M [00:07<00:10, 5.68MB/s]Mon May 31 02:56:35 2021[1,2]<stderr>:
 54%|█████▎    | 52.5M/97.8M [00:07<00:04, 9.66MB/s]Mon May 31 02:56:35 2021[1,0]<stderr>:
 37%|███▋      | 36.2M/97.8M [00:07<00:15, 4.13MB/s]Mon May 31 02:56:35 2021[1,3]<stderr>:
 51%|█████     | 49.4M/97.8M [00:07<00:05, 8.67MB/s]Mon May 31 02:56:35 2021[1,1]<stderr>:
 40%|████      | 39.3M/97.8M [00:07<00:10, 5.73MB/s]Mon May 31 02:56:35 2021[1,2]<stderr>:
 55%|█████▍    | 53.5M/97.8M [00:07<00:04, 9.75MB/s]Mon May 31 02:56:35 2021[1,0]<stderr>:
 37%|███▋      | 36.6M/97.8M [00:07<00:15, 4.14MB/s]Mon May 31 02:56:35 2021[1,3]<stderr>:
 51%|█████▏    | 50.3M/97.8M [00:07<00:05, 8.69MB/s]Mon May 31 02:56:35 2021[1,1]<stderr>:
 41%|████      | 39.9M/97.8M [00:07<00:10, 5.81MB/s]Mon May 31 02:56:35 2021[1,2]<stderr>:
 56%|█████▌    | 54.4M/97.8M [00:07<00:04, 9.83MB/s]Mon May 31 02:56:35 2021[1,0]<stderr>:
 38%|███▊      | 37.0M/97.8M [00:07<00:15, 4.16MB/s]Mon May 31 02:56:35 2021[1,3]<stderr>:
 52%|█████▏    | 51.1M/97.8M [00:07<00:05, 8.71MB/s]Mon May 31 02:56:35 2021[1,1]<stderr>:
 41%|████▏     | 40.5M/97.8M [00:07<00:10, 5.89MB/s]Mon May 31 02:56:35 2021[1,2]<stderr>:
 57%|█████▋    | 55.4M/97.8M [00:07<00:04, 9.85MB/s]Mon May 31 02:56:35 2021[1,0]<stderr>:
 38%|███▊      | 37.4M/97.8M [00:07<00:15, 4.18MB/s]Mon May 31 02:56:35 2021[1,3]<stderr>:
 53%|█████▎    | 52.0M/97.8M [00:07<00:05, 8.80MB/s]Mon May 31 02:56:35 2021[1,1]<stderr>:
 42%|████▏     | 41.0M/97.8M [00:07<00:10, 5.91MB/s]Mon May 31 02:56:35 2021[1,2]<stderr>:
 58%|█████▊    | 56.3M/97.8M [00:07<00:04, 9.84MB/s]Mon May 31 02:56:35 2021[1,0]<stderr>:
 39%|███▊      | 37.8M/97.8M [00:07<00:15, 4.19MB/s]Mon May 31 02:56:35 2021[1,3]<stderr>:
 54%|█████▍    | 52.8M/97.8M [00:07<00:05, 8.86MB/s]Mon May 31 02:56:35 2021[1,1]<stderr>:
 43%|████▎     | 41.6M/97.8M [00:07<00:09, 5.89MB/s]Mon May 31 02:56:35 2021[1,2]<stderr>:
 59%|█████▊    | 57.3M/97.8M [00:07<00:04, 9.83MB/s]Mon May 31 02:56:35 2021[1,0]<stderr>:
 39%|███▉      | 38.2M/97.8M [00:07<00:14, 4.19MB/s]Mon May 31 02:56:35 2021[1,3]<stderr>:
 55%|█████▍    | 53.7M/97.8M [00:07<00:05, 8.92MB/s]Mon May 31 02:56:35 2021[1,1]<stderr>:
 43%|████▎     | 42.2M/97.8M [00:07<00:09, 5.89MB/s]Mon May 31 02:56:35 2021[1,2]<stderr>:
 60%|█████▉    | 58.2M/97.8M [00:08<00:04, 9.84MB/s]Mon May 31 02:56:36 2021[1,0]<stderr>:
 40%|███▉      | 38.7M/97.8M [00:08<00:14, 4.14MB/s]Mon May 31 02:56:36 2021[1,3]<stderr>:
 56%|█████▌    | 54.6M/97.8M [00:08<00:05, 8.98MB/s]Mon May 31 02:56:36 2021[1,1]<stderr>:
 44%|████▎     | 42.8M/97.8M [00:08<00:09, 5.87MB/s]Mon May 31 02:56:36 2021[1,2]<stderr>:
 60%|██████    | 59.2M/97.8M [00:08<00:04, 9.90MB/s]Mon May 31 02:56:36 2021[1,0]<stderr>:
 40%|███▉      | 39.1M/97.8M [00:08<00:14, 4.15MB/s]Mon May 31 02:56:36 2021[1,3]<stderr>:
 57%|█████▋    | 55.4M/97.8M [00:08<00:04, 8.98MB/s]Mon May 31 02:56:36 2021[1,1]<stderr>:
 44%|████▍     | 43.3M/97.8M [00:08<00:09, 5.88MB/s]Mon May 31 02:56:36 2021[1,2]<stderr>:
 61%|██████▏   | 60.1M/97.8M [00:08<00:03, 9.89MB/s]Mon May 31 02:56:36 2021[1,0]<stderr>:
 40%|████      | 39.5M/97.8M [00:08<00:14, 4.14MB/s]Mon May 31 02:56:36 2021[1,3]<stderr>:
 58%|█████▊    | 56.3M/97.8M [00:08<00:04, 8.98MB/s]Mon May 31 02:56:36 2021[1,1]<stderr>:
 45%|████▍     | 43.9M/97.8M [00:08<00:09, 5.89MB/s]Mon May 31 02:56:36 2021[1,2]<stderr>:
 62%|██████▏   | 61.1M/97.8M [00:08<00:03, 9.94MB/s]Mon May 31 02:56:36 2021[1,0]<stderr>:
 41%|████      | 39.9M/97.8M [00:08<00:14, 4.18MB/s]Mon May 31 02:56:36 2021[1,3]<stderr>:
 58%|█████▊    | 57.2M/97.8M [00:08<00:04, 8.92MB/s]Mon May 31 02:56:36 2021[1,1]<stderr>:
 45%|████▌     | 44.5M/97.8M [00:08<00:09, 5.92MB/s]Mon May 31 02:56:36 2021[1,2]<stderr>:
 63%|██████▎   | 62.0M/97.8M [00:08<00:03, 9.96MB/s]Mon May 31 02:56:36 2021[1,0]<stderr>:
 41%|████      | 40.3M/97.8M [00:08<00:14, 4.18MB/s]Mon May 31 02:56:36 2021[1,3]<stderr>:
 59%|█████▉    | 58.0M/97.8M [00:08<00:04, 8.87MB/s]Mon May 31 02:56:36 2021[1,1]<stderr>:
 46%|████▌     | 45.0M/97.8M [00:08<00:09, 5.92MB/s]Mon May 31 02:56:36 2021[1,2]<stderr>:
 64%|██████▍   | 63.0M/97.8M [00:08<00:03, 10.0MB/s]Mon May 31 02:56:36 2021[1,0]<stderr>:
 42%|████▏     | 40.7M/97.8M [00:08<00:14, 4.19MB/s]Mon May 31 02:56:36 2021[1,3]<stderr>:
 60%|██████    | 58.9M/97.8M [00:08<00:04, 8.79MB/s]Mon May 31 02:56:36 2021[1,1]<stderr>:
 47%|████▋     | 45.6M/97.8M [00:08<00:09, 5.93MB/s]Mon May 31 02:56:36 2021[1,2]<stderr>:
 65%|██████▌   | 64.0M/97.8M [00:08<00:03, 10.1MB/s]Mon May 31 02:56:36 2021[1,0]<stderr>:
 42%|████▏     | 41.1M/97.8M [00:08<00:14, 4.21MB/s]Mon May 31 02:56:36 2021[1,3]<stderr>:
 61%|██████    | 59.7M/97.8M [00:08<00:04, 8.73MB/s]Mon May 31 02:56:36 2021[1,1]<stderr>:
 47%|████▋     | 46.2M/97.8M [00:08<00:09, 5.91MB/s]Mon May 31 02:56:36 2021[1,2]<stderr>:
 66%|██████▋   | 65.0M/97.8M [00:08<00:03, 10.1MB/s]Mon May 31 02:56:36 2021[1,0]<stderr>:
 42%|████▏     | 41.5M/97.8M [00:08<00:14, 4.21MB/s]Mon May 31 02:56:36 2021[1,3]<stderr>:
 62%|██████▏   | 60.5M/97.8M [00:08<00:04, 8.73MB/s]Mon May 31 02:56:36 2021[1,1]<stderr>:
 48%|████▊     | 46.8M/97.8M [00:08<00:09, 5.90MB/s]Mon May 31 02:56:36 2021[1,2]<stderr>:
 67%|██████▋   | 65.9M/97.8M [00:08<00:03, 10.1MB/s]Mon May 31 02:56:36 2021[1,0]<stderr>:
 43%|████▎     | 41.9M/97.8M [00:08<00:14, 4.18MB/s]Mon May 31 02:56:36 2021[1,3]<stderr>:
 63%|██████▎   | 61.4M/97.8M [00:08<00:04, 8.76MB/s]Mon May 31 02:56:36 2021[1,1]<stderr>:
 48%|████▊     | 47.3M/97.8M [00:08<00:08, 5.90MB/s]Mon May 31 02:56:36 2021[1,2]<stderr>:
 68%|██████▊   | 66.9M/97.8M [00:08<00:03, 10.0MB/s]Mon May 31 02:56:36 2021[1,0]<stderr>:
 43%|████▎     | 42.3M/97.8M [00:08<00:13, 4.16MB/s]Mon May 31 02:56:36 2021[1,3]<stderr>:
 64%|██████▎   | 62.2M/97.8M [00:08<00:04, 8.79MB/s]Mon May 31 02:56:36 2021[1,1]<stderr>:
 49%|████▉     | 47.9M/97.8M [00:08<00:08, 5.89MB/s]Mon May 31 02:56:36 2021[1,2]<stderr>:
 69%|██████▉   | 67.9M/97.8M [00:09<00:03, 9.89MB/s]Mon May 31 02:56:37 2021[1,0]<stderr>:
 44%|████▎     | 42.7M/97.8M [00:09<00:13, 4.15MB/s]Mon May 31 02:56:37 2021[1,3]<stderr>:
 64%|██████▍   | 63.1M/97.8M [00:09<00:04, 8.74MB/s]Mon May 31 02:56:37 2021[1,1]<stderr>:
 50%|████▉     | 48.5M/97.8M [00:09<00:08, 5.88MB/s]Mon May 31 02:56:37 2021[1,2]<stderr>:
 70%|███████   | 68.8M/97.8M [00:09<00:03, 9.89MB/s]Mon May 31 02:56:37 2021[1,0]<stderr>:
 44%|████▍     | 43.1M/97.8M [00:09<00:13, 4.13MB/s]Mon May 31 02:56:37 2021[1,3]<stderr>:
 65%|██████▌   | 63.9M/97.8M [00:09<00:04, 8.74MB/s]Mon May 31 02:56:37 2021[1,1]<stderr>:
 50%|█████     | 49.0M/97.8M [00:09<00:08, 5.92MB/s]Mon May 31 02:56:37 2021[1,2]<stderr>:
 71%|███████▏  | 69.8M/97.8M [00:09<00:02, 9.87MB/s]Mon May 31 02:56:37 2021[1,0]<stderr>:
 44%|████▍     | 43.5M/97.8M [00:09<00:13, 4.18MB/s]Mon May 31 02:56:37 2021[1,3]<stderr>:
 66%|██████▌   | 64.7M/97.8M [00:09<00:03, 8.72MB/s]Mon May 31 02:56:37 2021[1,1]<stderr>:
 51%|█████     | 49.6M/97.8M [00:09<00:08, 5.88MB/s]Mon May 31 02:56:37 2021[1,2]<stderr>:
 72%|███████▏  | 70.7M/97.8M [00:09<00:02, 9.91MB/s]Mon May 31 02:56:37 2021[1,0]<stderr>:
 45%|████▍     | 43.9M/97.8M [00:09<00:13, 4.22MB/s]Mon May 31 02:56:37 2021[1,3]<stderr>:
 67%|██████▋   | 65.6M/97.8M [00:09<00:03, 8.72MB/s]Mon May 31 02:56:37 2021[1,1]<stderr>:
 51%|█████▏    | 50.2M/97.8M [00:09<00:08, 5.85MB/s]Mon May 31 02:56:37 2021[1,2]<stderr>:
 73%|███████▎  | 71.7M/97.8M [00:09<00:02, 9.91MB/s]Mon May 31 02:56:37 2021[1,0]<stderr>:
 45%|████▌     | 44.3M/97.8M [00:09<00:13, 4.15MB/s]Mon May 31 02:56:37 2021[1,3]<stderr>:
 68%|██████▊   | 66.4M/97.8M [00:09<00:03, 8.71MB/s]Mon May 31 02:56:37 2021[1,1]<stderr>:
 52%|█████▏    | 50.7M/97.8M [00:09<00:08, 5.79MB/s]Mon May 31 02:56:37 2021[1,2]<stderr>:
 74%|███████▍  | 72.6M/97.8M [00:09<00:02, 9.80MB/s]Mon May 31 02:56:37 2021[1,0]<stderr>:
 46%|████▌     | 44.8M/97.8M [00:09<00:13, 4.22MB/s]Mon May 31 02:56:37 2021[1,3]<stderr>:
 69%|██████▉   | 67.3M/97.8M [00:09<00:03, 8.78MB/s]Mon May 31 02:56:37 2021[1,2]<stderr>:
 75%|███████▌  | 73.7M/97.8M [00:09<00:02, 10.1MB/s]Mon May 31 02:56:37 2021[1,0]<stderr>:
 46%|████▋     | 45.3M/97.8M [00:09<00:12, 4.50MB/s]Mon May 31 02:56:37 2021[1,3]<stderr>:
 70%|██████▉   | 68.2M/97.8M [00:09<00:03, 9.11MB/s]Mon May 31 02:56:37 2021[1,2]<stderr>:
 76%|███████▋  | 74.6M/97.8M [00:09<00:02, 10.0MB/s]Mon May 31 02:56:37 2021[1,0]<stderr>:
 47%|████▋     | 45.7M/97.8M [00:09<00:12, 4.51MB/s]Mon May 31 02:56:37 2021[1,3]<stderr>:
 71%|███████   | 69.1M/97.8M [00:09<00:03, 8.85MB/s]Mon May 31 02:56:37 2021[1,1]<stderr>:
 52%|█████▏    | 51.3M/97.8M [00:09<00:14, 3.44MB/s]Mon May 31 02:56:37 2021[1,2]<stderr>:
 77%|███████▋  | 75.6M/97.8M [00:09<00:02, 9.29MB/s]Mon May 31 02:56:37 2021[1,0]<stderr>:
 47%|████▋     | 46.1M/97.8M [00:09<00:12, 4.31MB/s]Mon May 31 02:56:37 2021[1,3]<stderr>:
 72%|███████▏  | 70.0M/97.8M [00:09<00:03, 8.45MB/s]Mon May 31 02:56:37 2021[1,1]<stderr>:
 53%|█████▎    | 51.7M/97.8M [00:09<00:13, 3.66MB/s]Mon May 31 02:56:37 2021[1,2]<stderr>:
 78%|███████▊  | 76.5M/97.8M [00:09<00:02, 9.38MB/s]Mon May 31 02:56:37 2021[1,0]<stderr>:
 48%|████▊     | 46.6M/97.8M [00:09<00:12, 4.39MB/s]Mon May 31 02:56:37 2021[1,3]<stderr>:
 72%|███████▏  | 70.8M/97.8M [00:10<00:03, 8.60MB/s]Mon May 31 02:56:38 2021[1,1]<stderr>:
 53%|█████▎    | 52.2M/97.8M [00:10<00:11, 4.01MB/s]Mon May 31 02:56:38 2021[1,2]<stderr>:
 79%|███████▉  | 77.5M/97.8M [00:10<00:02, 9.60MB/s]Mon May 31 02:56:38 2021[1,0]<stderr>:
 48%|████▊     | 47.0M/97.8M [00:10<00:12, 4.42MB/s]Mon May 31 02:56:38 2021[1,3]<stderr>:
 73%|███████▎  | 71.7M/97.8M [00:10<00:03, 8.63MB/s]Mon May 31 02:56:38 2021[1,1]<stderr>:
 54%|█████▍    | 52.8M/97.8M [00:10<00:10, 4.41MB/s]Mon May 31 02:56:38 2021[1,2]<stderr>:
 80%|████████  | 78.5M/97.8M [00:10<00:02, 9.85MB/s]Mon May 31 02:56:38 2021[1,0]<stderr>:
 49%|████▊     | 47.5M/97.8M [00:10<00:12, 4.31MB/s]Mon May 31 02:56:38 2021[1,3]<stderr>:
 74%|███████▍  | 72.5M/97.8M [00:10<00:03, 8.40MB/s]Mon May 31 02:56:38 2021[1,1]<stderr>:
 55%|█████▍    | 53.3M/97.8M [00:10<00:09, 4.77MB/s]Mon May 31 02:56:38 2021[1,2]<stderr>:
 81%|████████▏ | 79.5M/97.8M [00:10<00:02, 9.59MB/s]Mon May 31 02:56:38 2021[1,0]<stderr>:
 49%|████▉     | 47.9M/97.8M [00:10<00:12, 4.15MB/s]Mon May 31 02:56:38 2021[1,3]<stderr>:
 75%|███████▍  | 73.3M/97.8M [00:10<00:03, 8.23MB/s]Mon May 31 02:56:38 2021[1,1]<stderr>:
 55%|█████▌    | 54.0M/97.8M [00:10<00:08, 5.23MB/s]Mon May 31 02:56:38 2021[1,2]<stderr>:
 82%|████████▏ | 80.4M/97.8M [00:10<00:01, 9.64MB/s]Mon May 31 02:56:38 2021[1,0]<stderr>:
 49%|████▉     | 48.3M/97.8M [00:10<00:12, 4.05MB/s]Mon May 31 02:56:38 2021[1,3]<stderr>:
 76%|███████▌  | 74.1M/97.8M [00:10<00:03, 8.03MB/s]Mon May 31 02:56:38 2021[1,1]<stderr>:
 56%|█████▌    | 54.7M/97.8M [00:10<00:07, 5.80MB/s]Mon May 31 02:56:38 2021[1,2]<stderr>:
 83%|████████▎ | 81.3M/97.8M [00:10<00:01, 9.37MB/s]Mon May 31 02:56:38 2021[1,1]<stderr>:
 57%|█████▋    | 55.4M/97.8M [00:10<00:08, 5.54MB/s]Mon May 31 02:56:38 2021[1,2]<stderr>:
 84%|████████▍ | 82.2M/97.8M [00:10<00:01, 8.58MB/s]Mon May 31 02:56:38 2021[1,1]<stderr>:
 58%|█████▊    | 56.6M/97.8M [00:10<00:06, 6.70MB/s]Mon May 31 02:56:38 2021[1,2]<stderr>:
 85%|████████▌ | 83.4M/97.8M [00:10<00:01, 9.34MB/s]Mon May 31 02:56:38 2021[1,0]<stderr>:
 50%|████▉     | 48.7M/97.8M [00:10<00:21, 2.43MB/s]Mon May 31 02:56:38 2021[1,3]<stderr>:
 77%|███████▋  | 74.9M/97.8M [00:10<00:05, 4.70MB/s]Mon May 31 02:56:38 2021[1,1]<stderr>:
 59%|█████▊    | 57.4M/97.8M [00:10<00:06, 6.94MB/s]Mon May 31 02:56:38 2021[1,2]<stderr>:
 86%|████████▌ | 84.4M/97.8M [00:10<00:01, 9.38MB/s]Mon May 31 02:56:38 2021[1,0]<stderr>:
 50%|█████     | 49.0M/97.8M [00:10<00:20, 2.56MB/s]Mon May 31 02:56:38 2021[1,3]<stderr>:
 77%|███████▋  | 75.5M/97.8M [00:10<00:04, 5.17MB/s]Mon May 31 02:56:38 2021[1,1]<stderr>:
 60%|█████▉    | 58.6M/97.8M [00:10<00:05, 8.00MB/s]Mon May 31 02:56:38 2021[1,2]<stderr>:
 87%|████████▋ | 85.5M/97.8M [00:10<00:01, 10.1MB/s]Mon May 31 02:56:38 2021[1,0]<stderr>:
 50%|█████     | 49.3M/97.8M [00:10<00:19, 2.67MB/s]Mon May 31 02:56:38 2021[1,3]<stderr>:
 78%|███████▊  | 76.2M/97.8M [00:10<00:04, 5.57MB/s]Mon May 31 02:56:38 2021[1,1]<stderr>:
 61%|██████    | 59.5M/97.8M [00:10<00:04, 8.14MB/s]Mon May 31 02:56:39 2021[1,2]<stderr>:
 88%|████████▊ | 86.5M/97.8M [00:11<00:01, 9.84MB/s]Mon May 31 02:56:39 2021[1,0]<stderr>:
 51%|█████     | 49.6M/97.8M [00:11<00:17, 2.87MB/s]Mon May 31 02:56:39 2021[1,3]<stderr>:
 79%|███████▊  | 76.9M/97.8M [00:11<00:03, 6.04MB/s]Mon May 31 02:56:39 2021[1,1]<stderr>:
 62%|██████▏   | 60.5M/97.8M [00:11<00:04, 8.84MB/s]Mon May 31 02:56:39 2021[1,0]<stderr>:
 51%|█████     | 50.1M/97.8M [00:11<00:15, 3.24MB/s]Mon May 31 02:56:39 2021[1,3]<stderr>:
 80%|███████▉  | 77.8M/97.8M [00:11<00:03, 6.87MB/s]Mon May 31 02:56:39 2021[1,1]<stderr>:
 63%|██████▎   | 61.5M/97.8M [00:11<00:04, 9.27MB/s]Mon May 31 02:56:39 2021[1,0]<stderr>:
 52%|█████▏    | 50.6M/97.8M [00:11<00:13, 3.65MB/s]Mon May 31 02:56:39 2021[1,3]<stderr>:
 81%|████████  | 78.9M/97.8M [00:11<00:02, 7.64MB/s]Mon May 31 02:56:39 2021[1,1]<stderr>:
 64%|██████▍   | 62.8M/97.8M [00:11<00:03, 10.2MB/s]Mon May 31 02:56:39 2021[1,2]<stderr>:
 89%|████████▉ | 87.5M/97.8M [00:11<00:01, 5.84MB/s]Mon May 31 02:56:39 2021[1,0]<stderr>:
 52%|█████▏    | 51.0M/97.8M [00:11<00:12, 3.85MB/s]Mon May 31 02:56:39 2021[1,3]<stderr>:
 82%|████████▏ | 79.9M/97.8M [00:11<00:02, 8.29MB/s]Mon May 31 02:56:39 2021[1,1]<stderr>:
 65%|██████▌   | 63.8M/97.8M [00:11<00:03, 9.98MB/s]Mon May 31 02:56:39 2021[1,2]<stderr>:
 90%|█████████ | 88.2M/97.8M [00:11<00:01, 6.16MB/s]Mon May 31 02:56:39 2021[1,0]<stderr>:
 53%|█████▎    | 51.4M/97.8M [00:11<00:12, 3.88MB/s]Mon May 31 02:56:39 2021[1,3]<stderr>:
 83%|████████▎ | 80.7M/97.8M [00:11<00:02, 8.46MB/s]Mon May 31 02:56:39 2021[1,1]<stderr>:
 66%|██████▋   | 64.8M/97.8M [00:11<00:03, 9.72MB/s]Mon May 31 02:56:39 2021[1,2]<stderr>:
 91%|█████████ | 89.0M/97.8M [00:11<00:01, 6.49MB/s]Mon May 31 02:56:39 2021[1,0]<stderr>:
 53%|█████▎    | 51.8M/97.8M [00:11<00:12, 3.83MB/s]Mon May 31 02:56:39 2021[1,3]<stderr>:
 83%|████████▎ | 81.6M/97.8M [00:11<00:02, 8.26MB/s]Mon May 31 02:56:39 2021[1,1]<stderr>:
 67%|██████▋   | 65.8M/97.8M [00:11<00:03, 9.44MB/s]Mon May 31 02:56:39 2021[1,2]<stderr>:
 92%|█████████▏| 89.8M/97.8M [00:11<00:01, 6.95MB/s]Mon May 31 02:56:39 2021[1,0]<stderr>:
 53%|█████▎    | 52.2M/97.8M [00:11<00:12, 3.77MB/s]Mon May 31 02:56:39 2021[1,3]<stderr>:
 84%|████████▍ | 82.4M/97.8M [00:11<00:01, 8.22MB/s]Mon May 31 02:56:39 2021[1,1]<stderr>:
 68%|██████▊   | 66.7M/97.8M [00:11<00:03, 8.49MB/s]Mon May 31 02:56:39 2021[1,2]<stderr>:
 93%|█████████▎| 90.5M/97.8M [00:11<00:01, 6.84MB/s]Mon May 31 02:56:39 2021[1,3]<stderr>:
 85%|████████▌ | 83.2M/97.8M [00:11<00:02, 5.41MB/s]Mon May 31 02:56:39 2021[1,0]<stderr>:
 54%|█████▎    | 52.5M/97.8M [00:12<00:20, 2.34MB/s]Mon May 31 02:56:40 2021[1,2]<stderr>:
 93%|█████████▎| 91.2M/97.8M [00:12<00:01, 4.07MB/s]Mon May 31 02:56:40 2021[1,1]<stderr>:
 69%|██████▉   | 67.6M/97.8M [00:12<00:06, 4.70MB/s]Mon May 31 02:56:40 2021[1,3]<stderr>:
 86%|████████▌ | 83.9M/97.8M [00:12<00:03, 4.48MB/s]Mon May 31 02:56:40 2021[1,0]<stderr>:
 54%|█████▍    | 52.8M/97.8M [00:12<00:22, 2.07MB/s]Mon May 31 02:56:40 2021[1,2]<stderr>:
 94%|█████████▍| 92.3M/97.8M [00:12<00:01, 4.99MB/s]Mon May 31 02:56:40 2021[1,1]<stderr>:
 70%|██████▉   | 68.4M/97.8M [00:12<00:05, 5.35MB/s]Mon May 31 02:56:40 2021[1,3]<stderr>:
 87%|████████▋ | 84.6M/97.8M [00:12<00:02, 5.14MB/s]Mon May 31 02:56:40 2021[1,0]<stderr>:
 54%|█████▍    | 53.2M/97.8M [00:12<00:19, 2.34MB/s]Mon May 31 02:56:40 2021[1,2]<stderr>:
 95%|█████████▌| 93.1M/97.8M [00:12<00:00, 5.71MB/s]Mon May 31 02:56:40 2021[1,1]<stderr>:
 71%|███████   | 69.1M/97.8M [00:12<00:05, 5.89MB/s]Mon May 31 02:56:40 2021[1,3]<stderr>:
 87%|████████▋ | 85.4M/97.8M [00:12<00:02, 5.73MB/s]Mon May 31 02:56:40 2021[1,0]<stderr>:
 55%|█████▍    | 53.5M/97.8M [00:12<00:17, 2.60MB/s]Mon May 31 02:56:40 2021[1,2]<stderr>:
 96%|█████████▋| 94.2M/97.8M [00:12<00:00, 6.65MB/s]Mon May 31 02:56:40 2021[1,1]<stderr>:
 71%|███████▏  | 69.9M/97.8M [00:12<00:04, 6.38MB/s]Mon May 31 02:56:40 2021[1,3]<stderr>:
 88%|████████▊ | 86.1M/97.8M [00:12<00:01, 6.19MB/s]Mon May 31 02:56:40 2021[1,0]<stderr>:
 55%|█████▌    | 53.8M/97.8M [00:12<00:16, 2.81MB/s]Mon May 31 02:56:40 2021[1,1]<stderr>:
 72%|███████▏  | 70.6M/97.8M [00:12<00:04, 6.64MB/s]Mon May 31 02:56:40 2021[1,2]<stderr>:
 97%|█████████▋| 95.2M/97.8M [00:12<00:00, 7.28MB/s]Mon May 31 02:56:40 2021[1,3]<stderr>:
 89%|████████▉ | 86.9M/97.8M [00:12<00:01, 6.57MB/s]Mon May 31 02:56:40 2021[1,0]<stderr>:
 55%|█████▌    | 54.2M/97.8M [00:12<00:15, 3.00MB/s]Mon May 31 02:56:40 2021[1,1]<stderr>:
 73%|███████▎  | 71.3M/97.8M [00:12<00:04, 6.85MB/s]Mon May 31 02:56:40 2021[1,2]<stderr>:
 98%|█████████▊| 96.3M/97.8M [00:12<00:00, 8.24MB/s]Mon May 31 02:56:40 2021[1,3]<stderr>:
 90%|████████▉ | 87.5M/97.8M [00:12<00:01, 6.73MB/s]Mon May 31 02:56:40 2021[1,0]<stderr>:
 56%|█████▌    | 54.5M/97.8M [00:12<00:14, 3.07MB/s]Mon May 31 02:56:40 2021[1,1]<stderr>:
 74%|███████▎  | 72.0M/97.8M [00:12<00:03, 6.85MB/s]Mon May 31 02:56:40 2021[1,2]<stderr>:
100%|█████████▉| 97.4M/97.8M [00:12<00:00, 8.72MB/s]Mon May 31 02:56:40 2021[1,3]<stderr>:
 90%|█████████ | 88.2M/97.8M [00:12<00:01, 6.87MB/s]Mon May 31 02:56:40 2021[1,0]<stderr>:
 56%|█████▌    | 54.8M/97.8M [00:12<00:14, 3.17MB/s]Mon May 31 02:56:40 2021[1,2]<stderr>:
100%|██████████| 97.8M/97.8M [00:12<00:00, 7.98MB/s]Mon May 31 02:56:40 2021[1,2]<stderr>:
Mon May 31 02:56:40 2021[1,1]<stderr>:
 75%|███████▍  | 73.0M/97.8M [00:12<00:03, 7.60MB/s]Mon May 31 02:56:40 2021[1,3]<stderr>:
 91%|█████████ | 89.2M/97.8M [00:12<00:01, 7.56MB/s]Mon May 31 02:56:40 2021[1,0]<stderr>:
 57%|█████▋    | 55.4M/97.8M [00:12<00:12, 3.65MB/s]Mon May 31 02:56:40 2021[1,1]<stderr>:
 76%|███████▌  | 74.0M/97.8M [00:12<00:02, 8.34MB/s]Mon May 31 02:56:40 2021[1,3]<stderr>:
 92%|█████████▏| 90.2M/97.8M [00:13<00:00, 8.11MB/s]Mon May 31 02:56:41 2021[1,0]<stderr>:
 57%|█████▋    | 55.9M/97.8M [00:13<00:10, 4.10MB/s]Mon May 31 02:56:41 2021[1,1]<stderr>:
 77%|███████▋  | 75.2M/97.8M [00:13<00:02, 9.13MB/s]Mon May 31 02:56:41 2021[1,3]<stderr>:
 93%|█████████▎| 91.2M/97.8M [00:13<00:00, 8.69MB/s]Mon May 31 02:56:41 2021[1,0]<stderr>:
 58%|█████▊    | 56.5M/97.8M [00:13<00:09, 4.41MB/s]Mon May 31 02:56:41 2021[1,1]<stderr>:
 78%|███████▊  | 76.3M/97.8M [00:13<00:02, 9.84MB/s]Mon May 31 02:56:41 2021[1,3]<stderr>:
 94%|█████████▍| 92.2M/97.8M [00:13<00:00, 9.07MB/s]Mon May 31 02:56:41 2021[1,0]<stderr>:
 58%|█████▊    | 57.1M/97.8M [00:13<00:08, 4.83MB/s]Mon May 31 02:56:41 2021[1,1]<stderr>:
 79%|███████▉  | 77.4M/97.8M [00:13<00:02, 10.2MB/s]Mon May 31 02:56:41 2021[1,3]<stderr>:
 95%|█████████▌| 93.2M/97.8M [00:13<00:00, 9.49MB/s]Mon May 31 02:56:41 2021[1,0]<stderr>:
 59%|█████▉    | 57.8M/97.8M [00:13<00:07, 5.34MB/s]Mon May 31 02:56:41 2021[1,1]<stderr>:
 80%|████████  | 78.6M/97.8M [00:13<00:01, 10.8MB/s]Mon May 31 02:56:41 2021[1,3]<stderr>:
 96%|█████████▋| 94.2M/97.8M [00:13<00:00, 9.73MB/s]Mon May 31 02:56:41 2021[1,0]<stderr>:
 60%|█████▉    | 58.4M/97.8M [00:13<00:07, 5.74MB/s]Mon May 31 02:56:41 2021[1,1]<stderr>:
 81%|████████▏ | 79.7M/97.8M [00:13<00:01, 10.8MB/s]Mon May 31 02:56:41 2021[1,3]<stderr>:
 97%|█████████▋| 95.2M/97.8M [00:13<00:00, 9.81MB/s]Mon May 31 02:56:41 2021[1,0]<stderr>:
 60%|██████    | 59.2M/97.8M [00:13<00:06, 6.26MB/s]Mon May 31 02:56:41 2021[1,1]<stderr>:
 83%|████████▎ | 80.8M/97.8M [00:13<00:01, 10.9MB/s]Mon May 31 02:56:41 2021[1,3]<stderr>:
 98%|█████████▊| 96.1M/97.8M [00:13<00:00, 9.90MB/s]Mon May 31 02:56:41 2021[1,0]<stderr>:
 61%|██████    | 59.9M/97.8M [00:13<00:06, 6.60MB/s]Mon May 31 02:56:41 2021[1,1]<stderr>:
 84%|████████▎ | 81.8M/97.8M [00:13<00:01, 10.8MB/s]Mon May 31 02:56:41 2021[1,0]<stderr>:
 62%|██████▏   | 60.7M/97.8M [00:13<00:05, 7.14MB/s]Mon May 31 02:56:41 2021[1,3]<stderr>:
 99%|█████████▉| 97.1M/97.8M [00:13<00:00, 9.85MB/s]Mon May 31 02:56:41 2021[1,1]<stderr>:
 85%|████████▍ | 82.9M/97.8M [00:13<00:01, 10.9MB/s]Mon May 31 02:56:41 2021[1,3]<stderr>:
100%|██████████| 97.8M/97.8M [00:13<00:00, 7.43MB/s]Mon May 31 02:56:41 2021[1,3]<stderr>:
Mon May 31 02:56:41 2021[1,0]<stderr>:
 63%|██████▎   | 61.6M/97.8M [00:13<00:04, 7.59MB/s]Mon May 31 02:56:41 2021[1,1]<stderr>:
 86%|████████▌ | 84.0M/97.8M [00:13<00:01, 10.9MB/s]Mon May 31 02:56:41 2021[1,0]<stderr>:
 64%|██████▍   | 62.8M/97.8M [00:13<00:04, 8.60MB/s]Mon May 31 02:56:41 2021[1,1]<stderr>:
 87%|████████▋ | 85.2M/97.8M [00:14<00:01, 11.4MB/s]Mon May 31 02:56:42 2021[1,0]<stderr>:
 65%|██████▌   | 64.0M/97.8M [00:14<00:03, 9.30MB/s]Mon May 31 02:56:42 2021[1,1]<stderr>:
 88%|████████▊ | 86.4M/97.8M [00:14<00:01, 11.8MB/s]Mon May 31 02:56:42 2021[1,0]<stderr>:
 67%|██████▋   | 65.4M/97.8M [00:14<00:03, 10.4MB/s]Mon May 31 02:56:42 2021[1,1]<stderr>:
 90%|████████▉ | 87.6M/97.8M [00:14<00:00, 11.9MB/s]Mon May 31 02:56:42 2021[1,0]<stderr>:
 68%|██████▊   | 66.6M/97.8M [00:14<00:03, 10.7MB/s]Mon May 31 02:56:42 2021[1,1]<stderr>:
 91%|█████████ | 88.8M/97.8M [00:14<00:00, 12.1MB/s]Mon May 31 02:56:42 2021[1,0]<stderr>:
 69%|██████▉   | 67.9M/97.8M [00:14<00:02, 11.6MB/s]Mon May 31 02:56:42 2021[1,1]<stderr>:
 92%|█████████▏| 90.0M/97.8M [00:14<00:00, 12.1MB/s]Mon May 31 02:56:42 2021[1,0]<stderr>:
 71%|███████   | 69.1M/97.8M [00:14<00:02, 11.6MB/s]Mon May 31 02:56:42 2021[1,1]<stderr>:
 93%|█████████▎| 91.2M/97.8M [00:14<00:00, 12.2MB/s]Mon May 31 02:56:42 2021[1,0]<stderr>:
 72%|███████▏  | 70.5M/97.8M [00:14<00:02, 12.3MB/s]Mon May 31 02:56:42 2021[1,1]<stderr>:
 95%|█████████▍| 92.5M/97.8M [00:14<00:00, 12.3MB/s]Mon May 31 02:56:42 2021[1,0]<stderr>:
 73%|███████▎  | 71.8M/97.8M [00:14<00:02, 12.0MB/s]Mon May 31 02:56:42 2021[1,1]<stderr>:
 96%|█████████▌| 93.6M/97.8M [00:14<00:00, 12.3MB/s]Mon May 31 02:56:42 2021[1,0]<stderr>:
 75%|███████▍  | 72.9M/97.8M [00:14<00:02, 11.4MB/s]Mon May 31 02:56:42 2021[1,1]<stderr>:
 97%|█████████▋| 94.8M/97.8M [00:14<00:00, 12.1MB/s]Mon May 31 02:56:42 2021[1,0]<stderr>:
 76%|███████▌  | 74.1M/97.8M [00:14<00:02, 11.4MB/s]Mon May 31 02:56:42 2021[1,1]<stderr>:
 98%|█████████▊| 96.1M/97.8M [00:14<00:00, 12.4MB/s]Mon May 31 02:56:42 2021[1,0]<stderr>:
 77%|███████▋  | 75.3M/97.8M [00:15<00:01, 11.9MB/s]Mon May 31 02:56:43 2021[1,1]<stderr>:
 99%|█████████▉| 97.3M/97.8M [00:15<00:00, 12.2MB/s]Mon May 31 02:56:43 2021[1,1]<stderr>:
100%|██████████| 97.8M/97.8M [00:15<00:00, 6.80MB/s]Mon May 31 02:56:43 2021[1,1]<stderr>:
Mon May 31 02:56:43 2021[1,0]<stderr>:
 78%|███████▊  | 76.6M/97.8M [00:15<00:01, 12.1MB/s]Mon May 31 02:56:43 2021[1,0]<stderr>:
 80%|███████▉  | 77.9M/97.8M [00:15<00:01, 12.6MB/s]Mon May 31 02:56:43 2021[1,0]<stderr>:
 81%|████████  | 79.1M/97.8M [00:15<00:01, 12.4MB/s]Mon May 31 02:56:43 2021[1,0]<stderr>:
 82%|████████▏ | 80.5M/97.8M [00:15<00:01, 12.8MB/s]Mon May 31 02:56:43 2021[1,0]<stderr>:
 84%|████████▎ | 81.7M/97.8M [00:15<00:01, 12.6MB/s]Mon May 31 02:56:43 2021[1,0]<stderr>:
 85%|████████▍ | 83.1M/97.8M [00:15<00:01, 12.8MB/s]Mon May 31 02:56:43 2021[1,0]<stderr>:
 86%|████████▌ | 84.3M/97.8M [00:15<00:01, 12.7MB/s]Mon May 31 02:56:43 2021[1,0]<stderr>:
 88%|████████▊ | 85.6M/97.8M [00:15<00:00, 12.9MB/s]Mon May 31 02:56:43 2021[1,0]<stderr>:
 89%|████████▉ | 86.9M/97.8M [00:15<00:00, 12.8MB/s]Mon May 31 02:56:44 2021[1,0]<stderr>:
 90%|█████████ | 88.2M/97.8M [00:16<00:00, 12.9MB/s]Mon May 31 02:56:44 2021[1,0]<stderr>:
 91%|█████████▏| 89.4M/97.8M [00:16<00:00, 12.9MB/s]Mon May 31 02:56:44 2021[1,0]<stderr>:
 93%|█████████▎| 90.8M/97.8M [00:16<00:00, 12.9MB/s]Mon May 31 02:56:44 2021[1,0]<stderr>:
 94%|█████████▍| 92.0M/97.8M [00:16<00:00, 12.8MB/s]Mon May 31 02:56:44 2021[1,0]<stderr>:
 95%|█████████▌| 93.3M/97.8M [00:16<00:00, 13.0MB/s]Mon May 31 02:56:44 2021[1,0]<stderr>:
 97%|█████████▋| 94.6M/97.8M [00:16<00:00, 12.9MB/s]Mon May 31 02:56:44 2021[1,0]<stderr>:
 98%|█████████▊| 95.9M/97.8M [00:16<00:00, 13.0MB/s]Mon May 31 02:56:44 2021[1,0]<stderr>:
 99%|█████████▉| 97.1M/97.8M [00:16<00:00, 12.9MB/s]Mon May 31 02:56:44 2021[1,0]<stderr>:
100%|██████████| 97.8M/97.8M [00:16<00:00, 6.09MB/s]Mon May 31 02:56:44 2021[1,0]<stderr>:
Mon May 31 02:56:46 2021[1,0]<stdout>:NCCL version 2.7.5+cuda11.0
Mon May 31 02:56:47 2021[1,0]<stderr>:2021-05-31 02:56:47,718 - mmseg - WARNING - The model and loaded state dict do not match exactly
Mon May 31 02:56:47 2021[1,0]<stderr>:
Mon May 31 02:56:47 2021[1,0]<stderr>:unexpected key in source state_dict: fc.weight, fc.bias
Mon May 31 02:56:47 2021[1,0]<stderr>:
Mon May 31 02:56:47 2021[1,0]<stderr>:2021-05-31 02:56:47,723 - mmseg - INFO - EncoderDecoder(
Mon May 31 02:56:47 2021[1,0]<stderr>:  (backbone): ResNetV1c(
Mon May 31 02:56:47 2021[1,0]<stderr>:    (stem): Sequential(
Mon May 31 02:56:47 2021[1,0]<stderr>:      (0): Conv2d(3, 32, kernel_size=(3, 3), stride=(2, 2), padding=(1, 1), bias=False)
Mon May 31 02:56:47 2021[1,0]<stderr>:      (1): SyncBatchNorm(32, eps=1e-05, momentum=0.1, affine=True, track_running_stats=True)
Mon May 31 02:56:47 2021[1,0]<stderr>:      (2): ReLU(inplace=True)
Mon May 31 02:56:47 2021[1,0]<stderr>:      (3): Conv2d(32, 32, kernel_size=(3, 3), stride=(1, 1), padding=(1, 1), bias=False)
Mon May 31 02:56:47 2021[1,0]<stderr>:      (4): SyncBatchNorm(32, eps=1e-05, momentum=0.1, affine=True, track_running_stats=True)
Mon May 31 02:56:47 2021[1,0]<stderr>:      (5): ReLU(inplace=True)
Mon May 31 02:56:47 2021[1,0]<stderr>:      (6): Conv2d(32, 64, kernel_size=(3, 3), stride=(1, 1), padding=(1, 1), bias=False)
Mon May 31 02:56:47 2021[1,0]<stderr>:      (7): SyncBatchNorm(64, eps=1e-05, momentum=0.1, affine=True, track_running_stats=True)
Mon May 31 02:56:47 2021[1,0]<stderr>:      (8): ReLU(inplace=True)
Mon May 31 02:56:47 2021[1,0]<stderr>:    )
Mon May 31 02:56:47 2021[1,0]<stderr>:    (maxpool): MaxPool2d(kernel_size=3, stride=2, padding=1, dilation=1, ceil_mode=False)
Mon May 31 02:56:47 2021[1,0]<stderr>:    (layer1): ResLayer(
Mon May 31 02:56:47 2021[1,0]<stderr>:      (0): Bottleneck(
Mon May 31 02:56:47 2021[1,0]<stderr>:        (conv1): Conv2d(64, 64, kernel_size=(1, 1), stride=(1, 1), bias=False)
Mon May 31 02:56:47 2021[1,0]<stderr>:        (bn1): SyncBatchNorm(64, eps=1e-05, momentum=0.1, affine=True, track_running_stats=True)
Mon May 31 02:56:47 2021[1,0]<stderr>:        (conv2): Conv2d(64, 64, kernel_size=(3, 3), stride=(1, 1), padding=(1, 1), bias=False)
Mon May 31 02:56:47 2021[1,0]<stderr>:        (bn2): SyncBatchNorm(64, eps=1e-05, momentum=0.1, affine=True, track_running_stats=True)
Mon May 31 02:56:47 2021[1,0]<stderr>:        (conv3): Conv2d(64, 256, kernel_size=(1, 1), stride=(1, 1), bias=False)
Mon May 31 02:56:47 2021[1,0]<stderr>:        (bn3): SyncBatchNorm(256, eps=1e-05, momentum=0.1, affine=True, track_running_stats=True)
Mon May 31 02:56:47 2021[1,0]<stderr>:        (relu): ReLU(inplace=True)
Mon May 31 02:56:47 2021[1,0]<stderr>:        (downsample): Sequential(
Mon May 31 02:56:47 2021[1,0]<stderr>:          (0): Conv2d(64, 256, kernel_size=(1, 1), stride=(1, 1), bias=False)
Mon May 31 02:56:47 2021[1,0]<stderr>:          (1): SyncBatchNorm(256, eps=1e-05, momentum=0.1, affine=True, track_running_stats=True)
Mon May 31 02:56:47 2021[1,0]<stderr>:        )
Mon May 31 02:56:47 2021[1,0]<stderr>:      )
Mon May 31 02:56:47 2021[1,0]<stderr>:      (1): Bottleneck(
Mon May 31 02:56:47 2021[1,0]<stderr>:        (conv1): Conv2d(256, 64, kernel_size=(1, 1), stride=(1, 1), bias=False)
Mon May 31 02:56:47 2021[1,0]<stderr>:        (bn1): SyncBatchNorm(64, eps=1e-05, momentum=0.1, affine=True, track_running_stats=True)
Mon May 31 02:56:47 2021[1,0]<stderr>:        (conv2): Conv2d(64, 64, kernel_size=(3, 3), stride=(1, 1), padding=(1, 1), bias=False)
Mon May 31 02:56:47 2021[1,0]<stderr>:        (bn2): SyncBatchNorm(64, eps=1e-05, momentum=0.1, affine=True, track_running_stats=True)
Mon May 31 02:56:47 2021[1,0]<stderr>:        (conv3): Conv2d(64, 256, kernel_size=(1, 1), stride=(1, 1), bias=False)
Mon May 31 02:56:47 2021[1,0]<stderr>:        (bn3): SyncBatchNorm(256, eps=1e-05, momentum=0.1, affine=True, track_running_stats=True)
Mon May 31 02:56:47 2021[1,0]<stderr>:        (relu): ReLU(inplace=True)
Mon May 31 02:56:47 2021[1,0]<stderr>:      )
Mon May 31 02:56:47 2021[1,0]<stderr>:      (2): Bottleneck(
Mon May 31 02:56:47 2021[1,0]<stderr>:        (conv1): Conv2d(256, 64, kernel_size=(1, 1), stride=(1, 1), bias=False)
Mon May 31 02:56:47 2021[1,0]<stderr>:        (bn1): SyncBatchNorm(64, eps=1e-05, momentum=0.1, affine=True, track_running_stats=True)
Mon May 31 02:56:47 2021[1,0]<stderr>:        (conv2): Conv2d(64, 64, kernel_size=(3, 3), stride=(1, 1), padding=(1, 1), bias=False)
Mon May 31 02:56:47 2021[1,0]<stderr>:        (bn2): SyncBatchNorm(64, eps=1e-05, momentum=0.1, affine=True, track_running_stats=True)
Mon May 31 02:56:47 2021[1,0]<stderr>:        (conv3): Conv2d(64, 256, kernel_size=(1, 1), stride=(1, 1), bias=False)
Mon May 31 02:56:47 2021[1,0]<stderr>:        (bn3): SyncBatchNorm(256, eps=1e-05, momentum=0.1, affine=True, track_running_stats=True)
Mon May 31 02:56:47 2021[1,0]<stderr>:        (relu): ReLU(inplace=True)
Mon May 31 02:56:47 2021[1,0]<stderr>:      )
Mon May 31 02:56:47 2021[1,0]<stderr>:    )
Mon May 31 02:56:47 2021[1,0]<stderr>:    (layer2): ResLayer(
Mon May 31 02:56:47 2021[1,0]<stderr>:      (0): Bottleneck(
Mon May 31 02:56:47 2021[1,0]<stderr>:        (conv1): Conv2d(256, 128, kernel_size=(1, 1), stride=(1, 1), bias=False)
Mon May 31 02:56:47 2021[1,0]<stderr>:        (bn1): SyncBatchNorm(128, eps=1e-05, momentum=0.1, affine=True, track_running_stats=True)
Mon May 31 02:56:47 2021[1,0]<stderr>:        (conv2): Conv2d(128, 128, kernel_size=(3, 3), stride=(2, 2), padding=(1, 1), bias=False)
Mon May 31 02:56:47 2021[1,0]<stderr>:        (bn2): SyncBatchNorm(128, eps=1e-05, momentum=0.1, affine=True, track_running_stats=True)
Mon May 31 02:56:47 2021[1,0]<stderr>:        (conv3): Conv2d(128, 512, kernel_size=(1, 1), stride=(1, 1), bias=False)
Mon May 31 02:56:47 2021[1,0]<stderr>:        (bn3): SyncBatchNorm(512, eps=1e-05, momentum=0.1, affine=True, track_running_stats=True)
Mon May 31 02:56:47 2021[1,0]<stderr>:        (relu): ReLU(inplace=True)
Mon May 31 02:56:47 2021[1,0]<stderr>:        (downsample): Sequential(
Mon May 31 02:56:47 2021[1,0]<stderr>:          (0): Conv2d(256, 512, kernel_size=(1, 1), stride=(2, 2), bias=False)
Mon May 31 02:56:47 2021[1,0]<stderr>:          (1): SyncBatchNorm(512, eps=1e-05, momentum=0.1, affine=True, track_running_stats=True)
Mon May 31 02:56:47 2021[1,0]<stderr>:        )
Mon May 31 02:56:47 2021[1,0]<stderr>:      )
Mon May 31 02:56:47 2021[1,0]<stderr>:      (1): Bottleneck(
Mon May 31 02:56:47 2021[1,0]<stderr>:        (conv1): Conv2d(512, 128, kernel_size=(1, 1), stride=(1, 1), bias=False)
Mon May 31 02:56:47 2021[1,0]<stderr>:        (bn1): SyncBatchNorm(128, eps=1e-05, momentum=0.1, affine=True, track_running_stats=True)
Mon May 31 02:56:47 2021[1,0]<stderr>:        (conv2): Conv2d(128, 128, kernel_size=(3, 3), stride=(1, 1), padding=(1, 1), bias=False)
Mon May 31 02:56:47 2021[1,0]<stderr>:        Mon May 31 02:56:47 2021[1,0]<stderr>:(bn2): SyncBatchNorm(128, eps=1e-05, momentum=0.1, affine=True, track_running_stats=True)
Mon May 31 02:56:47 2021[1,0]<stderr>:        (conv3): Conv2d(128, 512, kernel_size=(1, 1), stride=(1, 1), bias=False)
Mon May 31 02:56:47 2021[1,0]<stderr>:        (bn3): SyncBatchNorm(512, eps=1e-05, momentum=0.1, affine=True, track_running_stats=True)
Mon May 31 02:56:47 2021[1,0]<stderr>:        (relu): ReLU(inplace=True)
Mon May 31 02:56:47 2021[1,0]<stderr>:      )
Mon May 31 02:56:47 2021[1,0]<stderr>:      (2): Bottleneck(
Mon May 31 02:56:47 2021[1,0]<stderr>:        (conv1): Conv2d(512, 128, kernel_size=(1, 1), stride=(1, 1), bias=False)
Mon May 31 02:56:47 2021[1,0]<stderr>:        (bn1): SyncBatchNorm(128, eps=1e-05, momentum=0.1, affine=True, track_running_stats=True)
Mon May 31 02:56:47 2021[1,0]<stderr>:        (conv2): Conv2d(128, 128, kernel_size=(3, 3), stride=(1, 1), padding=(1, 1), bias=False)
Mon May 31 02:56:47 2021[1,0]<stderr>:        (bn2): SyncBatchNorm(128, eps=1e-05, momentum=0.1, affine=True, track_running_stats=True)
Mon May 31 02:56:47 2021[1,0]<stderr>:        (conv3): Conv2d(128, 512, kernel_size=(1, 1), stride=(1, 1), bias=False)
Mon May 31 02:56:47 2021[1,0]<stderr>:        (bn3): SyncBatchNorm(512, eps=1e-05, momentum=0.1, affine=True, track_running_stats=True)
Mon May 31 02:56:47 2021[1,0]<stderr>:        (relu): ReLU(inplace=True)
Mon May 31 02:56:47 2021[1,0]<stderr>:      )
Mon May 31 02:56:47 2021[1,0]<stderr>:      (3): Bottleneck(
Mon May 31 02:56:47 2021[1,0]<stderr>:        (conv1): Conv2d(512, 128, kernel_size=(1, 1), stride=(1, 1), bias=False)
Mon May 31 02:56:47 2021[1,0]<stderr>:        (bn1): SyncBatchNorm(128, eps=1e-05, momentum=0.1, affine=True, track_running_stats=True)
Mon May 31 02:56:47 2021[1,0]<stderr>:        (conv2): Conv2d(128, 128, kernel_size=(3, 3), stride=(1, 1), padding=(1, 1), bias=False)
Mon May 31 02:56:47 2021[1,0]<stderr>:        (bn2): SyncBatchNorm(128, eps=1e-05, momentum=0.1, affine=True, track_running_stats=True)
Mon May 31 02:56:47 2021[1,0]<stderr>:        (conv3): Conv2d(128, 512, kernel_size=(1, 1), stride=(1, 1), bias=False)
Mon May 31 02:56:47 2021[1,0]<stderr>:        (bn3): SyncBatchNorm(512, eps=1e-05, momentum=0.1, affine=True, track_running_stats=True)
Mon May 31 02:56:47 2021[1,0]<stderr>:        (relu): ReLU(inplace=True)
Mon May 31 02:56:47 2021[1,0]<stderr>:      )
Mon May 31 02:56:47 2021[1,0]<stderr>:    )
Mon May 31 02:56:47 2021[1,0]<stderr>:    (layer3): ResLayer(
Mon May 31 02:56:47 2021[1,0]<stderr>:      (0): Bottleneck(
Mon May 31 02:56:47 2021[1,0]<stderr>:        (conv1): Conv2d(512, 256, kernel_size=(1, 1), stride=(1, 1), bias=False)
Mon May 31 02:56:47 2021[1,0]<stderr>:        (bn1): SyncBatchNorm(256, eps=1e-05, momentum=0.1, affine=True, track_running_stats=True)
Mon May 31 02:56:47 2021[1,0]<stderr>:        (conv2): Conv2d(256, 256, kernel_size=(3, 3), stride=(1, 1), padding=(1, 1), bias=False)
Mon May 31 02:56:47 2021[1,0]<stderr>:        (bn2): SyncBatchNorm(256, eps=1e-05, momentum=0.1, affine=True, track_running_stats=True)
Mon May 31 02:56:47 2021[1,0]<stderr>:        (conv3): Conv2d(256, 1024, kernel_size=(1, 1), stride=(1, 1), bias=False)
Mon May 31 02:56:47 2021[1,0]<stderr>:        (bn3): SyncBatchNorm(1024, eps=1e-05, momentum=0.1, affine=True, track_running_stats=True)
Mon May 31 02:56:47 2021[1,0]<stderr>:        (relu): ReLU(inplace=True)
Mon May 31 02:56:47 2021[1,0]<stderr>:        (downsample): Sequential(
Mon May 31 02:56:47 2021[1,0]<stderr>:          (0): Conv2d(512, 1024, kernel_size=(1, 1), stride=(1, 1), bias=False)
Mon May 31 02:56:47 2021[1,0]<stderr>:          (1): SyncBatchNorm(1024, eps=1e-05, momentum=0.1, affine=True, track_running_stats=True)
Mon May 31 02:56:47 2021[1,0]<stderr>:        )
Mon May 31 02:56:47 2021[1,0]<stderr>:      )
Mon May 31 02:56:47 2021[1,0]<stderr>:      (1): Bottleneck(
Mon May 31 02:56:47 2021[1,0]<stderr>:        (conv1): Conv2d(1024, 256, kernel_size=(1, 1), stride=(1, 1), bias=False)
Mon May 31 02:56:47 2021[1,0]<stderr>:        (bn1): SyncBatchNorm(256, eps=1e-05, momentum=0.1, affine=True, track_running_stats=True)
Mon May 31 02:56:47 2021[1,0]<stderr>:        (conv2): Conv2d(256, 256, kernel_size=(3, 3), stride=(1, 1), padding=(2, 2), dilation=(2, 2), bias=False)
Mon May 31 02:56:47 2021[1,0]<stderr>:        (bn2): SyncBatchNorm(256, eps=1e-05, momentum=0.1, affine=True, track_running_stats=True)
Mon May 31 02:56:47 2021[1,0]<stderr>:        (conv3): Conv2d(256, 1024, kernel_size=(1, 1), stride=(1, 1), bias=False)
Mon May 31 02:56:47 2021[1,0]<stderr>:        (bn3): SyncBatchNorm(1024, eps=1e-05, momentum=0.1, affine=True, track_running_stats=True)
Mon May 31 02:56:47 2021[1,0]<stderr>:        (relu): ReLU(inplace=True)
Mon May 31 02:56:47 2021[1,0]<stderr>:      )
Mon May 31 02:56:47 2021[1,0]<stderr>:      (2): Bottleneck(
Mon May 31 02:56:47 2021[1,0]<stderr>:        (conv1): Conv2d(1024, 256, kernel_size=(1, 1), stride=(1, 1), bias=False)
Mon May 31 02:56:47 2021[1,0]<stderr>:        (bn1): SyncBatchNorm(256, eps=1e-05, momentum=0.1, affine=True, track_running_stats=True)
Mon May 31 02:56:47 2021[1,0]<stderr>:        (conv2): Conv2d(256, 256, kernel_size=(3, 3), stride=(1, 1), padding=(2, 2), dilation=(2, 2), bias=False)
Mon May 31 02:56:47 2021[1,0]<stderr>:        (bn2): SyncBatchNorm(256, eps=1e-05, momentum=0.1, affine=True, track_running_stats=True)
Mon May 31 02:56:47 2021[1,0]<stderr>:        (conv3): Conv2d(256, 1024, kernel_size=(1, 1), stride=(1, 1), bias=False)
Mon May 31 02:56:47 2021[1,0]<stderr>:        (bn3): SyncBatchNorm(1024, eps=1e-05, momentum=0.1, affine=True, track_running_stats=True)
Mon May 31 02:56:47 2021[1,0]<stderr>:        (relu): ReLU(inplace=True)
Mon May 31 02:56:47 2021[1,0]<stderr>:      )
Mon May 31 02:56:47 2021[1,0]<stderr>:      (3): Bottleneck(
Mon May 31 02:56:47 2021[1,0]<stderr>:        (conv1): Conv2d(1024, 256, kernel_size=(1, 1), stride=(1, 1), bias=False)
Mon May 31 02:56:47 2021[1,0]<stderr>:        (bn1): SyncBatchNorm(256, eps=1e-05, momentum=0.1, affine=True, track_running_stats=True)
Mon May 31 02:56:47 2021[1,0]<stderr>:        (conv2): Conv2d(256, 256, kernel_size=(3, 3), stride=(1, 1), padding=(2, 2), dilation=(2, 2), bias=False)
Mon May 31 02:56:47 2021[1,0]<stderr>:        (bn2): SyncBatchNorm(256, eps=1e-05, momentum=0.1, affine=True, trackMon May 31 02:56:47 2021[1,0]<stderr>:_running_stats=True)
Mon May 31 02:56:47 2021[1,0]<stderr>:        (conv3): Conv2d(256, 1024, kernel_size=(1, 1), stride=(1, 1), bias=False)
Mon May 31 02:56:47 2021[1,0]<stderr>:        (bn3): SyncBatchNorm(1024, eps=1e-05, momentum=0.1, affine=True, track_running_stats=True)
Mon May 31 02:56:47 2021[1,0]<stderr>:        (relu): ReLU(inplace=True)
Mon May 31 02:56:47 2021[1,0]<stderr>:      )
Mon May 31 02:56:47 2021[1,0]<stderr>:      (4): Bottleneck(
Mon May 31 02:56:47 2021[1,0]<stderr>:        (conv1): Conv2d(1024, 256, kernel_size=(1, 1), stride=(1, 1), bias=False)
Mon May 31 02:56:47 2021[1,0]<stderr>:        (bn1): SyncBatchNorm(256, eps=1e-05, momentum=0.1, affine=True, track_running_stats=True)
Mon May 31 02:56:47 2021[1,0]<stderr>:        (conv2): Conv2d(256, 256, kernel_size=(3, 3), stride=(1, 1), padding=(2, 2), dilation=(2, 2), bias=False)
Mon May 31 02:56:47 2021[1,0]<stderr>:        (bn2): SyncBatchNorm(256, eps=1e-05, momentum=0.1, affine=True, track_running_stats=True)
Mon May 31 02:56:47 2021[1,0]<stderr>:        (conv3): Conv2d(256, 1024, kernel_size=(1, 1), stride=(1, 1), bias=False)
Mon May 31 02:56:47 2021[1,0]<stderr>:        (bn3): SyncBatchNorm(1024, eps=1e-05, momentum=0.1, affine=True, track_running_stats=True)
Mon May 31 02:56:47 2021[1,0]<stderr>:        (relu): ReLU(inplace=True)
Mon May 31 02:56:47 2021[1,0]<stderr>:      )
Mon May 31 02:56:47 2021[1,0]<stderr>:      (5): Bottleneck(
Mon May 31 02:56:47 2021[1,0]<stderr>:        (conv1): Conv2d(1024, 256, kernel_size=(1, 1), stride=(1, 1), bias=False)
Mon May 31 02:56:47 2021[1,0]<stderr>:        (bn1): SyncBatchNorm(256, eps=1e-05, momentum=0.1, affine=True, track_running_stats=True)
Mon May 31 02:56:47 2021[1,0]<stderr>:        (conv2): Conv2d(256, 256, kernel_size=(3, 3), stride=(1, 1), padding=(2, 2), dilation=(2, 2), bias=False)
Mon May 31 02:56:47 2021[1,0]<stderr>:        (bn2): SyncBatchNorm(256, eps=1e-05, momentum=0.1, affine=True, track_running_stats=True)
Mon May 31 02:56:47 2021[1,0]<stderr>:        (conv3): Conv2d(256, 1024, kernel_size=(1, 1), stride=(1, 1), bias=False)
Mon May 31 02:56:47 2021[1,0]<stderr>:        (bn3): SyncBatchNorm(1024, eps=1e-05, momentum=0.1, affine=True, track_running_stats=True)
Mon May 31 02:56:47 2021[1,0]<stderr>:        (relu): ReLU(inplace=True)
Mon May 31 02:56:47 2021[1,0]<stderr>:      )
Mon May 31 02:56:47 2021[1,0]<stderr>:    )
Mon May 31 02:56:47 2021[1,0]<stderr>:    (layer4): ResLayer(
Mon May 31 02:56:47 2021[1,0]<stderr>:      (0): Bottleneck(
Mon May 31 02:56:47 2021[1,0]<stderr>:        (conv1): Conv2d(1024, 512, kernel_size=(1, 1), stride=(1, 1), bias=False)
Mon May 31 02:56:47 2021[1,0]<stderr>:        (bn1): SyncBatchNorm(512, eps=1e-05, momentum=0.1, affine=True, track_running_stats=True)
Mon May 31 02:56:47 2021[1,0]<stderr>:        (conv2): Conv2d(512, 512, kernel_size=(3, 3), stride=(1, 1), padding=(2, 2), dilation=(2, 2), bias=False)
Mon May 31 02:56:47 2021[1,0]<stderr>:        (bn2): SyncBatchNorm(512, eps=1e-05, momentum=0.1, affine=True, track_running_stats=True)
Mon May 31 02:56:47 2021[1,0]<stderr>:        (conv3): Conv2d(512, 2048, kernel_size=(1, 1), stride=(1, 1), bias=False)
Mon May 31 02:56:47 2021[1,0]<stderr>:        (bn3): SyncBatchNorm(2048, eps=1e-05, momentum=0.1, affine=True, track_running_stats=True)
Mon May 31 02:56:47 2021[1,0]<stderr>:        (relu): ReLU(inplace=True)
Mon May 31 02:56:47 2021[1,0]<stderr>:        (downsample): Sequential(
Mon May 31 02:56:47 2021[1,0]<stderr>:          (0): Conv2d(1024, 2048, kernel_size=(1, 1), stride=(1, 1), bias=False)
Mon May 31 02:56:47 2021[1,0]<stderr>:          (1): SyncBatchNorm(2048, eps=1e-05, momentum=0.1, affine=True, track_running_stats=True)
Mon May 31 02:56:47 2021[1,0]<stderr>:        )
Mon May 31 02:56:47 2021[1,0]<stderr>:      )
Mon May 31 02:56:47 2021[1,0]<stderr>:      (1): Bottleneck(
Mon May 31 02:56:47 2021[1,0]<stderr>:        (conv1): Conv2d(2048, 512, kernel_size=(1, 1), stride=(1, 1), bias=False)
Mon May 31 02:56:47 2021[1,0]<stderr>:        (bn1): SyncBatchNorm(512, eps=1e-05, momentum=0.1, affine=True, track_running_stats=True)
Mon May 31 02:56:47 2021[1,0]<stderr>:        (conv2): Conv2d(512, 512, kernel_size=(3, 3), stride=(1, 1), padding=(4, 4), dilation=(4, 4), bias=False)
Mon May 31 02:56:47 2021[1,0]<stderr>:        (bn2): SyncBatchNorm(512, eps=1e-05, momentum=0.1, affine=True, track_running_stats=True)
Mon May 31 02:56:47 2021[1,0]<stderr>:        (conv3): Conv2d(512, 2048, kernel_size=(1, 1), stride=(1, 1), bias=False)
Mon May 31 02:56:47 2021[1,0]<stderr>:        (bn3): SyncBatchNorm(2048, eps=1e-05, momentum=0.1, affine=True, track_running_stats=True)
Mon May 31 02:56:47 2021[1,0]<stderr>:        (relu): ReLU(inplace=True)
Mon May 31 02:56:47 2021[1,0]<stderr>:      )
Mon May 31 02:56:47 2021[1,0]<stderr>:      (2): Bottleneck(
Mon May 31 02:56:47 2021[1,0]<stderr>:        (conv1): Conv2d(2048, 512, kernel_size=(1, 1), stride=(1, 1), bias=False)
Mon May 31 02:56:47 2021[1,0]<stderr>:        (bn1): SyncBatchNorm(512, eps=1e-05, momentum=0.1, affine=True, track_running_stats=True)
Mon May 31 02:56:47 2021[1,0]<stderr>:        (conv2): Conv2d(512, 512, kernel_size=(3, 3), stride=(1, 1), padding=(4, 4), dilation=(4, 4), bias=False)
Mon May 31 02:56:47 2021[1,0]<stderr>:        (bn2): SyncBatchNorm(512, eps=1e-05, momentum=0.1, affine=True, track_running_stats=True)
Mon May 31 02:56:47 2021[1,0]<stderr>:        (conv3): Conv2d(512, 2048, kernel_size=(1, 1), stride=(1, 1), bias=False)
Mon May 31 02:56:47 2021[1,0]<stderr>:        (bn3): SyncBatchNorm(2048, eps=1e-05, momentum=0.1, affine=True, track_running_stats=True)
Mon May 31 02:56:47 2021[1,0]<stderr>:        (relu): ReLU(inplace=True)
Mon May 31 02:56:47 2021[1,0]<stderr>:      )
Mon May 31 02:56:47 2021[1,0]<stderr>:    )
Mon May 31 02:56:47 2021[1,0]<stderr>:  )
Mon May 31 02:56:47 2021[1,0]<stderr>:  (decode_head): DepthwiseSeparableASPPHead(
Mon May 31 02:56:47 2021[1,0]<stderr>:    input_transform=None, ignore_index=255, align_corners=False
Mon May 31 02:56:47 2021[1,0]<stderr>:    (loss_decode): CrossEntropyLoss()
Mon May 31 02:56:47 2021[1,0]<stderr>:    (conv_seg): Conv2d(512, 19, kernel_size=(1, 1), stride=(1, 1))
Mon May 31 02:56:47 2021[1,0]<stderr>:    (dropout): Dropout2d(p=0.1, inplace=False)
Mon May 31 02:56:47 2021[1,0]<stderr>:    (image_pool): Sequential(
Mon May 31 02:56:47 2021[1,0]<stderr>:      (0): AdaptiveAvgPool2d(output_size=1)
Mon May 31 02:56:47 2021[1,0]<stderr>:      (1): ConvModule(
Mon May 31 02:56:47 2021[1,0]<stderr>:        (conv): Conv2d(2048, 512, Mon May 31 02:56:47 2021[1,0]<stderr>:kernel_size=(1, 1), stride=(1, 1), bias=False)
Mon May 31 02:56:47 2021[1,0]<stderr>:        (bn): SyncBatchNorm(512, eps=1e-05, momentum=0.1, affine=True, track_running_stats=True)
Mon May 31 02:56:47 2021[1,0]<stderr>:        (activate): ReLU(inplace=True)
Mon May 31 02:56:47 2021[1,0]<stderr>:      )
Mon May 31 02:56:47 2021[1,0]<stderr>:    )
Mon May 31 02:56:47 2021[1,0]<stderr>:    (aspp_modules): DepthwiseSeparableASPPModule(
Mon May 31 02:56:47 2021[1,0]<stderr>:      (0): ConvModule(
Mon May 31 02:56:47 2021[1,0]<stderr>:        (conv): Conv2d(2048, 512, kernel_size=(1, 1), stride=(1, 1), bias=False)
Mon May 31 02:56:47 2021[1,0]<stderr>:        (bn): SyncBatchNorm(512, eps=1e-05, momentum=0.1, affine=True, track_running_stats=True)
Mon May 31 02:56:47 2021[1,0]<stderr>:        (activate): ReLU(inplace=True)
Mon May 31 02:56:47 2021[1,0]<stderr>:      )
Mon May 31 02:56:47 2021[1,0]<stderr>:      (1): DepthwiseSeparableConvModule(
Mon May 31 02:56:47 2021[1,0]<stderr>:        (depthwise_conv): ConvModule(
Mon May 31 02:56:47 2021[1,0]<stderr>:          (conv): Conv2d(2048, 2048, kernel_size=(3, 3), stride=(1, 1), padding=(12, 12), dilation=(12, 12), groups=2048, bias=False)
Mon May 31 02:56:47 2021[1,0]<stderr>:          (bn): SyncBatchNorm(2048, eps=1e-05, momentum=0.1, affine=True, track_running_stats=True)
Mon May 31 02:56:47 2021[1,0]<stderr>:          (activate): ReLU(inplace=True)
Mon May 31 02:56:47 2021[1,0]<stderr>:        )
Mon May 31 02:56:47 2021[1,0]<stderr>:        (pointwise_conv): ConvModule(
Mon May 31 02:56:47 2021[1,0]<stderr>:          (conv): Conv2d(2048, 512, kernel_size=(1, 1), stride=(1, 1), bias=False)
Mon May 31 02:56:47 2021[1,0]<stderr>:          (bn): SyncBatchNorm(512, eps=1e-05, momentum=0.1, affine=True, track_running_stats=True)
Mon May 31 02:56:47 2021[1,0]<stderr>:          (activate): ReLU(inplace=True)
Mon May 31 02:56:47 2021[1,0]<stderr>:        )
Mon May 31 02:56:47 2021[1,0]<stderr>:      )
Mon May 31 02:56:47 2021[1,0]<stderr>:      (2): DepthwiseSeparableConvModule(
Mon May 31 02:56:47 2021[1,0]<stderr>:        (depthwise_conv): ConvModule(
Mon May 31 02:56:47 2021[1,0]<stderr>:          (conv): Conv2d(2048, 2048, kernel_size=(3, 3), stride=(1, 1), padding=(24, 24), dilation=(24, 24), groups=2048, bias=False)
Mon May 31 02:56:47 2021[1,0]<stderr>:          (bn): SyncBatchNorm(2048, eps=1e-05, momentum=0.1, affine=True, track_running_stats=True)
Mon May 31 02:56:47 2021[1,0]<stderr>:          (activate): ReLU(inplace=True)
Mon May 31 02:56:47 2021[1,0]<stderr>:        )
Mon May 31 02:56:47 2021[1,0]<stderr>:        (pointwise_conv): ConvModule(
Mon May 31 02:56:47 2021[1,0]<stderr>:          (conv): Conv2d(2048, 512, kernel_size=(1, 1), stride=(1, 1), bias=False)
Mon May 31 02:56:47 2021[1,0]<stderr>:          (bn): SyncBatchNorm(512, eps=1e-05, momentum=0.1, affine=True, track_running_stats=True)
Mon May 31 02:56:47 2021[1,0]<stderr>:          (activate): ReLU(inplace=True)
Mon May 31 02:56:47 2021[1,0]<stderr>:        )
Mon May 31 02:56:47 2021[1,0]<stderr>:      )
Mon May 31 02:56:47 2021[1,0]<stderr>:      (3): DepthwiseSeparableConvModule(
Mon May 31 02:56:47 2021[1,0]<stderr>:        (depthwise_conv): ConvModule(
Mon May 31 02:56:47 2021[1,0]<stderr>:          (conv): Conv2d(2048, 2048, kernel_size=(3, 3), stride=(1, 1), padding=(36, 36), dilation=(36, 36), groups=2048, bias=False)
Mon May 31 02:56:47 2021[1,0]<stderr>:          (bn): SyncBatchNorm(2048, eps=1e-05, momentum=0.1, affine=True, track_running_stats=True)
Mon May 31 02:56:47 2021[1,0]<stderr>:          (activate): ReLU(inplace=True)
Mon May 31 02:56:47 2021[1,0]<stderr>:        )
Mon May 31 02:56:47 2021[1,0]<stderr>:        (pointwise_conv): ConvModule(
Mon May 31 02:56:47 2021[1,0]<stderr>:          (conv): Conv2d(2048, 512, kernel_size=(1, 1), stride=(1, 1), bias=False)
Mon May 31 02:56:47 2021[1,0]<stderr>:          (bn): SyncBatchNorm(512, eps=1e-05, momentum=0.1, affine=True, track_running_stats=True)
Mon May 31 02:56:47 2021[1,0]<stderr>:          (activate): ReLU(inplace=True)
Mon May 31 02:56:47 2021[1,0]<stderr>:        )
Mon May 31 02:56:47 2021[1,0]<stderr>:      )
Mon May 31 02:56:47 2021[1,0]<stderr>:    )
Mon May 31 02:56:47 2021[1,0]<stderr>:    (bottleneck): ConvModule(
Mon May 31 02:56:47 2021[1,0]<stderr>:      (conv): Conv2d(2560, 512, kernel_size=(3, 3), stride=(1, 1), padding=(1, 1), bias=False)
Mon May 31 02:56:47 2021[1,0]<stderr>:      (bn): SyncBatchNorm(512, eps=1e-05, momentum=0.1, affine=True, track_running_stats=True)
Mon May 31 02:56:47 2021[1,0]<stderr>:      (activate): ReLU(inplace=True)
Mon May 31 02:56:47 2021[1,0]<stderr>:    )
Mon May 31 02:56:47 2021[1,0]<stderr>:    (c1_bottleneck): ConvModule(
Mon May 31 02:56:47 2021[1,0]<stderr>:      (conv): Conv2d(256, 48, kernel_size=(1, 1), stride=(1, 1), bias=False)
Mon May 31 02:56:47 2021[1,0]<stderr>:      (bn): SyncBatchNorm(48, eps=1e-05, momentum=0.1, affine=True, track_running_stats=True)
Mon May 31 02:56:47 2021[1,0]<stderr>:      (activate): ReLU(inplace=True)
Mon May 31 02:56:47 2021[1,0]<stderr>:    )
Mon May 31 02:56:47 2021[1,0]<stderr>:    (sep_bottleneck): Sequential(
Mon May 31 02:56:47 2021[1,0]<stderr>:      (0): DepthwiseSeparableConvModule(
Mon May 31 02:56:47 2021[1,0]<stderr>:        (depthwise_conv): ConvModule(
Mon May 31 02:56:47 2021[1,0]<stderr>:          (conv): Conv2d(560, 560, kernel_size=(3, 3), stride=(1, 1), padding=(1, 1), groups=560, bias=False)
Mon May 31 02:56:47 2021[1,0]<stderr>:          (bn): SyncBatchNorm(560, eps=1e-05, momentum=0.1, affine=True, track_running_stats=True)
Mon May 31 02:56:47 2021[1,0]<stderr>:          (activate): ReLU(inplace=True)
Mon May 31 02:56:47 2021[1,0]<stderr>:        )
Mon May 31 02:56:47 2021[1,0]<stderr>:        (pointwise_conv): ConvModule(
Mon May 31 02:56:47 2021[1,0]<stderr>:          (conv): Conv2d(560, 512, kernel_size=(1, 1), stride=(1, 1), bias=False)
Mon May 31 02:56:47 2021[1,0]<stderr>:          (bn): SyncBatchNorm(512, eps=1e-05, momentum=0.1, affine=True, track_running_stats=True)
Mon May 31 02:56:47 2021[1,0]<stderr>:          (activate): ReLU(inplace=True)
Mon May 31 02:56:47 2021[1,0]<stderr>:        )
Mon May 31 02:56:47 2021[1,0]<stderr>:      )
Mon May 31 02:56:47 2021[1,0]<stderr>:      (1): DepthwiseSeparableConvModule(
Mon May 31 02:56:47 2021[1,0]<stderr>:        (depthwise_conv): ConvModule(
Mon May 31 02:56:47 2021[1,0]<stderr>:          (conv): Conv2d(512, 512, kernel_size=(3, 3), stride=(1, 1), padding=(1, 1), groups=512, bias=False)
Mon May 31 02:56:47 2021[1,0]<stderr>:          (bn): SyncBatchNorm(512, eps=1e-05, momentum=0.1, affine=True, track_running_stats=True)
Mon May 31 02:56:47 2021[1,0]<stderr>:          (activate): ReLU(inplace=True)
Mon May 31 02:56:47 2021[1,0]<stderr>:        )
Mon May 31 02:56:47 2021[1,0]<stderr>:        (pointwise_conv): ConvModule(
Mon May 31 02:56:47 2021[1,0]<stderr>:          (conv): Conv2d(512, 512, kernel_size=(1, 1), stride=(1, 1), bias=False)
Mon May 31 02:56:47 2021[1,0]<stderr>:          (bn): SyncBatchNorm(512, eps=1e-05, Mon May 31 02:56:47 2021[1,0]<stderr>:momentum=0.1, affine=True, track_running_stats=True)
Mon May 31 02:56:47 2021[1,0]<stderr>:          (activate): ReLU(inplace=True)
Mon May 31 02:56:47 2021[1,0]<stderr>:        )
Mon May 31 02:56:47 2021[1,0]<stderr>:      )
Mon May 31 02:56:47 2021[1,0]<stderr>:    )
Mon May 31 02:56:47 2021[1,0]<stderr>:  )
Mon May 31 02:56:47 2021[1,0]<stderr>:  (auxiliary_head): FCNHead(
Mon May 31 02:56:47 2021[1,0]<stderr>:    input_transform=None, ignore_index=255, align_corners=False
Mon May 31 02:56:47 2021[1,0]<stderr>:    (loss_decode): CrossEntropyLoss()
Mon May 31 02:56:47 2021[1,0]<stderr>:    (conv_seg): Conv2d(256, 19, kernel_size=(1, 1), stride=(1, 1))
Mon May 31 02:56:47 2021[1,0]<stderr>:    (dropout): Dropout2d(p=0.1, inplace=False)
Mon May 31 02:56:47 2021[1,0]<stderr>:    (convs): Sequential(
Mon May 31 02:56:47 2021[1,0]<stderr>:      (0): ConvModule(
Mon May 31 02:56:47 2021[1,0]<stderr>:        (conv): Conv2d(1024, 256, kernel_size=(3, 3), stride=(1, 1), padding=(1, 1), bias=False)
Mon May 31 02:56:47 2021[1,0]<stderr>:        (bn): SyncBatchNorm(256, eps=1e-05, momentum=0.1, affine=True, track_running_stats=True)
Mon May 31 02:56:47 2021[1,0]<stderr>:        (activate): ReLU(inplace=True)
Mon May 31 02:56:47 2021[1,0]<stderr>:      )
Mon May 31 02:56:47 2021[1,0]<stderr>:    )
Mon May 31 02:56:47 2021[1,0]<stderr>:  )
Mon May 31 02:56:47 2021[1,0]<stderr>:)
Mon May 31 02:56:47 2021[1,0]<stderr>:2021-05-31 02:56:47,798 - mmseg - INFO - Loaded 2975 images
Mon May 31 02:56:48 2021[1,0]<stderr>:2021-05-31 02:56:48,417 - mmseg - INFO - Start running, host: root@localhost, work_dir: /root/paddlejob/workspace/env_run/mmsegmentation/work_dirs/deeplabv3plus_r50-d8_512x1024_80k_cityscapes
Mon May 31 02:56:48 2021[1,0]<stderr>:2021-05-31 02:56:48,417 - mmseg - INFO - workflow: [('train', 1)], max: 20 iters
Mon May 31 02:57:34 2021[1,0]<stderr>:2021-05-31 02:57:34,762 - mmseg - INFO - Iter [1/20]	lr: 1.000e-02, eta: 0:08:22, time: 26.441, data_time: 1.195, memory: 18879, decode.loss_seg: 2.7700, decode.acc_seg: 5.4631, aux.loss_seg: 1.1158, aux.acc_seg: 3.7850, loss: 3.8858
Mon May 31 02:57:35 2021[1,0]<stderr>:2021-05-31 02:57:35,757 - mmseg - INFO - Iter [2/20]	lr: 9.553e-03, eta: 0:04:07, time: 1.014, data_time: 0.032, memory: 18879, decode.loss_seg: 2.6681, decode.acc_seg: 16.7034, aux.loss_seg: 1.1009, aux.acc_seg: 5.7429, loss: 3.7690
Mon May 31 02:57:36 2021[1,0]<stderr>:2021-05-31 02:57:36,442 - mmseg - INFO - Iter [3/20]	lr: 9.104e-03, eta: 0:02:39, time: 0.685, data_time: 0.013, memory: 18879, decode.loss_seg: 2.5514, decode.acc_seg: 28.3482, aux.loss_seg: 1.1009, aux.acc_seg: 9.9527, loss: 3.6523
Mon May 31 02:57:37 2021[1,0]<stderr>:2021-05-31 02:57:37,133 - mmseg - INFO - Iter [4/20]	lr: 8.653e-03, eta: 0:01:55, time: 0.691, data_time: 0.014, memory: 18879, decode.loss_seg: 2.3822, decode.acc_seg: 28.5834, aux.loss_seg: 1.0775, aux.acc_seg: 18.4565, loss: 3.4597
Mon May 31 02:57:37 2021[1,0]<stderr>:2021-05-31 02:57:37,845 - mmseg - INFO - Iter [5/20]	lr: 8.199e-03, eta: 0:01:28, time: 0.714, data_time: 0.013, memory: 18879, decode.loss_seg: 2.2296, decode.acc_seg: 27.6750, aux.loss_seg: 1.0517, aux.acc_seg: 22.7188, loss: 3.2813
Mon May 31 02:57:38 2021[1,0]<stderr>:2021-05-31 02:57:38,516 - mmseg - INFO - Iter [6/20]	lr: 7.742e-03, eta: 0:01:10, time: 0.671, data_time: 0.014, memory: 18879, decode.loss_seg: 2.1361, decode.acc_seg: 27.3832, aux.loss_seg: 1.0374, aux.acc_seg: 24.6145, loss: 3.1734
Mon May 31 02:57:39 2021[1,0]<stderr>:2021-05-31 02:57:39,178 - mmseg - INFO - Iter [7/20]	lr: 7.282e-03, eta: 0:00:57, time: 0.662, data_time: 0.016, memory: 18879, decode.loss_seg: 2.0657, decode.acc_seg: 27.2465, aux.loss_seg: 1.0215, aux.acc_seg: 26.8543, loss: 3.0872
Mon May 31 02:57:39 2021[1,0]<stderr>:2021-05-31 02:57:39,781 - mmseg - INFO - Iter [8/20]	lr: 6.818e-03, eta: 0:00:47, time: 0.603, data_time: 0.016, memory: 18879, decode.loss_seg: 2.0089, decode.acc_seg: 27.3672, aux.loss_seg: 0.9952, aux.acc_seg: 28.2240, loss: 3.0041
Mon May 31 02:57:40 2021[1,0]<stderr>:2021-05-31 02:57:40,387 - mmseg - INFO - Iter [9/20]	lr: 6.351e-03, eta: 0:00:39, time: 0.604, data_time: 0.016, memory: 18879, decode.loss_seg: 2.0239, decode.acc_seg: 24.5007, aux.loss_seg: 0.9808, aux.acc_seg: 26.3037, loss: 3.0046
Mon May 31 02:57:41 2021[1,0]<stderr>:2021-05-31 02:57:41,010 - mmseg - INFO - Iter [10/20]	lr: 5.880e-03, eta: 0:00:32, time: 0.622, data_time: 0.014, memory: 18879, decode.loss_seg: 1.9775, decode.acc_seg: 27.3353, aux.loss_seg: 0.9414, aux.acc_seg: 28.0248, loss: 2.9189
Mon May 31 02:57:41 2021[1,0]<stderr>:2021-05-31 02:57:41,637 - mmseg - INFO - Iter [11/20]	lr: 5.405e-03, eta: 0:00:27, time: 0.627, data_time: 0.014, memory: 18879, decode.loss_seg: 1.9139, decode.acc_seg: 31.5053, aux.loss_seg: 0.9262, aux.acc_seg: 30.9697, loss: 2.8402
Mon May 31 02:57:42 2021[1,0]<stderr>:2021-05-31 02:57:42,267 - mmseg - INFO - Iter [12/20]	lr: 4.925e-03, eta: 0:00:22, time: 0.629, data_time: 0.013, memory: 18879, decode.loss_seg: 1.9730, decode.acc_seg: 32.6185, aux.loss_seg: 0.9321, aux.acc_seg: 31.1503, loss: 2.9052
Mon May 31 02:57:42 2021[1,0]<stderr>:2021-05-31 02:57:42,898 - mmseg - INFO - Iter [13/20]	lr: 4.440e-03, eta: 0:00:18, time: 0.632, data_time: 0.014, memory: 18879, decode.loss_seg: 1.9804, decode.acc_seg: 34.3247, aux.loss_seg: 0.9263, aux.acc_seg: 32.9328, loss: 2.9067
Mon May 31 02:57:43 2021[1,0]<stderr>:2021-05-31 02:57:43,527 - mmseg - INFO - Iter [14/20]	lr: 3.949e-03, eta: 0:00:15, time: 0.629, data_time: 0.012, memory: 18879, decode.loss_seg: 1.9497, decode.acc_seg: 34.0850, aux.loss_seg: 0.9078, aux.acc_seg: 32.9780, loss: 2.8575
Mon May 31 02:57:44 2021[1,0]<stderr>:2021-05-31 02:57:44,161 - mmseg - INFO - Iter [15/20]	lr: 3.450e-03, eta: 0:00:11, time: 0.633, data_time: 0.013, memory: 18879, decode.loss_seg: 1.9599, decode.acc_seg: 33.5507, aux.loss_seg: 0.8964, aux.acc_seg: 31.8781, loss: 2.8562
Mon May 31 02:57:44 2021[1,0]<stderr>:2021-05-31 02:57:44,791 - mmseg - INFO - Iter [16/20]	lr: 2.943e-03, eta: 0:00:09, time: 0.630, data_time: 0.014, memory: 18879, decode.loss_seg: 1.8798, decode.acc_seg: 37.8365, aux.loss_seg: 0.8747, aux.acc_seg: 35.7743, loss: 2.7545
Mon May 31 02:57:45 2021[1,0]<stderr>:2021-05-31 02:57:45,421 - mmseg - INFO - Iter [17/20]	lr: 2.426e-03, eta: 0:00:06, time: 0.631, data_time: 0.013, memory: 18879, decode.loss_seg: 1.8438, decode.acc_seg: 34.2833, aux.loss_seg: 0.8599, aux.acc_seg: 31.3421, loss: 2.7037
Mon May 31 02:57:46 2021[1,0]<stderr>:2021-05-31 02:57:46,051 - mmseg - INFO - Iter [18/20]	lr: 1.895e-03, eta: 0:00:04, time: 0.628, data_time: 0.012, memory: 18879, decode.loss_seg: 1.9103, decode.acc_seg: 32.4202, aux.loss_seg: 0.8826, aux.acc_seg: 29.1892, loss: 2.7930
Mon May 31 02:57:46 2021[1,0]<stderr>:2021-05-31 02:57:46,679 - mmseg - INFO - Iter [19/20]	lr: 1.346e-03, eta: 0:00:02, time: 0.628, data_time: 0.012, memory: 18879, decode.loss_seg: 1.8333, decode.acc_seg: 34.9788, aux.loss_seg: 0.8452, aux.acc_seg: 32.4489, loss: 2.6784
Mon May 31 02:57:47 2021[1,0]<stderr>:2021-05-31 02:57:47,306 - mmseg - INFO - Iter [20/20]	lr: 7.679e-04, eta: 0:00:00, time: 0.628, data_time: 0.013, memory: 18879, decode.loss_seg: 1.8763, decode.acc_seg: 31.5018, aux.loss_seg: 0.8695, aux.acc_seg: 28.6766, loss: 2.7458
